Log file open, 05/01/20 14:47:27
LogWindows: Failed to load 'aqProf.dll' (GetLastError=126)
LogWindows: File 'aqProf.dll' does not exist
LogWindows: Failed to load 'VtuneApi.dll' (GetLastError=126)
LogWindows: File 'VtuneApi.dll' does not exist
LogWindows: Failed to load 'VtuneApi32e.dll' (GetLastError=126)
LogWindows: File 'VtuneApi32e.dll' does not exist
LogConsoleResponse: Display: Failed to find resolution value strings in scalability ini. Falling back to default.
LogInit: Display: Running engine for game: ActionRPG
LogPlatformFile: Not using cached read wrapper
LogTaskGraph: Started task graph with 5 named threads and 35 total threads with 3 sets of task threads.
LogStats: Stats thread started at 1.015845
LogD3D11RHI: Loaded GFSDK_Aftermath_Lib.x64.dll
LogICUInternationalization: ICU TimeZone Detection - Raw Offset: -5:00, Platform Override: ''
LogPluginManager: Mounting plugin Paper2D
LogPluginManager: Mounting plugin AISupport
LogPluginManager: Mounting plugin ActorLayerUtilities
LogPluginManager: Mounting plugin AnimationSharing
LogPluginManager: Mounting plugin CLionSourceCodeAccess
LogPluginManager: Mounting plugin CodeLiteSourceCodeAccess
LogPluginManager: Mounting plugin GitSourceControl
LogPluginManager: Mounting plugin KDevelopSourceCodeAccess
LogPluginManager: Mounting plugin NullSourceCodeAccess
LogPluginManager: Mounting plugin PerforceSourceControl
LogPluginManager: Mounting plugin SubversionSourceControl
LogPluginManager: Mounting plugin VisualStudioCodeSourceCodeAccess
LogPluginManager: Mounting plugin VisualStudioSourceCodeAccess
LogPluginManager: Mounting plugin XCodeSourceCodeAccess
LogPluginManager: Mounting plugin AssetManagerEditor
LogPluginManager: Mounting plugin CurveEditorTools
LogPluginManager: Mounting plugin GameplayTagsEditor
LogPluginManager: Mounting plugin MacGraphicsSwitching
LogPluginManager: Mounting plugin MaterialAnalyzer
LogPluginManager: Mounting plugin MobileLauncherProfileWizard
LogPluginManager: Mounting plugin PluginBrowser
LogPluginManager: Mounting plugin SpeedTreeImporter
LogPluginManager: Mounting plugin VariantManagerContent
LogPluginManager: Mounting plugin AutomationUtils
LogPluginManager: Mounting plugin BackChannel
LogPluginManager: Mounting plugin PlatformCrypto
LogPluginManager: Mounting plugin ProxyLODPlugin
LogPluginManager: Mounting plugin SkeletalReduction
LogPluginManager: Mounting plugin MixamoAnimationRetargeting
LogPluginManager: Mounting plugin AndroidMedia
LogPluginManager: Mounting plugin AvfMedia
LogPluginManager: Mounting plugin ImgMedia
LogPluginManager: Mounting plugin MediaPlayerEditor
LogPluginManager: Mounting plugin WebMMedia
LogPluginManager: Mounting plugin TcpMessaging
LogPluginManager: Mounting plugin UdpMessaging
LogPluginManager: Mounting plugin ActorSequence
LogPluginManager: Mounting plugin LevelSequenceEditor
LogPluginManager: Mounting plugin MatineeToLevelSequence
LogPluginManager: Mounting plugin NetcodeUnitTest
LogPluginManager: Mounting plugin NUTUnrealEngine4
LogPluginManager: Mounting plugin OnlineSubsystemGooglePlay
LogPluginManager: Mounting plugin OnlineSubsystemIOS
LogPluginManager: Mounting plugin OnlineSubsystem
LogPluginManager: Mounting plugin OnlineSubsystemNull
LogPluginManager: Mounting plugin OnlineSubsystemUtils
LogPluginManager: Mounting plugin LauncherChunkInstaller
LogPluginManager: Mounting plugin AndroidDeviceProfileSelector
LogPluginManager: Mounting plugin AndroidMoviePlayer
LogPluginManager: Mounting plugin AndroidPermission
LogPluginManager: Mounting plugin AppleImageUtils
LogPluginManager: Mounting plugin AppleMoviePlayer
LogPluginManager: Mounting plugin EditableMesh
LogPluginManager: Mounting plugin ExampleDeviceProfileSelector
LogPluginManager: Mounting plugin GameplayAbilities
LogPluginManager: Mounting plugin GoogleCloudMessaging
LogPluginManager: Mounting plugin IOSDeviceProfileSelector
LogPluginManager: Mounting plugin LinuxDeviceProfileSelector
LogPluginManager: Mounting plugin MobilePatchingUtils
LogPluginManager: Mounting plugin SignificanceManager
LogPluginManager: Mounting plugin WebMMoviePlayer
LogPluginManager: Mounting plugin SlateRemote
LogPluginManager: Mounting plugin ScreenshotTools
LogInit: Using libcurl 7.55.1-DEV
LogInit:  - built for x86_64-pc-win32
LogInit:  - supports SSL with OpenSSL/1.1.1
LogInit:  - supports HTTP deflate (compression) using libz 1.2.8
LogInit:  - other features:
LogInit:      CURL_VERSION_SSL
LogInit:      CURL_VERSION_LIBZ
LogInit:      CURL_VERSION_IPV6
LogInit:      CURL_VERSION_ASYNCHDNS
LogInit:      CURL_VERSION_LARGEFILE
LogInit:      CURL_VERSION_IDN
LogInit:  CurlRequestOptions (configurable via config and command line):
LogInit:  - bVerifyPeer = true  - Libcurl will verify peer certificate
LogInit:  - bUseHttpProxy = false  - Libcurl will NOT use HTTP proxy
LogInit:  - bDontReuseConnections = false  - Libcurl will reuse connections
LogInit:  - MaxHostConnections = 16  - Libcurl will limit the number of connections to a host
LogInit:  - LocalHostAddr = Default
LogInit:  - BufferSize = 65536
LogOnline: OSS: Creating online subsystem instance for: NULL
LogInit: WinSock: version 1.1 (2.2), MaxSocks=32767, MaxUdp=65467
LogInit: Build: ++UE4+Release-4.23-CL-9631420
LogInit: Engine Version: 4.23.1-9631420+++UE4+Release-4.23
LogInit: Compatible Engine Version: 4.23.0-8386587+++UE4+Release-4.23
LogInit: Net CL: 8386587
LogInit: OS: Windows 10 (Release 1809) (), CPU: Intel(R) Core(TM) i7-9750H CPU @ 2.60GHz, GPU: Intel(R) UHD Graphics 630
LogInit: Compiled (64-bit): Oct 18 2019 02:07:44
LogInit: Compiled with Visual C++: 19.16.27030.01
LogInit: Build Configuration: Development
LogInit: Branch Name: ++UE4+Release-4.23
LogInit: Command Line: 
LogInit: Base Directory: C:/Program Files/Epic Games/UE_4.23/Engine/Binaries/Win64/
LogInit: Installed Engine Build: 1
LogDevObjectVersion: Number of dev versions registered: 23
LogDevObjectVersion:   Dev-Blueprints (B0D832E4-1F89-4F0D-ACCF-7EB736FD4AA2): 10
LogDevObjectVersion:   Dev-Build (E1C64328-A22C-4D53-A36C-8E866417BD8C): 0
LogDevObjectVersion:   Dev-Core (375EC13C-06E4-48FB-B500-84F0262A717E): 3
LogDevObjectVersion:   Dev-Editor (E4B068ED-F494-42E9-A231-DA0B2E46BB41): 34
LogDevObjectVersion:   Dev-Framework (CFFC743F-43B0-4480-9391-14DF171D2073): 35
LogDevObjectVersion:   Dev-Mobile (B02B49B5-BB20-44E9-A304-32B752E40360): 2
LogDevObjectVersion:   Dev-Networking (A4E4105C-59A1-49B5-A7C5-40C4547EDFEE): 0
LogDevObjectVersion:   Dev-Online (39C831C9-5AE6-47DC-9A44-9C173E1C8E7C): 0
LogDevObjectVersion:   Dev-Physics (78F01B33-EBEA-4F98-B9B4-84EACCB95AA2): 0
LogDevObjectVersion:   Dev-Platform (6631380F-2D4D-43E0-8009-CF276956A95A): 0
LogDevObjectVersion:   Dev-Rendering (12F88B9F-8875-4AFC-A67C-D90C383ABD29): 31
LogDevObjectVersion:   Dev-Sequencer (7B5AE74C-D270-4C10-A958-57980B212A5A): 11
LogDevObjectVersion:   Dev-VR (D7296918-1DD6-4BDD-9DE2-64A83CC13884): 2
LogDevObjectVersion:   Dev-LoadTimes (C2A15278-BFE7-4AFE-6C17-90FF531DF755): 1
LogDevObjectVersion:   Private-Geometry (6EACA3D4-40EC-4CC1-B786-8BED09428FC5): 3
LogDevObjectVersion:   Dev-AnimPhys (29E575DD-E0A3-4627-9D10-D276232CDCEA): 17
LogDevObjectVersion:   Dev-Anim (AF43A65D-7FD3-4947-9873-3E8ED9C1BB05): 2
LogDevObjectVersion:   Dev-ReflectionCapture (6B266CEC-1EC7-4B8F-A30B-E4D90942FC07): 1
LogDevObjectVersion:   Dev-Automation (0DF73D61-A23F-47EA-B727-89E90C41499A): 1
LogDevObjectVersion:   FortniteMain (601D1886-AC64-4F84-AA16-D3DE0DEAC7D6): 27
LogDevObjectVersion:   Dev-Enterprise (9DFFBCD6-494F-0158-E221-12823C92A888): 6
LogDevObjectVersion:   Dev-Niagara (F2AED0AC-9AFE-416F-8664-AA7FFA26D6FC): 1
LogDevObjectVersion:   Dev-Destruction (174F1F0B-B4C6-45A5-B13F-2EE8D0FB917D): 9
LogInit: Presizing for max 16777216 objects, including 0 objects not considered by GC, pre-allocating 0 bytes for permanent pool.
LogInit: Object subsystem initialized
LogConfig: Setting CVar [[con.DebugEarlyDefault:1]]
LogConfig: Setting CVar [[r.setres:1280x720]]
[2020.05.01-18.47.27:972][  0]LogConfig: Setting CVar [[r.VSync:0]]
[2020.05.01-18.47.27:972][  0]LogConfig: Setting CVar [[r.RHICmdBypass:0]]
[2020.05.01-18.47.27:974][  0]LogConfig: Applying CVar settings from Section [/Script/Engine.RendererSettings] File [C:/Users/Upper School/Documents/GitHub/game-team-h/ActionRPG/Saved/Config/Windows/Engine.ini]
[2020.05.01-18.47.27:974][  0]LogConfig: Setting CVar [[r.GPUCrashDebugging:0]]
[2020.05.01-18.47.27:974][  0]LogConfig: Setting CVar [[r.Mobile.TonemapperFilm:1]]
[2020.05.01-18.47.27:974][  0]LogConfig: Setting CVar [[r.MobileHDR:1]]
[2020.05.01-18.47.27:974][  0]LogConfig: Setting CVar [[r.AllowOcclusionQueries:1]]
[2020.05.01-18.47.27:974][  0]LogConfig: Setting CVar [[r.MinScreenRadiusForLights:0.030000]]
[2020.05.01-18.47.27:974][  0]LogConfig: Setting CVar [[r.MinScreenRadiusForDepthPrepass:0.030000]]
[2020.05.01-18.47.27:974][  0]LogConfig: Setting CVar [[r.PrecomputedVisibilityWarning:0]]
[2020.05.01-18.47.27:975][  0]LogConfig: Setting CVar [[r.TextureStreaming:1]]
[2020.05.01-18.47.27:975][  0]LogConfig: Setting CVar [[Compat.UseDXT5NormalMaps:0]]
[2020.05.01-18.47.27:975][  0]LogConfig: Setting CVar [[r.AllowStaticLighting:1]]
[2020.05.01-18.47.27:975][  0]LogConfig: Setting CVar [[r.NormalMapsForStaticLighting:0]]
[2020.05.01-18.47.27:975][  0]LogConfig: Setting CVar [[r.GenerateMeshDistanceFields:0]]
[2020.05.01-18.47.27:975][  0]LogConfig: Setting CVar [[r.TessellationAdaptivePixelsPerTriangle:48.000000]]
[2020.05.01-18.47.27:975][  0]LogConfig: Setting CVar [[r.SeparateTranslucency:0]]
[2020.05.01-18.47.27:975][  0]LogConfig: Setting CVar [[r.TranslucentSortPolicy:0]]
[2020.05.01-18.47.27:975][  0]LogConfig: Setting CVar [[r.CustomDepth:1]]
[2020.05.01-18.47.27:975][  0]LogConfig: Setting CVar [[r.DefaultFeature.Bloom:1]]
[2020.05.01-18.47.27:975][  0]LogConfig: Setting CVar [[r.DefaultFeature.AmbientOcclusion:0]]
[2020.05.01-18.47.27:975][  0]LogConfig: Setting CVar [[r.DefaultFeature.AmbientOcclusionStaticFraction:1]]
[2020.05.01-18.47.27:975][  0]LogConfig: Setting CVar [[r.DefaultFeature.AutoExposure:0]]
[2020.05.01-18.47.27:975][  0]LogConfig: Setting CVar [[r.DefaultFeature.MotionBlur:0]]
[2020.05.01-18.47.27:975][  0]LogConfig: Setting CVar [[r.DefaultFeature.LensFlare:0]]
[2020.05.01-18.47.27:975][  0]LogConfig: Setting CVar [[r.DefaultFeature.AntiAliasing:3]]
[2020.05.01-18.47.27:975][  0]LogConfig: Setting CVar [[r.EarlyZPass:3]]
[2020.05.01-18.47.27:977][  0]LogConfig: Setting CVar [[r.DBuffer:0]]
[2020.05.01-18.47.27:977][  0]LogConfig: Setting CVar [[r.ClearSceneMethod:1]]
[2020.05.01-18.47.27:977][  0]LogConfig: Setting CVar [[r.WireframeCullThreshold:5.000000]]
[2020.05.01-18.47.27:977][  0]LogConfig: Setting CVar [[r.MobileMSAA:2]]
[2020.05.01-18.47.27:977][  0]LogConfig: Setting CVar [[r.ReflectionCaptureResolution:64]]
[2020.05.01-18.47.27:977][  0]LogConfig: Setting CVar [[r.Mobile.DisableVertexFog:0]]
[2020.05.01-18.47.27:977][  0]LogConfig: Setting CVar [[r.ReflectionEnvironmentLightmapMixBasedOnRoughness:0]]
[2020.05.01-18.47.27:977][  0]LogConfig: Setting CVar [[r.Mobile.UseLegacyShadingModel:0]]
[2020.05.01-18.47.27:977][  0]LogConfig: Setting CVar [[r.ShaderPipelineCache.Enabled:1]]
[2020.05.01-18.47.27:977][  0]LogConfig: Setting CVar [[r.AllowVolumeTextureAssetCreation:1]]
[2020.05.01-18.47.27:977][  0]LogConfig: Setting CVar [[r.Mobile.AllowDitheredLODTransition:1]]
[2020.05.01-18.47.27:977][  0]LogConfig: Applying CVar settings from Section [/Script/Engine.RendererOverrideSettings] File [C:/Users/Upper School/Documents/GitHub/game-team-h/ActionRPG/Saved/Config/Windows/Engine.ini]
[2020.05.01-18.47.27:977][  0]LogConfig: Applying CVar settings from Section [/Script/Engine.StreamingSettings] File [C:/Users/Upper School/Documents/GitHub/game-team-h/ActionRPG/Saved/Config/Windows/Engine.ini]
[2020.05.01-18.47.27:977][  0]LogConfig: Setting CVar [[s.MinBulkDataSizeForAsyncLoading:131072]]
[2020.05.01-18.47.27:977][  0]LogConfig: Setting CVar [[s.AsyncLoadingThreadEnabled:0]]
[2020.05.01-18.47.27:977][  0]LogConfig: Setting CVar [[s.EventDrivenLoaderEnabled:1]]
[2020.05.01-18.47.27:977][  0]LogConfig: Setting CVar [[s.WarnIfTimeLimitExceeded:0]]
[2020.05.01-18.47.27:977][  0]LogConfig: Setting CVar [[s.TimeLimitExceededMultiplier:1.5]]
[2020.05.01-18.47.27:977][  0]LogConfig: Setting CVar [[s.TimeLimitExceededMinTime:0.005]]
[2020.05.01-18.47.27:977][  0]LogConfig: Setting CVar [[s.UseBackgroundLevelStreaming:1]]
[2020.05.01-18.47.27:977][  0]LogConfig: Setting CVar [[s.PriorityAsyncLoadingExtraTime:15.0]]
[2020.05.01-18.47.27:977][  0]LogConfig: Setting CVar [[s.LevelStreamingActorsUpdateTimeLimit:5.0]]
[2020.05.01-18.47.27:977][  0]LogConfig: Setting CVar [[s.PriorityLevelStreamingActorsUpdateExtraTime:5.0]]
[2020.05.01-18.47.27:977][  0]LogConfig: Setting CVar [[s.LevelStreamingComponentsRegistrationGranularity:10]]
[2020.05.01-18.47.27:977][  0]LogConfig: Setting CVar [[s.UnregisterComponentsTimeLimit:1.0]]
[2020.05.01-18.47.27:977][  0]LogConfig: Setting CVar [[s.LevelStreamingComponentsUnregistrationGranularity:5]]
[2020.05.01-18.47.27:977][  0]LogConfig: Applying CVar settings from Section [/Script/Engine.GarbageCollectionSettings] File [C:/Users/Upper School/Documents/GitHub/game-team-h/ActionRPG/Saved/Config/Windows/Engine.ini]
[2020.05.01-18.47.27:977][  0]LogConfig: Setting CVar [[gc.MaxObjectsNotConsideredByGC:1]]
[2020.05.01-18.47.27:977][  0]LogConfig: Setting CVar [[gc.SizeOfPermanentObjectPool:0]]
[2020.05.01-18.47.27:977][  0]LogConfig: Setting CVar [[gc.FlushStreamingOnGC:0]]
[2020.05.01-18.47.27:977][  0]LogConfig: Setting CVar [[gc.NumRetriesBeforeForcingGC:10]]
[2020.05.01-18.47.27:977][  0]LogConfig: Setting CVar [[gc.AllowParallelGC:1]]
[2020.05.01-18.47.27:977][  0]LogConfig: Setting CVar [[gc.TimeBetweenPurgingPendingKillObjects:61.1]]
[2020.05.01-18.47.27:977][  0]LogConfig: Setting CVar [[gc.MaxObjectsInEditor:16777216]]
[2020.05.01-18.47.27:977][  0]LogConfig: Setting CVar [[gc.IncrementalBeginDestroyEnabled:1]]
[2020.05.01-18.47.27:977][  0]LogConfig: Setting CVar [[gc.CreateGCClusters:1]]
[2020.05.01-18.47.27:977][  0]LogConfig: Setting CVar [[gc.MinGCClusterSize:5]]
[2020.05.01-18.47.27:977][  0]LogConfig: Setting CVar [[gc.ActorClusteringEnabled:0]]
[2020.05.01-18.47.27:977][  0]LogConfig: Setting CVar [[gc.BlueprintClusteringEnabled:0]]
[2020.05.01-18.47.27:977][  0]LogConfig: Setting CVar [[gc.UseDisregardForGCOnDedicatedServers:0]]
[2020.05.01-18.47.27:977][  0]LogConfig: Applying CVar settings from Section [/Script/Engine.NetworkSettings] File [C:/Users/Upper School/Documents/GitHub/game-team-h/ActionRPG/Saved/Config/Windows/Engine.ini]
[2020.05.01-18.47.27:977][  0]LogConfig: Applying CVar settings from Section [/Script/UnrealEd.CookerSettings] File [C:/Users/Upper School/Documents/GitHub/game-team-h/ActionRPG/Saved/Config/Windows/Engine.ini]
[2020.05.01-18.47.27:987][  0]LogConfig: Applying CVar settings from Section [ViewDistanceQuality@3] File [C:/Users/Upper School/Documents/GitHub/game-team-h/ActionRPG/Saved/Config/Windows/Scalability.ini]
[2020.05.01-18.47.27:987][  0]LogConfig: Setting CVar [[r.SkeletalMeshLODBias:0]]
[2020.05.01-18.47.27:987][  0]LogConfig: Setting CVar [[r.ViewDistanceScale:1.0]]
[2020.05.01-18.47.27:987][  0]LogConfig: Applying CVar settings from Section [AntiAliasingQuality@3] File [C:/Users/Upper School/Documents/GitHub/game-team-h/ActionRPG/Saved/Config/Windows/Scalability.ini]
[2020.05.01-18.47.27:987][  0]LogConfig: Setting CVar [[r.PostProcessAAQuality:4]]
[2020.05.01-18.47.27:987][  0]LogConfig: Applying CVar settings from Section [ShadowQuality@3] File [C:/Users/Upper School/Documents/GitHub/game-team-h/ActionRPG/Saved/Config/Windows/Scalability.ini]
[2020.05.01-18.47.27:987][  0]LogConfig: Setting CVar [[r.LightFunctionQuality:1]]
[2020.05.01-18.47.27:987][  0]LogConfig: Setting CVar [[r.ShadowQuality:5]]
[2020.05.01-18.47.27:987][  0]LogConfig: Setting CVar [[r.Shadow.CSM.MaxCascades:10]]
[2020.05.01-18.47.27:987][  0]LogConfig: Setting CVar [[r.Shadow.MaxResolution:2048]]
[2020.05.01-18.47.27:987][  0]LogConfig: Setting CVar [[r.Shadow.MaxCSMResolution:2048]]
[2020.05.01-18.47.27:987][  0]LogConfig: Setting CVar [[r.Shadow.RadiusThreshold:0.01]]
[2020.05.01-18.47.27:987][  0]LogConfig: Setting CVar [[r.Shadow.DistanceScale:1.0]]
[2020.05.01-18.47.27:987][  0]LogConfig: Setting CVar [[r.Shadow.CSM.TransitionScale:1.0]]
[2020.05.01-18.47.27:987][  0]LogConfig: Setting CVar [[r.Shadow.PreShadowResolutionFactor:1.0]]
[2020.05.01-18.47.27:987][  0]LogConfig: Setting CVar [[r.DistanceFieldShadowing:1]]
[2020.05.01-18.47.27:987][  0]LogConfig: Setting CVar [[r.DistanceFieldAO:1]]
[2020.05.01-18.47.27:987][  0]LogConfig: Setting CVar [[r.AOQuality:2]]
[2020.05.01-18.47.27:987][  0]LogConfig: Setting CVar [[r.VolumetricFog:1]]
[2020.05.01-18.47.27:987][  0]LogConfig: Setting CVar [[r.VolumetricFog.GridPixelSize:8]]
[2020.05.01-18.47.27:987][  0]LogConfig: Setting CVar [[r.VolumetricFog.GridSizeZ:128]]
[2020.05.01-18.47.27:987][  0]LogConfig: Setting CVar [[r.VolumetricFog.HistoryMissSupersampleCount:4]]
[2020.05.01-18.47.27:987][  0]LogConfig: Setting CVar [[r.LightMaxDrawDistanceScale:1]]
[2020.05.01-18.47.27:987][  0]LogConfig: Setting CVar [[r.CapsuleShadows:1]]
[2020.05.01-18.47.27:987][  0]LogConfig: Applying CVar settings from Section [PostProcessQuality@3] File [C:/Users/Upper School/Documents/GitHub/game-team-h/ActionRPG/Saved/Config/Windows/Scalability.ini]
[2020.05.01-18.47.27:987][  0]LogConfig: Setting CVar [[r.MotionBlurQuality:4]]
[2020.05.01-18.47.27:987][  0]LogConfig: Setting CVar [[r.AmbientOcclusionMipLevelFactor:0.4]]
[2020.05.01-18.47.27:987][  0]LogConfig: Setting CVar [[r.AmbientOcclusionMaxQuality:100]]
[2020.05.01-18.47.27:987][  0]LogConfig: Setting CVar [[r.AmbientOcclusionLevels:-1]]
[2020.05.01-18.47.27:987][  0]LogConfig: Setting CVar [[r.AmbientOcclusionRadiusScale:1.0]]
[2020.05.01-18.47.27:987][  0]LogConfig: Setting CVar [[r.DepthOfFieldQuality:2]]
[2020.05.01-18.47.27:987][  0]LogConfig: Setting CVar [[r.RenderTargetPoolMin:400]]
[2020.05.01-18.47.27:987][  0]LogConfig: Setting CVar [[r.LensFlareQuality:2]]
[2020.05.01-18.47.27:987][  0]LogConfig: Setting CVar [[r.SceneColorFringeQuality:1]]
[2020.05.01-18.47.27:987][  0]LogConfig: Setting CVar [[r.EyeAdaptationQuality:2]]
[2020.05.01-18.47.27:987][  0]LogConfig: Setting CVar [[r.BloomQuality:5]]
[2020.05.01-18.47.27:987][  0]LogConfig: Setting CVar [[r.FastBlurThreshold:100]]
[2020.05.01-18.47.27:987][  0]LogConfig: Setting CVar [[r.Upscale.Quality:3]]
[2020.05.01-18.47.27:987][  0]LogConfig: Setting CVar [[r.Tonemapper.GrainQuantization:1]]
[2020.05.01-18.47.27:987][  0]LogConfig: Setting CVar [[r.LightShaftQuality:1]]
[2020.05.01-18.47.27:987][  0]LogConfig: Setting CVar [[r.Filter.SizeScale:1]]
[2020.05.01-18.47.27:987][  0]LogConfig: Setting CVar [[r.Tonemapper.Quality:5]]
[2020.05.01-18.47.27:987][  0]LogConfig: Setting CVar [[r.DOF.Gather.AccumulatorQuality:1        ; higher gathering accumulator quality]]
[2020.05.01-18.47.27:987][  0]LogConfig: Setting CVar [[r.DOF.Gather.PostfilterMethod:1          ; Median3x3 postfilering method]]
[2020.05.01-18.47.27:987][  0]LogConfig: Setting CVar [[r.DOF.Gather.EnableBokehSettings:0       ; no bokeh simulation when gathering]]
[2020.05.01-18.47.27:987][  0]LogConfig: Setting CVar [[r.DOF.Gather.RingCount:4                 ; medium number of samples when gathering]]
[2020.05.01-18.47.27:987][  0]LogConfig: Setting CVar [[r.DOF.Scatter.ForegroundCompositing:1    ; additive foreground scattering]]
[2020.05.01-18.47.27:987][  0]LogConfig: Setting CVar [[r.DOF.Scatter.BackgroundCompositing:2    ; additive background scattering]]
[2020.05.01-18.47.27:987][  0]LogConfig: Setting CVar [[r.DOF.Scatter.EnableBokehSettings:1      ; bokeh simulation when scattering]]
[2020.05.01-18.47.27:987][  0]LogConfig: Setting CVar [[r.DOF.Scatter.MaxSpriteRatio:0.1         ; only a maximum of 10% of scattered bokeh]]
[2020.05.01-18.47.27:987][  0]LogConfig: Setting CVar [[r.DOF.Recombine.Quality:1                ; cheap slight out of focus]]
[2020.05.01-18.47.27:987][  0]LogConfig: Setting CVar [[r.DOF.Recombine.EnableBokehSettings:0    ; no bokeh simulation on slight out of focus]]
[2020.05.01-18.47.27:988][  0]LogConfig: Setting CVar [[r.DOF.TemporalAAQuality:1                ; more stable temporal accumulation]]
[2020.05.01-18.47.27:988][  0]LogConfig: Setting CVar [[r.DOF.Kernel.MaxForegroundRadius:0.025]]
[2020.05.01-18.47.27:988][  0]LogConfig: Setting CVar [[r.DOF.Kernel.MaxBackgroundRadius:0.025]]
[2020.05.01-18.47.27:988][  0]LogConfig: Applying CVar settings from Section [TextureQuality@3] File [C:/Users/Upper School/Documents/GitHub/game-team-h/ActionRPG/Saved/Config/Windows/Scalability.ini]
[2020.05.01-18.47.27:988][  0]LogConfig: Setting CVar [[r.Streaming.MipBias:0]]
[2020.05.01-18.47.27:988][  0]LogConfig: Setting CVar [[r.Streaming.AmortizeCPUToGPUCopy:0]]
[2020.05.01-18.47.27:988][  0]LogConfig: Setting CVar [[r.Streaming.MaxNumTexturesToStreamPerFrame:0]]
[2020.05.01-18.47.27:988][  0]LogConfig: Setting CVar [[r.Streaming.Boost:1]]
[2020.05.01-18.47.27:988][  0]LogConfig: Setting CVar [[r.MaxAnisotropy:8]]
[2020.05.01-18.47.27:988][  0]LogConfig: Setting CVar [[r.Streaming.LimitPoolSizeToVRAM:0]]
[2020.05.01-18.47.27:988][  0]LogConfig: Setting CVar [[r.Streaming.PoolSize:1000]]
[2020.05.01-18.47.27:988][  0]LogConfig: Setting CVar [[r.Streaming.MaxEffectiveScreenSize:0]]
[2020.05.01-18.47.27:988][  0]LogConfig: Applying CVar settings from Section [EffectsQuality@3] File [C:/Users/Upper School/Documents/GitHub/game-team-h/ActionRPG/Saved/Config/Windows/Scalability.ini]
[2020.05.01-18.47.27:988][  0]LogConfig: Setting CVar [[r.TranslucencyLightingVolumeDim:64]]
[2020.05.01-18.47.27:988][  0]LogConfig: Setting CVar [[r.RefractionQuality:2]]
[2020.05.01-18.47.27:988][  0]LogConfig: Setting CVar [[r.SSR.Quality:3]]
[2020.05.01-18.47.27:988][  0]LogConfig: Setting CVar [[r.SceneColorFormat:4]]
[2020.05.01-18.47.27:988][  0]LogConfig: Setting CVar [[r.DetailMode:2]]
[2020.05.01-18.47.27:988][  0]LogConfig: Setting CVar [[r.TranslucencyVolumeBlur:1]]
[2020.05.01-18.47.27:988][  0]LogConfig: Setting CVar [[r.MaterialQualityLevel:1 ; High quality]]
[2020.05.01-18.47.27:988][  0]LogConfig: Setting CVar [[r.SSS.Scale:1]]
[2020.05.01-18.47.27:988][  0]LogConfig: Setting CVar [[r.SSS.SampleSet:2]]
[2020.05.01-18.47.27:988][  0]LogConfig: Setting CVar [[r.SSS.Quality:1]]
[2020.05.01-18.47.27:988][  0]LogConfig: Setting CVar [[r.SSS.HalfRes:1]]
[2020.05.01-18.47.27:988][  0]LogConfig: Setting CVar [[r.EmitterSpawnRateScale:1.0]]
[2020.05.01-18.47.27:988][  0]LogConfig: Setting CVar [[r.ParticleLightQuality:2]]
[2020.05.01-18.47.27:988][  0]LogConfig: Applying CVar settings from Section [FoliageQuality@3] File [C:/Users/Upper School/Documents/GitHub/game-team-h/ActionRPG/Saved/Config/Windows/Scalability.ini]
[2020.05.01-18.47.27:988][  0]LogConfig: Setting CVar [[foliage.DensityScale:1.0]]
[2020.05.01-18.47.27:988][  0]LogConfig: Setting CVar [[grass.DensityScale:1.0]]
[2020.05.01-18.47.27:990][  0]LogInit: Selected Device Profile: [Windows]
[2020.05.01-18.47.27:990][  0]LogInit: Applying CVar settings loaded from the selected device profile: [Windows]
[2020.05.01-18.47.28:063][  0]LogHAL: Display: Platform has ~ 16 GB [17017790464 / 17179869184 / 16], which maps to Larger [LargestMinGB=32, LargerMinGB=12, DefaultMinGB=8, SmallerMinGB=6, SmallestMinGB=0)
[2020.05.01-18.47.28:063][  0]LogInit: Going up to parent DeviceProfile []
[2020.05.01-18.47.28:063][  0]LogConfig: Applying CVar settings from Section [ViewDistanceQuality@3] File [C:/Users/Upper School/Documents/GitHub/game-team-h/ActionRPG/Saved/Config/Windows/Scalability.ini]
[2020.05.01-18.47.28:063][  0]LogConfig: Setting CVar [[r.SkeletalMeshLODBias:0]]
[2020.05.01-18.47.28:063][  0]LogConfig: Setting CVar [[r.ViewDistanceScale:1.0]]
[2020.05.01-18.47.28:063][  0]LogConfig: Applying CVar settings from Section [AntiAliasingQuality@3] File [C:/Users/Upper School/Documents/GitHub/game-team-h/ActionRPG/Saved/Config/Windows/Scalability.ini]
[2020.05.01-18.47.28:063][  0]LogConfig: Setting CVar [[r.PostProcessAAQuality:4]]
[2020.05.01-18.47.28:063][  0]LogConfig: Applying CVar settings from Section [ShadowQuality@3] File [C:/Users/Upper School/Documents/GitHub/game-team-h/ActionRPG/Saved/Config/Windows/Scalability.ini]
[2020.05.01-18.47.28:063][  0]LogConfig: Setting CVar [[r.LightFunctionQuality:1]]
[2020.05.01-18.47.28:063][  0]LogConfig: Setting CVar [[r.ShadowQuality:5]]
[2020.05.01-18.47.28:063][  0]LogConfig: Setting CVar [[r.Shadow.CSM.MaxCascades:10]]
[2020.05.01-18.47.28:063][  0]LogConfig: Setting CVar [[r.Shadow.MaxResolution:2048]]
[2020.05.01-18.47.28:064][  0]LogConfig: Setting CVar [[r.Shadow.MaxCSMResolution:2048]]
[2020.05.01-18.47.28:064][  0]LogConfig: Setting CVar [[r.Shadow.RadiusThreshold:0.01]]
[2020.05.01-18.47.28:064][  0]LogConfig: Setting CVar [[r.Shadow.DistanceScale:1.0]]
[2020.05.01-18.47.28:064][  0]LogConfig: Setting CVar [[r.Shadow.CSM.TransitionScale:1.0]]
[2020.05.01-18.47.28:064][  0]LogConfig: Setting CVar [[r.Shadow.PreShadowResolutionFactor:1.0]]
[2020.05.01-18.47.28:064][  0]LogConfig: Setting CVar [[r.DistanceFieldShadowing:1]]
[2020.05.01-18.47.28:064][  0]LogConfig: Setting CVar [[r.DistanceFieldAO:1]]
[2020.05.01-18.47.28:064][  0]LogConfig: Setting CVar [[r.AOQuality:2]]
[2020.05.01-18.47.28:064][  0]LogConfig: Setting CVar [[r.VolumetricFog:1]]
[2020.05.01-18.47.28:064][  0]LogConfig: Setting CVar [[r.VolumetricFog.GridPixelSize:8]]
[2020.05.01-18.47.28:064][  0]LogConfig: Setting CVar [[r.VolumetricFog.GridSizeZ:128]]
[2020.05.01-18.47.28:064][  0]LogConfig: Setting CVar [[r.VolumetricFog.HistoryMissSupersampleCount:4]]
[2020.05.01-18.47.28:064][  0]LogConfig: Setting CVar [[r.LightMaxDrawDistanceScale:1]]
[2020.05.01-18.47.28:064][  0]LogConfig: Setting CVar [[r.CapsuleShadows:1]]
[2020.05.01-18.47.28:064][  0]LogConfig: Applying CVar settings from Section [PostProcessQuality@3] File [C:/Users/Upper School/Documents/GitHub/game-team-h/ActionRPG/Saved/Config/Windows/Scalability.ini]
[2020.05.01-18.47.28:064][  0]LogConfig: Setting CVar [[r.MotionBlurQuality:4]]
[2020.05.01-18.47.28:064][  0]LogConfig: Setting CVar [[r.AmbientOcclusionMipLevelFactor:0.4]]
[2020.05.01-18.47.28:064][  0]LogConfig: Setting CVar [[r.AmbientOcclusionMaxQuality:100]]
[2020.05.01-18.47.28:064][  0]LogConfig: Setting CVar [[r.AmbientOcclusionLevels:-1]]
[2020.05.01-18.47.28:064][  0]LogConfig: Setting CVar [[r.AmbientOcclusionRadiusScale:1.0]]
[2020.05.01-18.47.28:064][  0]LogConfig: Setting CVar [[r.DepthOfFieldQuality:2]]
[2020.05.01-18.47.28:064][  0]LogConfig: Setting CVar [[r.RenderTargetPoolMin:400]]
[2020.05.01-18.47.28:064][  0]LogConfig: Setting CVar [[r.LensFlareQuality:2]]
[2020.05.01-18.47.28:064][  0]LogConfig: Setting CVar [[r.SceneColorFringeQuality:1]]
[2020.05.01-18.47.28:064][  0]LogConfig: Setting CVar [[r.EyeAdaptationQuality:2]]
[2020.05.01-18.47.28:064][  0]LogConfig: Setting CVar [[r.BloomQuality:5]]
[2020.05.01-18.47.28:064][  0]LogConfig: Setting CVar [[r.FastBlurThreshold:100]]
[2020.05.01-18.47.28:064][  0]LogConfig: Setting CVar [[r.Upscale.Quality:3]]
[2020.05.01-18.47.28:064][  0]LogConfig: Setting CVar [[r.Tonemapper.GrainQuantization:1]]
[2020.05.01-18.47.28:064][  0]LogConfig: Setting CVar [[r.LightShaftQuality:1]]
[2020.05.01-18.47.28:064][  0]LogConfig: Setting CVar [[r.Filter.SizeScale:1]]
[2020.05.01-18.47.28:064][  0]LogConfig: Setting CVar [[r.Tonemapper.Quality:5]]
[2020.05.01-18.47.28:064][  0]LogConfig: Setting CVar [[r.DOF.Gather.AccumulatorQuality:1        ; higher gathering accumulator quality]]
[2020.05.01-18.47.28:064][  0]LogConfig: Setting CVar [[r.DOF.Gather.PostfilterMethod:1          ; Median3x3 postfilering method]]
[2020.05.01-18.47.28:064][  0]LogConfig: Setting CVar [[r.DOF.Gather.EnableBokehSettings:0       ; no bokeh simulation when gathering]]
[2020.05.01-18.47.28:064][  0]LogConfig: Setting CVar [[r.DOF.Gather.RingCount:4                 ; medium number of samples when gathering]]
[2020.05.01-18.47.28:064][  0]LogConfig: Setting CVar [[r.DOF.Scatter.ForegroundCompositing:1    ; additive foreground scattering]]
[2020.05.01-18.47.28:064][  0]LogConfig: Setting CVar [[r.DOF.Scatter.BackgroundCompositing:2    ; additive background scattering]]
[2020.05.01-18.47.28:064][  0]LogConfig: Setting CVar [[r.DOF.Scatter.EnableBokehSettings:1      ; bokeh simulation when scattering]]
[2020.05.01-18.47.28:064][  0]LogConfig: Setting CVar [[r.DOF.Scatter.MaxSpriteRatio:0.1         ; only a maximum of 10% of scattered bokeh]]
[2020.05.01-18.47.28:064][  0]LogConfig: Setting CVar [[r.DOF.Recombine.Quality:1                ; cheap slight out of focus]]
[2020.05.01-18.47.28:064][  0]LogConfig: Setting CVar [[r.DOF.Recombine.EnableBokehSettings:0    ; no bokeh simulation on slight out of focus]]
[2020.05.01-18.47.28:064][  0]LogConfig: Setting CVar [[r.DOF.TemporalAAQuality:1                ; more stable temporal accumulation]]
[2020.05.01-18.47.28:064][  0]LogConfig: Setting CVar [[r.DOF.Kernel.MaxForegroundRadius:0.025]]
[2020.05.01-18.47.28:064][  0]LogConfig: Setting CVar [[r.DOF.Kernel.MaxBackgroundRadius:0.025]]
[2020.05.01-18.47.28:064][  0]LogConfig: Applying CVar settings from Section [TextureQuality@3] File [C:/Users/Upper School/Documents/GitHub/game-team-h/ActionRPG/Saved/Config/Windows/Scalability.ini]
[2020.05.01-18.47.28:064][  0]LogConfig: Setting CVar [[r.Streaming.MipBias:0]]
[2020.05.01-18.47.28:064][  0]LogConfig: Setting CVar [[r.Streaming.AmortizeCPUToGPUCopy:0]]
[2020.05.01-18.47.28:064][  0]LogConfig: Setting CVar [[r.Streaming.MaxNumTexturesToStreamPerFrame:0]]
[2020.05.01-18.47.28:064][  0]LogConfig: Setting CVar [[r.Streaming.Boost:1]]
[2020.05.01-18.47.28:066][  0]LogConfig: Setting CVar [[r.MaxAnisotropy:8]]
[2020.05.01-18.47.28:066][  0]LogConfig: Setting CVar [[r.Streaming.LimitPoolSizeToVRAM:0]]
[2020.05.01-18.47.28:066][  0]LogConfig: Setting CVar [[r.Streaming.PoolSize:1000]]
[2020.05.01-18.47.28:066][  0]LogConfig: Setting CVar [[r.Streaming.MaxEffectiveScreenSize:0]]
[2020.05.01-18.47.28:066][  0]LogConfig: Applying CVar settings from Section [EffectsQuality@3] File [C:/Users/Upper School/Documents/GitHub/game-team-h/ActionRPG/Saved/Config/Windows/Scalability.ini]
[2020.05.01-18.47.28:066][  0]LogConfig: Setting CVar [[r.TranslucencyLightingVolumeDim:64]]
[2020.05.01-18.47.28:066][  0]LogConfig: Setting CVar [[r.RefractionQuality:2]]
[2020.05.01-18.47.28:066][  0]LogConfig: Setting CVar [[r.SSR.Quality:3]]
[2020.05.01-18.47.28:066][  0]LogConfig: Setting CVar [[r.SceneColorFormat:4]]
[2020.05.01-18.47.28:066][  0]LogConfig: Setting CVar [[r.DetailMode:2]]
[2020.05.01-18.47.28:066][  0]LogConfig: Setting CVar [[r.TranslucencyVolumeBlur:1]]
[2020.05.01-18.47.28:066][  0]LogConfig: Setting CVar [[r.MaterialQualityLevel:1 ; High quality]]
[2020.05.01-18.47.28:066][  0]LogConfig: Setting CVar [[r.SSS.Scale:1]]
[2020.05.01-18.47.28:066][  0]LogConfig: Setting CVar [[r.SSS.SampleSet:2]]
[2020.05.01-18.47.28:066][  0]LogConfig: Setting CVar [[r.SSS.Quality:1]]
[2020.05.01-18.47.28:066][  0]LogConfig: Setting CVar [[r.SSS.HalfRes:1]]
[2020.05.01-18.47.28:066][  0]LogConfig: Setting CVar [[r.EmitterSpawnRateScale:1.0]]
[2020.05.01-18.47.28:066][  0]LogConfig: Setting CVar [[r.ParticleLightQuality:2]]
[2020.05.01-18.47.28:066][  0]LogConfig: Applying CVar settings from Section [FoliageQuality@3] File [C:/Users/Upper School/Documents/GitHub/game-team-h/ActionRPG/Saved/Config/Windows/Scalability.ini]
[2020.05.01-18.47.28:066][  0]LogConfig: Setting CVar [[foliage.DensityScale:1.0]]
[2020.05.01-18.47.28:066][  0]LogConfig: Setting CVar [[grass.DensityScale:1.0]]
[2020.05.01-18.47.28:066][  0]LogConfig: Applying CVar settings from Section [Startup] File [../../../Engine/Config/ConsoleVariables.ini]
[2020.05.01-18.47.28:072][  0]LogConfig: Setting CVar [[net.UseAdaptiveNetUpdateFrequency:0]]
[2020.05.01-18.47.28:072][  0]LogConfig: Setting CVar [[p.chaos.AllowCreatePhysxBodies:1]]
[2020.05.01-18.47.28:072][  0]LogConfig: Applying CVar settings from Section [ConsoleVariables] File [C:/Users/Upper School/Documents/GitHub/game-team-h/ActionRPG/Saved/Config/Windows/Engine.ini]
[2020.05.01-18.47.28:074][  0]LogInit: Computer: MSI
[2020.05.01-18.47.28:074][  0]LogInit: User: UpperSchool
[2020.05.01-18.47.28:074][  0]LogInit: CPU Page size=4096, Cores=6
[2020.05.01-18.47.28:074][  0]LogInit: High frequency timer resolution =10.000000 MHz
[2020.05.01-18.47.28:074][  0]LogMemory: Memory total: Physical=15.8GB (16GB approx)
[2020.05.01-18.47.28:074][  0]LogMemory: Platform Memory Stats for Windows
[2020.05.01-18.47.28:074][  0]LogMemory: Process Physical Memory: 108.09 MB used, 108.09 MB peak
[2020.05.01-18.47.28:074][  0]LogMemory: Process Virtual Memory: 99.23 MB used, 99.23 MB peak
[2020.05.01-18.47.28:074][  0]LogMemory: Physical Memory: 5819.99 MB used,  10409.44 MB free, 16229.43 MB total
[2020.05.01-18.47.28:074][  0]LogMemory: Virtual Memory: 4685.56 MB used,  134213040.00 MB free, 134217728.00 MB total
[2020.05.01-18.47.28:541][  0]LogWindows: WindowsPlatformFeatures enabled
[2020.05.01-18.47.28:852][  0]LogInit: Using OS detected language (en-US).
[2020.05.01-18.47.28:852][  0]LogInit: Using OS detected locale (en-US).
[2020.05.01-18.47.28:859][  0]LogTextLocalizationManager: No specific localization for 'en-US' exists, so the 'en' localization will be used.
[2020.05.01-18.47.29:441][  0]LogInit: Setting process to per monitor DPI aware
[2020.05.01-18.47.29:547][  0]LogSlate: New Slate User Created.  User Index 0, Is Virtual User: 0
[2020.05.01-18.47.29:547][  0]LogSlate: Slate User Registered.  User Index 0, Is Virtual User: 0
[2020.05.01-18.47.34:600][  0]LogD3D11RHI: D3D11 adapters:
[2020.05.01-18.47.35:494][  0]LogD3D11RHI:    0. 'NVIDIA GeForce GTX 1650' (Feature Level 11_0)
[2020.05.01-18.47.35:494][  0]LogD3D11RHI:       3962/0/8114 MB DedicatedVideo/DedicatedSystem/SharedSystem, Outputs:1, VendorId:0x10de
[2020.05.01-18.47.35:603][  0]LogD3D11RHI:    1. 'Intel(R) UHD Graphics 630' (Feature Level 11_0)
[2020.05.01-18.47.35:603][  0]LogD3D11RHI:       128/0/8114 MB DedicatedVideo/DedicatedSystem/SharedSystem, Outputs:0, VendorId:0x8086
[2020.05.01-18.47.35:612][  0]LogD3D11RHI:    2. 'Microsoft Basic Render Driver' (Feature Level 11_0)
[2020.05.01-18.47.35:612][  0]LogD3D11RHI:       0/0/8114 MB DedicatedVideo/DedicatedSystem/SharedSystem, Outputs:0, VendorId:0x1414
[2020.05.01-18.47.35:612][  0]LogD3D11RHI: Chosen D3D11 Adapter: 0
[2020.05.01-18.47.35:749][  0]LogD3D11RHI: Creating new Direct3DDevice
[2020.05.01-18.47.35:749][  0]LogD3D11RHI:     GPU DeviceId: 0x1f91 (for the marketing name, search the web for "GPU Device Id")
[2020.05.01-18.47.35:749][  0]LogWindows: EnumDisplayDevices:
[2020.05.01-18.47.35:750][  0]LogWindows:    0. 'Intel(R) UHD Graphics 630' (P:1 D:1)
[2020.05.01-18.47.35:751][  0]LogWindows:    1. 'Intel(R) UHD Graphics 630' (P:0 D:0)
[2020.05.01-18.47.35:752][  0]LogWindows:    2. 'Intel(R) UHD Graphics 630' (P:0 D:0)
[2020.05.01-18.47.35:753][  0]LogWindows: DebugString: PrimaryIsNotTheChoosenAdapter PrimaryIsNotTheChoosenAdapter PrimaryIsNotTheChoosenAdapter FoundDriverCount:0 
[2020.05.01-18.47.35:753][  0]LogD3D11RHI:     Adapter Name: NVIDIA GeForce GTX 1650
[2020.05.01-18.47.35:758][  0]LogD3D11RHI:   Driver Version: Unknown (internal:Unknown, unified:Unknown)
[2020.05.01-18.47.35:758][  0]LogD3D11RHI:      Driver Date: Unknown
[2020.05.01-18.47.35:758][  0]LogRHI: Texture pool is 2773 MB (70% of 3962 MB)
[2020.05.01-18.47.35:985][  0]LogD3D11RHI: Async texture creation enabled
[2020.05.01-18.47.36:043][  0]LogD3D11RHI: GPU Timing Frequency: 1000.000000 (Debug: 2 2)
[2020.05.01-18.47.41:236][  0]LogTemp: Display: Module 'AllDesktopTargetPlatform' loaded TargetPlatform 'AllDesktop'
[2020.05.01-18.47.41:248][  0]LogTemp: Display: Module 'MacClientTargetPlatform' loaded TargetPlatform 'MacClient'
[2020.05.01-18.47.41:264][  0]LogTemp: Display: Module 'MacNoEditorTargetPlatform' loaded TargetPlatform 'MacNoEditor'
[2020.05.01-18.47.41:294][  0]LogTemp: Display: Module 'MacServerTargetPlatform' loaded TargetPlatform 'MacServer'
[2020.05.01-18.47.41:343][  0]LogTemp: Display: Module 'MacTargetPlatform' loaded TargetPlatform 'Mac'
[2020.05.01-18.47.41:380][  0]LogTemp: Display: Module 'WindowsClientTargetPlatform' loaded TargetPlatform 'WindowsClient'
[2020.05.01-18.47.41:416][  0]LogTemp: Display: Module 'WindowsNoEditorTargetPlatform' loaded TargetPlatform 'WindowsNoEditor'
[2020.05.01-18.47.41:452][  0]LogTemp: Display: Module 'WindowsServerTargetPlatform' loaded TargetPlatform 'WindowsServer'
[2020.05.01-18.47.41:471][  0]LogTemp: Display: Module 'WindowsTargetPlatform' loaded TargetPlatform 'Windows'
[2020.05.01-18.47.41:613][  0]LogTemp: Display: Module 'AndroidTargetPlatform' loaded TargetPlatform 'Android'
[2020.05.01-18.47.41:613][  0]LogTemp: Display: Module 'AndroidTargetPlatform' loaded TargetPlatform 'Android_ASTC'
[2020.05.01-18.47.41:613][  0]LogTemp: Display: Module 'AndroidTargetPlatform' loaded TargetPlatform 'Android_ATC'
[2020.05.01-18.47.41:613][  0]LogTemp: Display: Module 'AndroidTargetPlatform' loaded TargetPlatform 'Android_DXT'
[2020.05.01-18.47.41:613][  0]LogTemp: Display: Module 'AndroidTargetPlatform' loaded TargetPlatform 'Android_ETC1'
[2020.05.01-18.47.41:613][  0]LogTemp: Display: Module 'AndroidTargetPlatform' loaded TargetPlatform 'Android_ETC1a'
[2020.05.01-18.47.41:613][  0]LogTemp: Display: Module 'AndroidTargetPlatform' loaded TargetPlatform 'Android_ETC2'
[2020.05.01-18.47.41:613][  0]LogTemp: Display: Module 'AndroidTargetPlatform' loaded TargetPlatform 'Android_PVRTC'
[2020.05.01-18.47.41:613][  0]LogTemp: Display: Module 'AndroidTargetPlatform' loaded TargetPlatform 'AndroidClient'
[2020.05.01-18.47.41:613][  0]LogTemp: Display: Module 'AndroidTargetPlatform' loaded TargetPlatform 'Android_ASTCClient'
[2020.05.01-18.47.41:613][  0]LogTemp: Display: Module 'AndroidTargetPlatform' loaded TargetPlatform 'Android_ATCClient'
[2020.05.01-18.47.41:613][  0]LogTemp: Display: Module 'AndroidTargetPlatform' loaded TargetPlatform 'Android_DXTClient'
[2020.05.01-18.47.41:614][  0]LogTemp: Display: Module 'AndroidTargetPlatform' loaded TargetPlatform 'Android_ETC1Client'
[2020.05.01-18.47.41:614][  0]LogTemp: Display: Module 'AndroidTargetPlatform' loaded TargetPlatform 'Android_ETC1aClient'
[2020.05.01-18.47.41:614][  0]LogTemp: Display: Module 'AndroidTargetPlatform' loaded TargetPlatform 'Android_ETC2Client'
[2020.05.01-18.47.41:614][  0]LogTemp: Display: Module 'AndroidTargetPlatform' loaded TargetPlatform 'Android_PVRTCClient'
[2020.05.01-18.47.41:614][  0]LogTemp: Display: Module 'AndroidTargetPlatform' loaded TargetPlatform 'Android_Multi'
[2020.05.01-18.47.41:614][  0]LogTemp: Display: Module 'AndroidTargetPlatform' loaded TargetPlatform 'Android_MultiClient'
[2020.05.01-18.47.41:621][  0]LogTemp: Display: Module 'HTML5TargetPlatform' loaded TargetPlatform 'HTML5'
[2020.05.01-18.47.41:684][  0]LogTemp: Display: Module 'IOSTargetPlatform' loaded TargetPlatform 'IOSClient'
[2020.05.01-18.47.41:684][  0]LogTemp: Display: Module 'IOSTargetPlatform' loaded TargetPlatform 'IOS'
[2020.05.01-18.47.41:713][  0]LogTemp: Display: Module 'TVOSTargetPlatform' loaded TargetPlatform 'TVOSClient'
[2020.05.01-18.47.41:713][  0]LogTemp: Display: Module 'TVOSTargetPlatform' loaded TargetPlatform 'TVOS'
[2020.05.01-18.47.41:734][  0]LogTemp: Display: Module 'LinuxClientTargetPlatform' loaded TargetPlatform 'LinuxClient'
[2020.05.01-18.47.41:752][  0]LogTemp: Display: Module 'LinuxNoEditorTargetPlatform' loaded TargetPlatform 'LinuxNoEditor'
[2020.05.01-18.47.41:772][  0]LogTemp: Display: Module 'LinuxServerTargetPlatform' loaded TargetPlatform 'LinuxServer'
[2020.05.01-18.47.41:805][  0]LogTemp: Display: Module 'LinuxTargetPlatform' loaded TargetPlatform 'Linux'
[2020.05.01-18.47.41:861][  0]LogTemp: Display: Module 'LuminTargetPlatform' loaded TargetPlatform 'Lumin'
[2020.05.01-18.47.41:862][  0]LogTemp: Display: Module 'LuminTargetPlatform' loaded TargetPlatform 'LuminClient'
[2020.05.01-18.47.41:862][  0]LogTargetPlatformManager: Display: Building Assets For Windows
[2020.05.01-18.47.41:896][  0]LogAudioDebug: Display: Lib vorbis DLL was dynamically loaded.
[2020.05.01-18.47.42:141][  0]LogShaderCompilers: Guid format shader working directory is -23 characters bigger than the processId version (../../../../../../Users/Upper School/Documents/GitHub/game-team-h/ActionRPG/Intermediate/Shaders/WorkingDirectory/15492/).
[2020.05.01-18.47.42:141][  0]LogShaderCompilers: Cleaned the shader compiler working directory 'C:/Users/Upper School/AppData/Local/Temp/UnrealShaderWorkingDir/97915C3C46EBFB0C00B943A1701551F1/'.
[2020.05.01-18.47.42:147][  0]LogXGEController: Cleaning working directory: C:/Users/Upper School/AppData/Local/Temp/UnrealXGEWorkingDir/
[2020.05.01-18.47.42:148][  0]LogXGEController: Cannot use XGE Controller as Incredibuild is not installed on this machine.
[2020.05.01-18.47.42:148][  0]LogShaderCompilers: Cannot use XGE Shader Compiler as Incredibuild is not installed on this machine.
[2020.05.01-18.47.42:148][  0]LogShaderCompilers: Display: Using Local Shader Compiler.
[2020.05.01-18.47.45:887][  0]LogDerivedDataCache: Display: Max Cache Size: 512 MB
[2020.05.01-18.47.46:021][  0]LogDerivedDataCache: Loaded boot cache 0.13s 95MB C:/Users/Upper School/AppData/Local/UnrealEngine/4.23/DerivedDataCache/Boot.ddc.
[2020.05.01-18.47.46:021][  0]LogDerivedDataCache: Display: Loaded Boot cache: C:/Users/Upper School/AppData/Local/UnrealEngine/4.23/DerivedDataCache/Boot.ddc
[2020.05.01-18.47.46:021][  0]LogDerivedDataCache: FDerivedDataBackendGraph:  Pak pak cache file ../../../../../../Users/Upper School/Documents/GitHub/game-team-h/ActionRPG/DerivedDataCache/DDC.ddp not found, will not use a pak cache.
[2020.05.01-18.47.46:021][  0]LogDerivedDataCache: Unable to find inner node Pak for hierarchical cache Hierarchy.
[2020.05.01-18.47.46:021][  0]LogDerivedDataCache: FDerivedDataBackendGraph:  CompressedPak pak cache file ../../../../../../Users/Upper School/Documents/GitHub/game-team-h/ActionRPG/DerivedDataCache/Compressed.ddp not found, will not use a pak cache.
[2020.05.01-18.47.46:021][  0]LogDerivedDataCache: Unable to find inner node CompressedPak for hierarchical cache Hierarchy.
[2020.05.01-18.47.46:053][  0]LogDerivedDataCache: Display: Pak cache opened for reading ../../../Engine/DerivedDataCache/Compressed.ddp.
[2020.05.01-18.47.46:053][  0]LogDerivedDataCache: FDerivedDataBackendGraph:  EnterprisePak pak cache file ../../../Enterprise/DerivedDataCache/Compressed.ddp not found, will not use a pak cache.
[2020.05.01-18.47.46:053][  0]LogDerivedDataCache: Unable to find inner node EnterprisePak for hierarchical cache Hierarchy.
[2020.05.01-18.47.46:055][  0]LogDerivedDataCache: Using Local data cache path C:/Users/Upper School/AppData/Local/UnrealEngine/Common/DerivedDataCache: Writable
[2020.05.01-18.47.46:055][  0]LogDerivedDataCache: Shared data cache path not found in *engine.ini, will not use an Shared cache.
[2020.05.01-18.47.46:055][  0]LogDerivedDataCache: Unable to find inner node Shared for hierarchical cache Hierarchy.
[2020.05.01-18.47.46:092][  0]LogMaterial: Verifying Global Shaders for PCD3D_SM5
[2020.05.01-18.47.46:100][  0]LogSlate: Using FreeType 2.6.0
[2020.05.01-18.47.46:118][  0]LogSlate: SlateFontServices - WITH_FREETYPE: 1, WITH_HARFBUZZ: 1
[2020.05.01-18.47.47:021][  0]LogAssetRegistry: FAssetRegistry took 0.0091 seconds to start up
[2020.05.01-18.47.47:839][  0]LogInit: Selected Device Profile: [Windows]
[2020.05.01-18.47.48:261][  0]LogMeshReduction: Using QuadricMeshReduction for automatic static mesh reduction
[2020.05.01-18.47.48:261][  0]LogMeshReduction: Using SimplygonMeshReduction for automatic skeletal mesh reduction
[2020.05.01-18.47.48:261][  0]LogMeshReduction: Using ProxyLODMeshReduction for automatic mesh merging
[2020.05.01-18.47.48:261][  0]LogMeshReduction: No distributed automatic mesh merging module available
[2020.05.01-18.47.48:262][  0]LogMeshMerging: No distributed automatic mesh merging module available
[2020.05.01-18.47.48:325][  0]LogNetVersion: ActionRPG 1.0.0, NetCL: 8386587, EngineNetVer: 11, GameNetVer: 0 (Checksum: 3902779509)
[2020.05.01-18.47.51:400][  0]LogPackageLocalizationCache: Processed 6 localized package path(s) for 1 prioritized culture(s) in 0.057602 seconds
[2020.05.01-18.47.51:411][  0]LogUObjectArray: 42259 objects as part of root set at end of initial load.
[2020.05.01-18.47.51:411][  0]LogUObjectAllocator: 7331848 out of 0 bytes used by permanent object pool.
[2020.05.01-18.47.51:411][  0]LogUObjectArray: CloseDisregardForGC: 0/0 objects in disregard for GC pool
[2020.05.01-18.47.59:617][  0]LogTcpMessaging: Initializing TcpMessaging bridge
[2020.05.01-18.47.59:635][  0]LogUdpMessaging: Initializing bridge on interface 0.0.0.0:0 to multicast group 230.0.0.1:6666.
[2020.05.01-18.47.59:767][  0]LogStats: UGameplayTagsManager::InitializeManager -  0.004 s
[2020.05.01-18.48.00:098][  0]SourceControl: Source control is disabled
[2020.05.01-18.48.00:100][  0]SourceControl: Source control is disabled
[2020.05.01-18.48.00:124][  0]SourceControl: Source control is disabled
[2020.05.01-18.48.00:136][  0]SourceControl: Source control is disabled
[2020.05.01-18.48.01:341][  0]LogAndroidPermission: UAndroidPermissionCallbackProxy::GetInstance
[2020.05.01-18.48.01:949][  0]LogEngine: Initializing Engine...
[2020.05.01-18.48.02:730][  0]LogInit: Initializing FReadOnlyCVARCache
[2020.05.01-18.48.02:791][  0]LogAIModule: Creating AISystem for world Untitled
[2020.05.01-18.48.02:987][  0]LogInit: XAudio2 using 'Speakers (Realtek(R) Audio)' : 6 channels at 48 kHz using 32 bits per sample (channel mask 0x3f)
[2020.05.01-18.48.03:531][  0]LogInit: FAudioDevice initialized.
[2020.05.01-18.48.03:532][  0]LogNetVersion: Set ProjectVersion to 1.0.0.0. Version Checksum will be recalculated on next use.
[2020.05.01-18.48.03:585][  0]LogDerivedDataCache: Saved boot cache 0.05s 45MB C:/Users/Upper School/AppData/Local/UnrealEngine/4.23/DerivedDataCache/Boot.ddc.
[2020.05.01-18.48.03:589][  0]LogInit: Texture streaming: Enabled
[2020.05.01-18.48.03:629][  0]LogEngineSessionManager: EngineSessionManager initialized
[2020.05.01-18.48.03:629][  0]LogEngineSessionManager: EngineSessionManager sent abnormal shutdown report. Type=AbnormalShutdown, SessionId={D2B44F3C-4A25-4E77-CD77-7B82428A798A}
[2020.05.01-18.48.03:629][  0]LogEditorSessionSummary: Verbose: Initializing EditorSessionSummaryWriter for editor session tracking
[2020.05.01-18.48.03:633][  0]LogEditorSessionSummary: EditorSessionSummaryWriter initialized
[2020.05.01-18.48.03:934][  0]LogInit: Transaction tracking system initialized
[2020.05.01-18.48.04:042][  0]BlueprintLog: New page: Editor Load
[2020.05.01-18.48.04:291][  0]LocalizationService: Localization service is disabled
[2020.05.01-18.48.05:566][  0]LogCook: Display: Max memory allowance for cook 16384mb min free memory 0mb
[2020.05.01-18.48.05:566][  0]LogCook: Display: Mobile HDR setting 1
[2020.05.01-18.48.05:740][  0]LogFileCache: Scanning file cache for directory 'C:/Users/Upper School/Documents/GitHub/game-team-h/ActionRPG/Content/' took 0.04s
[2020.05.01-18.48.05:740][  0]LogStats: FGameplayAbilitiesEditorModule::GameplayTagTreeChanged -  0.000 s
[2020.05.01-18.48.06:101][  0]LogStats: UGameplayCueManager::InitializeEditorObjectLibrary -  0.002 s
[2020.05.01-18.48.06:292][  0]SourceControl: Source control is disabled
[2020.05.01-18.48.06:497][  0]LogSlate: Took 0.015683 seconds to synchronously load lazily loaded font '../../../Engine/Content/Slate/Fonts/Roboto-Regular.ttf' (155K)
[2020.05.01-18.52.40:405][  0]LogSlate: Window 'Restore Packages' being destroyed
[2020.05.01-18.52.40:407][  0]LogWindowsTextInputMethodSystem: Display: IME system now deactivated.
[2020.05.01-18.52.40:427][  0]Cmd: MAP LOAD FILE="../../../../../../Users/Upper School/Documents/GitHub/game-team-h/ActionRPG/Content/Maps/ActionRPG_P.umap" TEMPLATE=0 SHOWPROGRESS=1 FEATURELEVEL=3
[2020.05.01-18.52.40:435][  0]LightingResults: New page: Lighting Build
[2020.05.01-18.52.40:443][  0]LogWorld: UWorld::CleanupWorld for Untitled, bSessionEnded=true, bCleanupResources=true
[2020.05.01-18.52.40:445][  0]MapCheck: New page: Map Check
[2020.05.01-18.52.40:445][  0]LightingResults: New page: Lighting Build
[2020.05.01-18.52.40:484][  0]LogUObjectHash: Compacting FUObjectHashTables data took   1.77ms
[2020.05.01-18.53.01:226][  0]LogAIModule: Creating AISystem for world ActionRPG_P
[2020.05.01-18.53.01:272][  0]LogStreaming: Display: ULevelStreaming::RequestLevel(/Game/Maps/ActionRPG_Dungeon02_Asset) is flushing async loading
[2020.05.01-18.53.01:272][  0]LogStreaming: Display: Flushing async loaders.
[2020.05.01-18.53.01:814][  0]LogStreaming: Display: ULevelStreaming::RequestLevel(/Game/Maps/ActionRPG_Dungeon02_Lights) is flushing async loading
[2020.05.01-18.53.01:838][  0]LogEditorServer: Finished looking for orphan Actors (0.000 secs)
[2020.05.01-18.53.01:972][  0]LogUObjectHash: Compacting FUObjectHashTables data took   6.12ms
[2020.05.01-18.53.01:973][  0]Cmd: MAP CHECKDEP NOCLEARLOG
[2020.05.01-18.53.01:974][  0]MapCheck: Map check complete: 0 Error(s), 0 Warning(s), took 0.834ms to complete.
[2020.05.01-18.53.01:974][  0]LogFileHelpers: Loading map 'ActionRPG_P' took 21.548
[2020.05.01-18.53.02:037][  0]LogWindowsTextInputMethodSystem: Display: IME system now deactivated.
[2020.05.01-18.53.02:205][  0]LogSlate: Updating window title bar state: overlay mode, drag disabled, window buttons hidden, title bar hidden
[2020.05.01-18.53.02:219][  0]LogSlate: Updating window title bar state: overlay mode, drag disabled, window buttons hidden, title bar hidden
[2020.05.01-18.53.02:229][  0]LogSlate: Updating window title bar state: overlay mode, drag disabled, window buttons hidden, title bar hidden
[2020.05.01-18.53.02:242][  0]LogSlate: Updating window title bar state: overlay mode, drag disabled, window buttons hidden, title bar hidden
[2020.05.01-18.53.02:289][  0]LogCollectionManager: Loaded 0 collections in 0.007587 seconds
[2020.05.01-18.53.02:342][  0]LogFileCache: Scanning file cache for directory 'C:/Users/Upper School/Documents/GitHub/game-team-h/ActionRPG/Saved/Collections/' took 0.00s
[2020.05.01-18.53.02:342][  0]LogFileCache: Scanning file cache for directory 'C:/Users/Upper School/Documents/GitHub/game-team-h/ActionRPG/Content/Developers/UpperSchool/Collections/' took 0.00s
[2020.05.01-18.53.02:342][  0]LogFileCache: Scanning file cache for directory 'C:/Users/Upper School/Documents/GitHub/game-team-h/ActionRPG/Content/Collections/' took 0.00s
[2020.05.01-18.53.02:342][  0]LogCollectionManager: Rebuilt the GUID cache for 0 collections in 0.000006 seconds
[2020.05.01-18.53.02:383][  0]LogContentBrowser: Native class hierarchy populated in 0.0368 seconds. Added 2821 classes and 583 folders.
[2020.05.01-18.53.02:422][  0]LogContentBrowser: Native class hierarchy updated for 'WidgetCarousel' in 0.0015 seconds. Added 0 classes and 0 folders.
[2020.05.01-18.53.03:588][  0]LogContentBrowser: Native class hierarchy updated for 'AddContentDialog' in 0.0016 seconds. Added 0 classes and 0 folders.
[2020.05.01-18.53.04:084][  0]LogSlate: Took 0.013103 seconds to synchronously load lazily loaded font '../../../Engine/Content/Slate/Fonts/Roboto-Bold.ttf' (160K)
[2020.05.01-18.53.04:108][  0]LogSlate: Took 0.013477 seconds to synchronously load lazily loaded font '../../../Engine/Content/Editor/Slate/Fonts/FontAwesome.ttf' (139K)
[2020.05.01-18.53.04:324][  0]LogRenderer: Reallocating scene render targets to support 1120x504 Format 10 NumSamples 1 (Frame:1).
[2020.05.01-18.53.04:438][  0]LogSlate: Took 0.011329 seconds to synchronously load lazily loaded font '../../../Engine/Content/Slate/Fonts/Roboto-Light.ttf' (167K)
[2020.05.01-18.53.04:551][  0]LogContentBrowser: Native class hierarchy updated for 'HierarchicalLODOutliner' in 0.0016 seconds. Added 0 classes and 0 folders.
[2020.05.01-18.53.04:551][  0]LogLoad: (Engine Initialization) Total time: 346.03 seconds
[2020.05.01-18.53.04:551][  0]LogLoad: (Engine Initialization) Total Blueprint compile time: 0.00 seconds
[2020.05.01-18.53.04:821][  0]LogContentStreaming: Texture pool size now 1000 MB
[2020.05.01-18.53.07:925][ 43]LogAssetRegistry: Asset discovery search completed in 320.9052 seconds
[2020.05.01-18.53.07:934][ 43]LogStats: UGameplayCueManager::InitializeEditorObjectLibrary -  0.009 s
[2020.05.01-18.53.07:971][ 43]LogCollectionManager: Rebuilt the object cache for 0 collections in 0.000020 seconds (found 0 objects)
[2020.05.01-18.53.07:971][ 43]LogCollectionManager: Fixed up redirectors for 0 collections in 0.000223 seconds (updated 0 objects)
[2020.05.01-18.54.04:583][433]LogEditorSessionSummary: EditorSessionSummary sent report. Type=AbnormalShutdown, SessionId={D2B44F3C-4A25-4E77-CD77-7B82428A798A}
[2020.05.13-15.23.52:113][922]LogHttp: Warning: 0000019DCB4342C0: HTTP request timed out after 1023172.19 seconds URL=https://datarouter.ol.epicgames.com/datarouter/api/v1/public/data?SessionID=%7BC321F6D8-4F29-468C-B16F-769FA399B44B%7D&AppID=UEEditor.Rocket.Release&AppVersion=4.23.1-9631420%2B%2B%2BUE4%2BRelease-4.23&UserID=5f1a384242195162e30d1a81fc9c0e23%7Cb565faa67db44caf9aa4b9de7250148c%7Ce478bafb-28d0-489e-a81a-909f704e16c5&AppEnvironment=datacollector-binary&UploadType=eteventstream
[2020.05.13-15.23.53:849][922]LogHttp: Warning: 0000019DCB4342C0: request failed, libcurl error: 0 (No error)
[2020.05.13-15.23.53:849][922]LogHttp: Warning: 0000019DCB4342C0: libcurl info message cache 0 (Found bundle for host datarouter.ol.epicgames.com: 0x19da3547f70 [can pipeline])
[2020.05.13-15.23.53:851][922]LogHttp: Warning: 0000019DCB4342C0: libcurl info message cache 1 (Re-using existing connection! (#0) with host datarouter.ol.epicgames.com)
[2020.05.13-15.23.53:851][922]LogHttp: Warning: 0000019DCB4342C0: libcurl info message cache 2 (Connected to datarouter.ol.epicgames.com (52.45.40.11) port 443 (#0))
[2020.05.13-15.23.53:851][922]LogHttp: Warning: 0000019DCB4342C0: libcurl info message cache 3 (We are completely uploaded and fine)
[2020.05.13-15.23.53:851][922]LogHttp: Warning: 0000019DCB4342C0: libcurl info message cache 4 (Closing connection 0)
[2020.05.13-15.23.53:851][922]LogHttp: Warning: 0000019DCB4342C0: libcurl info message cache 5 (TLSv1.2 (OUT), TLS alert, Client hello (1):)
[2020.05.13-15.23.53:851][922]LogHttp: Warning: Retry exhausted on https://datarouter.ol.epicgames.com/datarouter/api/v1/public/data?SessionID=%7BC321F6D8-4F29-468C-B16F-769FA399B44B%7D&AppID=UEEditor.Rocket.Release&AppVersion=4.23.1-9631420%2B%2B%2BUE4%2BRelease-4.23&UserID=5f1a384242195162e30d1a81fc9c0e23%7Cb565faa67db44caf9aa4b9de7250148c%7Ce478bafb-28d0-489e-a81a-909f704e16c5&AppEnvironment=datacollector-binary&UploadType=eteventstream
[2020.05.13-15.24.05:843][675]LogSlate: FSceneViewport::OnFocusLost() reason 0
[2020.05.13-15.24.07:563][864]LogSlate: Took 0.005323 seconds to synchronously load lazily loaded font '../../../Engine/Content/Slate/Fonts/Roboto-Light.ttf' (167K)
[2020.05.13-15.24.07:571][864]LogAssetEditorManager: Opening Asset editor for ParticleSystem /Game/Effects/FX_Particle/P_Goblin_Death.P_Goblin_Death
[2020.05.13-15.24.07:589][864]LogContentBrowser: Native class hierarchy updated for 'Cascade' in 0.0009 seconds. Added 2 classes and 2 folders.
[2020.05.13-15.24.16:905][779]LogSlate: FSceneViewport::OnFocusLost() reason 0
[2020.05.13-15.24.53:014][977]LogAssetEditorManager: Opening Asset editor for ParticleSystem /Game/Effects/FX_Particle/P_Title_Main_Effect.P_Title_Main_Effect
[2020.05.13-15.25.05:007][955]LogSlate: FSceneViewport::OnFocusLost() reason 0
[2020.05.13-15.25.05:142][971]LogSlate: Window 'P_Title_Main_Effect' being destroyed
[2020.05.13-15.25.05:146][971]LogSlate: Window 'P_Title_Main_Effect' being destroyed
[2020.05.13-15.25.05:146][971]LogCascade: Quitting Cascade. FXSystem=0x0000019D8E1A7100
[2020.05.13-15.25.05:186][971]LogWorld: UWorld::CleanupWorld for World_1, bSessionEnded=true, bCleanupResources=true
[2020.05.13-15.25.05:213][971]LogCascade: Quitting Cascade. FXSystem=0x0000019D9941B400
[2020.05.13-15.25.05:249][971]LogActorComponent: UnregisterComponent: (/Engine/Transient.FloorComponent) Not registered. Aborting.
[2020.05.13-15.25.05:249][971]LogWorld: UWorld::CleanupWorld for World_3, bSessionEnded=true, bCleanupResources=true
[2020.05.13-15.25.06:555][121]LogAssetEditorManager: Opening Asset editor for ParticleSystem /Game/Effects/FX_Particle/P_Sword_Trail_F.P_Sword_Trail_F
[2020.05.13-15.25.12:564][815]LogSlate: FSceneViewport::OnFocusLost() reason 0
[2020.05.13-15.25.12:655][826]LogSlate: Window 'P_Sword_Trail_F' being destroyed
[2020.05.13-15.25.12:658][826]LogSlate: Window 'P_Sword_Trail_F' being destroyed
[2020.05.13-15.25.12:658][826]LogCascade: Quitting Cascade. FXSystem=0x0000019D8E1A47C0
[2020.05.13-15.25.12:698][826]LogWorld: UWorld::CleanupWorld for World_4, bSessionEnded=true, bCleanupResources=true
[2020.05.13-15.25.14:186][999]LogAssetEditorManager: Opening Asset editor for ParticleSystem /Game/Effects/FX_Particle/P_Goblin_Death.P_Goblin_Death
[2020.05.13-15.25.16:693][277]LogSlate: FSceneViewport::OnFocusLost() reason 0
[2020.05.13-15.25.21:317][826]LogSlate: FSceneViewport::OnFocusLost() reason 0
[2020.05.13-15.25.25:677][348]LogSlate: FSceneViewport::OnFocusLost() reason 0
[2020.05.13-15.25.25:809][364]LogSlate: Window 'P_Goblin_Death' being destroyed
[2020.05.13-15.25.25:814][364]LogSlate: Window 'P_Goblin_Death' being destroyed
[2020.05.13-15.25.25:814][364]LogCascade: Quitting Cascade. FXSystem=0x0000019DC1B95600
[2020.05.13-15.25.25:853][364]LogWorld: UWorld::CleanupWorld for World_5, bSessionEnded=true, bCleanupResources=true
[2020.05.13-15.25.30:634][909]LogAssetEditorManager: Opening Asset editor for ParticleSystem /Game/Effects/FX_Particle/P_Impact01.P_Impact01
[2020.05.13-15.25.35:790][511]LogSlate: Window 'P_Impact01' being destroyed
[2020.05.13-15.25.35:794][511]LogSlate: Window 'P_Impact01' being destroyed
[2020.05.13-15.25.35:794][511]LogCascade: Quitting Cascade. FXSystem=0x0000019DC1B96C80
[2020.05.13-15.25.35:832][511]LogWorld: UWorld::CleanupWorld for World_6, bSessionEnded=true, bCleanupResources=true
[2020.05.13-15.25.38:994][865]LogAssetEditorManager: Opening Asset editor for ParticleSystem /Game/Effects/FX_Particle/P_poison.P_poison
[2020.05.13-15.26.24:093][924]LogSlate: FSceneViewport::OnFocusLost() reason 0
[2020.05.13-15.26.24:176][934]LogSlate: Window 'P_poison' being destroyed
[2020.05.13-15.26.24:180][934]LogSlate: Window 'P_poison' being destroyed
[2020.05.13-15.26.24:180][934]LogCascade: Quitting Cascade. FXSystem=0x0000019DBEF64880
[2020.05.13-15.26.24:200][934]LogWorld: UWorld::CleanupWorld for World_7, bSessionEnded=true, bCleanupResources=true
[2020.05.13-15.26.27:545][331]LogAssetEditorManager: Opening Asset editor for ParticleSystem /Game/Effects/FX_Particle/P_poison.P_poison
[2020.05.13-15.26.52:790][327]LogSlate: FSceneViewport::OnFocusLost() reason 0
[2020.05.13-15.28.51:378][967]LogSlate: FSceneViewport::OnFocusLost() reason 0
[2020.05.13-15.33.05:605][930]LogSlate: Window 'Color Picker' being destroyed
[2020.05.13-15.33.50:793][553]LogUObjectHash: Compacting FUObjectHashTables data took   2.04ms
[2020.05.13-15.33.50:793][553]LogFileHelpers: Editor autosave (incl. sublevels) for '/Game/Maps/ActionRPG_P' took 0.037
[2020.05.13-15.33.50:797][553]OBJ SavePackage: Generating thumbnails for [1] asset(s) in package [/Game/Effects/FX_Particle/P_Goblin_Death] ([1] browsable assets)...
[2020.05.13-15.33.50:802][553]OBJ SavePackage:     Rendered thumbnail for [ParticleSystem /Game/Effects/FX_Particle/P_Goblin_Death.P_Goblin_Death]
[2020.05.13-15.33.50:802][553]OBJ SavePackage: Finished generating thumbnails for package [/Game/Effects/FX_Particle/P_Goblin_Death]
[2020.05.13-15.33.50:890][553]LogSavePackage: Moving '../../../../../../Users/Upper School/Documents/GitHub/game-team-h/ActionRPG/Saved/P_Goblin_Death_Auto19A4A64D04E212E0C7213189AE898A3CE.tmp' to '../../../../../../Users/Upper School/Documents/GitHub/game-team-h/ActionRPG/Saved/Autosaves/Game/Effects/FX_Particle/P_Goblin_Death_Auto1.uasset'
[2020.05.13-15.33.50:893][553]OBJ SavePackage: Generating thumbnails for [1] asset(s) in package [/Game/Effects/FX_Particle/P_poison] ([1] browsable assets)...
[2020.05.13-15.33.50:897][553]OBJ SavePackage:     Rendered thumbnail for [ParticleSystem /Game/Effects/FX_Particle/P_poison.P_poison]
[2020.05.13-15.33.50:897][553]OBJ SavePackage: Finished generating thumbnails for package [/Game/Effects/FX_Particle/P_poison]
[2020.05.13-15.33.50:951][553]LogSavePackage: Moving '../../../../../../Users/Upper School/Documents/GitHub/game-team-h/ActionRPG/Saved/P_poison_Auto153986D7F4B82589A0BE5D7952FE479A6.tmp' to '../../../../../../Users/Upper School/Documents/GitHub/game-team-h/ActionRPG/Saved/Autosaves/Game/Effects/FX_Particle/P_poison_Auto1.uasset'
[2020.05.13-15.33.50:952][553]LogFileHelpers: Auto-saving content packages took 0.158
[2020.05.13-16.11.09:131][321]LogD3D11RHI: Timed out while waiting for GPU to catch up. (500 ms)
[2020.05.13-16.11.09:475][323]LogHttp: Warning: 0000019DC8440680: invalid HTTP response code received. URL: https://datarouter.ol.epicgames.com/datarouter/api/v1/public/data?SessionID=%7BC321F6D8-4F29-468C-B16F-769FA399B44B%7D&AppID=UEEditor.Rocket.Release&AppVersion=4.23.1-9631420%2B%2B%2BUE4%2BRelease-4.23&UserID=5f1a384242195162e30d1a81fc9c0e23%7Cb565faa67db44caf9aa4b9de7250148c%7Ce478bafb-28d0-489e-a81a-909f704e16c5&AppEnvironment=datacollector-binary&UploadType=eteventstream, HTTP code: 0, content length: -1, actual payload size: 0
[2020.05.13-16.11.09:475][323]LogHttp: Warning: 0000019DC8440680: request failed, libcurl error: 56 (Failure when receiving data from the peer)
[2020.05.13-16.11.09:475][323]LogHttp: Warning: 0000019DC8440680: libcurl info message cache 0 (Found bundle for host datarouter.ol.epicgames.com: 0x19da3547f70 [can pipeline])
[2020.05.13-16.11.09:475][323]LogHttp: Warning: 0000019DC8440680: libcurl info message cache 1 (Re-using existing connection! (#13) with host datarouter.ol.epicgames.com)
[2020.05.13-16.11.09:475][323]LogHttp: Warning: 0000019DC8440680: libcurl info message cache 2 (Connected to datarouter.ol.epicgames.com (52.44.188.211) port 443 (#13))
[2020.05.13-16.11.09:475][323]LogHttp: Warning: 0000019DC8440680: libcurl info message cache 3 (We are completely uploaded and fine)
[2020.05.13-16.11.09:475][323]LogHttp: Warning: 0000019DC8440680: libcurl info message cache 4 (OpenSSL SSL_read: SSL_ERROR_SYSCALL, errno 10054)
[2020.05.13-16.11.09:475][323]LogHttp: Warning: 0000019DC8440680: libcurl info message cache 5 (Connection died, retrying a fresh connect)
[2020.05.13-16.11.09:475][323]LogHttp: Warning: 0000019DC8440680: libcurl info message cache 6 (necessary data rewind wasn't possible)
[2020.05.13-16.11.09:475][323]LogHttp: Warning: 0000019DC8440680: libcurl info message cache 7 (Closing connection 13)
[2020.05.13-16.11.09:808][324]LogHttp: Warning: Retry exhausted on https://datarouter.ol.epicgames.com/datarouter/api/v1/public/data?SessionID=%7BC321F6D8-4F29-468C-B16F-769FA399B44B%7D&AppID=UEEditor.Rocket.Release&AppVersion=4.23.1-9631420%2B%2B%2BUE4%2BRelease-4.23&UserID=5f1a384242195162e30d1a81fc9c0e23%7Cb565faa67db44caf9aa4b9de7250148c%7Ce478bafb-28d0-489e-a81a-909f704e16c5&AppEnvironment=datacollector-binary&UploadType=eteventstream
[2020.05.13-17.46.28:102][329]LogD3D11RHI: Timed out while waiting for GPU to catch up. (500 ms)
[2020.05.13-18.02.52:486][260]LogUObjectHash: Compacting FUObjectHashTables data took   3.75ms
[2020.05.13-18.02.55:188][260]LogSlate: Window 'Save Content' being destroyed
[2020.05.13-18.25.19:688][262]LogUObjectHash: Compacting FUObjectHashTables data took   0.87ms
[2020.05.13-18.25.25:900][262]LogSlate: Window 'Save Content' being destroyed
[2020.05.13-18.25.26:007][262]LogSavePackage: Moving '../../../../../../Users/Upper School/Documents/GitHub/game-team-h/ActionRPG/Saved/P_Goblin_Death28139C164E37E25C25BE1FBF5F084601.tmp' to '../../../../../../Users/Upper School/Documents/GitHub/game-team-h/ActionRPG/Content/Effects/FX_Particle/P_Goblin_Death.uasset'
[2020.05.13-18.25.26:008][262]LogFileManager: Warning: DeleteFile was unable to delete '../../../../../../Users/Upper School/Documents/GitHub/game-team-h/ActionRPG/Content/Effects/FX_Particle/P_Goblin_Death.uasset', retrying in .5s...
[2020.05.13-18.25.26:509][262]LogFileManager: Error: Error deleting file '../../../../../../Users/Upper School/Documents/GitHub/game-team-h/ActionRPG/Content/Effects/FX_Particle/P_Goblin_Death.uasset'.
[2020.05.13-18.25.26:509][262]LogSavePackage: Error: Error saving '../../../../../../Users/Upper School/Documents/GitHub/game-team-h/ActionRPG/Content/Effects/FX_Particle/P_Goblin_Death.uasset'
[2020.05.13-18.25.29:666][262]LogSlate: Window 'Message' being destroyed
[2020.05.13-18.25.29:673][262]EditorErrors: New page: Save Output
[2020.05.13-18.25.29:673][262]EditorErrors: Warning: Error saving '../../../../../../Users/Upper School/Documents/GitHub/game-team-h/ActionRPG/Content/Effects/FX_Particle/P_Goblin_Death.uasset'
[2020.05.13-18.25.31:575][370]LogSlate: Window 'Message Log' being destroyed
[2020.05.13-18.25.31:579][370]LogSlate: Window 'Message Log' being destroyed
[2020.05.13-18.25.33:399][478]LogUObjectHash: Compacting FUObjectHashTables data took   0.78ms
[2020.05.13-18.25.39:721][478]LogSlate: Window 'Save Content' being destroyed
[2020.05.13-18.25.39:842][478]LogSlate: Window 'P_poison' being destroyed
[2020.05.13-18.25.39:846][478]LogCascade: Quitting Cascade. FXSystem=0x0000019D9B56F100
[2020.05.13-18.25.39:864][478]LogWorld: UWorld::CleanupWorld for World_8, bSessionEnded=true, bCleanupResources=true
[2020.05.13-18.25.39:874][478]LogSlate: Window 'ActionRPG - Unreal Editor' being destroyed
[2020.05.13-18.25.40:007][479]Cmd: QUIT_EDITOR
[2020.05.13-18.25.40:040][479]LogWindowsTextInputMethodSystem: Display: IME system now deactivated.
[2020.05.13-18.25.40:066][479]LogSlate: Slate User Destroyed.  User Index 0, Is Virtual User: 0
[2020.05.13-18.25.40:067][479]LogExit: Preparing to exit.
[2020.05.13-18.25.40:805][479]LogActorComponent: UnregisterComponent: (None.None) Not registered. Aborting.
[2020.05.13-18.25.40:805][479]LogActorComponent: UnregisterComponent: (None.None) Not registered. Aborting.
[2020.05.13-18.25.40:805][479]LogActorComponent: UnregisterComponent: (None.None) Not registered. Aborting.
[2020.05.13-18.25.40:805][479]LogActorComponent: UnregisterComponent: (None.None) Not registered. Aborting.
[2020.05.13-18.25.40:805][479]LogActorComponent: UnregisterComponent: (None.None) Not registered. Aborting.
[2020.05.13-18.25.40:805][479]LogActorComponent: UnregisterComponent: (None.None) Not registered. Aborting.
[2020.05.13-18.25.40:805][479]LogActorComponent: UnregisterComponent: (None.None) Not registered. Aborting.
[2020.05.13-18.25.40:805][479]LogWorld: UWorld::CleanupWorld for None, bSessionEnded=true, bCleanupResources=true
[2020.05.13-18.25.40:805][479]LogActorComponent: UnregisterComponent: (None.None) Not registered. Aborting.
[2020.05.13-18.25.40:805][479]LogActorComponent: UnregisterComponent: (None.None) Not registered. Aborting.
[2020.05.13-18.25.40:805][479]LogActorComponent: UnregisterComponent: (None.None) Not registered. Aborting.
[2020.05.13-18.25.40:805][479]LogActorComponent: UnregisterComponent: (None.None) Not registered. Aborting.
[2020.05.13-18.25.40:805][479]LogActorComponent: UnregisterComponent: (None.None) Not registered. Aborting.
[2020.05.13-18.25.40:805][479]LogActorComponent: UnregisterComponent: (None.None) Not registered. Aborting.
[2020.05.13-18.25.40:805][479]LogActorComponent: UnregisterComponent: (None.None) Not registered. Aborting.
[2020.05.13-18.25.40:805][479]LogWorld: UWorld::CleanupWorld for None, bSessionEnded=true, bCleanupResources=true
[2020.05.13-18.25.40:829][479]LogDemo: Cleaned up 0 splitscreen connections with owner deletion
[2020.05.13-18.25.40:854][479]LogExit: Editor shut down
[2020.05.13-18.25.40:855][479]LogExit: Transaction tracking system shut down
[2020.05.13-18.25.41:293][479]LogExit: Object subsystem successfully closed.
[2020.05.13-18.25.41:326][479]LogShaderCompilers: Display: Shaders left to compile 0
[2020.05.13-18.25.41:377][479]LogModuleManager: Shutting down and abandoning module DistCurveEditor (572)
[2020.05.13-18.25.41:377][479]LogModuleManager: Shutting down and abandoning module Cascade (570)
[2020.05.13-18.25.41:377][479]LogModuleManager: Shutting down and abandoning module HierarchicalLODOutliner (568)
[2020.05.13-18.25.41:377][479]LogModuleManager: Shutting down and abandoning module AddContentDialog (566)
[2020.05.13-18.25.41:381][479]LogModuleManager: Shutting down and abandoning module WidgetCarousel (565)
[2020.05.13-18.25.41:381][479]LogModuleManager: Shutting down and abandoning module EditorWidgets (562)
[2020.05.13-18.25.41:381][479]LogModuleManager: Shutting down and abandoning module CollectionManager (560)
[2020.05.13-18.25.41:381][479]LogModuleManager: Shutting down and abandoning module StatsViewer (558)
[2020.05.13-18.25.41:382][479]LogModuleManager: Shutting down and abandoning module VirtualTexturingEditor (556)
[2020.05.13-18.25.41:382][479]LogModuleManager: Shutting down and abandoning module FoliageEdit (554)
[2020.05.13-18.25.41:383][479]LogModuleManager: Shutting down and abandoning module LandscapeEditor (552)
[2020.05.13-18.25.41:384][479]LogModuleManager: Shutting down and abandoning module MeshPaintMode (550)
[2020.05.13-18.25.41:384][479]LogModuleManager: Shutting down and abandoning module SceneDepthPickerMode (548)
[2020.05.13-18.25.41:384][479]LogModuleManager: Shutting down and abandoning module ActorPickerMode (546)
[2020.05.13-18.25.41:384][479]LogModuleManager: Shutting down and abandoning module GeometryMode (544)
[2020.05.13-18.25.41:384][479]LogModuleManager: Shutting down and abandoning module TextureAlignMode (542)
[2020.05.13-18.25.41:384][479]LogModuleManager: Shutting down and abandoning module BspMode (540)
[2020.05.13-18.25.41:384][479]LogModuleManager: Shutting down and abandoning module PIEPreviewDeviceProfileSelector (538)
[2020.05.13-18.25.41:385][479]LogModuleManager: Shutting down and abandoning module SequenceRecorderSections (536)
[2020.05.13-18.25.41:385][479]LogModuleManager: Shutting down and abandoning module SequenceRecorder (534)
[2020.05.13-18.25.41:385][479]LogModuleManager: Shutting down and abandoning module AutomationWorker (532)
[2020.05.13-18.25.41:385][479]LogModuleManager: Shutting down and abandoning module MatineeToLevelSequence (530)
[2020.05.13-18.25.41:385][479]LogModuleManager: Shutting down and abandoning module LevelSequenceEditor (528)
[2020.05.13-18.25.41:387][479]LogModuleManager: Shutting down and abandoning module PlacementMode (527)
[2020.05.13-18.25.41:387][479]LogModuleManager: Shutting down and abandoning module MaterialEditor (526)
[2020.05.13-18.25.41:387][479]LogModuleManager: Shutting down and abandoning module ActorSequenceEditor (522)
[2020.05.13-18.25.41:387][479]LogModuleManager: Shutting down and abandoning module WebMMediaFactory (520)
[2020.05.13-18.25.41:387][479]LogModuleManager: Shutting down and abandoning module WebMMediaEditor (518)
[2020.05.13-18.25.41:387][479]LogModuleManager: Shutting down and abandoning module WebMMedia (516)
[2020.05.13-18.25.41:387][479]LogModuleManager: Shutting down and abandoning module MediaPlayerEditor (514)
[2020.05.13-18.25.41:388][479]LogModuleManager: Shutting down and abandoning module OpenExrWrapper (512)
[2020.05.13-18.25.41:388][479]LogModuleManager: Shutting down and abandoning module ImgMediaFactory (510)
[2020.05.13-18.25.41:388][479]LogModuleManager: Shutting down and abandoning module ImgMediaEditor (508)
[2020.05.13-18.25.41:388][479]LogModuleManager: Shutting down and abandoning module AvfMediaFactory (506)
[2020.05.13-18.25.41:388][479]LogModuleManager: Shutting down and abandoning module AvfMediaEditor (504)
[2020.05.13-18.25.41:388][479]LogModuleManager: Shutting down and abandoning module AndroidMediaFactory (502)
[2020.05.13-18.25.41:388][479]LogModuleManager: Shutting down and abandoning module Media (501)
[2020.05.13-18.25.41:389][479]LogModuleManager: Shutting down and abandoning module AndroidMediaEditor (498)
[2020.05.13-18.25.41:389][479]LogModuleManager: Shutting down and abandoning module SmartSnapping (496)
[2020.05.13-18.25.41:389][479]LogModuleManager: Shutting down and abandoning module SessionServices (494)
[2020.05.13-18.25.41:389][479]LogModuleManager: Shutting down and abandoning module MeshPaint (492)
[2020.05.13-18.25.41:389][479]LogModuleManager: Shutting down and abandoning module ViewportSnapping (490)
[2020.05.13-18.25.41:389][479]LogModuleManager: Shutting down and abandoning module ViewportInteraction (488)
[2020.05.13-18.25.41:389][479]LogModuleManager: Shutting down and abandoning module ClothPainter (486)
[2020.05.13-18.25.41:390][479]LogModuleManager: Shutting down and abandoning module SkeletalMeshEditor (485)
[2020.05.13-18.25.41:391][479]LogModuleManager: Shutting down and abandoning module LogVisualizer (482)
[2020.05.13-18.25.41:391][479]LogModuleManager: Shutting down and abandoning module IntroTutorials (480)
[2020.05.13-18.25.41:392][479]LogModuleManager: Shutting down and abandoning module GameProjectGeneration (479)
[2020.05.13-18.25.41:392][479]LogModuleManager: Shutting down and abandoning module LuminPlatformEditor (476)
[2020.05.13-18.25.41:392][479]LogModuleManager: Shutting down and abandoning module IOSPlatformEditor (474)
[2020.05.13-18.25.41:392][479]LogModuleManager: Shutting down and abandoning module HTML5PlatformEditor (472)
[2020.05.13-18.25.41:392][479]LogModuleManager: Shutting down and abandoning module AndroidPlatformEditor (470)
[2020.05.13-18.25.41:392][479]LogModuleManager: Shutting down and abandoning module AndroidDeviceDetection (469)
[2020.05.13-18.25.42:827][479]LogModuleManager: Shutting down and abandoning module WindowsPlatformEditor (466)
[2020.05.13-18.25.42:827][479]LogModuleManager: Shutting down and abandoning module LuminRuntimeSettings (464)
[2020.05.13-18.25.42:827][479]LogModuleManager: Shutting down and abandoning module IOSRuntimeSettings (462)
[2020.05.13-18.25.42:828][479]LogModuleManager: Shutting down and abandoning module AndroidRuntimeSettings (460)
[2020.05.13-18.25.42:828][479]LogModuleManager: Shutting down and abandoning module TimeManagementEditor (458)
[2020.05.13-18.25.42:828][479]LogModuleManager: Shutting down and abandoning module InputBindingEditor (456)
[2020.05.13-18.25.42:828][479]LogModuleManager: Shutting down and abandoning module MergeActors (454)
[2020.05.13-18.25.42:828][479]LogModuleManager: Shutting down and abandoning module LocalizationDashboard (452)
[2020.05.13-18.25.42:828][479]LogModuleManager: Shutting down and abandoning module LocalizationService (451)
[2020.05.13-18.25.42:828][479]LogModuleManager: Shutting down and abandoning module HardwareTargeting (448)
[2020.05.13-18.25.42:828][479]LogModuleManager: Shutting down and abandoning module DeviceProfileEditor (446)
[2020.05.13-18.25.42:828][479]LogModuleManager: Shutting down and abandoning module UndoHistory (444)
[2020.05.13-18.25.42:828][479]LogModuleManager: Shutting down and abandoning module XmlParser (442)
[2020.05.13-18.25.42:828][479]LogModuleManager: Shutting down and abandoning module Blutility (440)
[2020.05.13-18.25.42:828][479]LogModuleManager: Shutting down and abandoning module ProjectSettingsViewer (438)
[2020.05.13-18.25.42:828][479]LogModuleManager: Shutting down and abandoning module ProjectTargetPlatformEditor (437)
[2020.05.13-18.25.42:830][479]LogModuleManager: Shutting down and abandoning module EditorSettingsViewer (434)
[2020.05.13-18.25.42:830][479]LogModuleManager: Shutting down and abandoning module SettingsEditor (432)
[2020.05.13-18.25.42:830][479]LogModuleManager: Shutting down and abandoning module ProjectLauncher (430)
[2020.05.13-18.25.42:830][479]LogModuleManager: Shutting down and abandoning module SessionFrontend (428)
[2020.05.13-18.25.42:830][479]LogModuleManager: Shutting down and abandoning module ProfilerClient (426)
[2020.05.13-18.25.42:830][479]LogModuleManager: Shutting down and abandoning module DeviceManager (424)
[2020.05.13-18.25.42:830][479]LogModuleManager: Shutting down and abandoning module TargetDeviceServices (423)
[2020.05.13-18.25.42:874][479]LogModuleManager: Shutting down and abandoning module AutomationController (420)
[2020.05.13-18.25.42:874][479]LogModuleManager: Shutting down and abandoning module AutomationWindow (418)
[2020.05.13-18.25.42:874][479]LogModuleManager: Shutting down and abandoning module Layers (416)
[2020.05.13-18.25.42:876][479]LogModuleManager: Shutting down and abandoning module ComponentVisualizers (414)
[2020.05.13-18.25.42:876][479]LogModuleManager: Shutting down and abandoning module DetailCustomizations (412)
[2020.05.13-18.25.42:876][479]LogModuleManager: Shutting down and abandoning module PackagesDialog (410)
[2020.05.13-18.25.42:876][479]LogModuleManager: Shutting down and abandoning module AnimationBlueprintEditor (408)
[2020.05.13-18.25.42:877][479]LogModuleManager: Shutting down and abandoning module Persona (406)
[2020.05.13-18.25.42:878][479]LogModuleManager: Shutting down and abandoning module AdvancedPreviewScene (405)
[2020.05.13-18.25.42:878][479]LogModuleManager: Shutting down and abandoning module AnimGraph (403)
[2020.05.13-18.25.42:878][479]LogModuleManager: Shutting down and abandoning module Kismet (400)
[2020.05.13-18.25.42:885][479]LogModuleManager: Shutting down and abandoning module KismetWidgets (399)
[2020.05.13-18.25.42:885][479]LogModuleManager: Shutting down and abandoning module GraphEditor (396)
[2020.05.13-18.25.42:886][479]LogModuleManager: Shutting down and abandoning module StructViewer (394)
[2020.05.13-18.25.42:886][479]LogModuleManager: Shutting down and abandoning module ClassViewer (392)
[2020.05.13-18.25.42:886][479]LogModuleManager: Shutting down and abandoning module Toolbox (390)
[2020.05.13-18.25.42:886][479]LogModuleManager: Shutting down and abandoning module DesktopPlatform (389)
[2020.05.13-18.25.42:886][479]LogModuleManager: Shutting down and abandoning module ModuleUI (386)
[2020.05.13-18.25.42:887][479]LogModuleManager: Shutting down and abandoning module MovieSceneTools (384)
[2020.05.13-18.25.42:888][479]LogModuleManager: Shutting down and abandoning module OutputLog (382)
[2020.05.13-18.25.42:889][479]LogModuleManager: Shutting down and abandoning module GammaUI (380)
[2020.05.13-18.25.42:889][479]LogModuleManager: Shutting down and abandoning module Documentation (378)
[2020.05.13-18.25.42:889][479]LogModuleManager: Shutting down and abandoning module LiveCoding (376)
[2020.05.13-18.25.42:889][479]LogModuleManager: Shutting down and abandoning module LevelSequence (374)
[2020.05.13-18.25.42:889][479]LogModuleManager: Shutting down and abandoning module MovieSceneTracks (372)
[2020.05.13-18.25.42:889][479]LogModuleManager: Shutting down and abandoning module MovieScene (370)
[2020.05.13-18.25.42:889][479]LogModuleManager: Shutting down and abandoning module StreamingPauseRendering (368)
[2020.05.13-18.25.42:889][479]LogModuleManager: Shutting down and abandoning module LauncherPlatform (366)
[2020.05.13-18.25.42:889][479]LogModuleManager: Shutting down and abandoning module AnalyticsET (364)
[2020.05.13-18.25.42:889][479]LogModuleManager: Shutting down and abandoning module PortalServices (362)
[2020.05.13-18.25.42:889][479]LogModuleManager: Shutting down and abandoning module PortalRpc (360)
[2020.05.13-18.25.42:889][479]LogModuleManager: Shutting down and abandoning module MessagingRpc (358)
[2020.05.13-18.25.42:889][479]LogModuleManager: Shutting down and abandoning module AIModule (356)
[2020.05.13-18.25.42:890][479]LogModuleManager: Shutting down and abandoning module AITestSuite (355)
[2020.05.13-18.25.42:890][479]LogModuleManager: Shutting down and abandoning module NavigationSystem (353)
[2020.05.13-18.25.42:890][479]LogModuleManager: Shutting down and abandoning module ImageWriteQueue (350)
[2020.05.13-18.25.42:893][479]LogModuleManager: Shutting down and abandoning module ProfilerService (348)
[2020.05.13-18.25.43:060][479]LogModuleManager: Shutting down and abandoning module TaskGraph (346)
[2020.05.13-18.25.43:061][479]LogModuleManager: Shutting down and abandoning module ScreenshotTools (344)
[2020.05.13-18.25.43:061][479]LogModuleManager: Shutting down and abandoning module SlateRemote (342)
[2020.05.13-18.25.43:061][479]LogModuleManager: Shutting down and abandoning module MobilePatchingUtils (340)
[2020.05.13-18.25.43:061][479]LogModuleManager: Shutting down and abandoning module EditableMesh (338)
[2020.05.13-18.25.43:061][479]LogModuleManager: Shutting down and abandoning module AppleImageUtilsBlueprintSupport (336)
[2020.05.13-18.25.43:061][479]LogModuleManager: Shutting down and abandoning module AppleImageUtils (334)
[2020.05.13-18.25.43:061][479]LogModuleManager: Shutting down and abandoning module AndroidPermission (332)
[2020.05.13-18.25.43:061][479]LogModuleManager: Shutting down and abandoning module NUTUnrealEngine4 (330)
[2020.05.13-18.25.43:061][479]LogModuleManager: Shutting down and abandoning module NetcodeUnitTest (328)
[2020.05.13-18.25.43:061][479]LogModuleManager: Shutting down and abandoning module ImgMedia (326)
[2020.05.13-18.25.43:061][479]LogModuleManager: Shutting down and abandoning module MixamoAnimationRetargeting (324)
[2020.05.13-18.25.43:061][479]LogModuleManager: Shutting down and abandoning module BackChannel (322)
[2020.05.13-18.25.43:061][479]LogModuleManager: Shutting down and abandoning module AutomationUtilsEditor (320)
[2020.05.13-18.25.43:061][479]LogModuleManager: Shutting down and abandoning module AutomationUtils (318)
[2020.05.13-18.25.43:061][479]LogModuleManager: Shutting down and abandoning module VariantManagerContent (316)
[2020.05.13-18.25.43:061][479]LogModuleManager: Shutting down and abandoning module SpeedTreeImporter (314)
[2020.05.13-18.25.43:061][479]LogModuleManager: Shutting down and abandoning module PluginBrowser (312)
[2020.05.13-18.25.43:062][479]LogModuleManager: Shutting down and abandoning module MobileLauncherProfileWizard (310)
[2020.05.13-18.25.43:062][479]LogModuleManager: Shutting down and abandoning module MaterialAnalyzer (308)
[2020.05.13-18.25.43:062][479]LogModuleManager: Shutting down and abandoning module CurveEditorTools (306)
[2020.05.13-18.25.43:063][479]LogModuleManager: Shutting down and abandoning module CurveEditor (305)
[2020.05.13-18.25.43:064][479]LogModuleManager: Shutting down and abandoning module VisualStudioSourceCodeAccess (302)
[2020.05.13-18.25.43:064][479]LogModuleManager: Shutting down and abandoning module VisualStudioCodeSourceCodeAccess (300)
[2020.05.13-18.25.43:064][479]LogModuleManager: Shutting down and abandoning module SubversionSourceControl (298)
[2020.05.13-18.25.43:064][479]LogModuleManager: Shutting down and abandoning module PerforceSourceControl (296)
[2020.05.13-18.25.43:065][479]LogModuleManager: Shutting down and abandoning module GitSourceControl (294)
[2020.05.13-18.25.43:065][479]LogModuleManager: Shutting down and abandoning module SourceControl (293)
[2020.05.13-18.25.43:065][479]LogModuleManager: Shutting down and abandoning module CLionSourceCodeAccess (290)
[2020.05.13-18.25.43:065][479]LogModuleManager: Shutting down and abandoning module AnimationSharingEd (288)
[2020.05.13-18.25.43:065][479]LogModuleManager: Shutting down and abandoning module ActorLayerUtilitiesEditor (286)
[2020.05.13-18.25.43:065][479]LogModuleManager: Shutting down and abandoning module ActorLayerUtilities (284)
[2020.05.13-18.25.43:065][479]LogModuleManager: Shutting down and abandoning module PaperTiledImporter (282)
[2020.05.13-18.25.43:065][479]LogModuleManager: Shutting down and abandoning module PaperSpriteSheetImporter (280)
[2020.05.13-18.25.43:065][479]LogModuleManager: Shutting down and abandoning module Paper2DEditor (278)
[2020.05.13-18.25.43:066][479]LogModuleManager: Shutting down and abandoning module ActionRPG (276)
[2020.05.13-18.25.43:066][479]LogModuleManager: Shutting down and abandoning module SignificanceManager (274)
[2020.05.13-18.25.43:066][479]LogModuleManager: Shutting down and abandoning module GameplayAbilitiesEditor (272)
[2020.05.13-18.25.43:067][479]LogModuleManager: Shutting down and abandoning module GameplayAbilities (270)
[2020.05.13-18.25.43:067][479]LogModuleManager: Shutting down and abandoning module GameplayDebugger (269)
[2020.05.13-18.25.43:067][479]LogModuleManager: Shutting down and abandoning module ActorSequence (266)
[2020.05.13-18.25.43:067][479]LogModuleManager: Shutting down and abandoning module UdpMessaging (264)
[2020.05.13-18.25.43:168][479]LogModuleManager: Shutting down and abandoning module TcpMessaging (262)
[2020.05.13-18.25.43:268][479]LogModuleManager: Shutting down and abandoning module GameplayTagsEditor (260)
[2020.05.13-18.25.43:268][479]LogModuleManager: Shutting down and abandoning module AssetManagerEditor (258)
[2020.05.13-18.25.43:268][479]LogModuleManager: Shutting down and abandoning module LevelEditor (257)
[2020.05.13-18.25.43:270][479]LogModuleManager: Shutting down and abandoning module PixelInspectorModule (256)
[2020.05.13-18.25.43:270][479]LogModuleManager: Shutting down and abandoning module CommonMenuExtensions (254)
[2020.05.13-18.25.43:270][479]LogModuleManager: Shutting down and abandoning module MainFrame (252)
[2020.05.13-18.25.43:270][479]LogModuleManager: Shutting down and abandoning module HotReload (251)
[2020.05.13-18.25.43:271][479]LogModuleManager: Shutting down and abandoning module ContentBrowser (247)
[2020.05.13-18.25.43:273][479]LogModuleManager: Shutting down and abandoning module TreeMap (245)
[2020.05.13-18.25.43:273][479]LogModuleManager: Shutting down and abandoning module AnimationSharing (242)
[2020.05.13-18.25.43:273][479]LogModuleManager: Shutting down and abandoning module Paper2D (240)
[2020.05.13-18.25.43:273][479]LogModuleManager: Shutting down and abandoning module WebMMoviePlayer (238)
[2020.05.13-18.25.43:273][479]LogModuleManager: Shutting down and abandoning module ActionRPGLoadingScreen (236)
[2020.05.13-18.25.43:273][479]LogModuleManager: Shutting down and abandoning module NetworkReplayStreaming (234)
[2020.05.13-18.25.43:273][479]LogModuleManager: Shutting down and abandoning module PacketHandler (232)
[2020.05.13-18.25.43:273][479]LogModuleManager: Shutting down and abandoning module ClothingSystemEditor (230)
[2020.05.13-18.25.43:273][479]LogModuleManager: Shutting down and abandoning module ClothingSystemRuntime (228)
[2020.05.13-18.25.43:273][479]LogModuleManager: Shutting down and abandoning module MediaAssets (226)
[2020.05.13-18.25.43:273][479]LogModuleManager: Shutting down and abandoning module Overlay (224)
[2020.05.13-18.25.43:273][479]LogModuleManager: Shutting down and abandoning module OverlayEditor (223)
[2020.05.13-18.25.43:273][479]LogModuleManager: Shutting down and abandoning module EnvironmentQueryEditor (220)
[2020.05.13-18.25.43:274][479]LogModuleManager: Shutting down and abandoning module VREditor (218)
[2020.05.13-18.25.43:275][479]LogModuleManager: Shutting down and abandoning module StringTableEditor (216)
[2020.05.13-18.25.43:275][479]LogModuleManager: Shutting down and abandoning module GameplayTasksEditor (214)
[2020.05.13-18.25.43:275][479]LogModuleManager: Shutting down and abandoning module BehaviorTreeEditor (212)
[2020.05.13-18.25.43:276][479]LogModuleManager: Shutting down and abandoning module FunctionalTesting (210)
[2020.05.13-18.25.43:276][479]LogModuleManager: Shutting down and abandoning module CollisionAnalyzer (208)
[2020.05.13-18.25.43:276][479]LogModuleManager: Shutting down and abandoning module WorkspaceMenuStructure (207)
[2020.05.13-18.25.43:276][479]LogModuleManager: Shutting down and abandoning module UMG (204)
[2020.05.13-18.25.43:277][479]LogModuleManager: Shutting down and abandoning module UMGEditor (203)
[2020.05.13-18.25.43:277][479]LogModuleManager: Shutting down and abandoning module Sequencer (202)
[2020.05.13-18.25.43:280][479]LogModuleManager: Shutting down and abandoning module MessageLog (199)
[2020.05.13-18.25.43:280][479]LogModuleManager: Shutting down and abandoning module SlateReflector (194)
[2020.05.13-18.25.43:282][479]LogModuleManager: Shutting down and abandoning module Slate (192)
[2020.05.13-18.25.43:282][479]LogModuleManager: Shutting down and abandoning module LandscapeEditorUtilities (190)
[2020.05.13-18.25.43:282][479]LogModuleManager: Shutting down and abandoning module EditorStyle (188)
[2020.05.13-18.25.43:283][479]LogModuleManager: Shutting down and abandoning module UnrealEd (186)
[2020.05.13-18.25.43:284][479]LogModuleManager: Shutting down and abandoning module MRMesh (184)
[2020.05.13-18.25.43:284][479]LogModuleManager: Shutting down and abandoning module SourceCodeAccess (182)
[2020.05.13-18.25.43:284][479]LogModuleManager: Shutting down and abandoning module HeadMountedDisplay (180)
[2020.05.13-18.25.43:284][479]LogModuleManager: Shutting down and abandoning module XAudio2 (178)
[2020.05.13-18.25.43:284][479]LogModuleManager: Shutting down and abandoning module Networking (176)
[2020.05.13-18.25.43:284][479]LogModuleManager: Shutting down and abandoning module Core (174)
[2020.05.13-18.25.43:284][479]LogModuleManager: Shutting down and abandoning module KismetCompiler (172)
[2020.05.13-18.25.43:284][479]LogModuleManager: Shutting down and abandoning module MeshUtilities (170)
[2020.05.13-18.25.43:284][479]LogModuleManager: Shutting down and abandoning module MeshMergeUtilities (169)
[2020.05.13-18.25.43:285][479]LogModuleManager: Shutting down and abandoning module MeshReductionInterface (168)
[2020.05.13-18.25.43:285][479]LogModuleManager: Shutting down and abandoning module SkeletalMeshReduction (167)
[2020.05.13-18.25.43:285][479]LogModuleManager: Shutting down and abandoning module ProxyLODMeshReduction (165)
[2020.05.13-18.25.43:286][479]LogModuleManager: Shutting down and abandoning module QuadricMeshReduction (163)
[2020.05.13-18.25.43:286][479]LogModuleManager: Shutting down and abandoning module MaterialBaking (159)
[2020.05.13-18.25.43:287][479]LogModuleManager: Shutting down and abandoning module NullInstallBundleManager (154)
[2020.05.13-18.25.43:287][479]LogModuleManager: Shutting down and abandoning module DerivedDataCache (152)
[2020.05.13-18.25.43:287][479]LogDerivedDataCache: Shutdown
[2020.05.13-18.25.43:287][479]LogModuleManager: Shutting down and abandoning module XGEController (150)
[2020.05.13-18.25.43:287][479]LogXGEController: Cleaning working directory: C:/Users/Upper School/AppData/Local/Temp/UnrealXGEWorkingDir/
[2020.05.13-18.25.43:287][479]LogModuleManager: Shutting down and abandoning module TargetPlatform (148)
[2020.05.13-18.25.43:287][479]LogModuleManager: Shutting down and abandoning module VulkanShaderFormat (147)
[2020.05.13-18.25.43:288][479]LogModuleManager: Shutting down and abandoning module ShaderFormatVectorVM (145)
[2020.05.13-18.25.43:288][479]LogModuleManager: Shutting down and abandoning module ShaderFormatOpenGL (143)
[2020.05.13-18.25.43:288][479]LogModuleManager: Shutting down and abandoning module ShaderFormatD3D (141)
[2020.05.13-18.25.43:288][479]LogModuleManager: Shutting down and abandoning module MetalShaderFormat (139)
[2020.05.13-18.25.43:289][479]LogModuleManager: Shutting down and abandoning module TextureFormatUncompressed (137)
[2020.05.13-18.25.43:289][479]LogModuleManager: Shutting down and abandoning module TextureFormatPVR (135)
[2020.05.13-18.25.43:289][479]LogModuleManager: Shutting down and abandoning module TextureFormatDXT (133)
[2020.05.13-18.25.43:289][479]LogModuleManager: Shutting down and abandoning module TextureFormatIntelISPCTexComp (131)
[2020.05.13-18.25.43:289][479]LogModuleManager: Shutting down and abandoning module TextureFormatASTC (129)
[2020.05.13-18.25.43:289][479]LogModuleManager: Shutting down and abandoning module ImageWrapper (128)
[2020.05.13-18.25.43:289][479]LogModuleManager: Shutting down and abandoning module TextureFormatAndroid (125)
[2020.05.13-18.25.43:289][479]LogModuleManager: Shutting down and abandoning module AudioFormatOpus (123)
[2020.05.13-18.25.43:290][479]LogModuleManager: Shutting down and abandoning module AudioFormatOgg (121)
[2020.05.13-18.25.43:290][479]LogModuleManager: Shutting down and abandoning module AudioFormatADPCM (119)
[2020.05.13-18.25.43:290][479]LogModuleManager: Shutting down and abandoning module LuminTargetPlatform (117)
[2020.05.13-18.25.43:304][479]LogModuleManager: Shutting down and abandoning module LinuxTargetPlatform (115)
[2020.05.13-18.25.43:304][479]LogModuleManager: Shutting down and abandoning module LinuxServerTargetPlatform (113)
[2020.05.13-18.25.43:304][479]LogModuleManager: Shutting down and abandoning module LinuxNoEditorTargetPlatform (111)
[2020.05.13-18.25.43:304][479]LogModuleManager: Shutting down and abandoning module LinuxClientTargetPlatform (109)
[2020.05.13-18.25.43:304][479]LogModuleManager: Shutting down and abandoning module TVOSTargetPlatform (107)
[2020.05.13-18.25.43:309][479]LogModuleManager: Shutting down and abandoning module Messaging (105)
[2020.05.13-18.25.43:309][479]LogModuleManager: Shutting down and abandoning module IOSTargetPlatform (103)
[2020.05.13-18.25.43:312][479]LogModuleManager: Shutting down and abandoning module HTML5TargetPlatform (101)
[2020.05.13-18.25.43:312][479]LogModuleManager: Shutting down and abandoning module AndroidTargetPlatform (99)
[2020.05.13-18.25.43:344][479]LogModuleManager: Shutting down and abandoning module WindowsTargetPlatform (97)
[2020.05.13-18.25.43:344][479]LogModuleManager: Shutting down and abandoning module WindowsServerTargetPlatform (95)
[2020.05.13-18.25.43:344][479]LogModuleManager: Shutting down and abandoning module WindowsNoEditorTargetPlatform (93)
[2020.05.13-18.25.43:344][479]LogModuleManager: Shutting down and abandoning module WindowsClientTargetPlatform (91)
[2020.05.13-18.25.43:344][479]LogModuleManager: Shutting down and abandoning module MacTargetPlatform (89)
[2020.05.13-18.25.43:344][479]LogModuleManager: Shutting down and abandoning module MacServerTargetPlatform (87)
[2020.05.13-18.25.43:344][479]LogModuleManager: Shutting down and abandoning module MacNoEditorTargetPlatform (85)
[2020.05.13-18.25.43:344][479]LogModuleManager: Shutting down and abandoning module MacClientTargetPlatform (83)
[2020.05.13-18.25.43:344][479]LogModuleManager: Shutting down and abandoning module AllDesktopTargetPlatform (81)
[2020.05.13-18.25.43:344][479]LogModuleManager: Shutting down and abandoning module InputCore (78)
[2020.05.13-18.25.43:344][479]LogModuleManager: Shutting down and abandoning module Settings (76)
[2020.05.13-18.25.43:344][479]LogModuleManager: Shutting down and abandoning module DirectoryWatcher (74)
[2020.05.13-18.25.43:344][479]LogModuleManager: Shutting down and abandoning module PhysXCooking (72)
[2020.05.13-18.25.43:344][479]LogModuleManager: Shutting down and abandoning module WindowsPlatformFeatures (70)
[2020.05.13-18.25.43:344][479]LogModuleManager: Shutting down and abandoning module GameplayMediaEncoder (69)
[2020.05.13-18.25.43:344][479]LogModuleManager: Shutting down and abandoning module ExampleDeviceProfileSelector (66)
[2020.05.13-18.25.43:344][479]LogModuleManager: Shutting down and abandoning module LauncherChunkInstaller (64)
[2020.05.13-18.25.43:344][479]LogModuleManager: Shutting down and abandoning module OnlineBlueprintSupport (62)
[2020.05.13-18.25.43:344][479]LogModuleManager: Shutting down and abandoning module OnlineSubsystem (58)
[2020.05.13-18.25.43:348][479]LogModuleManager: Shutting down and abandoning module XMPP (53)
[2020.05.13-18.25.43:349][479]LogModuleManager: Shutting down and abandoning module WebSockets (52)
[2020.05.13-18.25.43:353][479]LogModuleManager: Shutting down and abandoning module HTTP (49)
[2020.05.13-18.25.43:353][479]LogHttp: Display: Http module shutting down, but needs to wait on 1 outstanding Http requests:
[2020.05.13-18.25.43:353][479]LogHttp: Display: 	verb=[POST] url=[https://datarouter.ol.epicgames.com/datarouter/api/v1/public/data?SessionID=%7BC321F6D8-4F29-468C-B16F-769FA399B44B%7D&AppID=UEEditor.Rocket.Release&AppVersion=4.23.1-9631420%2B%2B%2BUE4%2BRelease-4.23&UserID=5f1a384242195162e30d1a81fc9c0e23%7Cb565faa67db44caf9aa4b9de7250148c%7Ce478bafb-28d0-489e-a81a-909f704e16c5&AppEnvironment=datacollector-binary&UploadType=eteventstream] status=Processing
[2020.05.13-18.25.43:368][479]LogModuleManager: Shutting down and abandoning module SSL (48)
[2020.05.13-18.25.43:370][479]LogModuleManager: Shutting down and abandoning module AISupportModule (44)
[2020.05.13-18.25.43:370][479]LogModuleManager: Shutting down and abandoning module PlatformCryptoOpenSSL (42)
[2020.05.13-18.25.43:371][479]LogModuleManager: Shutting down and abandoning module PlatformCrypto (40)
[2020.05.13-18.25.43:371][479]LogModuleManager: Shutting down and abandoning module AnimationModifiers (38)
[2020.05.13-18.25.43:371][479]LogModuleManager: Shutting down and abandoning module PropertyEditor (37)
[2020.05.13-18.25.43:371][479]LogModuleManager: Shutting down and abandoning module AudioEditor (34)
[2020.05.13-18.25.43:373][479]LogModuleManager: Shutting down and abandoning module TextureCompressor (32)
[2020.05.13-18.25.43:373][479]LogModuleManager: Shutting down and abandoning module RenderCore (30)
[2020.05.13-18.25.43:373][479]LogModuleManager: Shutting down and abandoning module Landscape (28)
[2020.05.13-18.25.43:373][479]LogModuleManager: Shutting down and abandoning module SlateRHIRenderer (26)
[2020.05.13-18.25.43:378][479]LogModuleManager: Shutting down and abandoning module OpenGLDrv (24)
[2020.05.13-18.25.43:379][479]LogModuleManager: Shutting down and abandoning module D3D11RHI (22)
[2020.05.13-18.25.43:379][479]LogModuleManager: Shutting down and abandoning module AnimGraphRuntime (20)
[2020.05.13-18.25.43:379][479]LogModuleManager: Shutting down and abandoning module Renderer (18)
[2020.05.13-18.25.43:379][479]LogModuleManager: Shutting down and abandoning module Engine (16)
[2020.05.13-18.25.43:379][479]LogModuleManager: Shutting down and abandoning module CoreUObject (14)
[2020.05.13-18.25.43:379][479]LogModuleManager: Shutting down and abandoning module NetworkFile (12)
[2020.05.13-18.25.43:379][479]LogModuleManager: Shutting down and abandoning module CookedIterativeFile (10)
[2020.05.13-18.25.43:379][479]LogModuleManager: Shutting down and abandoning module StreamingFile (8)
[2020.05.13-18.25.43:379][479]LogModuleManager: Shutting down and abandoning module SandboxFile (6)
[2020.05.13-18.25.43:379][479]LogModuleManager: Shutting down and abandoning module PakFile (4)
[2020.05.13-18.25.43:379][479]LogModuleManager: Shutting down and abandoning module RSA (3)
[2020.05.13-18.25.43:381][479]LogD3D11RHI: Shutdown
[2020.05.13-18.25.43:381][479]LogD3D11RHI: CleanupD3DDevice
[2020.05.13-18.25.43:384][479]LogRendererCore: FGlobalDynamicReadBuffer::Cleanup()
[2020.05.13-18.25.43:384][479]LogRendererCore: FGlobalDynamicReadBuffer::Cleanup()
[2020.05.13-18.25.43:384][479]LogRendererCore: FGlobalDynamicReadBuffer::Cleanup()
[2020.05.13-18.25.43:387][479]LogD3D11RHI: ~FD3D11DynamicRHI
[2020.05.13-18.25.43:396][479]LogExit: Exiting.
[2020.05.13-18.25.43:422][479]Log file closed, 05/13/20 14:25:43
