Log file open, 05/01/20 13:50:10
LogWindows: Failed to load 'aqProf.dll' (GetLastError=126)
LogWindows: File 'aqProf.dll' does not exist
LogWindows: Failed to load 'VtuneApi.dll' (GetLastError=126)
LogWindows: File 'VtuneApi.dll' does not exist
LogWindows: Failed to load 'VtuneApi32e.dll' (GetLastError=126)
LogWindows: File 'VtuneApi32e.dll' does not exist
LogConsoleResponse: Display: Failed to find resolution value strings in scalability ini. Falling back to default.
LogInit: Display: Running engine for game: ActionRPG
LogPlatformFile: Not using cached read wrapper
LogTaskGraph: Started task graph with 5 named threads and 35 total threads with 3 sets of task threads.
LogStats: Stats thread started at 0.081111
LogD3D11RHI: Loaded GFSDK_Aftermath_Lib.x64.dll
LogICUInternationalization: ICU TimeZone Detection - Raw Offset: -5:00, Platform Override: ''
LogPluginManager: Mounting plugin Paper2D
LogPluginManager: Mounting plugin AISupport
LogPluginManager: Mounting plugin ActorLayerUtilities
LogPluginManager: Mounting plugin AnimationSharing
LogPluginManager: Mounting plugin CLionSourceCodeAccess
LogPluginManager: Mounting plugin CodeLiteSourceCodeAccess
LogPluginManager: Mounting plugin GitSourceControl
LogPluginManager: Mounting plugin KDevelopSourceCodeAccess
LogPluginManager: Mounting plugin NullSourceCodeAccess
LogPluginManager: Mounting plugin PerforceSourceControl
LogPluginManager: Mounting plugin SubversionSourceControl
LogPluginManager: Mounting plugin VisualStudioCodeSourceCodeAccess
LogPluginManager: Mounting plugin VisualStudioSourceCodeAccess
LogPluginManager: Mounting plugin XCodeSourceCodeAccess
LogPluginManager: Mounting plugin AssetManagerEditor
LogPluginManager: Mounting plugin CurveEditorTools
LogPluginManager: Mounting plugin GameplayTagsEditor
LogPluginManager: Mounting plugin MacGraphicsSwitching
LogPluginManager: Mounting plugin MaterialAnalyzer
LogPluginManager: Mounting plugin MobileLauncherProfileWizard
LogPluginManager: Mounting plugin PluginBrowser
LogPluginManager: Mounting plugin SpeedTreeImporter
LogPluginManager: Mounting plugin VariantManagerContent
LogPluginManager: Mounting plugin AutomationUtils
LogPluginManager: Mounting plugin BackChannel
LogPluginManager: Mounting plugin PlatformCrypto
LogPluginManager: Mounting plugin ProxyLODPlugin
LogPluginManager: Mounting plugin SkeletalReduction
LogPluginManager: Mounting plugin MixamoAnimationRetargeting
LogPluginManager: Mounting plugin AndroidMedia
LogPluginManager: Mounting plugin AvfMedia
LogPluginManager: Mounting plugin ImgMedia
LogPluginManager: Mounting plugin MediaPlayerEditor
LogPluginManager: Mounting plugin WebMMedia
LogPluginManager: Mounting plugin TcpMessaging
LogPluginManager: Mounting plugin UdpMessaging
LogPluginManager: Mounting plugin ActorSequence
LogPluginManager: Mounting plugin LevelSequenceEditor
LogPluginManager: Mounting plugin MatineeToLevelSequence
LogPluginManager: Mounting plugin NetcodeUnitTest
LogPluginManager: Mounting plugin NUTUnrealEngine4
LogPluginManager: Mounting plugin OnlineSubsystemGooglePlay
LogPluginManager: Mounting plugin OnlineSubsystemIOS
LogPluginManager: Mounting plugin OnlineSubsystem
LogPluginManager: Mounting plugin OnlineSubsystemNull
LogPluginManager: Mounting plugin OnlineSubsystemUtils
LogPluginManager: Mounting plugin LauncherChunkInstaller
LogPluginManager: Mounting plugin AndroidDeviceProfileSelector
LogPluginManager: Mounting plugin AndroidMoviePlayer
LogPluginManager: Mounting plugin AndroidPermission
LogPluginManager: Mounting plugin AppleImageUtils
LogPluginManager: Mounting plugin AppleMoviePlayer
LogPluginManager: Mounting plugin EditableMesh
LogPluginManager: Mounting plugin ExampleDeviceProfileSelector
LogPluginManager: Mounting plugin GameplayAbilities
LogPluginManager: Mounting plugin GoogleCloudMessaging
LogPluginManager: Mounting plugin IOSDeviceProfileSelector
LogPluginManager: Mounting plugin LinuxDeviceProfileSelector
LogPluginManager: Mounting plugin MobilePatchingUtils
LogPluginManager: Mounting plugin SignificanceManager
LogPluginManager: Mounting plugin WebMMoviePlayer
LogPluginManager: Mounting plugin SlateRemote
LogPluginManager: Mounting plugin ScreenshotTools
LogInit: Using libcurl 7.55.1-DEV
LogInit:  - built for x86_64-pc-win32
LogInit:  - supports SSL with OpenSSL/1.1.1
LogInit:  - supports HTTP deflate (compression) using libz 1.2.8
LogInit:  - other features:
LogInit:      CURL_VERSION_SSL
LogInit:      CURL_VERSION_LIBZ
LogInit:      CURL_VERSION_IPV6
LogInit:      CURL_VERSION_ASYNCHDNS
LogInit:      CURL_VERSION_LARGEFILE
LogInit:      CURL_VERSION_IDN
LogInit:  CurlRequestOptions (configurable via config and command line):
LogInit:  - bVerifyPeer = true  - Libcurl will verify peer certificate
LogInit:  - bUseHttpProxy = false  - Libcurl will NOT use HTTP proxy
LogInit:  - bDontReuseConnections = false  - Libcurl will reuse connections
LogInit:  - MaxHostConnections = 16  - Libcurl will limit the number of connections to a host
LogInit:  - LocalHostAddr = Default
LogInit:  - BufferSize = 65536
LogOnline: OSS: Creating online subsystem instance for: NULL
LogInit: WinSock: version 1.1 (2.2), MaxSocks=32767, MaxUdp=65467
LogInit: Build: ++UE4+Release-4.23-CL-9631420
LogInit: Engine Version: 4.23.1-9631420+++UE4+Release-4.23
LogInit: Compatible Engine Version: 4.23.0-8386587+++UE4+Release-4.23
LogInit: Net CL: 8386587
LogInit: OS: Windows 10 (Release 1909) (), CPU: Intel(R) Core(TM) i7-9750H CPU @ 2.60GHz, GPU: Intel(R) UHD Graphics 630
LogInit: Compiled (64-bit): Oct 18 2019 02:07:44
LogInit: Compiled with Visual C++: 19.16.27030.01
LogInit: Build Configuration: Development
LogInit: Branch Name: ++UE4+Release-4.23
LogInit: Command Line: 
LogInit: Base Directory: C:/Program Files/Epic Games/UE_4.23/Engine/Binaries/Win64/
LogInit: Installed Engine Build: 1
LogDevObjectVersion: Number of dev versions registered: 23
LogDevObjectVersion:   Dev-Blueprints (B0D832E4-1F89-4F0D-ACCF-7EB736FD4AA2): 10
LogDevObjectVersion:   Dev-Build (E1C64328-A22C-4D53-A36C-8E866417BD8C): 0
LogDevObjectVersion:   Dev-Core (375EC13C-06E4-48FB-B500-84F0262A717E): 3
LogDevObjectVersion:   Dev-Editor (E4B068ED-F494-42E9-A231-DA0B2E46BB41): 34
LogDevObjectVersion:   Dev-Framework (CFFC743F-43B0-4480-9391-14DF171D2073): 35
LogDevObjectVersion:   Dev-Mobile (B02B49B5-BB20-44E9-A304-32B752E40360): 2
LogDevObjectVersion:   Dev-Networking (A4E4105C-59A1-49B5-A7C5-40C4547EDFEE): 0
LogDevObjectVersion:   Dev-Online (39C831C9-5AE6-47DC-9A44-9C173E1C8E7C): 0
LogDevObjectVersion:   Dev-Physics (78F01B33-EBEA-4F98-B9B4-84EACCB95AA2): 0
LogDevObjectVersion:   Dev-Platform (6631380F-2D4D-43E0-8009-CF276956A95A): 0
LogDevObjectVersion:   Dev-Rendering (12F88B9F-8875-4AFC-A67C-D90C383ABD29): 31
LogDevObjectVersion:   Dev-Sequencer (7B5AE74C-D270-4C10-A958-57980B212A5A): 11
LogDevObjectVersion:   Dev-VR (D7296918-1DD6-4BDD-9DE2-64A83CC13884): 2
LogDevObjectVersion:   Dev-LoadTimes (C2A15278-BFE7-4AFE-6C17-90FF531DF755): 1
LogDevObjectVersion:   Private-Geometry (6EACA3D4-40EC-4CC1-B786-8BED09428FC5): 3
LogDevObjectVersion:   Dev-AnimPhys (29E575DD-E0A3-4627-9D10-D276232CDCEA): 17
LogDevObjectVersion:   Dev-Anim (AF43A65D-7FD3-4947-9873-3E8ED9C1BB05): 2
LogDevObjectVersion:   Dev-ReflectionCapture (6B266CEC-1EC7-4B8F-A30B-E4D90942FC07): 1
LogDevObjectVersion:   Dev-Automation (0DF73D61-A23F-47EA-B727-89E90C41499A): 1
LogDevObjectVersion:   FortniteMain (601D1886-AC64-4F84-AA16-D3DE0DEAC7D6): 27
LogDevObjectVersion:   Dev-Enterprise (9DFFBCD6-494F-0158-E221-12823C92A888): 6
LogDevObjectVersion:   Dev-Niagara (F2AED0AC-9AFE-416F-8664-AA7FFA26D6FC): 1
LogDevObjectVersion:   Dev-Destruction (174F1F0B-B4C6-45A5-B13F-2EE8D0FB917D): 9
LogInit: Presizing for max 16777216 objects, including 0 objects not considered by GC, pre-allocating 0 bytes for permanent pool.
LogInit: Object subsystem initialized
LogConfig: Setting CVar [[con.DebugEarlyDefault:1]]
LogConfig: Setting CVar [[r.setres:1280x720]]
[2020.05.01-17.50.10:818][  0]LogConfig: Setting CVar [[r.VSync:0]]
[2020.05.01-17.50.10:818][  0]LogConfig: Setting CVar [[r.RHICmdBypass:0]]
[2020.05.01-17.50.10:818][  0]LogConfig: Applying CVar settings from Section [/Script/Engine.RendererSettings] File [C:/Users/Upper School/Documents/GitHub/game-team-h/ActionRPG/Saved/Config/Windows/Engine.ini]
[2020.05.01-17.50.10:818][  0]LogConfig: Setting CVar [[r.GPUCrashDebugging:0]]
[2020.05.01-17.50.10:818][  0]LogConfig: Setting CVar [[r.Mobile.TonemapperFilm:1]]
[2020.05.01-17.50.10:818][  0]LogConfig: Setting CVar [[r.MobileHDR:1]]
[2020.05.01-17.50.10:818][  0]LogConfig: Setting CVar [[r.AllowOcclusionQueries:1]]
[2020.05.01-17.50.10:818][  0]LogConfig: Setting CVar [[r.MinScreenRadiusForLights:0.030000]]
[2020.05.01-17.50.10:818][  0]LogConfig: Setting CVar [[r.MinScreenRadiusForDepthPrepass:0.030000]]
[2020.05.01-17.50.10:818][  0]LogConfig: Setting CVar [[r.PrecomputedVisibilityWarning:0]]
[2020.05.01-17.50.10:818][  0]LogConfig: Setting CVar [[r.TextureStreaming:1]]
[2020.05.01-17.50.10:818][  0]LogConfig: Setting CVar [[Compat.UseDXT5NormalMaps:0]]
[2020.05.01-17.50.10:818][  0]LogConfig: Setting CVar [[r.AllowStaticLighting:1]]
[2020.05.01-17.50.10:818][  0]LogConfig: Setting CVar [[r.NormalMapsForStaticLighting:0]]
[2020.05.01-17.50.10:818][  0]LogConfig: Setting CVar [[r.GenerateMeshDistanceFields:0]]
[2020.05.01-17.50.10:818][  0]LogConfig: Setting CVar [[r.TessellationAdaptivePixelsPerTriangle:48.000000]]
[2020.05.01-17.50.10:818][  0]LogConfig: Setting CVar [[r.SeparateTranslucency:0]]
[2020.05.01-17.50.10:818][  0]LogConfig: Setting CVar [[r.TranslucentSortPolicy:0]]
[2020.05.01-17.50.10:819][  0]LogConfig: Setting CVar [[r.CustomDepth:1]]
[2020.05.01-17.50.10:819][  0]LogConfig: Setting CVar [[r.DefaultFeature.Bloom:1]]
[2020.05.01-17.50.10:819][  0]LogConfig: Setting CVar [[r.DefaultFeature.AmbientOcclusion:0]]
[2020.05.01-17.50.10:819][  0]LogConfig: Setting CVar [[r.DefaultFeature.AmbientOcclusionStaticFraction:1]]
[2020.05.01-17.50.10:819][  0]LogConfig: Setting CVar [[r.DefaultFeature.AutoExposure:0]]
[2020.05.01-17.50.10:819][  0]LogConfig: Setting CVar [[r.DefaultFeature.MotionBlur:0]]
[2020.05.01-17.50.10:819][  0]LogConfig: Setting CVar [[r.DefaultFeature.LensFlare:0]]
[2020.05.01-17.50.10:819][  0]LogConfig: Setting CVar [[r.DefaultFeature.AntiAliasing:3]]
[2020.05.01-17.50.10:819][  0]LogConfig: Setting CVar [[r.EarlyZPass:3]]
[2020.05.01-17.50.10:819][  0]LogConfig: Setting CVar [[r.DBuffer:0]]
[2020.05.01-17.50.10:819][  0]LogConfig: Setting CVar [[r.ClearSceneMethod:1]]
[2020.05.01-17.50.10:819][  0]LogConfig: Setting CVar [[r.WireframeCullThreshold:5.000000]]
[2020.05.01-17.50.10:819][  0]LogConfig: Setting CVar [[r.MobileMSAA:2]]
[2020.05.01-17.50.10:819][  0]LogConfig: Setting CVar [[r.ReflectionCaptureResolution:64]]
[2020.05.01-17.50.10:819][  0]LogConfig: Setting CVar [[r.Mobile.DisableVertexFog:0]]
[2020.05.01-17.50.10:819][  0]LogConfig: Setting CVar [[r.ReflectionEnvironmentLightmapMixBasedOnRoughness:0]]
[2020.05.01-17.50.10:819][  0]LogConfig: Setting CVar [[r.Mobile.UseLegacyShadingModel:0]]
[2020.05.01-17.50.10:819][  0]LogConfig: Setting CVar [[r.ShaderPipelineCache.Enabled:1]]
[2020.05.01-17.50.10:819][  0]LogConfig: Setting CVar [[r.AllowVolumeTextureAssetCreation:1]]
[2020.05.01-17.50.10:819][  0]LogConfig: Setting CVar [[r.Mobile.AllowDitheredLODTransition:1]]
[2020.05.01-17.50.10:819][  0]LogConfig: Applying CVar settings from Section [/Script/Engine.RendererOverrideSettings] File [C:/Users/Upper School/Documents/GitHub/game-team-h/ActionRPG/Saved/Config/Windows/Engine.ini]
[2020.05.01-17.50.10:819][  0]LogConfig: Applying CVar settings from Section [/Script/Engine.StreamingSettings] File [C:/Users/Upper School/Documents/GitHub/game-team-h/ActionRPG/Saved/Config/Windows/Engine.ini]
[2020.05.01-17.50.10:819][  0]LogConfig: Setting CVar [[s.MinBulkDataSizeForAsyncLoading:131072]]
[2020.05.01-17.50.10:819][  0]LogConfig: Setting CVar [[s.AsyncLoadingThreadEnabled:0]]
[2020.05.01-17.50.10:819][  0]LogConfig: Setting CVar [[s.EventDrivenLoaderEnabled:1]]
[2020.05.01-17.50.10:819][  0]LogConfig: Setting CVar [[s.WarnIfTimeLimitExceeded:0]]
[2020.05.01-17.50.10:819][  0]LogConfig: Setting CVar [[s.TimeLimitExceededMultiplier:1.5]]
[2020.05.01-17.50.10:819][  0]LogConfig: Setting CVar [[s.TimeLimitExceededMinTime:0.005]]
[2020.05.01-17.50.10:819][  0]LogConfig: Setting CVar [[s.UseBackgroundLevelStreaming:1]]
[2020.05.01-17.50.10:819][  0]LogConfig: Setting CVar [[s.PriorityAsyncLoadingExtraTime:15.0]]
[2020.05.01-17.50.10:819][  0]LogConfig: Setting CVar [[s.LevelStreamingActorsUpdateTimeLimit:5.0]]
[2020.05.01-17.50.10:819][  0]LogConfig: Setting CVar [[s.PriorityLevelStreamingActorsUpdateExtraTime:5.0]]
[2020.05.01-17.50.10:819][  0]LogConfig: Setting CVar [[s.LevelStreamingComponentsRegistrationGranularity:10]]
[2020.05.01-17.50.10:819][  0]LogConfig: Setting CVar [[s.UnregisterComponentsTimeLimit:1.0]]
[2020.05.01-17.50.10:819][  0]LogConfig: Setting CVar [[s.LevelStreamingComponentsUnregistrationGranularity:5]]
[2020.05.01-17.50.10:819][  0]LogConfig: Applying CVar settings from Section [/Script/Engine.GarbageCollectionSettings] File [C:/Users/Upper School/Documents/GitHub/game-team-h/ActionRPG/Saved/Config/Windows/Engine.ini]
[2020.05.01-17.50.10:819][  0]LogConfig: Setting CVar [[gc.MaxObjectsNotConsideredByGC:1]]
[2020.05.01-17.50.10:819][  0]LogConfig: Setting CVar [[gc.SizeOfPermanentObjectPool:0]]
[2020.05.01-17.50.10:819][  0]LogConfig: Setting CVar [[gc.FlushStreamingOnGC:0]]
[2020.05.01-17.50.10:819][  0]LogConfig: Setting CVar [[gc.NumRetriesBeforeForcingGC:10]]
[2020.05.01-17.50.10:819][  0]LogConfig: Setting CVar [[gc.AllowParallelGC:1]]
[2020.05.01-17.50.10:819][  0]LogConfig: Setting CVar [[gc.TimeBetweenPurgingPendingKillObjects:61.1]]
[2020.05.01-17.50.10:819][  0]LogConfig: Setting CVar [[gc.MaxObjectsInEditor:16777216]]
[2020.05.01-17.50.10:819][  0]LogConfig: Setting CVar [[gc.IncrementalBeginDestroyEnabled:1]]
[2020.05.01-17.50.10:819][  0]LogConfig: Setting CVar [[gc.CreateGCClusters:1]]
[2020.05.01-17.50.10:819][  0]LogConfig: Setting CVar [[gc.MinGCClusterSize:5]]
[2020.05.01-17.50.10:819][  0]LogConfig: Setting CVar [[gc.ActorClusteringEnabled:0]]
[2020.05.01-17.50.10:819][  0]LogConfig: Setting CVar [[gc.BlueprintClusteringEnabled:0]]
[2020.05.01-17.50.10:819][  0]LogConfig: Setting CVar [[gc.UseDisregardForGCOnDedicatedServers:0]]
[2020.05.01-17.50.10:819][  0]LogConfig: Applying CVar settings from Section [/Script/Engine.NetworkSettings] File [C:/Users/Upper School/Documents/GitHub/game-team-h/ActionRPG/Saved/Config/Windows/Engine.ini]
[2020.05.01-17.50.10:819][  0]LogConfig: Applying CVar settings from Section [/Script/UnrealEd.CookerSettings] File [C:/Users/Upper School/Documents/GitHub/game-team-h/ActionRPG/Saved/Config/Windows/Engine.ini]
[2020.05.01-17.50.10:823][  0]LogConfig: Applying CVar settings from Section [ViewDistanceQuality@3] File [C:/Users/Upper School/Documents/GitHub/game-team-h/ActionRPG/Saved/Config/Windows/Scalability.ini]
[2020.05.01-17.50.10:823][  0]LogConfig: Setting CVar [[r.SkeletalMeshLODBias:0]]
[2020.05.01-17.50.10:823][  0]LogConfig: Setting CVar [[r.ViewDistanceScale:1.0]]
[2020.05.01-17.50.10:823][  0]LogConfig: Applying CVar settings from Section [AntiAliasingQuality@3] File [C:/Users/Upper School/Documents/GitHub/game-team-h/ActionRPG/Saved/Config/Windows/Scalability.ini]
[2020.05.01-17.50.10:823][  0]LogConfig: Setting CVar [[r.PostProcessAAQuality:4]]
[2020.05.01-17.50.10:823][  0]LogConfig: Applying CVar settings from Section [ShadowQuality@3] File [C:/Users/Upper School/Documents/GitHub/game-team-h/ActionRPG/Saved/Config/Windows/Scalability.ini]
[2020.05.01-17.50.10:823][  0]LogConfig: Setting CVar [[r.LightFunctionQuality:1]]
[2020.05.01-17.50.10:823][  0]LogConfig: Setting CVar [[r.ShadowQuality:5]]
[2020.05.01-17.50.10:823][  0]LogConfig: Setting CVar [[r.Shadow.CSM.MaxCascades:10]]
[2020.05.01-17.50.10:823][  0]LogConfig: Setting CVar [[r.Shadow.MaxResolution:2048]]
[2020.05.01-17.50.10:823][  0]LogConfig: Setting CVar [[r.Shadow.MaxCSMResolution:2048]]
[2020.05.01-17.50.10:823][  0]LogConfig: Setting CVar [[r.Shadow.RadiusThreshold:0.01]]
[2020.05.01-17.50.10:823][  0]LogConfig: Setting CVar [[r.Shadow.DistanceScale:1.0]]
[2020.05.01-17.50.10:823][  0]LogConfig: Setting CVar [[r.Shadow.CSM.TransitionScale:1.0]]
[2020.05.01-17.50.10:823][  0]LogConfig: Setting CVar [[r.Shadow.PreShadowResolutionFactor:1.0]]
[2020.05.01-17.50.10:823][  0]LogConfig: Setting CVar [[r.DistanceFieldShadowing:1]]
[2020.05.01-17.50.10:823][  0]LogConfig: Setting CVar [[r.DistanceFieldAO:1]]
[2020.05.01-17.50.10:823][  0]LogConfig: Setting CVar [[r.AOQuality:2]]
[2020.05.01-17.50.10:823][  0]LogConfig: Setting CVar [[r.VolumetricFog:1]]
[2020.05.01-17.50.10:823][  0]LogConfig: Setting CVar [[r.VolumetricFog.GridPixelSize:8]]
[2020.05.01-17.50.10:823][  0]LogConfig: Setting CVar [[r.VolumetricFog.GridSizeZ:128]]
[2020.05.01-17.50.10:823][  0]LogConfig: Setting CVar [[r.VolumetricFog.HistoryMissSupersampleCount:4]]
[2020.05.01-17.50.10:823][  0]LogConfig: Setting CVar [[r.LightMaxDrawDistanceScale:1]]
[2020.05.01-17.50.10:823][  0]LogConfig: Setting CVar [[r.CapsuleShadows:1]]
[2020.05.01-17.50.10:824][  0]LogConfig: Applying CVar settings from Section [PostProcessQuality@3] File [C:/Users/Upper School/Documents/GitHub/game-team-h/ActionRPG/Saved/Config/Windows/Scalability.ini]
[2020.05.01-17.50.10:824][  0]LogConfig: Setting CVar [[r.MotionBlurQuality:4]]
[2020.05.01-17.50.10:824][  0]LogConfig: Setting CVar [[r.AmbientOcclusionMipLevelFactor:0.4]]
[2020.05.01-17.50.10:824][  0]LogConfig: Setting CVar [[r.AmbientOcclusionMaxQuality:100]]
[2020.05.01-17.50.10:824][  0]LogConfig: Setting CVar [[r.AmbientOcclusionLevels:-1]]
[2020.05.01-17.50.10:824][  0]LogConfig: Setting CVar [[r.AmbientOcclusionRadiusScale:1.0]]
[2020.05.01-17.50.10:824][  0]LogConfig: Setting CVar [[r.DepthOfFieldQuality:2]]
[2020.05.01-17.50.10:824][  0]LogConfig: Setting CVar [[r.RenderTargetPoolMin:400]]
[2020.05.01-17.50.10:824][  0]LogConfig: Setting CVar [[r.LensFlareQuality:2]]
[2020.05.01-17.50.10:824][  0]LogConfig: Setting CVar [[r.SceneColorFringeQuality:1]]
[2020.05.01-17.50.10:824][  0]LogConfig: Setting CVar [[r.EyeAdaptationQuality:2]]
[2020.05.01-17.50.10:824][  0]LogConfig: Setting CVar [[r.BloomQuality:5]]
[2020.05.01-17.50.10:824][  0]LogConfig: Setting CVar [[r.FastBlurThreshold:100]]
[2020.05.01-17.50.10:824][  0]LogConfig: Setting CVar [[r.Upscale.Quality:3]]
[2020.05.01-17.50.10:824][  0]LogConfig: Setting CVar [[r.Tonemapper.GrainQuantization:1]]
[2020.05.01-17.50.10:824][  0]LogConfig: Setting CVar [[r.LightShaftQuality:1]]
[2020.05.01-17.50.10:824][  0]LogConfig: Setting CVar [[r.Filter.SizeScale:1]]
[2020.05.01-17.50.10:824][  0]LogConfig: Setting CVar [[r.Tonemapper.Quality:5]]
[2020.05.01-17.50.10:824][  0]LogConfig: Setting CVar [[r.DOF.Gather.AccumulatorQuality:1        ; higher gathering accumulator quality]]
[2020.05.01-17.50.10:824][  0]LogConfig: Setting CVar [[r.DOF.Gather.PostfilterMethod:1          ; Median3x3 postfilering method]]
[2020.05.01-17.50.10:824][  0]LogConfig: Setting CVar [[r.DOF.Gather.EnableBokehSettings:0       ; no bokeh simulation when gathering]]
[2020.05.01-17.50.10:824][  0]LogConfig: Setting CVar [[r.DOF.Gather.RingCount:4                 ; medium number of samples when gathering]]
[2020.05.01-17.50.10:824][  0]LogConfig: Setting CVar [[r.DOF.Scatter.ForegroundCompositing:1    ; additive foreground scattering]]
[2020.05.01-17.50.10:824][  0]LogConfig: Setting CVar [[r.DOF.Scatter.BackgroundCompositing:2    ; additive background scattering]]
[2020.05.01-17.50.10:824][  0]LogConfig: Setting CVar [[r.DOF.Scatter.EnableBokehSettings:1      ; bokeh simulation when scattering]]
[2020.05.01-17.50.10:824][  0]LogConfig: Setting CVar [[r.DOF.Scatter.MaxSpriteRatio:0.1         ; only a maximum of 10% of scattered bokeh]]
[2020.05.01-17.50.10:824][  0]LogConfig: Setting CVar [[r.DOF.Recombine.Quality:1                ; cheap slight out of focus]]
[2020.05.01-17.50.10:824][  0]LogConfig: Setting CVar [[r.DOF.Recombine.EnableBokehSettings:0    ; no bokeh simulation on slight out of focus]]
[2020.05.01-17.50.10:824][  0]LogConfig: Setting CVar [[r.DOF.TemporalAAQuality:1                ; more stable temporal accumulation]]
[2020.05.01-17.50.10:824][  0]LogConfig: Setting CVar [[r.DOF.Kernel.MaxForegroundRadius:0.025]]
[2020.05.01-17.50.10:824][  0]LogConfig: Setting CVar [[r.DOF.Kernel.MaxBackgroundRadius:0.025]]
[2020.05.01-17.50.10:824][  0]LogConfig: Applying CVar settings from Section [TextureQuality@3] File [C:/Users/Upper School/Documents/GitHub/game-team-h/ActionRPG/Saved/Config/Windows/Scalability.ini]
[2020.05.01-17.50.10:824][  0]LogConfig: Setting CVar [[r.Streaming.MipBias:0]]
[2020.05.01-17.50.10:824][  0]LogConfig: Setting CVar [[r.Streaming.AmortizeCPUToGPUCopy:0]]
[2020.05.01-17.50.10:824][  0]LogConfig: Setting CVar [[r.Streaming.MaxNumTexturesToStreamPerFrame:0]]
[2020.05.01-17.50.10:824][  0]LogConfig: Setting CVar [[r.Streaming.Boost:1]]
[2020.05.01-17.50.10:824][  0]LogConfig: Setting CVar [[r.MaxAnisotropy:8]]
[2020.05.01-17.50.10:824][  0]LogConfig: Setting CVar [[r.Streaming.LimitPoolSizeToVRAM:0]]
[2020.05.01-17.50.10:824][  0]LogConfig: Setting CVar [[r.Streaming.PoolSize:1000]]
[2020.05.01-17.50.10:824][  0]LogConfig: Setting CVar [[r.Streaming.MaxEffectiveScreenSize:0]]
[2020.05.01-17.50.10:824][  0]LogConfig: Applying CVar settings from Section [EffectsQuality@3] File [C:/Users/Upper School/Documents/GitHub/game-team-h/ActionRPG/Saved/Config/Windows/Scalability.ini]
[2020.05.01-17.50.10:824][  0]LogConfig: Setting CVar [[r.TranslucencyLightingVolumeDim:64]]
[2020.05.01-17.50.10:824][  0]LogConfig: Setting CVar [[r.RefractionQuality:2]]
[2020.05.01-17.50.10:824][  0]LogConfig: Setting CVar [[r.SSR.Quality:3]]
[2020.05.01-17.50.10:824][  0]LogConfig: Setting CVar [[r.SceneColorFormat:4]]
[2020.05.01-17.50.10:824][  0]LogConfig: Setting CVar [[r.DetailMode:2]]
[2020.05.01-17.50.10:824][  0]LogConfig: Setting CVar [[r.TranslucencyVolumeBlur:1]]
[2020.05.01-17.50.10:824][  0]LogConfig: Setting CVar [[r.MaterialQualityLevel:1 ; High quality]]
[2020.05.01-17.50.10:824][  0]LogConfig: Setting CVar [[r.SSS.Scale:1]]
[2020.05.01-17.50.10:824][  0]LogConfig: Setting CVar [[r.SSS.SampleSet:2]]
[2020.05.01-17.50.10:824][  0]LogConfig: Setting CVar [[r.SSS.Quality:1]]
[2020.05.01-17.50.10:824][  0]LogConfig: Setting CVar [[r.SSS.HalfRes:1]]
[2020.05.01-17.50.10:824][  0]LogConfig: Setting CVar [[r.EmitterSpawnRateScale:1.0]]
[2020.05.01-17.50.10:824][  0]LogConfig: Setting CVar [[r.ParticleLightQuality:2]]
[2020.05.01-17.50.10:824][  0]LogConfig: Applying CVar settings from Section [FoliageQuality@3] File [C:/Users/Upper School/Documents/GitHub/game-team-h/ActionRPG/Saved/Config/Windows/Scalability.ini]
[2020.05.01-17.50.10:824][  0]LogConfig: Setting CVar [[foliage.DensityScale:1.0]]
[2020.05.01-17.50.10:824][  0]LogConfig: Setting CVar [[grass.DensityScale:1.0]]
[2020.05.01-17.50.10:824][  0]LogInit: Selected Device Profile: [Windows]
[2020.05.01-17.50.10:824][  0]LogInit: Applying CVar settings loaded from the selected device profile: [Windows]
[2020.05.01-17.50.10:862][  0]LogHAL: Display: Platform has ~ 16 GB [17017790464 / 17179869184 / 16], which maps to Larger [LargestMinGB=32, LargerMinGB=12, DefaultMinGB=8, SmallerMinGB=6, SmallestMinGB=0)
[2020.05.01-17.50.10:862][  0]LogInit: Going up to parent DeviceProfile []
[2020.05.01-17.50.10:862][  0]LogConfig: Applying CVar settings from Section [ViewDistanceQuality@3] File [C:/Users/Upper School/Documents/GitHub/game-team-h/ActionRPG/Saved/Config/Windows/Scalability.ini]
[2020.05.01-17.50.10:862][  0]LogConfig: Setting CVar [[r.SkeletalMeshLODBias:0]]
[2020.05.01-17.50.10:862][  0]LogConfig: Setting CVar [[r.ViewDistanceScale:1.0]]
[2020.05.01-17.50.10:862][  0]LogConfig: Applying CVar settings from Section [AntiAliasingQuality@3] File [C:/Users/Upper School/Documents/GitHub/game-team-h/ActionRPG/Saved/Config/Windows/Scalability.ini]
[2020.05.01-17.50.10:862][  0]LogConfig: Setting CVar [[r.PostProcessAAQuality:4]]
[2020.05.01-17.50.10:862][  0]LogConfig: Applying CVar settings from Section [ShadowQuality@3] File [C:/Users/Upper School/Documents/GitHub/game-team-h/ActionRPG/Saved/Config/Windows/Scalability.ini]
[2020.05.01-17.50.10:862][  0]LogConfig: Setting CVar [[r.LightFunctionQuality:1]]
[2020.05.01-17.50.10:862][  0]LogConfig: Setting CVar [[r.ShadowQuality:5]]
[2020.05.01-17.50.10:862][  0]LogConfig: Setting CVar [[r.Shadow.CSM.MaxCascades:10]]
[2020.05.01-17.50.10:862][  0]LogConfig: Setting CVar [[r.Shadow.MaxResolution:2048]]
[2020.05.01-17.50.10:862][  0]LogConfig: Setting CVar [[r.Shadow.MaxCSMResolution:2048]]
[2020.05.01-17.50.10:862][  0]LogConfig: Setting CVar [[r.Shadow.RadiusThreshold:0.01]]
[2020.05.01-17.50.10:862][  0]LogConfig: Setting CVar [[r.Shadow.DistanceScale:1.0]]
[2020.05.01-17.50.10:862][  0]LogConfig: Setting CVar [[r.Shadow.CSM.TransitionScale:1.0]]
[2020.05.01-17.50.10:862][  0]LogConfig: Setting CVar [[r.Shadow.PreShadowResolutionFactor:1.0]]
[2020.05.01-17.50.10:862][  0]LogConfig: Setting CVar [[r.DistanceFieldShadowing:1]]
[2020.05.01-17.50.10:862][  0]LogConfig: Setting CVar [[r.DistanceFieldAO:1]]
[2020.05.01-17.50.10:862][  0]LogConfig: Setting CVar [[r.AOQuality:2]]
[2020.05.01-17.50.10:862][  0]LogConfig: Setting CVar [[r.VolumetricFog:1]]
[2020.05.01-17.50.10:862][  0]LogConfig: Setting CVar [[r.VolumetricFog.GridPixelSize:8]]
[2020.05.01-17.50.10:862][  0]LogConfig: Setting CVar [[r.VolumetricFog.GridSizeZ:128]]
[2020.05.01-17.50.10:862][  0]LogConfig: Setting CVar [[r.VolumetricFog.HistoryMissSupersampleCount:4]]
[2020.05.01-17.50.10:862][  0]LogConfig: Setting CVar [[r.LightMaxDrawDistanceScale:1]]
[2020.05.01-17.50.10:862][  0]LogConfig: Setting CVar [[r.CapsuleShadows:1]]
[2020.05.01-17.50.10:862][  0]LogConfig: Applying CVar settings from Section [PostProcessQuality@3] File [C:/Users/Upper School/Documents/GitHub/game-team-h/ActionRPG/Saved/Config/Windows/Scalability.ini]
[2020.05.01-17.50.10:862][  0]LogConfig: Setting CVar [[r.MotionBlurQuality:4]]
[2020.05.01-17.50.10:862][  0]LogConfig: Setting CVar [[r.AmbientOcclusionMipLevelFactor:0.4]]
[2020.05.01-17.50.10:862][  0]LogConfig: Setting CVar [[r.AmbientOcclusionMaxQuality:100]]
[2020.05.01-17.50.10:862][  0]LogConfig: Setting CVar [[r.AmbientOcclusionLevels:-1]]
[2020.05.01-17.50.10:862][  0]LogConfig: Setting CVar [[r.AmbientOcclusionRadiusScale:1.0]]
[2020.05.01-17.50.10:862][  0]LogConfig: Setting CVar [[r.DepthOfFieldQuality:2]]
[2020.05.01-17.50.10:862][  0]LogConfig: Setting CVar [[r.RenderTargetPoolMin:400]]
[2020.05.01-17.50.10:862][  0]LogConfig: Setting CVar [[r.LensFlareQuality:2]]
[2020.05.01-17.50.10:862][  0]LogConfig: Setting CVar [[r.SceneColorFringeQuality:1]]
[2020.05.01-17.50.10:862][  0]LogConfig: Setting CVar [[r.EyeAdaptationQuality:2]]
[2020.05.01-17.50.10:862][  0]LogConfig: Setting CVar [[r.BloomQuality:5]]
[2020.05.01-17.50.10:862][  0]LogConfig: Setting CVar [[r.FastBlurThreshold:100]]
[2020.05.01-17.50.10:862][  0]LogConfig: Setting CVar [[r.Upscale.Quality:3]]
[2020.05.01-17.50.10:862][  0]LogConfig: Setting CVar [[r.Tonemapper.GrainQuantization:1]]
[2020.05.01-17.50.10:862][  0]LogConfig: Setting CVar [[r.LightShaftQuality:1]]
[2020.05.01-17.50.10:862][  0]LogConfig: Setting CVar [[r.Filter.SizeScale:1]]
[2020.05.01-17.50.10:862][  0]LogConfig: Setting CVar [[r.Tonemapper.Quality:5]]
[2020.05.01-17.50.10:862][  0]LogConfig: Setting CVar [[r.DOF.Gather.AccumulatorQuality:1        ; higher gathering accumulator quality]]
[2020.05.01-17.50.10:862][  0]LogConfig: Setting CVar [[r.DOF.Gather.PostfilterMethod:1          ; Median3x3 postfilering method]]
[2020.05.01-17.50.10:862][  0]LogConfig: Setting CVar [[r.DOF.Gather.EnableBokehSettings:0       ; no bokeh simulation when gathering]]
[2020.05.01-17.50.10:862][  0]LogConfig: Setting CVar [[r.DOF.Gather.RingCount:4                 ; medium number of samples when gathering]]
[2020.05.01-17.50.10:862][  0]LogConfig: Setting CVar [[r.DOF.Scatter.ForegroundCompositing:1    ; additive foreground scattering]]
[2020.05.01-17.50.10:862][  0]LogConfig: Setting CVar [[r.DOF.Scatter.BackgroundCompositing:2    ; additive background scattering]]
[2020.05.01-17.50.10:862][  0]LogConfig: Setting CVar [[r.DOF.Scatter.EnableBokehSettings:1      ; bokeh simulation when scattering]]
[2020.05.01-17.50.10:862][  0]LogConfig: Setting CVar [[r.DOF.Scatter.MaxSpriteRatio:0.1         ; only a maximum of 10% of scattered bokeh]]
[2020.05.01-17.50.10:862][  0]LogConfig: Setting CVar [[r.DOF.Recombine.Quality:1                ; cheap slight out of focus]]
[2020.05.01-17.50.10:862][  0]LogConfig: Setting CVar [[r.DOF.Recombine.EnableBokehSettings:0    ; no bokeh simulation on slight out of focus]]
[2020.05.01-17.50.10:862][  0]LogConfig: Setting CVar [[r.DOF.TemporalAAQuality:1                ; more stable temporal accumulation]]
[2020.05.01-17.50.10:862][  0]LogConfig: Setting CVar [[r.DOF.Kernel.MaxForegroundRadius:0.025]]
[2020.05.01-17.50.10:862][  0]LogConfig: Setting CVar [[r.DOF.Kernel.MaxBackgroundRadius:0.025]]
[2020.05.01-17.50.10:862][  0]LogConfig: Applying CVar settings from Section [TextureQuality@3] File [C:/Users/Upper School/Documents/GitHub/game-team-h/ActionRPG/Saved/Config/Windows/Scalability.ini]
[2020.05.01-17.50.10:862][  0]LogConfig: Setting CVar [[r.Streaming.MipBias:0]]
[2020.05.01-17.50.10:862][  0]LogConfig: Setting CVar [[r.Streaming.AmortizeCPUToGPUCopy:0]]
[2020.05.01-17.50.10:863][  0]LogConfig: Setting CVar [[r.Streaming.MaxNumTexturesToStreamPerFrame:0]]
[2020.05.01-17.50.10:863][  0]LogConfig: Setting CVar [[r.Streaming.Boost:1]]
[2020.05.01-17.50.10:863][  0]LogConfig: Setting CVar [[r.MaxAnisotropy:8]]
[2020.05.01-17.50.10:863][  0]LogConfig: Setting CVar [[r.Streaming.LimitPoolSizeToVRAM:0]]
[2020.05.01-17.50.10:863][  0]LogConfig: Setting CVar [[r.Streaming.PoolSize:1000]]
[2020.05.01-17.50.10:863][  0]LogConfig: Setting CVar [[r.Streaming.MaxEffectiveScreenSize:0]]
[2020.05.01-17.50.10:863][  0]LogConfig: Applying CVar settings from Section [EffectsQuality@3] File [C:/Users/Upper School/Documents/GitHub/game-team-h/ActionRPG/Saved/Config/Windows/Scalability.ini]
[2020.05.01-17.50.10:863][  0]LogConfig: Setting CVar [[r.TranslucencyLightingVolumeDim:64]]
[2020.05.01-17.50.10:863][  0]LogConfig: Setting CVar [[r.RefractionQuality:2]]
[2020.05.01-17.50.10:863][  0]LogConfig: Setting CVar [[r.SSR.Quality:3]]
[2020.05.01-17.50.10:863][  0]LogConfig: Setting CVar [[r.SceneColorFormat:4]]
[2020.05.01-17.50.10:863][  0]LogConfig: Setting CVar [[r.DetailMode:2]]
[2020.05.01-17.50.10:863][  0]LogConfig: Setting CVar [[r.TranslucencyVolumeBlur:1]]
[2020.05.01-17.50.10:863][  0]LogConfig: Setting CVar [[r.MaterialQualityLevel:1 ; High quality]]
[2020.05.01-17.50.10:863][  0]LogConfig: Setting CVar [[r.SSS.Scale:1]]
[2020.05.01-17.50.10:863][  0]LogConfig: Setting CVar [[r.SSS.SampleSet:2]]
[2020.05.01-17.50.10:863][  0]LogConfig: Setting CVar [[r.SSS.Quality:1]]
[2020.05.01-17.50.10:863][  0]LogConfig: Setting CVar [[r.SSS.HalfRes:1]]
[2020.05.01-17.50.10:863][  0]LogConfig: Setting CVar [[r.EmitterSpawnRateScale:1.0]]
[2020.05.01-17.50.10:863][  0]LogConfig: Setting CVar [[r.ParticleLightQuality:2]]
[2020.05.01-17.50.10:863][  0]LogConfig: Applying CVar settings from Section [FoliageQuality@3] File [C:/Users/Upper School/Documents/GitHub/game-team-h/ActionRPG/Saved/Config/Windows/Scalability.ini]
[2020.05.01-17.50.10:863][  0]LogConfig: Setting CVar [[foliage.DensityScale:1.0]]
[2020.05.01-17.50.10:863][  0]LogConfig: Setting CVar [[grass.DensityScale:1.0]]
[2020.05.01-17.50.10:863][  0]LogConfig: Applying CVar settings from Section [Startup] File [../../../Engine/Config/ConsoleVariables.ini]
[2020.05.01-17.50.10:863][  0]LogConfig: Setting CVar [[net.UseAdaptiveNetUpdateFrequency:0]]
[2020.05.01-17.50.10:863][  0]LogConfig: Setting CVar [[p.chaos.AllowCreatePhysxBodies:1]]
[2020.05.01-17.50.10:863][  0]LogConfig: Applying CVar settings from Section [ConsoleVariables] File [C:/Users/Upper School/Documents/GitHub/game-team-h/ActionRPG/Saved/Config/Windows/Engine.ini]
[2020.05.01-17.50.10:863][  0]LogInit: Computer: MSI
[2020.05.01-17.50.10:863][  0]LogInit: User: UpperSchool
[2020.05.01-17.50.10:863][  0]LogInit: CPU Page size=4096, Cores=6
[2020.05.01-17.50.10:863][  0]LogInit: High frequency timer resolution =10.000000 MHz
[2020.05.01-17.50.10:863][  0]LogMemory: Memory total: Physical=15.8GB (16GB approx)
[2020.05.01-17.50.10:863][  0]LogMemory: Platform Memory Stats for Windows
[2020.05.01-17.50.10:863][  0]LogMemory: Process Physical Memory: 108.39 MB used, 108.40 MB peak
[2020.05.01-17.50.10:863][  0]LogMemory: Process Virtual Memory: 99.20 MB used, 99.20 MB peak
[2020.05.01-17.50.10:863][  0]LogMemory: Physical Memory: 8956.44 MB used,  7272.99 MB free, 16229.43 MB total
[2020.05.01-17.50.10:863][  0]LogMemory: Virtual Memory: 4671.11 MB used,  134213056.00 MB free, 134217728.00 MB total
[2020.05.01-17.50.11:118][  0]LogWindows: WindowsPlatformFeatures enabled
[2020.05.01-17.50.11:144][  0]LogInit: Using OS detected language (en-US).
[2020.05.01-17.50.11:144][  0]LogInit: Using OS detected locale (en-US).
[2020.05.01-17.50.11:144][  0]LogTextLocalizationManager: No specific localization for 'en-US' exists, so the 'en' localization will be used.
[2020.05.01-17.50.11:327][  0]LogInit: Setting process to per monitor DPI aware
[2020.05.01-17.50.11:383][  0]LogSlate: New Slate User Created.  User Index 0, Is Virtual User: 0
[2020.05.01-17.50.11:383][  0]LogSlate: Slate User Registered.  User Index 0, Is Virtual User: 0
[2020.05.01-17.50.11:700][  0]LogD3D11RHI: D3D11 adapters:
[2020.05.01-17.50.11:812][  0]LogD3D11RHI:    0. 'NVIDIA GeForce GTX 1650' (Feature Level 11_0)
[2020.05.01-17.50.11:812][  0]LogD3D11RHI:       3962/0/8114 MB DedicatedVideo/DedicatedSystem/SharedSystem, Outputs:2, VendorId:0x10de
[2020.05.01-17.50.11:834][  0]LogD3D11RHI:    1. 'Intel(R) UHD Graphics 630' (Feature Level 11_0)
[2020.05.01-17.50.11:834][  0]LogD3D11RHI:       128/0/8114 MB DedicatedVideo/DedicatedSystem/SharedSystem, Outputs:0, VendorId:0x8086
[2020.05.01-17.50.11:837][  0]LogD3D11RHI:    2. 'Microsoft Basic Render Driver' (Feature Level 11_0)
[2020.05.01-17.50.11:837][  0]LogD3D11RHI:       0/0/8114 MB DedicatedVideo/DedicatedSystem/SharedSystem, Outputs:0, VendorId:0x1414
[2020.05.01-17.50.11:838][  0]LogD3D11RHI: Chosen D3D11 Adapter: 0
[2020.05.01-17.50.11:885][  0]LogD3D11RHI: Creating new Direct3DDevice
[2020.05.01-17.50.11:885][  0]LogD3D11RHI:     GPU DeviceId: 0x1f91 (for the marketing name, search the web for "GPU Device Id")
[2020.05.01-17.50.11:886][  0]LogWindows: EnumDisplayDevices:
[2020.05.01-17.50.11:886][  0]LogWindows:    0. 'Intel(R) UHD Graphics 630' (P:1 D:1)
[2020.05.01-17.50.11:886][  0]LogWindows:    1. 'Intel(R) UHD Graphics 630' (P:0 D:1)
[2020.05.01-17.50.11:887][  0]LogWindows:    2. 'Intel(R) UHD Graphics 630' (P:0 D:0)
[2020.05.01-17.50.11:887][  0]LogWindows: DebugString: PrimaryIsNotTheChoosenAdapter PrimaryIsNotTheChoosenAdapter PrimaryIsNotTheChoosenAdapter FoundDriverCount:0 
[2020.05.01-17.50.11:887][  0]LogD3D11RHI:     Adapter Name: NVIDIA GeForce GTX 1650
[2020.05.01-17.50.11:887][  0]LogD3D11RHI:   Driver Version: Unknown (internal:Unknown, unified:Unknown)
[2020.05.01-17.50.11:887][  0]LogD3D11RHI:      Driver Date: Unknown
[2020.05.01-17.50.11:887][  0]LogRHI: Texture pool is 2773 MB (70% of 3962 MB)
[2020.05.01-17.50.11:960][  0]LogD3D11RHI: Async texture creation enabled
[2020.05.01-17.50.11:977][  0]LogD3D11RHI: GPU Timing Frequency: 1000.000000 (Debug: 2 2)
[2020.05.01-17.50.12:560][  0]LogTemp: Display: Module 'AllDesktopTargetPlatform' loaded TargetPlatform 'AllDesktop'
[2020.05.01-17.50.12:578][  0]LogTemp: Display: Module 'MacClientTargetPlatform' loaded TargetPlatform 'MacClient'
[2020.05.01-17.50.12:596][  0]LogTemp: Display: Module 'MacNoEditorTargetPlatform' loaded TargetPlatform 'MacNoEditor'
[2020.05.01-17.50.12:613][  0]LogTemp: Display: Module 'MacServerTargetPlatform' loaded TargetPlatform 'MacServer'
[2020.05.01-17.50.12:629][  0]LogTemp: Display: Module 'MacTargetPlatform' loaded TargetPlatform 'Mac'
[2020.05.01-17.50.12:645][  0]LogTemp: Display: Module 'WindowsClientTargetPlatform' loaded TargetPlatform 'WindowsClient'
[2020.05.01-17.50.12:662][  0]LogTemp: Display: Module 'WindowsNoEditorTargetPlatform' loaded TargetPlatform 'WindowsNoEditor'
[2020.05.01-17.50.12:680][  0]LogTemp: Display: Module 'WindowsServerTargetPlatform' loaded TargetPlatform 'WindowsServer'
[2020.05.01-17.50.12:688][  0]LogTemp: Display: Module 'WindowsTargetPlatform' loaded TargetPlatform 'Windows'
[2020.05.01-17.50.12:748][  0]LogTemp: Display: Module 'AndroidTargetPlatform' loaded TargetPlatform 'Android'
[2020.05.01-17.50.12:748][  0]LogTemp: Display: Module 'AndroidTargetPlatform' loaded TargetPlatform 'Android_ASTC'
[2020.05.01-17.50.12:748][  0]LogTemp: Display: Module 'AndroidTargetPlatform' loaded TargetPlatform 'Android_ATC'
[2020.05.01-17.50.12:748][  0]LogTemp: Display: Module 'AndroidTargetPlatform' loaded TargetPlatform 'Android_DXT'
[2020.05.01-17.50.12:748][  0]LogTemp: Display: Module 'AndroidTargetPlatform' loaded TargetPlatform 'Android_ETC1'
[2020.05.01-17.50.12:748][  0]LogTemp: Display: Module 'AndroidTargetPlatform' loaded TargetPlatform 'Android_ETC1a'
[2020.05.01-17.50.12:748][  0]LogTemp: Display: Module 'AndroidTargetPlatform' loaded TargetPlatform 'Android_ETC2'
[2020.05.01-17.50.12:748][  0]LogTemp: Display: Module 'AndroidTargetPlatform' loaded TargetPlatform 'Android_PVRTC'
[2020.05.01-17.50.12:748][  0]LogTemp: Display: Module 'AndroidTargetPlatform' loaded TargetPlatform 'AndroidClient'
[2020.05.01-17.50.12:748][  0]LogTemp: Display: Module 'AndroidTargetPlatform' loaded TargetPlatform 'Android_ASTCClient'
[2020.05.01-17.50.12:748][  0]LogTemp: Display: Module 'AndroidTargetPlatform' loaded TargetPlatform 'Android_ATCClient'
[2020.05.01-17.50.12:749][  0]LogTemp: Display: Module 'AndroidTargetPlatform' loaded TargetPlatform 'Android_DXTClient'
[2020.05.01-17.50.12:749][  0]LogTemp: Display: Module 'AndroidTargetPlatform' loaded TargetPlatform 'Android_ETC1Client'
[2020.05.01-17.50.12:749][  0]LogTemp: Display: Module 'AndroidTargetPlatform' loaded TargetPlatform 'Android_ETC1aClient'
[2020.05.01-17.50.12:749][  0]LogTemp: Display: Module 'AndroidTargetPlatform' loaded TargetPlatform 'Android_ETC2Client'
[2020.05.01-17.50.12:749][  0]LogTemp: Display: Module 'AndroidTargetPlatform' loaded TargetPlatform 'Android_PVRTCClient'
[2020.05.01-17.50.12:749][  0]LogTemp: Display: Module 'AndroidTargetPlatform' loaded TargetPlatform 'Android_Multi'
[2020.05.01-17.50.12:749][  0]LogTemp: Display: Module 'AndroidTargetPlatform' loaded TargetPlatform 'Android_MultiClient'
[2020.05.01-17.50.12:752][  0]LogTemp: Display: Module 'HTML5TargetPlatform' loaded TargetPlatform 'HTML5'
[2020.05.01-17.50.12:789][  0]LogTemp: Display: Module 'IOSTargetPlatform' loaded TargetPlatform 'IOSClient'
[2020.05.01-17.50.12:789][  0]LogTemp: Display: Module 'IOSTargetPlatform' loaded TargetPlatform 'IOS'
[2020.05.01-17.50.12:817][  0]LogTemp: Display: Module 'TVOSTargetPlatform' loaded TargetPlatform 'TVOSClient'
[2020.05.01-17.50.12:817][  0]LogTemp: Display: Module 'TVOSTargetPlatform' loaded TargetPlatform 'TVOS'
[2020.05.01-17.50.12:830][  0]LogTemp: Display: Module 'LinuxClientTargetPlatform' loaded TargetPlatform 'LinuxClient'
[2020.05.01-17.50.12:843][  0]LogTemp: Display: Module 'LinuxNoEditorTargetPlatform' loaded TargetPlatform 'LinuxNoEditor'
[2020.05.01-17.50.12:856][  0]LogTemp: Display: Module 'LinuxServerTargetPlatform' loaded TargetPlatform 'LinuxServer'
[2020.05.01-17.50.12:873][  0]LogTemp: Display: Module 'LinuxTargetPlatform' loaded TargetPlatform 'Linux'
[2020.05.01-17.50.12:921][  0]LogTemp: Display: Module 'LuminTargetPlatform' loaded TargetPlatform 'Lumin'
[2020.05.01-17.50.12:921][  0]LogTemp: Display: Module 'LuminTargetPlatform' loaded TargetPlatform 'LuminClient'
[2020.05.01-17.50.12:921][  0]LogTargetPlatformManager: Display: Building Assets For Windows
[2020.05.01-17.50.12:936][  0]LogAudioDebug: Display: Lib vorbis DLL was dynamically loaded.
[2020.05.01-17.50.13:030][  0]LogShaderCompilers: Guid format shader working directory is -23 characters bigger than the processId version (../../../../../../Users/Upper School/Documents/GitHub/game-team-h/ActionRPG/Intermediate/Shaders/WorkingDirectory/15520/).
[2020.05.01-17.50.13:030][  0]LogShaderCompilers: Cleaned the shader compiler working directory 'C:/Users/Upper School/AppData/Local/Temp/UnrealShaderWorkingDir/17C6C6B04F737AE2DFF6DB93CD64F3A1/'.
[2020.05.01-17.50.13:034][  0]LogXGEController: Cannot use XGE Controller as Incredibuild is not installed on this machine.
[2020.05.01-17.50.13:035][  0]LogShaderCompilers: Cannot use XGE Shader Compiler as Incredibuild is not installed on this machine.
[2020.05.01-17.50.13:035][  0]LogShaderCompilers: Display: Using Local Shader Compiler.
[2020.05.01-17.50.14:117][  0]LogDerivedDataCache: Display: Max Cache Size: 512 MB
[2020.05.01-17.50.14:169][  0]LogDerivedDataCache: Loaded boot cache 0.05s 45MB C:/Users/Upper School/AppData/Local/UnrealEngine/4.23/DerivedDataCache/Boot.ddc.
[2020.05.01-17.50.14:169][  0]LogDerivedDataCache: Display: Loaded Boot cache: C:/Users/Upper School/AppData/Local/UnrealEngine/4.23/DerivedDataCache/Boot.ddc
[2020.05.01-17.50.14:169][  0]LogDerivedDataCache: FDerivedDataBackendGraph:  Pak pak cache file ../../../../../../Users/Upper School/Documents/GitHub/game-team-h/ActionRPG/DerivedDataCache/DDC.ddp not found, will not use a pak cache.
[2020.05.01-17.50.14:169][  0]LogDerivedDataCache: Unable to find inner node Pak for hierarchical cache Hierarchy.
[2020.05.01-17.50.14:169][  0]LogDerivedDataCache: FDerivedDataBackendGraph:  CompressedPak pak cache file ../../../../../../Users/Upper School/Documents/GitHub/game-team-h/ActionRPG/DerivedDataCache/Compressed.ddp not found, will not use a pak cache.
[2020.05.01-17.50.14:169][  0]LogDerivedDataCache: Unable to find inner node CompressedPak for hierarchical cache Hierarchy.
[2020.05.01-17.50.14:186][  0]LogDerivedDataCache: Display: Pak cache opened for reading ../../../Engine/DerivedDataCache/Compressed.ddp.
[2020.05.01-17.50.14:187][  0]LogDerivedDataCache: FDerivedDataBackendGraph:  EnterprisePak pak cache file ../../../Enterprise/DerivedDataCache/Compressed.ddp not found, will not use a pak cache.
[2020.05.01-17.50.14:187][  0]LogDerivedDataCache: Unable to find inner node EnterprisePak for hierarchical cache Hierarchy.
[2020.05.01-17.50.14:189][  0]LogDerivedDataCache: Using Local data cache path C:/Users/Upper School/AppData/Local/UnrealEngine/Common/DerivedDataCache: Writable
[2020.05.01-17.50.14:189][  0]LogDerivedDataCache: Shared data cache path not found in *engine.ini, will not use an Shared cache.
[2020.05.01-17.50.14:189][  0]LogDerivedDataCache: Unable to find inner node Shared for hierarchical cache Hierarchy.
[2020.05.01-17.50.14:232][  0]LogMaterial: Verifying Global Shaders for PCD3D_SM5
[2020.05.01-17.50.14:238][  0]LogSlate: Using FreeType 2.6.0
[2020.05.01-17.50.14:239][  0]LogSlate: SlateFontServices - WITH_FREETYPE: 1, WITH_HARFBUZZ: 1
[2020.05.01-17.50.14:345][  0]LogAssetRegistry: FAssetRegistry took 0.0047 seconds to start up
[2020.05.01-17.50.15:348][  0]LogInit: Selected Device Profile: [Windows]
[2020.05.01-17.50.15:608][  0]LogMeshReduction: Using QuadricMeshReduction for automatic static mesh reduction
[2020.05.01-17.50.15:608][  0]LogMeshReduction: Using SimplygonMeshReduction for automatic skeletal mesh reduction
[2020.05.01-17.50.15:608][  0]LogMeshReduction: Using ProxyLODMeshReduction for automatic mesh merging
[2020.05.01-17.50.15:608][  0]LogMeshReduction: No distributed automatic mesh merging module available
[2020.05.01-17.50.15:608][  0]LogMeshMerging: No distributed automatic mesh merging module available
[2020.05.01-17.50.15:636][  0]LogNetVersion: ActionRPG 1.0.0, NetCL: 8386587, EngineNetVer: 11, GameNetVer: 0 (Checksum: 3902779509)
[2020.05.01-17.50.16:074][  0]LogClass: Warning: In asset 'None', there is an enum property of type 'EDepthOfFieldMethod' with an invalid value of '('
[2020.05.01-17.50.16:637][  0]LogPackageLocalizationCache: Processed 6 localized package path(s) for 1 prioritized culture(s) in 0.062441 seconds
[2020.05.01-17.50.16:652][  0]LogUObjectArray: 42260 objects as part of root set at end of initial load.
[2020.05.01-17.50.16:652][  0]LogUObjectAllocator: 7332072 out of 0 bytes used by permanent object pool.
[2020.05.01-17.50.16:652][  0]LogUObjectArray: CloseDisregardForGC: 0/0 objects in disregard for GC pool
[2020.05.01-17.50.18:338][  0]LogTcpMessaging: Initializing TcpMessaging bridge
[2020.05.01-17.50.18:344][  0]LogUdpMessaging: Initializing bridge on interface 0.0.0.0:0 to multicast group 230.0.0.1:6666.
[2020.05.01-17.50.18:395][  0]LogStats: UGameplayTagsManager::InitializeManager -  0.001 s
[2020.05.01-17.50.18:484][  0]SourceControl: Source control is disabled
[2020.05.01-17.50.18:484][  0]SourceControl: Source control is disabled
[2020.05.01-17.50.18:488][  0]SourceControl: Source control is disabled
[2020.05.01-17.50.18:490][  0]SourceControl: Source control is disabled
[2020.05.01-17.50.19:690][  0]LogAndroidPermission: UAndroidPermissionCallbackProxy::GetInstance
[2020.05.01-17.50.19:942][  0]LogEngine: Initializing Engine...
[2020.05.01-17.50.20:491][  0]LogInit: Initializing FReadOnlyCVARCache
[2020.05.01-17.50.20:525][  0]LogAIModule: Creating AISystem for world Untitled
[2020.05.01-17.50.26:596][  0]LogInit: XAudio2 using 'Speakers (G933 Artemis Spectrum Snow)' : 2 channels at 48 kHz using 16 bits per sample (channel mask 0x3)
[2020.05.01-17.50.26:664][  0]LogInit: FAudioDevice initialized.
[2020.05.01-17.50.26:664][  0]LogNetVersion: Set ProjectVersion to 1.0.0.0. Version Checksum will be recalculated on next use.
[2020.05.01-17.50.26:718][  0]LogDerivedDataCache: Saved boot cache 0.05s 45MB C:/Users/Upper School/AppData/Local/UnrealEngine/4.23/DerivedDataCache/Boot.ddc.
[2020.05.01-17.50.26:734][  0]LogInit: Texture streaming: Enabled
[2020.05.01-17.50.26:798][  0]LogEngineSessionManager: EngineSessionManager initialized
[2020.05.01-17.50.26:798][  0]LogEditorSessionSummary: Verbose: Initializing EditorSessionSummaryWriter for editor session tracking
[2020.05.01-17.50.26:805][  0]LogEditorSessionSummary: EditorSessionSummaryWriter initialized
[2020.05.01-17.50.27:029][  0]LogInit: Transaction tracking system initialized
[2020.05.01-17.50.27:118][  0]BlueprintLog: New page: Editor Load
[2020.05.01-17.50.27:313][  0]LocalizationService: Localization service is disabled
[2020.05.01-17.50.28:390][  0]LogCook: Display: Max memory allowance for cook 16384mb min free memory 0mb
[2020.05.01-17.50.28:390][  0]LogCook: Display: Mobile HDR setting 1
[2020.05.01-17.50.28:417][  0]LogFileCache: Scanning file cache for directory 'C:/Users/Upper School/Documents/GitHub/game-team-h/ActionRPG/Content/' took 0.04s
[2020.05.01-17.50.28:417][  0]LogStats: FGameplayAbilitiesEditorModule::GameplayTagTreeChanged -  0.000 s
[2020.05.01-17.50.28:588][  0]LogStats: UGameplayCueManager::InitializeEditorObjectLibrary -  0.007 s
[2020.05.01-17.50.28:702][  0]SourceControl: Source control is disabled
[2020.05.01-17.50.28:703][  0]Cmd: MAP LOAD FILE="../../../../../../Users/Upper School/Documents/GitHub/game-team-h/ActionRPG/Content/Maps/ActionRPG_P.umap" TEMPLATE=0 SHOWPROGRESS=1 FEATURELEVEL=3
[2020.05.01-17.50.28:705][  0]LightingResults: New page: Lighting Build
[2020.05.01-17.50.28:711][  0]LogWorld: UWorld::CleanupWorld for Untitled, bSessionEnded=true, bCleanupResources=true
[2020.05.01-17.50.28:711][  0]MapCheck: New page: Map Check
[2020.05.01-17.50.28:711][  0]LightingResults: New page: Lighting Build
[2020.05.01-17.50.28:763][  0]LogUObjectHash: Compacting FUObjectHashTables data took   3.21ms
[2020.05.01-17.50.34:068][  0]LogMaterial: Display: Missing cached shader map for material Bodymat, compiling. 
[2020.05.01-17.50.34:959][  0]LogShaderCompilers: Display: Worker (1/9): shaders left to compile 60
[2020.05.01-17.50.34:959][  0]LogShaderCompilers: Display: Worker (2/9): shaders left to compile 53
[2020.05.01-17.50.34:959][  0]LogShaderCompilers: Display: Worker (3/9): shaders left to compile 46
[2020.05.01-17.50.34:959][  0]LogShaderCompilers: Display: Worker (4/9): shaders left to compile 39
[2020.05.01-17.50.34:959][  0]LogShaderCompilers: Display: Worker (5/9): shaders left to compile 32
[2020.05.01-17.50.34:959][  0]LogShaderCompilers: Display: Worker (6/9): shaders left to compile 25
[2020.05.01-17.50.34:959][  0]LogShaderCompilers: Display: Worker (7/9): shaders left to compile 18
[2020.05.01-17.50.34:959][  0]LogShaderCompilers: Display: Worker (8/9): shaders left to compile 11
[2020.05.01-17.50.34:959][  0]LogShaderCompilers: Display: Worker (9/9): shaders left to compile 4
[2020.05.01-17.50.34:959][  0]LogMaterial: Display: Missing cached shader map for material Hairmat, compiling. 
[2020.05.01-17.50.35:014][  0]LogMaterial: Display: Missing cached shader map for material Eyewearmat, compiling. 
[2020.05.01-17.50.35:093][  0]LogMaterial: Display: Missing cached shader map for material Bottommat, compiling. 
[2020.05.01-17.50.35:158][  0]LogMaterial: Display: Missing cached shader map for material Bodymat_ncl1_2, compiling. 
[2020.05.01-17.50.35:223][  0]LogMaterial: Display: Missing cached shader map for material Bodymat_ncl1_1, compiling. 
[2020.05.01-17.50.35:630][  0]LogAIModule: Creating AISystem for world ActionRPG_P
[2020.05.01-17.50.35:657][  0]LogStreaming: Display: ULevelStreaming::RequestLevel(/Game/Maps/ActionRPG_Dungeon02_Asset) is flushing async loading
[2020.05.01-17.50.35:658][  0]LogStreaming: Display: Flushing async loaders.
[2020.05.01-17.50.35:837][  0]LogStreaming: Display: ULevelStreaming::RequestLevel(/Game/Maps/ActionRPG_Dungeon02_Lights) is flushing async loading
[2020.05.01-17.50.35:845][  0]LogEditorServer: Finished looking for orphan Actors (0.000 secs)
[2020.05.01-17.50.35:965][  0]LogUObjectHash: Compacting FUObjectHashTables data took   7.53ms
[2020.05.01-17.50.35:965][  0]Cmd: MAP CHECKDEP NOCLEARLOG
[2020.05.01-17.50.35:966][  0]MapCheck: Map check complete: 0 Error(s), 0 Warning(s), took 0.519ms to complete.
[2020.05.01-17.50.35:966][  0]LogFileHelpers: Loading map 'ActionRPG_P' took 7.262
[2020.05.01-17.50.36:145][  0]LogSlate: Updating window title bar state: overlay mode, drag disabled, window buttons hidden, title bar hidden
[2020.05.01-17.50.36:164][  0]LogSlate: Updating window title bar state: overlay mode, drag disabled, window buttons hidden, title bar hidden
[2020.05.01-17.50.36:181][  0]LogSlate: Updating window title bar state: overlay mode, drag disabled, window buttons hidden, title bar hidden
[2020.05.01-17.50.36:196][  0]LogSlate: Updating window title bar state: overlay mode, drag disabled, window buttons hidden, title bar hidden
[2020.05.01-17.50.36:208][  0]LogCollectionManager: Loaded 0 collections in 0.003475 seconds
[2020.05.01-17.50.36:218][  0]LogFileCache: Scanning file cache for directory 'C:/Users/Upper School/Documents/GitHub/game-team-h/ActionRPG/Saved/Collections/' took 0.00s
[2020.05.01-17.50.36:218][  0]LogFileCache: Scanning file cache for directory 'C:/Users/Upper School/Documents/GitHub/game-team-h/ActionRPG/Content/Developers/UpperSchool/Collections/' took 0.00s
[2020.05.01-17.50.36:218][  0]LogFileCache: Scanning file cache for directory 'C:/Users/Upper School/Documents/GitHub/game-team-h/ActionRPG/Content/Collections/' took 0.00s
[2020.05.01-17.50.36:218][  0]LogCollectionManager: Rebuilt the GUID cache for 0 collections in 0.000005 seconds
[2020.05.01-17.50.36:238][  0]LogContentBrowser: Native class hierarchy populated in 0.0200 seconds. Added 2821 classes and 583 folders.
[2020.05.01-17.50.36:256][  0]LogContentBrowser: Native class hierarchy updated for 'WidgetCarousel' in 0.0007 seconds. Added 0 classes and 0 folders.
[2020.05.01-17.50.36:357][  0]LogContentBrowser: Native class hierarchy updated for 'AddContentDialog' in 0.0007 seconds. Added 0 classes and 0 folders.
[2020.05.01-17.50.36:372][  0]LogContentBrowser: Native class hierarchy updated for 'SceneOutliner' in 0.0013 seconds. Added 1 classes and 2 folders.
[2020.05.01-17.50.36:659][  0]LogSlate: Took 0.000269 seconds to synchronously load lazily loaded font '../../../Engine/Content/Slate/Fonts/Roboto-Regular.ttf' (155K)
[2020.05.01-17.50.36:662][  0]LogSlate: Took 0.000249 seconds to synchronously load lazily loaded font '../../../Engine/Content/Slate/Fonts/Roboto-Bold.ttf' (160K)
[2020.05.01-17.50.36:670][  0]LogSlate: Took 0.000241 seconds to synchronously load lazily loaded font '../../../Engine/Content/Editor/Slate/Fonts/FontAwesome.ttf' (139K)
[2020.05.01-17.50.36:802][  0]LogRenderer: Reallocating scene render targets to support 1264x628 Format 10 NumSamples 1 (Frame:1).
[2020.05.01-17.50.36:872][  0]LogSlate: Took 0.000281 seconds to synchronously load lazily loaded font '../../../Engine/Content/Slate/Fonts/Roboto-Light.ttf' (167K)
[2020.05.01-17.50.37:233][  0]LogContentBrowser: Native class hierarchy updated for 'HierarchicalLODOutliner' in 0.0012 seconds. Added 0 classes and 0 folders.
[2020.05.01-17.50.37:233][  0]LogLoad: (Engine Initialization) Total time: 29.26 seconds
[2020.05.01-17.50.37:233][  0]LogLoad: (Engine Initialization) Total Blueprint compile time: 0.00 seconds
[2020.05.01-17.50.37:455][  0]LogContentStreaming: Texture pool size now 1000 MB
[2020.05.01-17.50.37:917][  3]LogAssetRegistry: Asset discovery search completed in 23.5738 seconds
[2020.05.01-17.50.37:929][  3]LogStats: UGameplayCueManager::InitializeEditorObjectLibrary -  0.012 s
[2020.05.01-17.50.37:960][  3]LogCollectionManager: Rebuilt the object cache for 0 collections in 0.000017 seconds (found 0 objects)
[2020.05.01-17.50.37:960][  3]LogCollectionManager: Fixed up redirectors for 0 collections in 0.000169 seconds (updated 0 objects)
[2020.05.01-17.50.38:357][ 13]LogSlate: Took 0.000213 seconds to synchronously load lazily loaded font '../../../Engine/Content/Slate/Fonts/Roboto-Light.ttf' (167K)
[2020.05.01-17.50.45:811][ 26]LogSlate: FSceneViewport::OnFocusLost() reason 0
[2020.05.01-17.51.15:139][609]LogAssetEditorManager: Opening Asset editor for Blueprint /Game/FbxScene_AAAAAAAAA.FbxScene_AAAAAAAAA
[2020.05.01-17.51.15:670][609]LogContentBrowser: Native class hierarchy updated for 'BlueprintGraph' in 0.0015 seconds. Added 121 classes and 0 folders.
[2020.05.01-17.51.18:252][609]LogSlate: Took 0.015070 seconds to synchronously load lazily loaded font '../../../Engine/Content/Slate/Fonts/Roboto-BoldCondensed.ttf' (158K)
[2020.05.01-17.51.22:905][778]LogSlate: Window 'FbxScene_AAAAAAAAA' being destroyed
[2020.05.01-17.51.22:915][778]LogSlate: Window 'FbxScene_AAAAAAAAA' being destroyed
[2020.05.01-17.51.22:940][778]LogWorld: UWorld::CleanupWorld for World_2, bSessionEnded=true, bCleanupResources=true
[2020.05.01-17.51.29:136][ 38]LogTexture: Display: Building textures: SkyOcclusion0_2 (AutoDXT, 1024X512)
[2020.05.01-17.51.29:136][ 38]LogTexture: Display: Building textures: LQ_Lightmap_1_2 (DXT1, 1024X1024)
[2020.05.01-17.51.29:136][ 38]LogTexture: Display: Building textures: HQ_Lightmap1_2 (AutoDXT, 1024X1024)
[2020.05.01-17.51.29:198][ 38]LogAIModule: Creating AISystem for world Subway_Level
[2020.05.01-17.51.29:233][ 38]LogAssetEditorManager: Opening Asset editor for World /Game/Maps/Subway_Level.Subway_Level
[2020.05.01-17.51.29:289][ 38]LogUObjectHash: Compacting FUObjectHashTables data took   7.76ms
[2020.05.01-17.51.29:293][ 38]Cmd: MAP LOAD FILE="../../../../../../Users/Upper School/Documents/GitHub/game-team-h/ActionRPG/Content/Maps/Subway_Level.umap" TEMPLATE=0 SHOWPROGRESS=1 FEATURELEVEL=3
[2020.05.01-17.51.29:293][ 38]LightingResults: New page: Lighting Build
[2020.05.01-17.51.29:294][ 38]LoadErrors: New page: Loading map: Subway_Level.umap
[2020.05.01-17.51.29:300][ 38]LogWorld: UWorld::CleanupWorld for ActionRPG_P, bSessionEnded=true, bCleanupResources=true
[2020.05.01-17.51.29:302][ 38]LogWorld: UWorld::CleanupWorld for ActionRPG_Dungeon02_Asset, bSessionEnded=true, bCleanupResources=true
[2020.05.01-17.51.29:302][ 38]LogWorld: UWorld::CleanupWorld for ActionRPG_Dungeon02_Lights, bSessionEnded=true, bCleanupResources=true
[2020.05.01-17.51.29:302][ 38]MapCheck: New page: Map Check
[2020.05.01-17.51.29:302][ 38]LightingResults: New page: Lighting Build
[2020.05.01-17.51.29:352][ 38]LogUObjectHash: Compacting FUObjectHashTables data took   7.45ms
[2020.05.01-17.51.29:787][ 38]LogStreaming: Display: ULevelStreaming::RequestLevel(/Game/Maps/ActionRPG_Dungeon02_Lights) is flushing async loading
[2020.05.01-17.51.29:787][ 38]LogStreaming: Display: Flushing async loaders.
[2020.05.01-17.51.29:798][ 38]LogStreaming: Display: ULevelStreaming::RequestLevel(/Game/Maps/ActionRPG_Dungeon02_Asset) is flushing async loading
[2020.05.01-17.51.30:218][ 38]LogEditorServer: Finished looking for orphan Actors (0.000 secs)
[2020.05.01-17.51.30:219][ 38]LogNavigation: Warning: Recreating dtNavMesh instance due to saved navmesh origin (X=-11160.000 Y=0.000 Z=0.000, usually the RecastNavMesh location) not being aligned with tile size (988 uu) 
[2020.05.01-17.51.30:284][ 38]LogUObjectHash: Compacting FUObjectHashTables data took   5.25ms
[2020.05.01-17.51.30:375][ 38]Cmd: MAP CHECKDEP NOCLEARLOG
[2020.05.01-17.51.30:376][ 38]MapCheck: Map check complete: 0 Error(s), 0 Warning(s), took 0.423ms to complete.
[2020.05.01-17.51.30:376][ 38]LogFileHelpers: Loading map 'Subway_Level' took 1.085
[2020.05.01-17.51.30:542][ 38]LogUObjectHash: Compacting FUObjectHashTables data took   1.64ms
[2020.05.01-17.51.31:356][ 40]LogShaderCompilers: Display: Worker (4/9): shaders left to compile 300
[2020.05.01-17.51.32:010][ 40]LogShaderCompilers: Display: Worker (1/9): shaders left to compile 290
[2020.05.01-17.51.32:294][ 40]LogShaderCompilers: Display: Worker (6/9): shaders left to compile 280
[2020.05.01-17.51.32:453][ 40]LogShaderCompilers: Display: Worker (7/9): shaders left to compile 270
[2020.05.01-17.51.33:177][ 53]LogShaderCompilers: Display: Worker (8/9): shaders left to compile 260
[2020.05.01-17.51.33:324][ 58]LogShaderCompilers: Display: Worker (2/9): shaders left to compile 250
[2020.05.01-17.51.33:697][ 69]LogShaderCompilers: Display: Worker (5/9): shaders left to compile 240
[2020.05.01-17.51.33:732][ 70]LogShaderCompilers: Display: Worker (3/9): shaders left to compile 230
[2020.05.01-17.51.36:242][163]LogShaderCompilers: Display: Worker (4/9): shaders left to compile 220
[2020.05.01-17.51.36:778][181]LogShaderCompilers: Display: Worker (6/9): shaders left to compile 210
[2020.05.01-17.51.37:665][216]LogShaderCompilers: Display: Worker (8/9): shaders left to compile 200
[2020.05.01-17.51.38:291][241]LogShaderCompilers: Display: Worker (5/9): shaders left to compile 190
[2020.05.01-17.51.38:800][261]LogShaderCompilers: Display: Worker (7/9): shaders left to compile 180
[2020.05.01-17.51.38:963][266]LogShaderCompilers: Display: Worker (2/9): shaders left to compile 170
[2020.05.01-17.51.39:606][288]LogShaderCompilers: Display: Worker (1/9): shaders left to compile 160
[2020.05.01-17.51.40:791][322]LogShaderCompilers: Display: Worker (4/9): shaders left to compile 150
[2020.05.01-17.51.41:082][334]LogShaderCompilers: Display: Worker (3/9): shaders left to compile 140
[2020.05.01-17.51.42:384][393]LogShaderCompilers: Display: Worker (8/9): shaders left to compile 130
[2020.05.01-17.51.42:621][406]LogShaderCompilers: Display: Worker (6/9): shaders left to compile 120
[2020.05.01-17.51.43:085][422]LogShaderCompilers: Display: Worker (7/9): shaders left to compile 110
[2020.05.01-17.51.43:556][433]LogShaderCompilers: Display: Worker (5/9): shaders left to compile 100
[2020.05.01-17.51.44:540][472]LogShaderCompilers: Display: Worker (1/9): shaders left to compile 90
[2020.05.01-17.51.45:285][502]LogShaderCompilers: Display: Worker (3/9): shaders left to compile 80
[2020.05.01-17.51.45:962][522]LogShaderCompilers: Display: Worker (4/9): shaders left to compile 70
[2020.05.01-17.51.46:213][530]LogShaderCompilers: Display: Worker (2/9): shaders left to compile 61
[2020.05.01-17.51.46:903][546]LogShaderCompilers: Display: Worker (6/9): shaders left to compile 53
[2020.05.01-17.51.47:368][557]LogShaderCompilers: Display: Worker (8/9): shaders left to compile 46
[2020.05.01-17.51.47:847][570]LogShaderCompilers: Display: Worker (5/9): shaders left to compile 40
[2020.05.01-17.51.49:256][612]LogShaderCompilers: Display: Worker (2/9): shaders left to compile 34
[2020.05.01-17.51.49:488][619]LogShaderCompilers: Display: Worker (3/9): shaders left to compile 29
[2020.05.01-17.51.49:536][621]LogShaderCompilers: Display: Worker (7/9): shaders left to compile 25
[2020.05.01-17.51.50:063][637]LogShaderCompilers: Display: Worker (1/9): shaders left to compile 21
[2020.05.01-17.51.50:231][642]LogShaderCompilers: Display: Worker (5/9): shaders left to compile 18
[2020.05.01-17.51.50:784][659]LogShaderCompilers: Display: Worker (6/9): shaders left to compile 15
[2020.05.01-17.51.50:829][660]LogShaderCompilers: Display: Worker (4/9): shaders left to compile 13
[2020.05.01-17.51.51:228][672]LogShaderCompilers: Display: Worker (5/9): shaders left to compile 11
[2020.05.01-17.51.51:284][674]LogShaderCompilers: Display: Worker (8/9): shaders left to compile 9
[2020.05.01-17.51.51:311][675]LogShaderCompilers: Display: Worker (1/9): shaders left to compile 7
[2020.05.01-17.51.51:401][678]LogShaderCompilers: Display: Worker (6/9): shaders left to compile 6
[2020.05.01-17.51.51:558][683]LogShaderCompilers: Display: Worker (7/9): shaders left to compile 5
[2020.05.01-17.51.51:639][685]LogShaderCompilers: Display: Worker (2/9): shaders left to compile 4
[2020.05.01-17.51.51:852][692]LogShaderCompilers: Display: Worker (3/9): shaders left to compile 3
[2020.05.01-17.51.51:962][694]LogShaderCompilers: Display: Worker (1/9): shaders left to compile 2
[2020.05.01-17.51.52:021][696]LogShaderCompilers: Display: Worker (7/9): shaders left to compile 1
[2020.05.01-17.51.59:777][ 97]LogSlate: FSceneViewport::OnFocusLost() reason 0
[2020.05.01-17.52.15:858][995]LogSlate: FSceneViewport::OnFocusLost() reason 2
[2020.05.01-17.52.17:430][ 80]LogEditorViewport: Clicking on Actor (LMB): StaticMeshActor (Cube)
[2020.05.01-17.53.02:978][666]LogSlate: Took 0.005249 seconds to synchronously load lazily loaded font '../../../Engine/Content/Slate/Fonts/Roboto-Italic.ttf' (157K)
[2020.05.01-17.54.28:852][922]LogSlate: FSceneViewport::OnFocusLost() reason 0
[2020.05.01-17.54.29:000][926]LogUObjectHash: Compacting FUObjectHashTables data took   0.90ms
[2020.05.01-17.54.29:087][926]LogSlate: Window 'ActionRPG - Unreal Editor' being destroyed
[2020.05.01-17.54.29:088][926]LogWindowsTextInputMethodSystem: Display: IME system now deactivated.
[2020.05.01-17.54.29:200][927]Cmd: QUIT_EDITOR
[2020.05.01-17.54.29:254][927]LogSlate: Slate User Destroyed.  User Index 0, Is Virtual User: 0
[2020.05.01-17.54.29:255][927]LogExit: Preparing to exit.
[2020.05.01-17.54.29:933][927]LogWorld: UWorld::CleanupWorld for World_1, bSessionEnded=true, bCleanupResources=true
[2020.05.01-17.54.29:936][927]LogWorld: UWorld::CleanupWorld for World_0, bSessionEnded=true, bCleanupResources=true
[2020.05.01-17.54.29:938][927]LogWorld: UWorld::CleanupWorld for World_4, bSessionEnded=true, bCleanupResources=true
[2020.05.01-17.54.29:939][927]LogWorld: UWorld::CleanupWorld for World_3, bSessionEnded=true, bCleanupResources=true
[2020.05.01-17.54.29:941][927]LogWorld: UWorld::CleanupWorld for World_5, bSessionEnded=true, bCleanupResources=true
[2020.05.01-17.54.29:994][927]LogDemo: Cleaned up 0 splitscreen connections with owner deletion
[2020.05.01-17.54.30:003][927]LogWorld: UWorld::CleanupWorld for None, bSessionEnded=true, bCleanupResources=true
[2020.05.01-17.54.30:003][927]LogWorld: UWorld::CleanupWorld for None, bSessionEnded=true, bCleanupResources=true
[2020.05.01-17.54.30:003][927]LogWorld: UWorld::CleanupWorld for None, bSessionEnded=true, bCleanupResources=true
[2020.05.01-17.54.30:004][927]LogExit: Editor shut down
[2020.05.01-17.54.30:004][927]LogExit: Transaction tracking system shut down
[2020.05.01-17.54.30:412][927]LogExit: Object subsystem successfully closed.
[2020.05.01-17.54.30:448][927]LogShaderCompilers: Display: Shaders left to compile 0
[2020.05.01-17.54.30:514][927]LogModuleManager: Shutting down and abandoning module BlueprintGraph (572)
[2020.05.01-17.54.30:514][927]LogModuleManager: Shutting down and abandoning module HierarchicalLODOutliner (570)
[2020.05.01-17.54.30:514][927]LogModuleManager: Shutting down and abandoning module SceneOutliner (568)
[2020.05.01-17.54.30:514][927]LogModuleManager: Shutting down and abandoning module AddContentDialog (566)
[2020.05.01-17.54.30:515][927]LogModuleManager: Shutting down and abandoning module WidgetCarousel (565)
[2020.05.01-17.54.30:515][927]LogModuleManager: Shutting down and abandoning module EditorWidgets (562)
[2020.05.01-17.54.30:515][927]LogModuleManager: Shutting down and abandoning module CollectionManager (560)
[2020.05.01-17.54.30:516][927]LogModuleManager: Shutting down and abandoning module StatsViewer (558)
[2020.05.01-17.54.30:517][927]LogModuleManager: Shutting down and abandoning module VirtualTexturingEditor (556)
[2020.05.01-17.54.30:517][927]LogModuleManager: Shutting down and abandoning module FoliageEdit (554)
[2020.05.01-17.54.30:517][927]LogModuleManager: Shutting down and abandoning module LandscapeEditor (552)
[2020.05.01-17.54.30:519][927]LogModuleManager: Shutting down and abandoning module MeshPaintMode (550)
[2020.05.01-17.54.30:519][927]LogModuleManager: Shutting down and abandoning module SceneDepthPickerMode (548)
[2020.05.01-17.54.30:519][927]LogModuleManager: Shutting down and abandoning module ActorPickerMode (546)
[2020.05.01-17.54.30:519][927]LogModuleManager: Shutting down and abandoning module GeometryMode (544)
[2020.05.01-17.54.30:520][927]LogModuleManager: Shutting down and abandoning module TextureAlignMode (542)
[2020.05.01-17.54.30:520][927]LogModuleManager: Shutting down and abandoning module BspMode (540)
[2020.05.01-17.54.30:520][927]LogModuleManager: Shutting down and abandoning module PIEPreviewDeviceProfileSelector (538)
[2020.05.01-17.54.30:521][927]LogModuleManager: Shutting down and abandoning module SequenceRecorderSections (536)
[2020.05.01-17.54.30:521][927]LogModuleManager: Shutting down and abandoning module SequenceRecorder (534)
[2020.05.01-17.54.30:522][927]LogModuleManager: Shutting down and abandoning module AutomationWorker (532)
[2020.05.01-17.54.30:522][927]LogModuleManager: Shutting down and abandoning module MatineeToLevelSequence (530)
[2020.05.01-17.54.30:523][927]LogModuleManager: Shutting down and abandoning module LevelSequenceEditor (528)
[2020.05.01-17.54.30:525][927]LogModuleManager: Shutting down and abandoning module PlacementMode (527)
[2020.05.01-17.54.30:525][927]LogModuleManager: Shutting down and abandoning module MaterialEditor (526)
[2020.05.01-17.54.30:527][927]LogModuleManager: Shutting down and abandoning module ActorSequenceEditor (522)
[2020.05.01-17.54.30:528][927]LogModuleManager: Shutting down and abandoning module WebMMediaFactory (520)
[2020.05.01-17.54.30:528][927]LogModuleManager: Shutting down and abandoning module WebMMediaEditor (518)
[2020.05.01-17.54.30:528][927]LogModuleManager: Shutting down and abandoning module WebMMedia (516)
[2020.05.01-17.54.30:529][927]LogModuleManager: Shutting down and abandoning module MediaPlayerEditor (514)
[2020.05.01-17.54.30:529][927]LogModuleManager: Shutting down and abandoning module OpenExrWrapper (512)
[2020.05.01-17.54.30:529][927]LogModuleManager: Shutting down and abandoning module ImgMediaFactory (510)
[2020.05.01-17.54.30:529][927]LogModuleManager: Shutting down and abandoning module ImgMediaEditor (508)
[2020.05.01-17.54.30:529][927]LogModuleManager: Shutting down and abandoning module AvfMediaFactory (506)
[2020.05.01-17.54.30:529][927]LogModuleManager: Shutting down and abandoning module AvfMediaEditor (504)
[2020.05.01-17.54.30:529][927]LogModuleManager: Shutting down and abandoning module AndroidMediaFactory (502)
[2020.05.01-17.54.30:529][927]LogModuleManager: Shutting down and abandoning module Media (501)
[2020.05.01-17.54.30:530][927]LogModuleManager: Shutting down and abandoning module AndroidMediaEditor (498)
[2020.05.01-17.54.30:530][927]LogModuleManager: Shutting down and abandoning module SmartSnapping (496)
[2020.05.01-17.54.30:530][927]LogModuleManager: Shutting down and abandoning module SessionServices (494)
[2020.05.01-17.54.30:530][927]LogModuleManager: Shutting down and abandoning module MeshPaint (492)
[2020.05.01-17.54.30:531][927]LogModuleManager: Shutting down and abandoning module ViewportSnapping (490)
[2020.05.01-17.54.30:531][927]LogModuleManager: Shutting down and abandoning module ViewportInteraction (488)
[2020.05.01-17.54.30:531][927]LogModuleManager: Shutting down and abandoning module ClothPainter (486)
[2020.05.01-17.54.30:532][927]LogModuleManager: Shutting down and abandoning module SkeletalMeshEditor (485)
[2020.05.01-17.54.30:534][927]LogModuleManager: Shutting down and abandoning module LogVisualizer (482)
[2020.05.01-17.54.30:535][927]LogModuleManager: Shutting down and abandoning module IntroTutorials (480)
[2020.05.01-17.54.30:535][927]LogModuleManager: Shutting down and abandoning module GameProjectGeneration (479)
[2020.05.01-17.54.30:536][927]LogModuleManager: Shutting down and abandoning module LuminPlatformEditor (476)
[2020.05.01-17.54.30:536][927]LogModuleManager: Shutting down and abandoning module IOSPlatformEditor (474)
[2020.05.01-17.54.30:536][927]LogModuleManager: Shutting down and abandoning module HTML5PlatformEditor (472)
[2020.05.01-17.54.30:536][927]LogModuleManager: Shutting down and abandoning module AndroidPlatformEditor (470)
[2020.05.01-17.54.30:536][927]LogModuleManager: Shutting down and abandoning module AndroidDeviceDetection (469)
[2020.05.01-17.54.31:910][927]LogModuleManager: Shutting down and abandoning module WindowsPlatformEditor (466)
[2020.05.01-17.54.31:910][927]LogModuleManager: Shutting down and abandoning module LuminRuntimeSettings (464)
[2020.05.01-17.54.31:910][927]LogModuleManager: Shutting down and abandoning module IOSRuntimeSettings (462)
[2020.05.01-17.54.31:910][927]LogModuleManager: Shutting down and abandoning module AndroidRuntimeSettings (460)
[2020.05.01-17.54.31:910][927]LogModuleManager: Shutting down and abandoning module TimeManagementEditor (458)
[2020.05.01-17.54.31:910][927]LogModuleManager: Shutting down and abandoning module InputBindingEditor (456)
[2020.05.01-17.54.31:911][927]LogModuleManager: Shutting down and abandoning module MergeActors (454)
[2020.05.01-17.54.31:912][927]LogModuleManager: Shutting down and abandoning module LocalizationDashboard (452)
[2020.05.01-17.54.31:912][927]LogModuleManager: Shutting down and abandoning module LocalizationService (451)
[2020.05.01-17.54.31:913][927]LogModuleManager: Shutting down and abandoning module HardwareTargeting (448)
[2020.05.01-17.54.31:913][927]LogModuleManager: Shutting down and abandoning module DeviceProfileEditor (446)
[2020.05.01-17.54.31:913][927]LogModuleManager: Shutting down and abandoning module UndoHistory (444)
[2020.05.01-17.54.31:913][927]LogModuleManager: Shutting down and abandoning module XmlParser (442)
[2020.05.01-17.54.31:914][927]LogModuleManager: Shutting down and abandoning module Blutility (440)
[2020.05.01-17.54.31:914][927]LogModuleManager: Shutting down and abandoning module ProjectSettingsViewer (438)
[2020.05.01-17.54.31:914][927]LogModuleManager: Shutting down and abandoning module ProjectTargetPlatformEditor (437)
[2020.05.01-17.54.31:914][927]LogModuleManager: Shutting down and abandoning module EditorSettingsViewer (434)
[2020.05.01-17.54.31:914][927]LogModuleManager: Shutting down and abandoning module SettingsEditor (432)
[2020.05.01-17.54.31:915][927]LogModuleManager: Shutting down and abandoning module ProjectLauncher (430)
[2020.05.01-17.54.31:915][927]LogModuleManager: Shutting down and abandoning module SessionFrontend (428)
[2020.05.01-17.54.31:915][927]LogModuleManager: Shutting down and abandoning module ProfilerClient (426)
[2020.05.01-17.54.31:916][927]LogModuleManager: Shutting down and abandoning module DeviceManager (424)
[2020.05.01-17.54.31:916][927]LogModuleManager: Shutting down and abandoning module TargetDeviceServices (423)
[2020.05.01-17.54.31:961][927]LogModuleManager: Shutting down and abandoning module AutomationController (420)
[2020.05.01-17.54.31:962][927]LogModuleManager: Shutting down and abandoning module AutomationWindow (418)
[2020.05.01-17.54.31:963][927]LogModuleManager: Shutting down and abandoning module Layers (416)
[2020.05.01-17.54.31:964][927]LogModuleManager: Shutting down and abandoning module ComponentVisualizers (414)
[2020.05.01-17.54.31:964][927]LogModuleManager: Shutting down and abandoning module DetailCustomizations (412)
[2020.05.01-17.54.31:964][927]LogModuleManager: Shutting down and abandoning module PackagesDialog (410)
[2020.05.01-17.54.31:965][927]LogModuleManager: Shutting down and abandoning module AnimationBlueprintEditor (408)
[2020.05.01-17.54.31:967][927]LogModuleManager: Shutting down and abandoning module Persona (406)
[2020.05.01-17.54.31:968][927]LogModuleManager: Shutting down and abandoning module AdvancedPreviewScene (405)
[2020.05.01-17.54.31:968][927]LogModuleManager: Shutting down and abandoning module AnimGraph (403)
[2020.05.01-17.54.31:968][927]LogModuleManager: Shutting down and abandoning module Kismet (400)
[2020.05.01-17.54.31:974][927]LogModuleManager: Shutting down and abandoning module KismetWidgets (399)
[2020.05.01-17.54.31:974][927]LogModuleManager: Shutting down and abandoning module GraphEditor (396)
[2020.05.01-17.54.31:975][927]LogModuleManager: Shutting down and abandoning module StructViewer (394)
[2020.05.01-17.54.31:975][927]LogModuleManager: Shutting down and abandoning module ClassViewer (392)
[2020.05.01-17.54.31:975][927]LogModuleManager: Shutting down and abandoning module Toolbox (390)
[2020.05.01-17.54.31:975][927]LogModuleManager: Shutting down and abandoning module DesktopPlatform (389)
[2020.05.01-17.54.31:975][927]LogModuleManager: Shutting down and abandoning module ModuleUI (386)
[2020.05.01-17.54.31:975][927]LogModuleManager: Shutting down and abandoning module MovieSceneTools (384)
[2020.05.01-17.54.31:976][927]LogModuleManager: Shutting down and abandoning module OutputLog (382)
[2020.05.01-17.54.31:977][927]LogModuleManager: Shutting down and abandoning module GammaUI (380)
[2020.05.01-17.54.31:977][927]LogModuleManager: Shutting down and abandoning module Documentation (378)
[2020.05.01-17.54.31:977][927]LogModuleManager: Shutting down and abandoning module LiveCoding (376)
[2020.05.01-17.54.31:979][927]LogModuleManager: Shutting down and abandoning module LevelSequence (374)
[2020.05.01-17.54.31:979][927]LogModuleManager: Shutting down and abandoning module MovieSceneTracks (372)
[2020.05.01-17.54.31:979][927]LogModuleManager: Shutting down and abandoning module MovieScene (370)
[2020.05.01-17.54.31:979][927]LogModuleManager: Shutting down and abandoning module StreamingPauseRendering (368)
[2020.05.01-17.54.31:979][927]LogModuleManager: Shutting down and abandoning module LauncherPlatform (366)
[2020.05.01-17.54.31:979][927]LogModuleManager: Shutting down and abandoning module AnalyticsET (364)
[2020.05.01-17.54.31:979][927]LogModuleManager: Shutting down and abandoning module PortalServices (362)
[2020.05.01-17.54.31:979][927]LogModuleManager: Shutting down and abandoning module PortalRpc (360)
[2020.05.01-17.54.31:979][927]LogModuleManager: Shutting down and abandoning module MessagingRpc (358)
[2020.05.01-17.54.31:979][927]LogModuleManager: Shutting down and abandoning module AIModule (356)
[2020.05.01-17.54.31:980][927]LogModuleManager: Shutting down and abandoning module AITestSuite (355)
[2020.05.01-17.54.31:980][927]LogModuleManager: Shutting down and abandoning module NavigationSystem (353)
[2020.05.01-17.54.31:980][927]LogModuleManager: Shutting down and abandoning module ImageWriteQueue (350)
[2020.05.01-17.54.31:983][927]LogModuleManager: Shutting down and abandoning module ProfilerService (348)
[2020.05.01-17.54.32:196][927]LogModuleManager: Shutting down and abandoning module TaskGraph (346)
[2020.05.01-17.54.32:197][927]LogModuleManager: Shutting down and abandoning module ScreenshotTools (344)
[2020.05.01-17.54.32:197][927]LogModuleManager: Shutting down and abandoning module SlateRemote (342)
[2020.05.01-17.54.32:197][927]LogModuleManager: Shutting down and abandoning module MobilePatchingUtils (340)
[2020.05.01-17.54.32:197][927]LogModuleManager: Shutting down and abandoning module EditableMesh (338)
[2020.05.01-17.54.32:197][927]LogModuleManager: Shutting down and abandoning module AppleImageUtilsBlueprintSupport (336)
[2020.05.01-17.54.32:197][927]LogModuleManager: Shutting down and abandoning module AppleImageUtils (334)
[2020.05.01-17.54.32:197][927]LogModuleManager: Shutting down and abandoning module AndroidPermission (332)
[2020.05.01-17.54.32:197][927]LogModuleManager: Shutting down and abandoning module NUTUnrealEngine4 (330)
[2020.05.01-17.54.32:197][927]LogModuleManager: Shutting down and abandoning module NetcodeUnitTest (328)
[2020.05.01-17.54.32:198][927]LogModuleManager: Shutting down and abandoning module ImgMedia (326)
[2020.05.01-17.54.32:198][927]LogModuleManager: Shutting down and abandoning module MixamoAnimationRetargeting (324)
[2020.05.01-17.54.32:199][927]LogModuleManager: Shutting down and abandoning module BackChannel (322)
[2020.05.01-17.54.32:200][927]LogModuleManager: Shutting down and abandoning module AutomationUtilsEditor (320)
[2020.05.01-17.54.32:200][927]LogModuleManager: Shutting down and abandoning module AutomationUtils (318)
[2020.05.01-17.54.32:200][927]LogModuleManager: Shutting down and abandoning module VariantManagerContent (316)
[2020.05.01-17.54.32:200][927]LogModuleManager: Shutting down and abandoning module SpeedTreeImporter (314)
[2020.05.01-17.54.32:200][927]LogModuleManager: Shutting down and abandoning module PluginBrowser (312)
[2020.05.01-17.54.32:201][927]LogModuleManager: Shutting down and abandoning module MobileLauncherProfileWizard (310)
[2020.05.01-17.54.32:202][927]LogModuleManager: Shutting down and abandoning module MaterialAnalyzer (308)
[2020.05.01-17.54.32:202][927]LogModuleManager: Shutting down and abandoning module CurveEditorTools (306)
[2020.05.01-17.54.32:203][927]LogModuleManager: Shutting down and abandoning module CurveEditor (305)
[2020.05.01-17.54.32:205][927]LogModuleManager: Shutting down and abandoning module VisualStudioSourceCodeAccess (302)
[2020.05.01-17.54.32:205][927]LogModuleManager: Shutting down and abandoning module VisualStudioCodeSourceCodeAccess (300)
[2020.05.01-17.54.32:205][927]LogModuleManager: Shutting down and abandoning module SubversionSourceControl (298)
[2020.05.01-17.54.32:206][927]LogModuleManager: Shutting down and abandoning module PerforceSourceControl (296)
[2020.05.01-17.54.32:207][927]LogModuleManager: Shutting down and abandoning module GitSourceControl (294)
[2020.05.01-17.54.32:209][927]LogModuleManager: Shutting down and abandoning module SourceControl (293)
[2020.05.01-17.54.32:209][927]LogModuleManager: Shutting down and abandoning module CLionSourceCodeAccess (290)
[2020.05.01-17.54.32:209][927]LogModuleManager: Shutting down and abandoning module AnimationSharingEd (288)
[2020.05.01-17.54.32:209][927]LogModuleManager: Shutting down and abandoning module ActorLayerUtilitiesEditor (286)
[2020.05.01-17.54.32:209][927]LogModuleManager: Shutting down and abandoning module ActorLayerUtilities (284)
[2020.05.01-17.54.32:209][927]LogModuleManager: Shutting down and abandoning module PaperTiledImporter (282)
[2020.05.01-17.54.32:209][927]LogModuleManager: Shutting down and abandoning module PaperSpriteSheetImporter (280)
[2020.05.01-17.54.32:209][927]LogModuleManager: Shutting down and abandoning module Paper2DEditor (278)
[2020.05.01-17.54.32:210][927]LogModuleManager: Shutting down and abandoning module ActionRPG (276)
[2020.05.01-17.54.32:210][927]LogModuleManager: Shutting down and abandoning module SignificanceManager (274)
[2020.05.01-17.54.32:210][927]LogModuleManager: Shutting down and abandoning module GameplayAbilitiesEditor (272)
[2020.05.01-17.54.32:210][927]LogModuleManager: Shutting down and abandoning module GameplayAbilities (270)
[2020.05.01-17.54.32:210][927]LogModuleManager: Shutting down and abandoning module GameplayDebugger (269)
[2020.05.01-17.54.32:211][927]LogModuleManager: Shutting down and abandoning module ActorSequence (266)
[2020.05.01-17.54.32:211][927]LogModuleManager: Shutting down and abandoning module UdpMessaging (264)
[2020.05.01-17.54.32:312][927]LogModuleManager: Shutting down and abandoning module TcpMessaging (262)
[2020.05.01-17.54.32:412][927]LogModuleManager: Shutting down and abandoning module GameplayTagsEditor (260)
[2020.05.01-17.54.32:412][927]LogModuleManager: Shutting down and abandoning module AssetManagerEditor (258)
[2020.05.01-17.54.32:413][927]LogModuleManager: Shutting down and abandoning module LevelEditor (257)
[2020.05.01-17.54.32:414][927]LogModuleManager: Shutting down and abandoning module PixelInspectorModule (256)
[2020.05.01-17.54.32:414][927]LogModuleManager: Shutting down and abandoning module CommonMenuExtensions (254)
[2020.05.01-17.54.32:415][927]LogModuleManager: Shutting down and abandoning module MainFrame (252)
[2020.05.01-17.54.32:415][927]LogModuleManager: Shutting down and abandoning module HotReload (251)
[2020.05.01-17.54.32:415][927]LogModuleManager: Shutting down and abandoning module ContentBrowser (247)
[2020.05.01-17.54.32:416][927]LogModuleManager: Shutting down and abandoning module TreeMap (245)
[2020.05.01-17.54.32:416][927]LogModuleManager: Shutting down and abandoning module AnimationSharing (242)
[2020.05.01-17.54.32:416][927]LogModuleManager: Shutting down and abandoning module Paper2D (240)
[2020.05.01-17.54.32:417][927]LogModuleManager: Shutting down and abandoning module WebMMoviePlayer (238)
[2020.05.01-17.54.32:417][927]LogModuleManager: Shutting down and abandoning module ActionRPGLoadingScreen (236)
[2020.05.01-17.54.32:418][927]LogModuleManager: Shutting down and abandoning module NetworkReplayStreaming (234)
[2020.05.01-17.54.32:418][927]LogModuleManager: Shutting down and abandoning module PacketHandler (232)
[2020.05.01-17.54.32:418][927]LogModuleManager: Shutting down and abandoning module ClothingSystemEditor (230)
[2020.05.01-17.54.32:418][927]LogModuleManager: Shutting down and abandoning module ClothingSystemRuntime (228)
[2020.05.01-17.54.32:418][927]LogModuleManager: Shutting down and abandoning module MediaAssets (226)
[2020.05.01-17.54.32:418][927]LogModuleManager: Shutting down and abandoning module Overlay (224)
[2020.05.01-17.54.32:418][927]LogModuleManager: Shutting down and abandoning module OverlayEditor (223)
[2020.05.01-17.54.32:418][927]LogModuleManager: Shutting down and abandoning module EnvironmentQueryEditor (220)
[2020.05.01-17.54.32:420][927]LogModuleManager: Shutting down and abandoning module VREditor (218)
[2020.05.01-17.54.32:420][927]LogModuleManager: Shutting down and abandoning module StringTableEditor (216)
[2020.05.01-17.54.32:421][927]LogModuleManager: Shutting down and abandoning module GameplayTasksEditor (214)
[2020.05.01-17.54.32:421][927]LogModuleManager: Shutting down and abandoning module BehaviorTreeEditor (212)
[2020.05.01-17.54.32:423][927]LogModuleManager: Shutting down and abandoning module FunctionalTesting (210)
[2020.05.01-17.54.32:423][927]LogModuleManager: Shutting down and abandoning module CollisionAnalyzer (208)
[2020.05.01-17.54.32:424][927]LogModuleManager: Shutting down and abandoning module WorkspaceMenuStructure (207)
[2020.05.01-17.54.32:424][927]LogModuleManager: Shutting down and abandoning module UMG (204)
[2020.05.01-17.54.32:424][927]LogModuleManager: Shutting down and abandoning module UMGEditor (203)
[2020.05.01-17.54.32:425][927]LogModuleManager: Shutting down and abandoning module Sequencer (202)
[2020.05.01-17.54.32:427][927]LogModuleManager: Shutting down and abandoning module MessageLog (199)
[2020.05.01-17.54.32:427][927]LogModuleManager: Shutting down and abandoning module SlateReflector (194)
[2020.05.01-17.54.32:429][927]LogModuleManager: Shutting down and abandoning module Slate (192)
[2020.05.01-17.54.32:429][927]LogModuleManager: Shutting down and abandoning module LandscapeEditorUtilities (190)
[2020.05.01-17.54.32:429][927]LogModuleManager: Shutting down and abandoning module EditorStyle (188)
[2020.05.01-17.54.32:430][927]LogModuleManager: Shutting down and abandoning module UnrealEd (186)
[2020.05.01-17.54.32:430][927]LogModuleManager: Shutting down and abandoning module MRMesh (184)
[2020.05.01-17.54.32:430][927]LogModuleManager: Shutting down and abandoning module SourceCodeAccess (182)
[2020.05.01-17.54.32:430][927]LogModuleManager: Shutting down and abandoning module HeadMountedDisplay (180)
[2020.05.01-17.54.32:430][927]LogModuleManager: Shutting down and abandoning module XAudio2 (178)
[2020.05.01-17.54.32:430][927]LogModuleManager: Shutting down and abandoning module Networking (176)
[2020.05.01-17.54.32:430][927]LogModuleManager: Shutting down and abandoning module Core (174)
[2020.05.01-17.54.32:430][927]LogModuleManager: Shutting down and abandoning module KismetCompiler (172)
[2020.05.01-17.54.32:430][927]LogModuleManager: Shutting down and abandoning module MeshUtilities (170)
[2020.05.01-17.54.32:430][927]LogModuleManager: Shutting down and abandoning module MeshMergeUtilities (169)
[2020.05.01-17.54.32:431][927]LogModuleManager: Shutting down and abandoning module MeshReductionInterface (168)
[2020.05.01-17.54.32:431][927]LogModuleManager: Shutting down and abandoning module SkeletalMeshReduction (167)
[2020.05.01-17.54.32:432][927]LogModuleManager: Shutting down and abandoning module ProxyLODMeshReduction (165)
[2020.05.01-17.54.32:433][927]LogModuleManager: Shutting down and abandoning module QuadricMeshReduction (163)
[2020.05.01-17.54.32:433][927]LogModuleManager: Shutting down and abandoning module MaterialBaking (159)
[2020.05.01-17.54.32:433][927]LogModuleManager: Shutting down and abandoning module NullInstallBundleManager (154)
[2020.05.01-17.54.32:433][927]LogModuleManager: Shutting down and abandoning module DerivedDataCache (152)
[2020.05.01-17.54.32:465][927]LogDerivedDataCache: Shutdown
[2020.05.01-17.54.32:465][927]LogModuleManager: Shutting down and abandoning module XGEController (150)
[2020.05.01-17.54.32:466][927]LogModuleManager: Shutting down and abandoning module TargetPlatform (148)
[2020.05.01-17.54.32:466][927]LogModuleManager: Shutting down and abandoning module VulkanShaderFormat (147)
[2020.05.01-17.54.32:466][927]LogModuleManager: Shutting down and abandoning module ShaderFormatVectorVM (145)
[2020.05.01-17.54.32:467][927]LogModuleManager: Shutting down and abandoning module ShaderFormatOpenGL (143)
[2020.05.01-17.54.32:467][927]LogModuleManager: Shutting down and abandoning module ShaderFormatD3D (141)
[2020.05.01-17.54.32:468][927]LogModuleManager: Shutting down and abandoning module MetalShaderFormat (139)
[2020.05.01-17.54.32:468][927]LogModuleManager: Shutting down and abandoning module TextureFormatUncompressed (137)
[2020.05.01-17.54.32:469][927]LogModuleManager: Shutting down and abandoning module TextureFormatPVR (135)
[2020.05.01-17.54.32:469][927]LogModuleManager: Shutting down and abandoning module TextureFormatDXT (133)
[2020.05.01-17.54.32:469][927]LogModuleManager: Shutting down and abandoning module TextureFormatIntelISPCTexComp (131)
[2020.05.01-17.54.32:470][927]LogModuleManager: Shutting down and abandoning module TextureFormatASTC (129)
[2020.05.01-17.54.32:470][927]LogModuleManager: Shutting down and abandoning module ImageWrapper (128)
[2020.05.01-17.54.32:470][927]LogModuleManager: Shutting down and abandoning module TextureFormatAndroid (125)
[2020.05.01-17.54.32:470][927]LogModuleManager: Shutting down and abandoning module AudioFormatOpus (123)
[2020.05.01-17.54.32:470][927]LogModuleManager: Shutting down and abandoning module AudioFormatOgg (121)
[2020.05.01-17.54.32:470][927]LogModuleManager: Shutting down and abandoning module AudioFormatADPCM (119)
[2020.05.01-17.54.32:470][927]LogModuleManager: Shutting down and abandoning module LuminTargetPlatform (117)
[2020.05.01-17.54.32:471][927]LogModuleManager: Shutting down and abandoning module LinuxTargetPlatform (115)
[2020.05.01-17.54.32:471][927]LogModuleManager: Shutting down and abandoning module LinuxServerTargetPlatform (113)
[2020.05.01-17.54.32:472][927]LogModuleManager: Shutting down and abandoning module LinuxNoEditorTargetPlatform (111)
[2020.05.01-17.54.32:472][927]LogModuleManager: Shutting down and abandoning module LinuxClientTargetPlatform (109)
[2020.05.01-17.54.32:472][927]LogModuleManager: Shutting down and abandoning module TVOSTargetPlatform (107)
[2020.05.01-17.54.32:473][927]LogModuleManager: Shutting down and abandoning module Messaging (105)
[2020.05.01-17.54.32:473][927]LogModuleManager: Shutting down and abandoning module IOSTargetPlatform (103)
[2020.05.01-17.54.32:473][927]LogModuleManager: Shutting down and abandoning module HTML5TargetPlatform (101)
[2020.05.01-17.54.32:473][927]LogModuleManager: Shutting down and abandoning module AndroidTargetPlatform (99)
[2020.05.01-17.54.32:478][927]LogModuleManager: Shutting down and abandoning module WindowsTargetPlatform (97)
[2020.05.01-17.54.32:478][927]LogModuleManager: Shutting down and abandoning module WindowsServerTargetPlatform (95)
[2020.05.01-17.54.32:478][927]LogModuleManager: Shutting down and abandoning module WindowsNoEditorTargetPlatform (93)
[2020.05.01-17.54.32:478][927]LogModuleManager: Shutting down and abandoning module WindowsClientTargetPlatform (91)
[2020.05.01-17.54.32:478][927]LogModuleManager: Shutting down and abandoning module MacTargetPlatform (89)
[2020.05.01-17.54.32:478][927]LogModuleManager: Shutting down and abandoning module MacServerTargetPlatform (87)
[2020.05.01-17.54.32:478][927]LogModuleManager: Shutting down and abandoning module MacNoEditorTargetPlatform (85)
[2020.05.01-17.54.32:478][927]LogModuleManager: Shutting down and abandoning module MacClientTargetPlatform (83)
[2020.05.01-17.54.32:478][927]LogModuleManager: Shutting down and abandoning module AllDesktopTargetPlatform (81)
[2020.05.01-17.54.32:478][927]LogModuleManager: Shutting down and abandoning module InputCore (78)
[2020.05.01-17.54.32:478][927]LogModuleManager: Shutting down and abandoning module Settings (76)
[2020.05.01-17.54.32:478][927]LogModuleManager: Shutting down and abandoning module DirectoryWatcher (74)
[2020.05.01-17.54.32:478][927]LogModuleManager: Shutting down and abandoning module PhysXCooking (72)
[2020.05.01-17.54.32:478][927]LogModuleManager: Shutting down and abandoning module WindowsPlatformFeatures (70)
[2020.05.01-17.54.32:478][927]LogModuleManager: Shutting down and abandoning module GameplayMediaEncoder (69)
[2020.05.01-17.54.32:479][927]LogModuleManager: Shutting down and abandoning module ExampleDeviceProfileSelector (66)
[2020.05.01-17.54.32:479][927]LogModuleManager: Shutting down and abandoning module LauncherChunkInstaller (64)
[2020.05.01-17.54.32:479][927]LogModuleManager: Shutting down and abandoning module OnlineBlueprintSupport (62)
[2020.05.01-17.54.32:479][927]LogModuleManager: Shutting down and abandoning module OnlineSubsystem (58)
[2020.05.01-17.54.32:482][927]LogModuleManager: Shutting down and abandoning module XMPP (53)
[2020.05.01-17.54.32:484][927]LogModuleManager: Shutting down and abandoning module WebSockets (52)
[2020.05.01-17.54.32:508][927]LogModuleManager: Shutting down and abandoning module HTTP (49)
[2020.05.01-17.54.32:509][927]LogHttp: Display: Http module shutting down, but needs to wait on 1 outstanding Http requests:
[2020.05.01-17.54.32:509][927]LogHttp: Display: 	verb=[POST] url=[https://datarouter.ol.epicgames.com/datarouter/api/v1/public/data?SessionID=%7B178D4024-4016-200A-19A5-24806CBA6F48%7D&AppID=UEEditor.Rocket.Release&AppVersion=4.23.1-9631420%2B%2B%2BUE4%2BRelease-4.23&UserID=5f1a384242195162e30d1a81fc9c0e23%7Cb565faa67db44caf9aa4b9de7250148c%7Ce478bafb-28d0-489e-a81a-909f704e16c5&AppEnvironment=datacollector-binary&UploadType=eteventstream] status=Processing
[2020.05.01-17.54.32:540][927]LogModuleManager: Shutting down and abandoning module SSL (48)
[2020.05.01-17.54.32:541][927]LogModuleManager: Shutting down and abandoning module AISupportModule (44)
[2020.05.01-17.54.32:541][927]LogModuleManager: Shutting down and abandoning module PlatformCryptoOpenSSL (42)
[2020.05.01-17.54.32:542][927]LogModuleManager: Shutting down and abandoning module PlatformCrypto (40)
[2020.05.01-17.54.32:542][927]LogModuleManager: Shutting down and abandoning module AnimationModifiers (38)
[2020.05.01-17.54.32:542][927]LogModuleManager: Shutting down and abandoning module PropertyEditor (37)
[2020.05.01-17.54.32:542][927]LogModuleManager: Shutting down and abandoning module AudioEditor (34)
[2020.05.01-17.54.32:544][927]LogModuleManager: Shutting down and abandoning module TextureCompressor (32)
[2020.05.01-17.54.32:544][927]LogModuleManager: Shutting down and abandoning module RenderCore (30)
[2020.05.01-17.54.32:544][927]LogModuleManager: Shutting down and abandoning module Landscape (28)
[2020.05.01-17.54.32:544][927]LogModuleManager: Shutting down and abandoning module SlateRHIRenderer (26)
[2020.05.01-17.54.32:548][927]LogModuleManager: Shutting down and abandoning module OpenGLDrv (24)
[2020.05.01-17.54.32:548][927]LogModuleManager: Shutting down and abandoning module D3D11RHI (22)
[2020.05.01-17.54.32:548][927]LogModuleManager: Shutting down and abandoning module AnimGraphRuntime (20)
[2020.05.01-17.54.32:549][927]LogModuleManager: Shutting down and abandoning module Renderer (18)
[2020.05.01-17.54.32:549][927]LogModuleManager: Shutting down and abandoning module Engine (16)
[2020.05.01-17.54.32:549][927]LogModuleManager: Shutting down and abandoning module CoreUObject (14)
[2020.05.01-17.54.32:549][927]LogModuleManager: Shutting down and abandoning module NetworkFile (12)
[2020.05.01-17.54.32:549][927]LogModuleManager: Shutting down and abandoning module CookedIterativeFile (10)
[2020.05.01-17.54.32:549][927]LogModuleManager: Shutting down and abandoning module StreamingFile (8)
[2020.05.01-17.54.32:550][927]LogModuleManager: Shutting down and abandoning module SandboxFile (6)
[2020.05.01-17.54.32:550][927]LogModuleManager: Shutting down and abandoning module PakFile (4)
[2020.05.01-17.54.32:550][927]LogModuleManager: Shutting down and abandoning module RSA (3)
[2020.05.01-17.54.32:551][927]LogD3D11RHI: Shutdown
[2020.05.01-17.54.32:551][927]LogD3D11RHI: CleanupD3DDevice
[2020.05.01-17.54.32:553][927]LogRendererCore: FGlobalDynamicReadBuffer::Cleanup()
[2020.05.01-17.54.32:553][927]LogRendererCore: FGlobalDynamicReadBuffer::Cleanup()
[2020.05.01-17.54.32:553][927]LogRendererCore: FGlobalDynamicReadBuffer::Cleanup()
[2020.05.01-17.54.32:555][927]LogD3D11RHI: ~FD3D11DynamicRHI
[2020.05.01-17.54.32:564][927]LogExit: Exiting.
[2020.05.01-17.54.32:569][927]Log file closed, 05/01/20 13:54:32
