Log file open, 05/27/20 11:16:18
LogWindows: Failed to load 'aqProf.dll' (GetLastError=126)
LogWindows: File 'aqProf.dll' does not exist
LogWindows: Failed to load 'VtuneApi.dll' (GetLastError=126)
LogWindows: File 'VtuneApi.dll' does not exist
LogWindows: Failed to load 'VtuneApi32e.dll' (GetLastError=126)
LogWindows: File 'VtuneApi32e.dll' does not exist
LogConsoleResponse: Display: Failed to find resolution value strings in scalability ini. Falling back to default.
LogInit: Display: Running engine for game: ActionRPG
LogPlatformFile: Not using cached read wrapper
LogTaskGraph: Started task graph with 5 named threads and 35 total threads with 3 sets of task threads.
LogStats: Stats thread started at 0.951756
LogD3D11RHI: Loaded GFSDK_Aftermath_Lib.x64.dll
LogICUInternationalization: ICU TimeZone Detection - Raw Offset: -5:00, Platform Override: ''
LogPluginManager: Mounting plugin Paper2D
LogPluginManager: Mounting plugin AISupport
LogPluginManager: Mounting plugin ActorLayerUtilities
LogPluginManager: Mounting plugin AnimationSharing
LogPluginManager: Mounting plugin CLionSourceCodeAccess
LogPluginManager: Mounting plugin CodeLiteSourceCodeAccess
LogPluginManager: Mounting plugin GitSourceControl
LogPluginManager: Mounting plugin KDevelopSourceCodeAccess
LogPluginManager: Mounting plugin NullSourceCodeAccess
LogPluginManager: Mounting plugin PerforceSourceControl
LogPluginManager: Mounting plugin SubversionSourceControl
LogPluginManager: Mounting plugin VisualStudioCodeSourceCodeAccess
LogPluginManager: Mounting plugin VisualStudioSourceCodeAccess
LogPluginManager: Mounting plugin XCodeSourceCodeAccess
LogPluginManager: Mounting plugin AssetManagerEditor
LogPluginManager: Mounting plugin CurveEditorTools
LogPluginManager: Mounting plugin GameplayTagsEditor
LogPluginManager: Mounting plugin MacGraphicsSwitching
LogPluginManager: Mounting plugin MaterialAnalyzer
LogPluginManager: Mounting plugin MobileLauncherProfileWizard
LogPluginManager: Mounting plugin PluginBrowser
LogPluginManager: Mounting plugin SpeedTreeImporter
LogPluginManager: Mounting plugin VariantManagerContent
LogPluginManager: Mounting plugin AutomationUtils
LogPluginManager: Mounting plugin BackChannel
LogPluginManager: Mounting plugin PlatformCrypto
LogPluginManager: Mounting plugin ProxyLODPlugin
LogPluginManager: Mounting plugin SkeletalReduction
LogPluginManager: Mounting plugin MixamoAnimationRetargeting
LogPluginManager: Mounting plugin AndroidMedia
LogPluginManager: Mounting plugin AvfMedia
LogPluginManager: Mounting plugin ImgMedia
LogPluginManager: Mounting plugin MediaPlayerEditor
LogPluginManager: Mounting plugin WebMMedia
LogPluginManager: Mounting plugin TcpMessaging
LogPluginManager: Mounting plugin UdpMessaging
LogPluginManager: Mounting plugin ActorSequence
LogPluginManager: Mounting plugin LevelSequenceEditor
LogPluginManager: Mounting plugin MatineeToLevelSequence
LogPluginManager: Mounting plugin NetcodeUnitTest
LogPluginManager: Mounting plugin NUTUnrealEngine4
LogPluginManager: Mounting plugin OnlineSubsystemGooglePlay
LogPluginManager: Mounting plugin OnlineSubsystemIOS
LogPluginManager: Mounting plugin OnlineSubsystem
LogPluginManager: Mounting plugin OnlineSubsystemNull
LogPluginManager: Mounting plugin OnlineSubsystemUtils
LogPluginManager: Mounting plugin LauncherChunkInstaller
LogPluginManager: Mounting plugin AndroidDeviceProfileSelector
LogPluginManager: Mounting plugin AndroidMoviePlayer
LogPluginManager: Mounting plugin AndroidPermission
LogPluginManager: Mounting plugin AppleImageUtils
LogPluginManager: Mounting plugin AppleMoviePlayer
LogPluginManager: Mounting plugin EditableMesh
LogPluginManager: Mounting plugin ExampleDeviceProfileSelector
LogPluginManager: Mounting plugin GameplayAbilities
LogPluginManager: Mounting plugin GoogleCloudMessaging
LogPluginManager: Mounting plugin IOSDeviceProfileSelector
LogPluginManager: Mounting plugin LinuxDeviceProfileSelector
LogPluginManager: Mounting plugin MobilePatchingUtils
LogPluginManager: Mounting plugin SignificanceManager
LogPluginManager: Mounting plugin WebMMoviePlayer
LogPluginManager: Mounting plugin SlateRemote
LogPluginManager: Mounting plugin ScreenshotTools
LogInit: Using libcurl 7.55.1-DEV
LogInit:  - built for x86_64-pc-win32
LogInit:  - supports SSL with OpenSSL/1.1.1
LogInit:  - supports HTTP deflate (compression) using libz 1.2.8
LogInit:  - other features:
LogInit:      CURL_VERSION_SSL
LogInit:      CURL_VERSION_LIBZ
LogInit:      CURL_VERSION_IPV6
LogInit:      CURL_VERSION_ASYNCHDNS
LogInit:      CURL_VERSION_LARGEFILE
LogInit:      CURL_VERSION_IDN
LogInit:  CurlRequestOptions (configurable via config and command line):
LogInit:  - bVerifyPeer = true  - Libcurl will verify peer certificate
LogInit:  - bUseHttpProxy = false  - Libcurl will NOT use HTTP proxy
LogInit:  - bDontReuseConnections = false  - Libcurl will reuse connections
LogInit:  - MaxHostConnections = 16  - Libcurl will limit the number of connections to a host
LogInit:  - LocalHostAddr = Default
LogInit:  - BufferSize = 65536
LogOnline: OSS: Creating online subsystem instance for: NULL
LogInit: WinSock: version 1.1 (2.2), MaxSocks=32767, MaxUdp=65467
LogInit: Build: ++UE4+Release-4.23-CL-9631420
LogInit: Engine Version: 4.23.1-9631420+++UE4+Release-4.23
LogInit: Compatible Engine Version: 4.23.0-8386587+++UE4+Release-4.23
LogInit: Net CL: 8386587
LogInit: OS: Windows 10 (Release 1809) (), CPU: Intel(R) Core(TM) i7-9750H CPU @ 2.60GHz, GPU: Intel(R) UHD Graphics 630
LogInit: Compiled (64-bit): Oct 18 2019 02:07:44
LogInit: Compiled with Visual C++: 19.16.27030.01
LogInit: Build Configuration: Development
LogInit: Branch Name: ++UE4+Release-4.23
LogInit: Command Line: 
LogInit: Base Directory: C:/Program Files/Epic Games/UE_4.23/Engine/Binaries/Win64/
LogInit: Installed Engine Build: 1
LogDevObjectVersion: Number of dev versions registered: 23
LogDevObjectVersion:   Dev-Blueprints (B0D832E4-1F89-4F0D-ACCF-7EB736FD4AA2): 10
LogDevObjectVersion:   Dev-Build (E1C64328-A22C-4D53-A36C-8E866417BD8C): 0
LogDevObjectVersion:   Dev-Core (375EC13C-06E4-48FB-B500-84F0262A717E): 3
LogDevObjectVersion:   Dev-Editor (E4B068ED-F494-42E9-A231-DA0B2E46BB41): 34
LogDevObjectVersion:   Dev-Framework (CFFC743F-43B0-4480-9391-14DF171D2073): 35
LogDevObjectVersion:   Dev-Mobile (B02B49B5-BB20-44E9-A304-32B752E40360): 2
LogDevObjectVersion:   Dev-Networking (A4E4105C-59A1-49B5-A7C5-40C4547EDFEE): 0
LogDevObjectVersion:   Dev-Online (39C831C9-5AE6-47DC-9A44-9C173E1C8E7C): 0
LogDevObjectVersion:   Dev-Physics (78F01B33-EBEA-4F98-B9B4-84EACCB95AA2): 0
LogDevObjectVersion:   Dev-Platform (6631380F-2D4D-43E0-8009-CF276956A95A): 0
LogDevObjectVersion:   Dev-Rendering (12F88B9F-8875-4AFC-A67C-D90C383ABD29): 31
LogDevObjectVersion:   Dev-Sequencer (7B5AE74C-D270-4C10-A958-57980B212A5A): 11
LogDevObjectVersion:   Dev-VR (D7296918-1DD6-4BDD-9DE2-64A83CC13884): 2
LogDevObjectVersion:   Dev-LoadTimes (C2A15278-BFE7-4AFE-6C17-90FF531DF755): 1
LogDevObjectVersion:   Private-Geometry (6EACA3D4-40EC-4CC1-B786-8BED09428FC5): 3
LogDevObjectVersion:   Dev-AnimPhys (29E575DD-E0A3-4627-9D10-D276232CDCEA): 17
LogDevObjectVersion:   Dev-Anim (AF43A65D-7FD3-4947-9873-3E8ED9C1BB05): 2
LogDevObjectVersion:   Dev-ReflectionCapture (6B266CEC-1EC7-4B8F-A30B-E4D90942FC07): 1
LogDevObjectVersion:   Dev-Automation (0DF73D61-A23F-47EA-B727-89E90C41499A): 1
LogDevObjectVersion:   FortniteMain (601D1886-AC64-4F84-AA16-D3DE0DEAC7D6): 27
LogDevObjectVersion:   Dev-Enterprise (9DFFBCD6-494F-0158-E221-12823C92A888): 6
LogDevObjectVersion:   Dev-Niagara (F2AED0AC-9AFE-416F-8664-AA7FFA26D6FC): 1
LogDevObjectVersion:   Dev-Destruction (174F1F0B-B4C6-45A5-B13F-2EE8D0FB917D): 9
LogInit: Presizing for max 16777216 objects, including 0 objects not considered by GC, pre-allocating 0 bytes for permanent pool.
LogInit: Object subsystem initialized
LogConfig: Setting CVar [[con.DebugEarlyDefault:1]]
LogConfig: Setting CVar [[r.setres:1280x720]]
[2020.05.27-15.16.19:236][  0]LogConfig: Setting CVar [[r.VSync:0]]
[2020.05.27-15.16.19:236][  0]LogConfig: Setting CVar [[r.RHICmdBypass:0]]
[2020.05.27-15.16.19:237][  0]LogConfig: Applying CVar settings from Section [/Script/Engine.RendererSettings] File [C:/Users/Upper School/Documents/GitHub/game-team-h/ActionRPG/Saved/Config/Windows/Engine.ini]
[2020.05.27-15.16.19:237][  0]LogConfig: Setting CVar [[r.GPUCrashDebugging:0]]
[2020.05.27-15.16.19:237][  0]LogConfig: Setting CVar [[r.Mobile.TonemapperFilm:1]]
[2020.05.27-15.16.19:237][  0]LogConfig: Setting CVar [[r.MobileHDR:1]]
[2020.05.27-15.16.19:237][  0]LogConfig: Setting CVar [[r.AllowOcclusionQueries:1]]
[2020.05.27-15.16.19:237][  0]LogConfig: Setting CVar [[r.MinScreenRadiusForLights:0.030000]]
[2020.05.27-15.16.19:237][  0]LogConfig: Setting CVar [[r.MinScreenRadiusForDepthPrepass:0.030000]]
[2020.05.27-15.16.19:237][  0]LogConfig: Setting CVar [[r.PrecomputedVisibilityWarning:0]]
[2020.05.27-15.16.19:237][  0]LogConfig: Setting CVar [[r.TextureStreaming:1]]
[2020.05.27-15.16.19:237][  0]LogConfig: Setting CVar [[Compat.UseDXT5NormalMaps:0]]
[2020.05.27-15.16.19:237][  0]LogConfig: Setting CVar [[r.AllowStaticLighting:1]]
[2020.05.27-15.16.19:237][  0]LogConfig: Setting CVar [[r.NormalMapsForStaticLighting:0]]
[2020.05.27-15.16.19:237][  0]LogConfig: Setting CVar [[r.GenerateMeshDistanceFields:0]]
[2020.05.27-15.16.19:237][  0]LogConfig: Setting CVar [[r.TessellationAdaptivePixelsPerTriangle:48.000000]]
[2020.05.27-15.16.19:237][  0]LogConfig: Setting CVar [[r.SeparateTranslucency:0]]
[2020.05.27-15.16.19:237][  0]LogConfig: Setting CVar [[r.TranslucentSortPolicy:0]]
[2020.05.27-15.16.19:237][  0]LogConfig: Setting CVar [[r.CustomDepth:1]]
[2020.05.27-15.16.19:237][  0]LogConfig: Setting CVar [[r.DefaultFeature.Bloom:1]]
[2020.05.27-15.16.19:237][  0]LogConfig: Setting CVar [[r.DefaultFeature.AmbientOcclusion:0]]
[2020.05.27-15.16.19:237][  0]LogConfig: Setting CVar [[r.DefaultFeature.AmbientOcclusionStaticFraction:1]]
[2020.05.27-15.16.19:237][  0]LogConfig: Setting CVar [[r.DefaultFeature.AutoExposure:0]]
[2020.05.27-15.16.19:237][  0]LogConfig: Setting CVar [[r.DefaultFeature.MotionBlur:0]]
[2020.05.27-15.16.19:237][  0]LogConfig: Setting CVar [[r.DefaultFeature.LensFlare:0]]
[2020.05.27-15.16.19:237][  0]LogConfig: Setting CVar [[r.DefaultFeature.AntiAliasing:3]]
[2020.05.27-15.16.19:237][  0]LogConfig: Setting CVar [[r.EarlyZPass:3]]
[2020.05.27-15.16.19:239][  0]LogConfig: Setting CVar [[r.DBuffer:0]]
[2020.05.27-15.16.19:239][  0]LogConfig: Setting CVar [[r.ClearSceneMethod:1]]
[2020.05.27-15.16.19:239][  0]LogConfig: Setting CVar [[r.WireframeCullThreshold:5.000000]]
[2020.05.27-15.16.19:239][  0]LogConfig: Setting CVar [[r.MobileMSAA:2]]
[2020.05.27-15.16.19:239][  0]LogConfig: Setting CVar [[r.ReflectionCaptureResolution:64]]
[2020.05.27-15.16.19:239][  0]LogConfig: Setting CVar [[r.Mobile.DisableVertexFog:0]]
[2020.05.27-15.16.19:239][  0]LogConfig: Setting CVar [[r.ReflectionEnvironmentLightmapMixBasedOnRoughness:0]]
[2020.05.27-15.16.19:239][  0]LogConfig: Setting CVar [[r.Mobile.UseLegacyShadingModel:0]]
[2020.05.27-15.16.19:239][  0]LogConfig: Setting CVar [[r.ShaderPipelineCache.Enabled:1]]
[2020.05.27-15.16.19:239][  0]LogConfig: Setting CVar [[r.AllowVolumeTextureAssetCreation:1]]
[2020.05.27-15.16.19:239][  0]LogConfig: Setting CVar [[r.Mobile.AllowDitheredLODTransition:1]]
[2020.05.27-15.16.19:239][  0]LogConfig: Applying CVar settings from Section [/Script/Engine.RendererOverrideSettings] File [C:/Users/Upper School/Documents/GitHub/game-team-h/ActionRPG/Saved/Config/Windows/Engine.ini]
[2020.05.27-15.16.19:239][  0]LogConfig: Applying CVar settings from Section [/Script/Engine.StreamingSettings] File [C:/Users/Upper School/Documents/GitHub/game-team-h/ActionRPG/Saved/Config/Windows/Engine.ini]
[2020.05.27-15.16.19:239][  0]LogConfig: Setting CVar [[s.MinBulkDataSizeForAsyncLoading:131072]]
[2020.05.27-15.16.19:239][  0]LogConfig: Setting CVar [[s.AsyncLoadingThreadEnabled:0]]
[2020.05.27-15.16.19:239][  0]LogConfig: Setting CVar [[s.EventDrivenLoaderEnabled:1]]
[2020.05.27-15.16.19:239][  0]LogConfig: Setting CVar [[s.WarnIfTimeLimitExceeded:0]]
[2020.05.27-15.16.19:239][  0]LogConfig: Setting CVar [[s.TimeLimitExceededMultiplier:1.5]]
[2020.05.27-15.16.19:239][  0]LogConfig: Setting CVar [[s.TimeLimitExceededMinTime:0.005]]
[2020.05.27-15.16.19:239][  0]LogConfig: Setting CVar [[s.UseBackgroundLevelStreaming:1]]
[2020.05.27-15.16.19:239][  0]LogConfig: Setting CVar [[s.PriorityAsyncLoadingExtraTime:15.0]]
[2020.05.27-15.16.19:239][  0]LogConfig: Setting CVar [[s.LevelStreamingActorsUpdateTimeLimit:5.0]]
[2020.05.27-15.16.19:239][  0]LogConfig: Setting CVar [[s.PriorityLevelStreamingActorsUpdateExtraTime:5.0]]
[2020.05.27-15.16.19:239][  0]LogConfig: Setting CVar [[s.LevelStreamingComponentsRegistrationGranularity:10]]
[2020.05.27-15.16.19:239][  0]LogConfig: Setting CVar [[s.UnregisterComponentsTimeLimit:1.0]]
[2020.05.27-15.16.19:239][  0]LogConfig: Setting CVar [[s.LevelStreamingComponentsUnregistrationGranularity:5]]
[2020.05.27-15.16.19:239][  0]LogConfig: Applying CVar settings from Section [/Script/Engine.GarbageCollectionSettings] File [C:/Users/Upper School/Documents/GitHub/game-team-h/ActionRPG/Saved/Config/Windows/Engine.ini]
[2020.05.27-15.16.19:239][  0]LogConfig: Setting CVar [[gc.MaxObjectsNotConsideredByGC:1]]
[2020.05.27-15.16.19:239][  0]LogConfig: Setting CVar [[gc.SizeOfPermanentObjectPool:0]]
[2020.05.27-15.16.19:239][  0]LogConfig: Setting CVar [[gc.FlushStreamingOnGC:0]]
[2020.05.27-15.16.19:239][  0]LogConfig: Setting CVar [[gc.NumRetriesBeforeForcingGC:10]]
[2020.05.27-15.16.19:239][  0]LogConfig: Setting CVar [[gc.AllowParallelGC:1]]
[2020.05.27-15.16.19:239][  0]LogConfig: Setting CVar [[gc.TimeBetweenPurgingPendingKillObjects:61.1]]
[2020.05.27-15.16.19:239][  0]LogConfig: Setting CVar [[gc.MaxObjectsInEditor:16777216]]
[2020.05.27-15.16.19:239][  0]LogConfig: Setting CVar [[gc.IncrementalBeginDestroyEnabled:1]]
[2020.05.27-15.16.19:239][  0]LogConfig: Setting CVar [[gc.CreateGCClusters:1]]
[2020.05.27-15.16.19:239][  0]LogConfig: Setting CVar [[gc.MinGCClusterSize:5]]
[2020.05.27-15.16.19:239][  0]LogConfig: Setting CVar [[gc.ActorClusteringEnabled:0]]
[2020.05.27-15.16.19:239][  0]LogConfig: Setting CVar [[gc.BlueprintClusteringEnabled:0]]
[2020.05.27-15.16.19:239][  0]LogConfig: Setting CVar [[gc.UseDisregardForGCOnDedicatedServers:0]]
[2020.05.27-15.16.19:239][  0]LogConfig: Applying CVar settings from Section [/Script/Engine.NetworkSettings] File [C:/Users/Upper School/Documents/GitHub/game-team-h/ActionRPG/Saved/Config/Windows/Engine.ini]
[2020.05.27-15.16.19:239][  0]LogConfig: Applying CVar settings from Section [/Script/UnrealEd.CookerSettings] File [C:/Users/Upper School/Documents/GitHub/game-team-h/ActionRPG/Saved/Config/Windows/Engine.ini]
[2020.05.27-15.16.19:246][  0]LogConfig: Applying CVar settings from Section [ViewDistanceQuality@3] File [C:/Users/Upper School/Documents/GitHub/game-team-h/ActionRPG/Saved/Config/Windows/Scalability.ini]
[2020.05.27-15.16.19:246][  0]LogConfig: Setting CVar [[r.SkeletalMeshLODBias:0]]
[2020.05.27-15.16.19:246][  0]LogConfig: Setting CVar [[r.ViewDistanceScale:1.0]]
[2020.05.27-15.16.19:246][  0]LogConfig: Applying CVar settings from Section [AntiAliasingQuality@3] File [C:/Users/Upper School/Documents/GitHub/game-team-h/ActionRPG/Saved/Config/Windows/Scalability.ini]
[2020.05.27-15.16.19:246][  0]LogConfig: Setting CVar [[r.PostProcessAAQuality:4]]
[2020.05.27-15.16.19:246][  0]LogConfig: Applying CVar settings from Section [ShadowQuality@3] File [C:/Users/Upper School/Documents/GitHub/game-team-h/ActionRPG/Saved/Config/Windows/Scalability.ini]
[2020.05.27-15.16.19:246][  0]LogConfig: Setting CVar [[r.LightFunctionQuality:1]]
[2020.05.27-15.16.19:246][  0]LogConfig: Setting CVar [[r.ShadowQuality:5]]
[2020.05.27-15.16.19:246][  0]LogConfig: Setting CVar [[r.Shadow.CSM.MaxCascades:10]]
[2020.05.27-15.16.19:246][  0]LogConfig: Setting CVar [[r.Shadow.MaxResolution:2048]]
[2020.05.27-15.16.19:246][  0]LogConfig: Setting CVar [[r.Shadow.MaxCSMResolution:2048]]
[2020.05.27-15.16.19:246][  0]LogConfig: Setting CVar [[r.Shadow.RadiusThreshold:0.01]]
[2020.05.27-15.16.19:246][  0]LogConfig: Setting CVar [[r.Shadow.DistanceScale:1.0]]
[2020.05.27-15.16.19:246][  0]LogConfig: Setting CVar [[r.Shadow.CSM.TransitionScale:1.0]]
[2020.05.27-15.16.19:246][  0]LogConfig: Setting CVar [[r.Shadow.PreShadowResolutionFactor:1.0]]
[2020.05.27-15.16.19:246][  0]LogConfig: Setting CVar [[r.DistanceFieldShadowing:1]]
[2020.05.27-15.16.19:246][  0]LogConfig: Setting CVar [[r.DistanceFieldAO:1]]
[2020.05.27-15.16.19:246][  0]LogConfig: Setting CVar [[r.AOQuality:2]]
[2020.05.27-15.16.19:246][  0]LogConfig: Setting CVar [[r.VolumetricFog:1]]
[2020.05.27-15.16.19:246][  0]LogConfig: Setting CVar [[r.VolumetricFog.GridPixelSize:8]]
[2020.05.27-15.16.19:246][  0]LogConfig: Setting CVar [[r.VolumetricFog.GridSizeZ:128]]
[2020.05.27-15.16.19:246][  0]LogConfig: Setting CVar [[r.VolumetricFog.HistoryMissSupersampleCount:4]]
[2020.05.27-15.16.19:246][  0]LogConfig: Setting CVar [[r.LightMaxDrawDistanceScale:1]]
[2020.05.27-15.16.19:246][  0]LogConfig: Setting CVar [[r.CapsuleShadows:1]]
[2020.05.27-15.16.19:246][  0]LogConfig: Applying CVar settings from Section [PostProcessQuality@3] File [C:/Users/Upper School/Documents/GitHub/game-team-h/ActionRPG/Saved/Config/Windows/Scalability.ini]
[2020.05.27-15.16.19:246][  0]LogConfig: Setting CVar [[r.MotionBlurQuality:4]]
[2020.05.27-15.16.19:246][  0]LogConfig: Setting CVar [[r.AmbientOcclusionMipLevelFactor:0.4]]
[2020.05.27-15.16.19:246][  0]LogConfig: Setting CVar [[r.AmbientOcclusionMaxQuality:100]]
[2020.05.27-15.16.19:246][  0]LogConfig: Setting CVar [[r.AmbientOcclusionLevels:-1]]
[2020.05.27-15.16.19:246][  0]LogConfig: Setting CVar [[r.AmbientOcclusionRadiusScale:1.0]]
[2020.05.27-15.16.19:246][  0]LogConfig: Setting CVar [[r.DepthOfFieldQuality:2]]
[2020.05.27-15.16.19:246][  0]LogConfig: Setting CVar [[r.RenderTargetPoolMin:400]]
[2020.05.27-15.16.19:246][  0]LogConfig: Setting CVar [[r.LensFlareQuality:2]]
[2020.05.27-15.16.19:246][  0]LogConfig: Setting CVar [[r.SceneColorFringeQuality:1]]
[2020.05.27-15.16.19:246][  0]LogConfig: Setting CVar [[r.EyeAdaptationQuality:2]]
[2020.05.27-15.16.19:246][  0]LogConfig: Setting CVar [[r.BloomQuality:5]]
[2020.05.27-15.16.19:246][  0]LogConfig: Setting CVar [[r.FastBlurThreshold:100]]
[2020.05.27-15.16.19:246][  0]LogConfig: Setting CVar [[r.Upscale.Quality:3]]
[2020.05.27-15.16.19:247][  0]LogConfig: Setting CVar [[r.Tonemapper.GrainQuantization:1]]
[2020.05.27-15.16.19:247][  0]LogConfig: Setting CVar [[r.LightShaftQuality:1]]
[2020.05.27-15.16.19:247][  0]LogConfig: Setting CVar [[r.Filter.SizeScale:1]]
[2020.05.27-15.16.19:247][  0]LogConfig: Setting CVar [[r.Tonemapper.Quality:5]]
[2020.05.27-15.16.19:247][  0]LogConfig: Setting CVar [[r.DOF.Gather.AccumulatorQuality:1        ; higher gathering accumulator quality]]
[2020.05.27-15.16.19:247][  0]LogConfig: Setting CVar [[r.DOF.Gather.PostfilterMethod:1          ; Median3x3 postfilering method]]
[2020.05.27-15.16.19:247][  0]LogConfig: Setting CVar [[r.DOF.Gather.EnableBokehSettings:0       ; no bokeh simulation when gathering]]
[2020.05.27-15.16.19:247][  0]LogConfig: Setting CVar [[r.DOF.Gather.RingCount:4                 ; medium number of samples when gathering]]
[2020.05.27-15.16.19:247][  0]LogConfig: Setting CVar [[r.DOF.Scatter.ForegroundCompositing:1    ; additive foreground scattering]]
[2020.05.27-15.16.19:247][  0]LogConfig: Setting CVar [[r.DOF.Scatter.BackgroundCompositing:2    ; additive background scattering]]
[2020.05.27-15.16.19:247][  0]LogConfig: Setting CVar [[r.DOF.Scatter.EnableBokehSettings:1      ; bokeh simulation when scattering]]
[2020.05.27-15.16.19:247][  0]LogConfig: Setting CVar [[r.DOF.Scatter.MaxSpriteRatio:0.1         ; only a maximum of 10% of scattered bokeh]]
[2020.05.27-15.16.19:247][  0]LogConfig: Setting CVar [[r.DOF.Recombine.Quality:1                ; cheap slight out of focus]]
[2020.05.27-15.16.19:247][  0]LogConfig: Setting CVar [[r.DOF.Recombine.EnableBokehSettings:0    ; no bokeh simulation on slight out of focus]]
[2020.05.27-15.16.19:247][  0]LogConfig: Setting CVar [[r.DOF.TemporalAAQuality:1                ; more stable temporal accumulation]]
[2020.05.27-15.16.19:247][  0]LogConfig: Setting CVar [[r.DOF.Kernel.MaxForegroundRadius:0.025]]
[2020.05.27-15.16.19:247][  0]LogConfig: Setting CVar [[r.DOF.Kernel.MaxBackgroundRadius:0.025]]
[2020.05.27-15.16.19:247][  0]LogConfig: Applying CVar settings from Section [TextureQuality@3] File [C:/Users/Upper School/Documents/GitHub/game-team-h/ActionRPG/Saved/Config/Windows/Scalability.ini]
[2020.05.27-15.16.19:247][  0]LogConfig: Setting CVar [[r.Streaming.MipBias:0]]
[2020.05.27-15.16.19:247][  0]LogConfig: Setting CVar [[r.Streaming.AmortizeCPUToGPUCopy:0]]
[2020.05.27-15.16.19:247][  0]LogConfig: Setting CVar [[r.Streaming.MaxNumTexturesToStreamPerFrame:0]]
[2020.05.27-15.16.19:247][  0]LogConfig: Setting CVar [[r.Streaming.Boost:1]]
[2020.05.27-15.16.19:247][  0]LogConfig: Setting CVar [[r.MaxAnisotropy:8]]
[2020.05.27-15.16.19:247][  0]LogConfig: Setting CVar [[r.Streaming.LimitPoolSizeToVRAM:0]]
[2020.05.27-15.16.19:247][  0]LogConfig: Setting CVar [[r.Streaming.PoolSize:1000]]
[2020.05.27-15.16.19:247][  0]LogConfig: Setting CVar [[r.Streaming.MaxEffectiveScreenSize:0]]
[2020.05.27-15.16.19:247][  0]LogConfig: Applying CVar settings from Section [EffectsQuality@3] File [C:/Users/Upper School/Documents/GitHub/game-team-h/ActionRPG/Saved/Config/Windows/Scalability.ini]
[2020.05.27-15.16.19:247][  0]LogConfig: Setting CVar [[r.TranslucencyLightingVolumeDim:64]]
[2020.05.27-15.16.19:247][  0]LogConfig: Setting CVar [[r.RefractionQuality:2]]
[2020.05.27-15.16.19:247][  0]LogConfig: Setting CVar [[r.SSR.Quality:3]]
[2020.05.27-15.16.19:247][  0]LogConfig: Setting CVar [[r.SceneColorFormat:4]]
[2020.05.27-15.16.19:247][  0]LogConfig: Setting CVar [[r.DetailMode:2]]
[2020.05.27-15.16.19:247][  0]LogConfig: Setting CVar [[r.TranslucencyVolumeBlur:1]]
[2020.05.27-15.16.19:247][  0]LogConfig: Setting CVar [[r.MaterialQualityLevel:1 ; High quality]]
[2020.05.27-15.16.19:247][  0]LogConfig: Setting CVar [[r.SSS.Scale:1]]
[2020.05.27-15.16.19:247][  0]LogConfig: Setting CVar [[r.SSS.SampleSet:2]]
[2020.05.27-15.16.19:247][  0]LogConfig: Setting CVar [[r.SSS.Quality:1]]
[2020.05.27-15.16.19:247][  0]LogConfig: Setting CVar [[r.SSS.HalfRes:1]]
[2020.05.27-15.16.19:247][  0]LogConfig: Setting CVar [[r.EmitterSpawnRateScale:1.0]]
[2020.05.27-15.16.19:247][  0]LogConfig: Setting CVar [[r.ParticleLightQuality:2]]
[2020.05.27-15.16.19:247][  0]LogConfig: Applying CVar settings from Section [FoliageQuality@3] File [C:/Users/Upper School/Documents/GitHub/game-team-h/ActionRPG/Saved/Config/Windows/Scalability.ini]
[2020.05.27-15.16.19:247][  0]LogConfig: Setting CVar [[foliage.DensityScale:1.0]]
[2020.05.27-15.16.19:247][  0]LogConfig: Setting CVar [[grass.DensityScale:1.0]]
[2020.05.27-15.16.19:248][  0]LogInit: Selected Device Profile: [Windows]
[2020.05.27-15.16.19:249][  0]LogInit: Applying CVar settings loaded from the selected device profile: [Windows]
[2020.05.27-15.16.19:310][  0]LogHAL: Display: Platform has ~ 16 GB [17017790464 / 17179869184 / 16], which maps to Larger [LargestMinGB=32, LargerMinGB=12, DefaultMinGB=8, SmallerMinGB=6, SmallestMinGB=0)
[2020.05.27-15.16.19:310][  0]LogInit: Going up to parent DeviceProfile []
[2020.05.27-15.16.19:311][  0]LogConfig: Applying CVar settings from Section [ViewDistanceQuality@3] File [C:/Users/Upper School/Documents/GitHub/game-team-h/ActionRPG/Saved/Config/Windows/Scalability.ini]
[2020.05.27-15.16.19:311][  0]LogConfig: Setting CVar [[r.SkeletalMeshLODBias:0]]
[2020.05.27-15.16.19:311][  0]LogConfig: Setting CVar [[r.ViewDistanceScale:1.0]]
[2020.05.27-15.16.19:311][  0]LogConfig: Applying CVar settings from Section [AntiAliasingQuality@3] File [C:/Users/Upper School/Documents/GitHub/game-team-h/ActionRPG/Saved/Config/Windows/Scalability.ini]
[2020.05.27-15.16.19:311][  0]LogConfig: Setting CVar [[r.PostProcessAAQuality:4]]
[2020.05.27-15.16.19:311][  0]LogConfig: Applying CVar settings from Section [ShadowQuality@3] File [C:/Users/Upper School/Documents/GitHub/game-team-h/ActionRPG/Saved/Config/Windows/Scalability.ini]
[2020.05.27-15.16.19:311][  0]LogConfig: Setting CVar [[r.LightFunctionQuality:1]]
[2020.05.27-15.16.19:311][  0]LogConfig: Setting CVar [[r.ShadowQuality:5]]
[2020.05.27-15.16.19:311][  0]LogConfig: Setting CVar [[r.Shadow.CSM.MaxCascades:10]]
[2020.05.27-15.16.19:311][  0]LogConfig: Setting CVar [[r.Shadow.MaxResolution:2048]]
[2020.05.27-15.16.19:311][  0]LogConfig: Setting CVar [[r.Shadow.MaxCSMResolution:2048]]
[2020.05.27-15.16.19:311][  0]LogConfig: Setting CVar [[r.Shadow.RadiusThreshold:0.01]]
[2020.05.27-15.16.19:311][  0]LogConfig: Setting CVar [[r.Shadow.DistanceScale:1.0]]
[2020.05.27-15.16.19:311][  0]LogConfig: Setting CVar [[r.Shadow.CSM.TransitionScale:1.0]]
[2020.05.27-15.16.19:311][  0]LogConfig: Setting CVar [[r.Shadow.PreShadowResolutionFactor:1.0]]
[2020.05.27-15.16.19:311][  0]LogConfig: Setting CVar [[r.DistanceFieldShadowing:1]]
[2020.05.27-15.16.19:311][  0]LogConfig: Setting CVar [[r.DistanceFieldAO:1]]
[2020.05.27-15.16.19:311][  0]LogConfig: Setting CVar [[r.AOQuality:2]]
[2020.05.27-15.16.19:311][  0]LogConfig: Setting CVar [[r.VolumetricFog:1]]
[2020.05.27-15.16.19:311][  0]LogConfig: Setting CVar [[r.VolumetricFog.GridPixelSize:8]]
[2020.05.27-15.16.19:311][  0]LogConfig: Setting CVar [[r.VolumetricFog.GridSizeZ:128]]
[2020.05.27-15.16.19:311][  0]LogConfig: Setting CVar [[r.VolumetricFog.HistoryMissSupersampleCount:4]]
[2020.05.27-15.16.19:311][  0]LogConfig: Setting CVar [[r.LightMaxDrawDistanceScale:1]]
[2020.05.27-15.16.19:311][  0]LogConfig: Setting CVar [[r.CapsuleShadows:1]]
[2020.05.27-15.16.19:311][  0]LogConfig: Applying CVar settings from Section [PostProcessQuality@3] File [C:/Users/Upper School/Documents/GitHub/game-team-h/ActionRPG/Saved/Config/Windows/Scalability.ini]
[2020.05.27-15.16.19:311][  0]LogConfig: Setting CVar [[r.MotionBlurQuality:4]]
[2020.05.27-15.16.19:311][  0]LogConfig: Setting CVar [[r.AmbientOcclusionMipLevelFactor:0.4]]
[2020.05.27-15.16.19:311][  0]LogConfig: Setting CVar [[r.AmbientOcclusionMaxQuality:100]]
[2020.05.27-15.16.19:311][  0]LogConfig: Setting CVar [[r.AmbientOcclusionLevels:-1]]
[2020.05.27-15.16.19:311][  0]LogConfig: Setting CVar [[r.AmbientOcclusionRadiusScale:1.0]]
[2020.05.27-15.16.19:311][  0]LogConfig: Setting CVar [[r.DepthOfFieldQuality:2]]
[2020.05.27-15.16.19:311][  0]LogConfig: Setting CVar [[r.RenderTargetPoolMin:400]]
[2020.05.27-15.16.19:311][  0]LogConfig: Setting CVar [[r.LensFlareQuality:2]]
[2020.05.27-15.16.19:311][  0]LogConfig: Setting CVar [[r.SceneColorFringeQuality:1]]
[2020.05.27-15.16.19:311][  0]LogConfig: Setting CVar [[r.EyeAdaptationQuality:2]]
[2020.05.27-15.16.19:311][  0]LogConfig: Setting CVar [[r.BloomQuality:5]]
[2020.05.27-15.16.19:311][  0]LogConfig: Setting CVar [[r.FastBlurThreshold:100]]
[2020.05.27-15.16.19:311][  0]LogConfig: Setting CVar [[r.Upscale.Quality:3]]
[2020.05.27-15.16.19:311][  0]LogConfig: Setting CVar [[r.Tonemapper.GrainQuantization:1]]
[2020.05.27-15.16.19:311][  0]LogConfig: Setting CVar [[r.LightShaftQuality:1]]
[2020.05.27-15.16.19:311][  0]LogConfig: Setting CVar [[r.Filter.SizeScale:1]]
[2020.05.27-15.16.19:311][  0]LogConfig: Setting CVar [[r.Tonemapper.Quality:5]]
[2020.05.27-15.16.19:311][  0]LogConfig: Setting CVar [[r.DOF.Gather.AccumulatorQuality:1        ; higher gathering accumulator quality]]
[2020.05.27-15.16.19:311][  0]LogConfig: Setting CVar [[r.DOF.Gather.PostfilterMethod:1          ; Median3x3 postfilering method]]
[2020.05.27-15.16.19:311][  0]LogConfig: Setting CVar [[r.DOF.Gather.EnableBokehSettings:0       ; no bokeh simulation when gathering]]
[2020.05.27-15.16.19:311][  0]LogConfig: Setting CVar [[r.DOF.Gather.RingCount:4                 ; medium number of samples when gathering]]
[2020.05.27-15.16.19:311][  0]LogConfig: Setting CVar [[r.DOF.Scatter.ForegroundCompositing:1    ; additive foreground scattering]]
[2020.05.27-15.16.19:312][  0]LogConfig: Setting CVar [[r.DOF.Scatter.BackgroundCompositing:2    ; additive background scattering]]
[2020.05.27-15.16.19:312][  0]LogConfig: Setting CVar [[r.DOF.Scatter.EnableBokehSettings:1      ; bokeh simulation when scattering]]
[2020.05.27-15.16.19:312][  0]LogConfig: Setting CVar [[r.DOF.Scatter.MaxSpriteRatio:0.1         ; only a maximum of 10% of scattered bokeh]]
[2020.05.27-15.16.19:312][  0]LogConfig: Setting CVar [[r.DOF.Recombine.Quality:1                ; cheap slight out of focus]]
[2020.05.27-15.16.19:312][  0]LogConfig: Setting CVar [[r.DOF.Recombine.EnableBokehSettings:0    ; no bokeh simulation on slight out of focus]]
[2020.05.27-15.16.19:312][  0]LogConfig: Setting CVar [[r.DOF.TemporalAAQuality:1                ; more stable temporal accumulation]]
[2020.05.27-15.16.19:312][  0]LogConfig: Setting CVar [[r.DOF.Kernel.MaxForegroundRadius:0.025]]
[2020.05.27-15.16.19:312][  0]LogConfig: Setting CVar [[r.DOF.Kernel.MaxBackgroundRadius:0.025]]
[2020.05.27-15.16.19:312][  0]LogConfig: Applying CVar settings from Section [TextureQuality@3] File [C:/Users/Upper School/Documents/GitHub/game-team-h/ActionRPG/Saved/Config/Windows/Scalability.ini]
[2020.05.27-15.16.19:312][  0]LogConfig: Setting CVar [[r.Streaming.MipBias:0]]
[2020.05.27-15.16.19:312][  0]LogConfig: Setting CVar [[r.Streaming.AmortizeCPUToGPUCopy:0]]
[2020.05.27-15.16.19:312][  0]LogConfig: Setting CVar [[r.Streaming.MaxNumTexturesToStreamPerFrame:0]]
[2020.05.27-15.16.19:312][  0]LogConfig: Setting CVar [[r.Streaming.Boost:1]]
[2020.05.27-15.16.19:312][  0]LogConfig: Setting CVar [[r.MaxAnisotropy:8]]
[2020.05.27-15.16.19:312][  0]LogConfig: Setting CVar [[r.Streaming.LimitPoolSizeToVRAM:0]]
[2020.05.27-15.16.19:312][  0]LogConfig: Setting CVar [[r.Streaming.PoolSize:1000]]
[2020.05.27-15.16.19:312][  0]LogConfig: Setting CVar [[r.Streaming.MaxEffectiveScreenSize:0]]
[2020.05.27-15.16.19:312][  0]LogConfig: Applying CVar settings from Section [EffectsQuality@3] File [C:/Users/Upper School/Documents/GitHub/game-team-h/ActionRPG/Saved/Config/Windows/Scalability.ini]
[2020.05.27-15.16.19:312][  0]LogConfig: Setting CVar [[r.TranslucencyLightingVolumeDim:64]]
[2020.05.27-15.16.19:312][  0]LogConfig: Setting CVar [[r.RefractionQuality:2]]
[2020.05.27-15.16.19:312][  0]LogConfig: Setting CVar [[r.SSR.Quality:3]]
[2020.05.27-15.16.19:312][  0]LogConfig: Setting CVar [[r.SceneColorFormat:4]]
[2020.05.27-15.16.19:312][  0]LogConfig: Setting CVar [[r.DetailMode:2]]
[2020.05.27-15.16.19:312][  0]LogConfig: Setting CVar [[r.TranslucencyVolumeBlur:1]]
[2020.05.27-15.16.19:312][  0]LogConfig: Setting CVar [[r.MaterialQualityLevel:1 ; High quality]]
[2020.05.27-15.16.19:312][  0]LogConfig: Setting CVar [[r.SSS.Scale:1]]
[2020.05.27-15.16.19:312][  0]LogConfig: Setting CVar [[r.SSS.SampleSet:2]]
[2020.05.27-15.16.19:312][  0]LogConfig: Setting CVar [[r.SSS.Quality:1]]
[2020.05.27-15.16.19:312][  0]LogConfig: Setting CVar [[r.SSS.HalfRes:1]]
[2020.05.27-15.16.19:312][  0]LogConfig: Setting CVar [[r.EmitterSpawnRateScale:1.0]]
[2020.05.27-15.16.19:312][  0]LogConfig: Setting CVar [[r.ParticleLightQuality:2]]
[2020.05.27-15.16.19:312][  0]LogConfig: Applying CVar settings from Section [FoliageQuality@3] File [C:/Users/Upper School/Documents/GitHub/game-team-h/ActionRPG/Saved/Config/Windows/Scalability.ini]
[2020.05.27-15.16.19:312][  0]LogConfig: Setting CVar [[foliage.DensityScale:1.0]]
[2020.05.27-15.16.19:312][  0]LogConfig: Setting CVar [[grass.DensityScale:1.0]]
[2020.05.27-15.16.19:312][  0]LogConfig: Applying CVar settings from Section [Startup] File [../../../Engine/Config/ConsoleVariables.ini]
[2020.05.27-15.16.19:320][  0]LogConfig: Setting CVar [[net.UseAdaptiveNetUpdateFrequency:0]]
[2020.05.27-15.16.19:320][  0]LogConfig: Setting CVar [[p.chaos.AllowCreatePhysxBodies:1]]
[2020.05.27-15.16.19:320][  0]LogConfig: Applying CVar settings from Section [ConsoleVariables] File [C:/Users/Upper School/Documents/GitHub/game-team-h/ActionRPG/Saved/Config/Windows/Engine.ini]
[2020.05.27-15.16.19:321][  0]LogInit: Computer: MSI
[2020.05.27-15.16.19:321][  0]LogInit: User: UpperSchool
[2020.05.27-15.16.19:321][  0]LogInit: CPU Page size=4096, Cores=6
[2020.05.27-15.16.19:321][  0]LogInit: High frequency timer resolution =10.000000 MHz
[2020.05.27-15.16.19:322][  0]LogMemory: Memory total: Physical=15.8GB (16GB approx)
[2020.05.27-15.16.19:322][  0]LogMemory: Platform Memory Stats for Windows
[2020.05.27-15.16.19:322][  0]LogMemory: Process Physical Memory: 107.97 MB used, 107.98 MB peak
[2020.05.27-15.16.19:322][  0]LogMemory: Process Virtual Memory: 99.04 MB used, 99.04 MB peak
[2020.05.27-15.16.19:322][  0]LogMemory: Physical Memory: 5774.96 MB used,  10454.47 MB free, 16229.43 MB total
[2020.05.27-15.16.19:322][  0]LogMemory: Virtual Memory: 4685.57 MB used,  134213040.00 MB free, 134217728.00 MB total
[2020.05.27-15.16.19:564][  0]LogWindows: WindowsPlatformFeatures enabled
[2020.05.27-15.16.19:888][  0]LogInit: Using OS detected language (en-US).
[2020.05.27-15.16.19:888][  0]LogInit: Using OS detected locale (en-US).
[2020.05.27-15.16.19:894][  0]LogTextLocalizationManager: No specific localization for 'en-US' exists, so the 'en' localization will be used.
[2020.05.27-15.16.20:365][  0]LogInit: Setting process to per monitor DPI aware
[2020.05.27-15.16.20:477][  0]LogSlate: New Slate User Created.  User Index 0, Is Virtual User: 0
[2020.05.27-15.16.20:477][  0]LogSlate: Slate User Registered.  User Index 0, Is Virtual User: 0
[2020.05.27-15.16.25:007][  0]LogD3D11RHI: D3D11 adapters:
[2020.05.27-15.16.25:647][  0]LogD3D11RHI:    0. 'NVIDIA GeForce GTX 1650' (Feature Level 11_0)
[2020.05.27-15.16.25:647][  0]LogD3D11RHI:       3962/0/8114 MB DedicatedVideo/DedicatedSystem/SharedSystem, Outputs:1, VendorId:0x10de
[2020.05.27-15.16.25:759][  0]LogD3D11RHI:    1. 'Intel(R) UHD Graphics 630' (Feature Level 11_0)
[2020.05.27-15.16.25:759][  0]LogD3D11RHI:       128/0/8114 MB DedicatedVideo/DedicatedSystem/SharedSystem, Outputs:0, VendorId:0x8086
[2020.05.27-15.16.25:767][  0]LogD3D11RHI:    2. 'Microsoft Basic Render Driver' (Feature Level 11_0)
[2020.05.27-15.16.25:767][  0]LogD3D11RHI:       0/0/8114 MB DedicatedVideo/DedicatedSystem/SharedSystem, Outputs:0, VendorId:0x1414
[2020.05.27-15.16.25:767][  0]LogD3D11RHI: Chosen D3D11 Adapter: 0
[2020.05.27-15.16.25:923][  0]LogD3D11RHI: Creating new Direct3DDevice
[2020.05.27-15.16.25:924][  0]LogD3D11RHI:     GPU DeviceId: 0x1f91 (for the marketing name, search the web for "GPU Device Id")
[2020.05.27-15.16.25:924][  0]LogWindows: EnumDisplayDevices:
[2020.05.27-15.16.25:924][  0]LogWindows:    0. 'Intel(R) UHD Graphics 630' (P:1 D:1)
[2020.05.27-15.16.25:926][  0]LogWindows:    1. 'Intel(R) UHD Graphics 630' (P:0 D:0)
[2020.05.27-15.16.25:926][  0]LogWindows:    2. 'Intel(R) UHD Graphics 630' (P:0 D:0)
[2020.05.27-15.16.25:927][  0]LogWindows: DebugString: PrimaryIsNotTheChoosenAdapter PrimaryIsNotTheChoosenAdapter PrimaryIsNotTheChoosenAdapter FoundDriverCount:0 
[2020.05.27-15.16.25:927][  0]LogD3D11RHI:     Adapter Name: NVIDIA GeForce GTX 1650
[2020.05.27-15.16.25:936][  0]LogD3D11RHI:   Driver Version: Unknown (internal:Unknown, unified:Unknown)
[2020.05.27-15.16.25:936][  0]LogD3D11RHI:      Driver Date: Unknown
[2020.05.27-15.16.25:936][  0]LogRHI: Texture pool is 2773 MB (70% of 3962 MB)
[2020.05.27-15.16.26:119][  0]LogD3D11RHI: Async texture creation enabled
[2020.05.27-15.16.26:169][  0]LogD3D11RHI: GPU Timing Frequency: 1000.000000 (Debug: 2 2)
[2020.05.27-15.16.28:225][  0]LogTemp: Display: Module 'AllDesktopTargetPlatform' loaded TargetPlatform 'AllDesktop'
[2020.05.27-15.16.28:240][  0]LogTemp: Display: Module 'MacClientTargetPlatform' loaded TargetPlatform 'MacClient'
[2020.05.27-15.16.28:251][  0]LogTemp: Display: Module 'MacNoEditorTargetPlatform' loaded TargetPlatform 'MacNoEditor'
[2020.05.27-15.16.28:262][  0]LogTemp: Display: Module 'MacServerTargetPlatform' loaded TargetPlatform 'MacServer'
[2020.05.27-15.16.28:280][  0]LogTemp: Display: Module 'MacTargetPlatform' loaded TargetPlatform 'Mac'
[2020.05.27-15.16.28:292][  0]LogTemp: Display: Module 'WindowsClientTargetPlatform' loaded TargetPlatform 'WindowsClient'
[2020.05.27-15.16.28:305][  0]LogTemp: Display: Module 'WindowsNoEditorTargetPlatform' loaded TargetPlatform 'WindowsNoEditor'
[2020.05.27-15.16.28:317][  0]LogTemp: Display: Module 'WindowsServerTargetPlatform' loaded TargetPlatform 'WindowsServer'
[2020.05.27-15.16.28:325][  0]LogTemp: Display: Module 'WindowsTargetPlatform' loaded TargetPlatform 'Windows'
[2020.05.27-15.16.28:386][  0]LogTemp: Display: Module 'AndroidTargetPlatform' loaded TargetPlatform 'Android'
[2020.05.27-15.16.28:386][  0]LogTemp: Display: Module 'AndroidTargetPlatform' loaded TargetPlatform 'Android_ASTC'
[2020.05.27-15.16.28:386][  0]LogTemp: Display: Module 'AndroidTargetPlatform' loaded TargetPlatform 'Android_ATC'
[2020.05.27-15.16.28:386][  0]LogTemp: Display: Module 'AndroidTargetPlatform' loaded TargetPlatform 'Android_DXT'
[2020.05.27-15.16.28:386][  0]LogTemp: Display: Module 'AndroidTargetPlatform' loaded TargetPlatform 'Android_ETC1'
[2020.05.27-15.16.28:386][  0]LogTemp: Display: Module 'AndroidTargetPlatform' loaded TargetPlatform 'Android_ETC1a'
[2020.05.27-15.16.28:386][  0]LogTemp: Display: Module 'AndroidTargetPlatform' loaded TargetPlatform 'Android_ETC2'
[2020.05.27-15.16.28:386][  0]LogTemp: Display: Module 'AndroidTargetPlatform' loaded TargetPlatform 'Android_PVRTC'
[2020.05.27-15.16.28:386][  0]LogTemp: Display: Module 'AndroidTargetPlatform' loaded TargetPlatform 'AndroidClient'
[2020.05.27-15.16.28:386][  0]LogTemp: Display: Module 'AndroidTargetPlatform' loaded TargetPlatform 'Android_ASTCClient'
[2020.05.27-15.16.28:386][  0]LogTemp: Display: Module 'AndroidTargetPlatform' loaded TargetPlatform 'Android_ATCClient'
[2020.05.27-15.16.28:386][  0]LogTemp: Display: Module 'AndroidTargetPlatform' loaded TargetPlatform 'Android_DXTClient'
[2020.05.27-15.16.28:386][  0]LogTemp: Display: Module 'AndroidTargetPlatform' loaded TargetPlatform 'Android_ETC1Client'
[2020.05.27-15.16.28:386][  0]LogTemp: Display: Module 'AndroidTargetPlatform' loaded TargetPlatform 'Android_ETC1aClient'
[2020.05.27-15.16.28:386][  0]LogTemp: Display: Module 'AndroidTargetPlatform' loaded TargetPlatform 'Android_ETC2Client'
[2020.05.27-15.16.28:386][  0]LogTemp: Display: Module 'AndroidTargetPlatform' loaded TargetPlatform 'Android_PVRTCClient'
[2020.05.27-15.16.28:386][  0]LogTemp: Display: Module 'AndroidTargetPlatform' loaded TargetPlatform 'Android_Multi'
[2020.05.27-15.16.28:386][  0]LogTemp: Display: Module 'AndroidTargetPlatform' loaded TargetPlatform 'Android_MultiClient'
[2020.05.27-15.16.28:390][  0]LogTemp: Display: Module 'HTML5TargetPlatform' loaded TargetPlatform 'HTML5'
[2020.05.27-15.16.28:427][  0]LogTemp: Display: Module 'IOSTargetPlatform' loaded TargetPlatform 'IOSClient'
[2020.05.27-15.16.28:427][  0]LogTemp: Display: Module 'IOSTargetPlatform' loaded TargetPlatform 'IOS'
[2020.05.27-15.16.28:443][  0]LogTemp: Display: Module 'TVOSTargetPlatform' loaded TargetPlatform 'TVOSClient'
[2020.05.27-15.16.28:443][  0]LogTemp: Display: Module 'TVOSTargetPlatform' loaded TargetPlatform 'TVOS'
[2020.05.27-15.16.28:452][  0]LogTemp: Display: Module 'LinuxClientTargetPlatform' loaded TargetPlatform 'LinuxClient'
[2020.05.27-15.16.28:462][  0]LogTemp: Display: Module 'LinuxNoEditorTargetPlatform' loaded TargetPlatform 'LinuxNoEditor'
[2020.05.27-15.16.28:474][  0]LogTemp: Display: Module 'LinuxServerTargetPlatform' loaded TargetPlatform 'LinuxServer'
[2020.05.27-15.16.28:495][  0]LogTemp: Display: Module 'LinuxTargetPlatform' loaded TargetPlatform 'Linux'
[2020.05.27-15.16.28:529][  0]LogTemp: Display: Module 'LuminTargetPlatform' loaded TargetPlatform 'Lumin'
[2020.05.27-15.16.28:529][  0]LogTemp: Display: Module 'LuminTargetPlatform' loaded TargetPlatform 'LuminClient'
[2020.05.27-15.16.28:529][  0]LogTargetPlatformManager: Display: Building Assets For Windows
[2020.05.27-15.16.28:546][  0]LogAudioDebug: Display: Lib vorbis DLL was dynamically loaded.
[2020.05.27-15.16.28:762][  0]LogShaderCompilers: Guid format shader working directory is -22 characters bigger than the processId version (../../../../../../Users/Upper School/Documents/GitHub/game-team-h/ActionRPG/Intermediate/Shaders/WorkingDirectory/8888/).
[2020.05.27-15.16.28:762][  0]LogShaderCompilers: Cleaned the shader compiler working directory 'C:/Users/Upper School/AppData/Local/Temp/UnrealShaderWorkingDir/88F4B6CD466DEC17B0BFE583FE383FAF/'.
[2020.05.27-15.16.28:768][  0]LogXGEController: Cleaning working directory: C:/Users/Upper School/AppData/Local/Temp/UnrealXGEWorkingDir/
[2020.05.27-15.16.28:769][  0]LogXGEController: Cannot use XGE Controller as Incredibuild is not installed on this machine.
[2020.05.27-15.16.28:769][  0]LogShaderCompilers: Cannot use XGE Shader Compiler as Incredibuild is not installed on this machine.
[2020.05.27-15.16.28:769][  0]LogShaderCompilers: Display: Using Local Shader Compiler.
[2020.05.27-15.16.36:082][  0]LogDerivedDataCache: Display: Max Cache Size: 512 MB
[2020.05.27-15.16.36:182][  0]LogDerivedDataCache: Loaded boot cache 0.10s 45MB C:/Users/Upper School/AppData/Local/UnrealEngine/4.23/DerivedDataCache/Boot.ddc.
[2020.05.27-15.16.36:182][  0]LogDerivedDataCache: Display: Loaded Boot cache: C:/Users/Upper School/AppData/Local/UnrealEngine/4.23/DerivedDataCache/Boot.ddc
[2020.05.27-15.16.36:182][  0]LogDerivedDataCache: FDerivedDataBackendGraph:  Pak pak cache file ../../../../../../Users/Upper School/Documents/GitHub/game-team-h/ActionRPG/DerivedDataCache/DDC.ddp not found, will not use a pak cache.
[2020.05.27-15.16.36:182][  0]LogDerivedDataCache: Unable to find inner node Pak for hierarchical cache Hierarchy.
[2020.05.27-15.16.36:182][  0]LogDerivedDataCache: FDerivedDataBackendGraph:  CompressedPak pak cache file ../../../../../../Users/Upper School/Documents/GitHub/game-team-h/ActionRPG/DerivedDataCache/Compressed.ddp not found, will not use a pak cache.
[2020.05.27-15.16.36:182][  0]LogDerivedDataCache: Unable to find inner node CompressedPak for hierarchical cache Hierarchy.
[2020.05.27-15.16.36:228][  0]LogDerivedDataCache: Display: Pak cache opened for reading ../../../Engine/DerivedDataCache/Compressed.ddp.
[2020.05.27-15.16.36:228][  0]LogDerivedDataCache: FDerivedDataBackendGraph:  EnterprisePak pak cache file ../../../Enterprise/DerivedDataCache/Compressed.ddp not found, will not use a pak cache.
[2020.05.27-15.16.36:228][  0]LogDerivedDataCache: Unable to find inner node EnterprisePak for hierarchical cache Hierarchy.
[2020.05.27-15.16.36:231][  0]LogDerivedDataCache: Using Local data cache path C:/Users/Upper School/AppData/Local/UnrealEngine/Common/DerivedDataCache: Writable
[2020.05.27-15.16.36:231][  0]LogDerivedDataCache: Shared data cache path not found in *engine.ini, will not use an Shared cache.
[2020.05.27-15.16.36:231][  0]LogDerivedDataCache: Unable to find inner node Shared for hierarchical cache Hierarchy.
[2020.05.27-15.16.36:288][  0]LogMaterial: Verifying Global Shaders for PCD3D_SM5
[2020.05.27-15.16.36:295][  0]LogSlate: Using FreeType 2.6.0
[2020.05.27-15.16.36:345][  0]LogSlate: SlateFontServices - WITH_FREETYPE: 1, WITH_HARFBUZZ: 1
[2020.05.27-15.16.37:120][  0]LogAssetRegistry: FAssetRegistry took 0.0102 seconds to start up
[2020.05.27-15.16.37:977][  0]LogInit: Selected Device Profile: [Windows]
[2020.05.27-15.16.38:585][  0]LogMeshReduction: Using QuadricMeshReduction for automatic static mesh reduction
[2020.05.27-15.16.38:585][  0]LogMeshReduction: Using SimplygonMeshReduction for automatic skeletal mesh reduction
[2020.05.27-15.16.38:585][  0]LogMeshReduction: Using ProxyLODMeshReduction for automatic mesh merging
[2020.05.27-15.16.38:585][  0]LogMeshReduction: No distributed automatic mesh merging module available
[2020.05.27-15.16.38:587][  0]LogMeshMerging: No distributed automatic mesh merging module available
[2020.05.27-15.16.38:733][  0]LogNetVersion: ActionRPG 1.0.0, NetCL: 8386587, EngineNetVer: 11, GameNetVer: 0 (Checksum: 3902779509)
[2020.05.27-15.16.42:207][  0]LogAssetRegistry: Error: Failed to open file for write ../../../../../../Users/Upper School/Documents/GitHub/game-team-h/ActionRPG/Intermediate/AssetRegistryCache/2657c409.bin
[2020.05.27-15.16.42:221][  0]LogAssetRegistry: Error: Failed to open file for write ../../../../../../Users/Upper School/Documents/GitHub/game-team-h/ActionRPG/Intermediate/AssetRegistryCache/8c0e1344.bin
[2020.05.27-15.16.42:235][  0]LogAssetRegistry: Error: Failed to open file for write ../../../../../../Users/Upper School/Documents/GitHub/game-team-h/ActionRPG/Intermediate/AssetRegistryCache/6e4a5115.bin
[2020.05.27-15.16.42:243][  0]LogPackageLocalizationCache: Processed 6 localized package path(s) for 1 prioritized culture(s) in 0.038567 seconds
[2020.05.27-15.16.42:250][  0]LogUObjectArray: 42259 objects as part of root set at end of initial load.
[2020.05.27-15.16.42:250][  0]LogUObjectAllocator: 7331848 out of 0 bytes used by permanent object pool.
[2020.05.27-15.16.42:250][  0]LogUObjectArray: CloseDisregardForGC: 0/0 objects in disregard for GC pool
[2020.05.27-15.16.47:434][  0]LogTcpMessaging: Initializing TcpMessaging bridge
[2020.05.27-15.16.47:445][  0]LogUdpMessaging: Initializing bridge on interface 0.0.0.0:0 to multicast group 230.0.0.1:6666.
[2020.05.27-15.16.47:509][  0]LogStats: UGameplayTagsManager::InitializeManager -  0.002 s
[2020.05.27-15.16.47:669][  0]SourceControl: Source control is disabled
[2020.05.27-15.16.47:670][  0]SourceControl: Source control is disabled
[2020.05.27-15.16.47:683][  0]SourceControl: Source control is disabled
[2020.05.27-15.16.47:690][  0]SourceControl: Source control is disabled
[2020.05.27-15.16.48:617][  0]LogAndroidPermission: UAndroidPermissionCallbackProxy::GetInstance
[2020.05.27-15.16.48:960][  0]LogEngine: Initializing Engine...
[2020.05.27-15.16.49:534][  0]LogAssetRegistry: Error: Failed to open file for write ../../../../../../Users/Upper School/Documents/GitHub/game-team-h/ActionRPG/Intermediate/AssetRegistryCache/d7eff8bb.bin
[2020.05.27-15.16.49:538][  0]LogInit: Initializing FReadOnlyCVARCache
[2020.05.27-15.16.49:586][  0]LogAIModule: Creating AISystem for world Untitled
[2020.05.27-15.16.49:786][  0]LogInit: XAudio2 using 'Speakers (Realtek(R) Audio)' : 6 channels at 48 kHz using 32 bits per sample (channel mask 0x3f)
[2020.05.27-15.16.50:695][  0]LogInit: FAudioDevice initialized.
[2020.05.27-15.16.50:696][  0]LogNetVersion: Set ProjectVersion to 1.0.0.0. Version Checksum will be recalculated on next use.
[2020.05.27-15.16.50:745][  0]LogDerivedDataCache: Saved boot cache 0.05s 45MB C:/Users/Upper School/AppData/Local/UnrealEngine/4.23/DerivedDataCache/Boot.ddc.
[2020.05.27-15.16.50:751][  0]LogInit: Texture streaming: Enabled
[2020.05.27-15.16.50:786][  0]LogEngineSessionManager: EngineSessionManager initialized
[2020.05.27-15.16.50:786][  0]LogEditorSessionSummary: Verbose: Initializing EditorSessionSummaryWriter for editor session tracking
[2020.05.27-15.16.50:789][  0]LogEditorSessionSummary: EditorSessionSummaryWriter initialized
[2020.05.27-15.16.50:917][  0]LogInit: Transaction tracking system initialized
[2020.05.27-15.16.51:013][  0]BlueprintLog: New page: Editor Load
[2020.05.27-15.16.51:286][  0]LocalizationService: Localization service is disabled
[2020.05.27-15.16.52:642][  0]LogCook: Display: Max memory allowance for cook 16384mb min free memory 0mb
[2020.05.27-15.16.52:642][  0]LogCook: Display: Mobile HDR setting 1
[2020.05.27-15.16.52:733][  0]LogFileCache: Scanning file cache for directory 'C:/Users/Upper School/Documents/GitHub/game-team-h/ActionRPG/Content/' took 0.03s
[2020.05.27-15.16.52:733][  0]LogStats: FGameplayAbilitiesEditorModule::GameplayTagTreeChanged -  0.000 s
[2020.05.27-15.16.53:082][  0]LogStats: UGameplayCueManager::InitializeEditorObjectLibrary -  0.003 s
[2020.05.27-15.16.53:251][  0]SourceControl: Source control is disabled
[2020.05.27-15.16.53:252][  0]Cmd: MAP LOAD FILE="../../../../../../Users/Upper School/Documents/GitHub/game-team-h/ActionRPG/Content/Maps/ActionRPG_P.umap" TEMPLATE=0 SHOWPROGRESS=1 FEATURELEVEL=3
[2020.05.27-15.16.53:253][  0]LightingResults: New page: Lighting Build
[2020.05.27-15.16.53:264][  0]LogWorld: UWorld::CleanupWorld for Untitled, bSessionEnded=true, bCleanupResources=true
[2020.05.27-15.16.53:267][  0]MapCheck: New page: Map Check
[2020.05.27-15.16.53:267][  0]LightingResults: New page: Lighting Build
[2020.05.27-15.16.53:313][  0]LogUObjectHash: Compacting FUObjectHashTables data took   1.91ms
[2020.05.27-15.17.09:295][  0]LogAIModule: Creating AISystem for world ActionRPG_P
[2020.05.27-15.17.09:449][  0]LogStreaming: Display: ULevelStreaming::RequestLevel(/Game/Maps/ActionRPG_Dungeon02_Asset) is flushing async loading
[2020.05.27-15.17.09:449][  0]LogStreaming: Display: Flushing async loaders.
[2020.05.27-15.17.10:212][  0]LogStreaming: Display: ULevelStreaming::RequestLevel(/Game/Maps/ActionRPG_Dungeon02_Lights) is flushing async loading
[2020.05.27-15.17.10:231][  0]LogEditorServer: Finished looking for orphan Actors (0.000 secs)
[2020.05.27-15.17.10:314][  0]LogUObjectHash: Compacting FUObjectHashTables data took   4.46ms
[2020.05.27-15.17.10:314][  0]Cmd: MAP CHECKDEP NOCLEARLOG
[2020.05.27-15.17.10:315][  0]MapCheck: Map check complete: 0 Error(s), 0 Warning(s), took 0.649ms to complete.
[2020.05.27-15.17.10:315][  0]LogFileHelpers: Loading map 'ActionRPG_P' took 17.064
[2020.05.27-15.17.10:551][  0]LogSlate: Updating window title bar state: overlay mode, drag disabled, window buttons hidden, title bar hidden
[2020.05.27-15.17.10:561][  0]LogSlate: Updating window title bar state: overlay mode, drag disabled, window buttons hidden, title bar hidden
[2020.05.27-15.17.10:568][  0]LogSlate: Updating window title bar state: overlay mode, drag disabled, window buttons hidden, title bar hidden
[2020.05.27-15.17.10:577][  0]LogSlate: Updating window title bar state: overlay mode, drag disabled, window buttons hidden, title bar hidden
[2020.05.27-15.17.10:605][  0]LogCollectionManager: Loaded 0 collections in 0.003095 seconds
[2020.05.27-15.17.10:638][  0]LogFileCache: Scanning file cache for directory 'C:/Users/Upper School/Documents/GitHub/game-team-h/ActionRPG/Saved/Collections/' took 0.00s
[2020.05.27-15.17.10:638][  0]LogFileCache: Scanning file cache for directory 'C:/Users/Upper School/Documents/GitHub/game-team-h/ActionRPG/Content/Developers/UpperSchool/Collections/' took 0.00s
[2020.05.27-15.17.10:638][  0]LogFileCache: Scanning file cache for directory 'C:/Users/Upper School/Documents/GitHub/game-team-h/ActionRPG/Content/Collections/' took 0.00s
[2020.05.27-15.17.10:638][  0]LogCollectionManager: Rebuilt the GUID cache for 0 collections in 0.000007 seconds
[2020.05.27-15.17.10:656][  0]LogContentBrowser: Native class hierarchy populated in 0.0137 seconds. Added 2821 classes and 583 folders.
[2020.05.27-15.17.10:673][  0]LogContentBrowser: Native class hierarchy updated for 'WidgetCarousel' in 0.0007 seconds. Added 0 classes and 0 folders.
[2020.05.27-15.17.11:466][  0]LogContentBrowser: Native class hierarchy updated for 'AddContentDialog' in 0.0018 seconds. Added 0 classes and 0 folders.
[2020.05.27-15.17.12:048][  0]LogContentBrowser: Native class hierarchy updated for 'SceneOutliner' in 0.0012 seconds. Added 1 classes and 2 folders.
[2020.05.27-15.17.12:170][  0]LogSlate: Took 0.018536 seconds to synchronously load lazily loaded font '../../../Engine/Content/Slate/Fonts/Roboto-Bold.ttf' (160K)
[2020.05.27-15.17.12:189][  0]LogSlate: Took 0.014193 seconds to synchronously load lazily loaded font '../../../Engine/Content/Slate/Fonts/Roboto-Regular.ttf' (155K)
[2020.05.27-15.17.12:219][  0]LogContentBrowser: Native class hierarchy updated for 'HierarchicalLODOutliner' in 0.0016 seconds. Added 0 classes and 0 folders.
[2020.05.27-15.17.12:219][  0]LogLoad: (Engine Initialization) Total time: 63.95 seconds
[2020.05.27-15.17.12:219][  0]LogLoad: (Engine Initialization) Total Blueprint compile time: 0.00 seconds
[2020.05.27-15.17.12:313][  0]LogContentStreaming: Texture pool size now 1000 MB
[2020.05.27-15.17.12:338][  0]LogSlate: Took 0.014477 seconds to synchronously load lazily loaded font '../../../Engine/Content/Editor/Slate/Fonts/FontAwesome.ttf' (139K)
[2020.05.27-15.17.12:619][  0]LogSlate: Took 0.008507 seconds to synchronously load lazily loaded font '../../../Engine/Content/Slate/Fonts/Roboto-Light.ttf' (167K)
[2020.05.27-15.17.12:651][  1]LogRenderer: Reallocating scene render targets to support 888x488 Format 10 NumSamples 1 (Frame:1).
[2020.05.27-15.17.13:356][ 10]LogSlate: Took 0.000121 seconds to synchronously load lazily loaded font '../../../Engine/Content/Slate/Fonts/Roboto-Light.ttf' (167K)
[2020.05.27-15.17.13:372][ 10]LogAssetEditorManager: Opening Asset editor for Material /Game/poisongas/fogcloud_mat.fogcloud_mat
[2020.05.27-15.17.13:393][ 10]LogMaterial: Display: Missing cached shader map for material fogcloud_mat, compiling. 
[2020.05.27-15.17.14:452][ 10]LogMaterial: Display: Missing cached shader map for material fogcloud_mat, compiling. 
[2020.05.27-15.17.14:485][ 10]LogMaterial: Display: Missing cached shader map for material fogcloud_mat, compiling. 
[2020.05.27-15.17.14:518][ 10]LogShaderCompilers: Display: Worker (1/9): shaders left to compile 49
[2020.05.27-15.17.14:518][ 10]LogShaderCompilers: Display: Worker (2/9): shaders left to compile 48
[2020.05.27-15.17.14:518][ 10]LogShaderCompilers: Display: Worker (3/9): shaders left to compile 47
[2020.05.27-15.17.14:518][ 10]LogShaderCompilers: Display: Worker (4/9): shaders left to compile 46
[2020.05.27-15.17.14:518][ 10]LogShaderCompilers: Display: Worker (5/9): shaders left to compile 45
[2020.05.27-15.17.14:518][ 10]LogShaderCompilers: Display: Worker (6/9): shaders left to compile 44
[2020.05.27-15.17.14:518][ 10]LogShaderCompilers: Display: Worker (7/9): shaders left to compile 43
[2020.05.27-15.17.14:518][ 10]LogShaderCompilers: Display: Worker (8/9): shaders left to compile 42
[2020.05.27-15.17.14:524][ 10]LogMaterial: Display: Missing cached shader map for material FMatExpressionPreview MaterialExpressionVectorParameter_0, compiling. 
[2020.05.27-15.17.14:536][ 10]LogMaterial: Display: Missing cached shader map for material FMatExpressionPreview MaterialExpressionTextureSample_1, compiling. 
[2020.05.27-15.17.14:545][ 10]LogMaterial: Display: Missing cached shader map for material FMatExpressionPreview MaterialExpressionTextureSample_2, compiling. 
[2020.05.27-15.17.14:554][ 10]LogMaterial: Display: Missing cached shader map for material FMatExpressionPreview MaterialExpressionTextureSample_3, compiling. 
[2020.05.27-15.17.14:688][ 10]LogSlate: Took 0.011206 seconds to synchronously load lazily loaded font '../../../Engine/Content/Slate/Fonts/Roboto-BoldCondensed.ttf' (158K)
[2020.05.27-15.17.14:983][ 11]LogSlate: Took 0.012251 seconds to synchronously load lazily loaded font '../../../Engine/Content/Slate/Fonts/Roboto-Italic.ttf' (157K)
[2020.05.27-15.17.15:486][ 17]LogShaderCompilers: Display: Worker (2/9): shaders left to compile 57
[2020.05.27-15.17.15:611][ 18]LogShaderCompilers: Display: Worker (4/9): shaders left to compile 56
[2020.05.27-15.17.15:689][ 19]LogShaderCompilers: Display: Worker (1/9): shaders left to compile 55
[2020.05.27-15.17.15:962][ 22]LogShaderCompilers: Display: Worker (2/9): shaders left to compile 54
[2020.05.27-15.17.16:296][ 25]LogShaderCompilers: Display: Worker (6/9): shaders left to compile 53
[2020.05.27-15.17.16:419][ 26]LogShaderCompilers: Display: Worker (4/9): shaders left to compile 52
[2020.05.27-15.17.16:419][ 26]LogShaderCompilers: Display: Worker (8/9): shaders left to compile 51
[2020.05.27-15.17.16:419][ 26]LogShaderCompilers: Display: Worker (3/9): shaders left to compile 50
[2020.05.27-15.17.16:419][ 26]LogShaderCompilers: Display: Worker (2/9): shaders left to compile 49
[2020.05.27-15.17.16:682][ 28]LogShaderCompilers: Display: Worker (2/9): shaders left to compile 48
[2020.05.27-15.17.16:682][ 28]LogShaderCompilers: Display: Worker (6/9): shaders left to compile 47
[2020.05.27-15.17.16:870][ 30]LogShaderCompilers: Display: Worker (4/9): shaders left to compile 46
[2020.05.27-15.17.17:073][ 32]LogShaderCompilers: Display: Worker (2/9): shaders left to compile 45
[2020.05.27-15.17.17:202][ 33]LogShaderCompilers: Display: Worker (6/9): shaders left to compile 44
[2020.05.27-15.17.17:324][ 34]LogShaderCompilers: Display: Worker (2/9): shaders left to compile 43
[2020.05.27-15.17.17:458][ 35]LogShaderCompilers: Display: Worker (8/9): shaders left to compile 42
[2020.05.27-15.17.17:599][ 36]LogShaderCompilers: Display: Worker (4/9): shaders left to compile 41
[2020.05.27-15.17.17:883][ 39]LogShaderCompilers: Display: Worker (6/9): shaders left to compile 40
[2020.05.27-15.17.17:928][ 39]LogAssetRegistry: Asset discovery search completed in 40.8089 seconds
[2020.05.27-15.17.17:935][ 39]LogStats: UGameplayCueManager::InitializeEditorObjectLibrary -  0.008 s
[2020.05.27-15.17.17:963][ 39]LogCollectionManager: Rebuilt the object cache for 0 collections in 0.000019 seconds (found 0 objects)
[2020.05.27-15.17.17:963][ 39]LogCollectionManager: Fixed up redirectors for 0 collections in 0.000116 seconds (updated 0 objects)
[2020.05.27-15.17.18:033][ 40]LogShaderCompilers: Display: Worker (2/9): shaders left to compile 39
[2020.05.27-15.17.19:617][ 53]LogShaderCompilers: Display: Worker (2/9): shaders left to compile 38
[2020.05.27-15.17.20:634][ 63]LogShaderCompilers: Display: Worker (6/9): shaders left to compile 37
[2020.05.27-15.17.21:354][ 71]LogShaderCompilers: Display: Worker (8/9): shaders left to compile 36
[2020.05.27-15.17.22:926][ 98]LogShaderCompilers: Display: Worker (2/9): shaders left to compile 35
[2020.05.27-15.17.23:008][101]LogShaderCompilers: Display: Worker (4/9): shaders left to compile 34
[2020.05.27-15.17.23:369][114]LogShaderCompilers: Display: Worker (8/9): shaders left to compile 33
[2020.05.27-15.17.23:458][117]LogShaderCompilers: Display: Worker (1/9): shaders left to compile 32
[2020.05.27-15.17.23:675][125]LogShaderCompilers: Display: Worker (2/9): shaders left to compile 31
[2020.05.27-15.17.23:927][134]LogShaderCompilers: Display: Worker (7/9): shaders left to compile 30
[2020.05.27-15.17.24:256][145]LogShaderCompilers: Display: Worker (5/9): shaders left to compile 29
[2020.05.27-15.17.24:480][154]LogShaderCompilers: Display: Worker (6/9): shaders left to compile 28
[2020.05.27-15.17.24:505][155]LogShaderCompilers: Display: Worker (2/9): shaders left to compile 27
[2020.05.27-15.17.24:561][157]LogShaderCompilers: Display: Worker (4/9): shaders left to compile 26
[2020.05.27-15.17.25:309][184]LogShaderCompilers: Display: Worker (3/9): shaders left to compile 25
[2020.05.27-15.17.25:400][187]LogShaderCompilers: Display: Worker (2/9): shaders left to compile 24
[2020.05.27-15.17.25:481][190]LogShaderCompilers: Display: Worker (6/9): shaders left to compile 23
[2020.05.27-15.17.25:620][195]LogShaderCompilers: Display: Worker (8/9): shaders left to compile 22
[2020.05.27-15.17.25:949][207]LogShaderCompilers: Display: Worker (2/9): shaders left to compile 21
[2020.05.27-15.17.26:218][217]LogShaderCompilers: Display: Worker (4/9): shaders left to compile 20
[2020.05.27-15.17.26:869][239]LogShaderCompilers: Display: Worker (6/9): shaders left to compile 19
[2020.05.27-15.17.27:084][242]LogShaderCompilers: Display: Worker (8/9): shaders left to compile 18
[2020.05.27-15.17.27:150][243]LogShaderCompilers: Display: Worker (4/9): shaders left to compile 17
[2020.05.27-15.17.27:400][247]LogShaderCompilers: Display: Worker (2/9): shaders left to compile 16
[2020.05.27-15.17.28:346][262]LogShaderCompilers: Display: Worker (4/9): shaders left to compile 15
[2020.05.27-15.17.29:000][276]LogShaderCompilers: Display: Worker (2/9): shaders left to compile 14
[2020.05.27-15.17.29:055][278]LogShaderCompilers: Display: Worker (8/9): shaders left to compile 13
[2020.05.27-15.17.29:157][282]LogShaderCompilers: Display: Worker (1/9): shaders left to compile 12
[2020.05.27-15.17.29:182][283]LogShaderCompilers: Display: Worker (6/9): shaders left to compile 11
[2020.05.27-15.17.29:265][286]LogShaderCompilers: Display: Worker (4/9): shaders left to compile 10
[2020.05.27-15.17.29:426][292]LogShaderCompilers: Display: Worker (2/9): shaders left to compile 9
[2020.05.27-15.17.29:515][295]LogShaderCompilers: Display: Worker (8/9): shaders left to compile 8
[2020.05.27-15.17.29:765][304]LogShaderCompilers: Display: Worker (4/9): shaders left to compile 7
[2020.05.27-15.17.29:793][305]LogShaderCompilers: Display: Worker (5/9): shaders left to compile 6
[2020.05.27-15.17.29:821][306]LogShaderCompilers: Display: Worker (6/9): shaders left to compile 5
[2020.05.27-15.17.29:821][306]LogShaderCompilers: Display: Worker (3/9): shaders left to compile 4
[2020.05.27-15.17.29:870][308]LogShaderCompilers: Display: Worker (7/9): shaders left to compile 3
[2020.05.27-15.17.29:907][309]MaterialEditorStats: Base pass shader: 81 instructions
[2020.05.27-15.17.29:907][309]MaterialEditorStats: Base pass shader with Volumetric Lightmap: 108 instructions
[2020.05.27-15.17.29:907][309]MaterialEditorStats: Base pass vertex shader: 100 instructions
[2020.05.27-15.17.29:907][309]MaterialEditorStats: Texture samplers: 4/16
[2020.05.27-15.17.29:951][311]LogShaderCompilers: Display: Worker (2/9): shaders left to compile 2
[2020.05.27-15.17.30:030][314]LogShaderCompilers: Display: Worker (1/9): shaders left to compile 1
[2020.05.27-15.19.24:530][667]LogSlate: Window 'fogcloud_mat' being destroyed
[2020.05.27-15.19.24:535][667]LogSlate: Window 'fogcloud_mat' being destroyed
[2020.05.27-15.19.24:633][667]LogWorld: UWorld::CleanupWorld for World_0, bSessionEnded=true, bCleanupResources=true
[2020.05.27-15.19.26:625][673]LogUObjectHash: Compacting FUObjectHashTables data took   2.18ms
[2020.05.27-15.19.27:389][673]LogSlate: Window '' being destroyed
[2020.05.27-15.19.27:403][673]LogSlate: Window 'ActionRPG - Unreal Editor' being destroyed
[2020.05.27-15.19.27:409][673]LogWindowsTextInputMethodSystem: Display: IME system now deactivated.
[2020.05.27-15.19.27:702][674]Cmd: QUIT_EDITOR
[2020.05.27-15.19.27:873][674]LogSlate: Slate User Destroyed.  User Index 0, Is Virtual User: 0
[2020.05.27-15.19.27:873][674]LogExit: Preparing to exit.
[2020.05.27-15.19.28:665][674]LogWorld: UWorld::CleanupWorld for World_1, bSessionEnded=true, bCleanupResources=true
[2020.05.27-15.19.28:694][674]LogWorld: UWorld::CleanupWorld for None, bSessionEnded=true, bCleanupResources=true
[2020.05.27-15.19.28:694][674]LogWorld: UWorld::CleanupWorld for None, bSessionEnded=true, bCleanupResources=true
[2020.05.27-15.19.28:694][674]LogWorld: UWorld::CleanupWorld for None, bSessionEnded=true, bCleanupResources=true
[2020.05.27-15.19.28:694][674]LogExit: Editor shut down
[2020.05.27-15.19.28:696][674]LogDemo: Cleaned up 0 splitscreen connections with owner deletion
[2020.05.27-15.19.28:719][674]LogExit: Transaction tracking system shut down
[2020.05.27-15.19.29:275][674]LogExit: Object subsystem successfully closed.
[2020.05.27-15.19.29:308][674]LogShaderCompilers: Display: Shaders left to compile 0
[2020.05.27-15.19.29:403][674]LogModuleManager: Shutting down and abandoning module HierarchicalLODOutliner (570)
[2020.05.27-15.19.29:403][674]LogModuleManager: Shutting down and abandoning module SceneOutliner (568)
[2020.05.27-15.19.29:403][674]LogModuleManager: Shutting down and abandoning module AddContentDialog (566)
[2020.05.27-15.19.29:404][674]LogModuleManager: Shutting down and abandoning module WidgetCarousel (565)
[2020.05.27-15.19.29:404][674]LogModuleManager: Shutting down and abandoning module EditorWidgets (562)
[2020.05.27-15.19.29:404][674]LogModuleManager: Shutting down and abandoning module CollectionManager (560)
[2020.05.27-15.19.29:404][674]LogModuleManager: Shutting down and abandoning module StatsViewer (558)
[2020.05.27-15.19.29:404][674]LogModuleManager: Shutting down and abandoning module VirtualTexturingEditor (556)
[2020.05.27-15.19.29:404][674]LogModuleManager: Shutting down and abandoning module FoliageEdit (554)
[2020.05.27-15.19.29:404][674]LogModuleManager: Shutting down and abandoning module LandscapeEditor (552)
[2020.05.27-15.19.29:407][674]LogModuleManager: Shutting down and abandoning module MeshPaintMode (550)
[2020.05.27-15.19.29:407][674]LogModuleManager: Shutting down and abandoning module SceneDepthPickerMode (548)
[2020.05.27-15.19.29:407][674]LogModuleManager: Shutting down and abandoning module ActorPickerMode (546)
[2020.05.27-15.19.29:407][674]LogModuleManager: Shutting down and abandoning module GeometryMode (544)
[2020.05.27-15.19.29:407][674]LogModuleManager: Shutting down and abandoning module TextureAlignMode (542)
[2020.05.27-15.19.29:407][674]LogModuleManager: Shutting down and abandoning module BspMode (540)
[2020.05.27-15.19.29:407][674]LogModuleManager: Shutting down and abandoning module PIEPreviewDeviceProfileSelector (538)
[2020.05.27-15.19.29:408][674]LogModuleManager: Shutting down and abandoning module SequenceRecorderSections (536)
[2020.05.27-15.19.29:408][674]LogModuleManager: Shutting down and abandoning module SequenceRecorder (534)
[2020.05.27-15.19.29:408][674]LogModuleManager: Shutting down and abandoning module AutomationWorker (532)
[2020.05.27-15.19.29:408][674]LogModuleManager: Shutting down and abandoning module MatineeToLevelSequence (530)
[2020.05.27-15.19.29:408][674]LogModuleManager: Shutting down and abandoning module LevelSequenceEditor (528)
[2020.05.27-15.19.29:410][674]LogModuleManager: Shutting down and abandoning module PlacementMode (527)
[2020.05.27-15.19.29:410][674]LogModuleManager: Shutting down and abandoning module MaterialEditor (526)
[2020.05.27-15.19.29:410][674]LogModuleManager: Shutting down and abandoning module ActorSequenceEditor (522)
[2020.05.27-15.19.29:410][674]LogModuleManager: Shutting down and abandoning module WebMMediaFactory (520)
[2020.05.27-15.19.29:410][674]LogModuleManager: Shutting down and abandoning module WebMMediaEditor (518)
[2020.05.27-15.19.29:410][674]LogModuleManager: Shutting down and abandoning module WebMMedia (516)
[2020.05.27-15.19.29:410][674]LogModuleManager: Shutting down and abandoning module MediaPlayerEditor (514)
[2020.05.27-15.19.29:411][674]LogModuleManager: Shutting down and abandoning module OpenExrWrapper (512)
[2020.05.27-15.19.29:411][674]LogModuleManager: Shutting down and abandoning module ImgMediaFactory (510)
[2020.05.27-15.19.29:411][674]LogModuleManager: Shutting down and abandoning module ImgMediaEditor (508)
[2020.05.27-15.19.29:411][674]LogModuleManager: Shutting down and abandoning module AvfMediaFactory (506)
[2020.05.27-15.19.29:411][674]LogModuleManager: Shutting down and abandoning module AvfMediaEditor (504)
[2020.05.27-15.19.29:411][674]LogModuleManager: Shutting down and abandoning module AndroidMediaFactory (502)
[2020.05.27-15.19.29:411][674]LogModuleManager: Shutting down and abandoning module Media (501)
[2020.05.27-15.19.29:413][674]LogModuleManager: Shutting down and abandoning module AndroidMediaEditor (498)
[2020.05.27-15.19.29:413][674]LogModuleManager: Shutting down and abandoning module SmartSnapping (496)
[2020.05.27-15.19.29:413][674]LogModuleManager: Shutting down and abandoning module SessionServices (494)
[2020.05.27-15.19.29:413][674]LogModuleManager: Shutting down and abandoning module MeshPaint (492)
[2020.05.27-15.19.29:414][674]LogModuleManager: Shutting down and abandoning module ViewportSnapping (490)
[2020.05.27-15.19.29:414][674]LogModuleManager: Shutting down and abandoning module ViewportInteraction (488)
[2020.05.27-15.19.29:414][674]LogModuleManager: Shutting down and abandoning module ClothPainter (486)
[2020.05.27-15.19.29:414][674]LogModuleManager: Shutting down and abandoning module SkeletalMeshEditor (485)
[2020.05.27-15.19.29:416][674]LogModuleManager: Shutting down and abandoning module LogVisualizer (482)
[2020.05.27-15.19.29:417][674]LogModuleManager: Shutting down and abandoning module IntroTutorials (480)
[2020.05.27-15.19.29:417][674]LogModuleManager: Shutting down and abandoning module GameProjectGeneration (479)
[2020.05.27-15.19.29:417][674]LogModuleManager: Shutting down and abandoning module LuminPlatformEditor (476)
[2020.05.27-15.19.29:417][674]LogModuleManager: Shutting down and abandoning module IOSPlatformEditor (474)
[2020.05.27-15.19.29:417][674]LogModuleManager: Shutting down and abandoning module HTML5PlatformEditor (472)
[2020.05.27-15.19.29:417][674]LogModuleManager: Shutting down and abandoning module AndroidPlatformEditor (470)
[2020.05.27-15.19.29:417][674]LogModuleManager: Shutting down and abandoning module AndroidDeviceDetection (469)
[2020.05.27-15.19.29:582][674]LogModuleManager: Shutting down and abandoning module WindowsPlatformEditor (466)
[2020.05.27-15.19.29:582][674]LogModuleManager: Shutting down and abandoning module LuminRuntimeSettings (464)
[2020.05.27-15.19.29:582][674]LogModuleManager: Shutting down and abandoning module IOSRuntimeSettings (462)
[2020.05.27-15.19.29:582][674]LogModuleManager: Shutting down and abandoning module AndroidRuntimeSettings (460)
[2020.05.27-15.19.29:583][674]LogModuleManager: Shutting down and abandoning module TimeManagementEditor (458)
[2020.05.27-15.19.29:583][674]LogModuleManager: Shutting down and abandoning module InputBindingEditor (456)
[2020.05.27-15.19.29:583][674]LogModuleManager: Shutting down and abandoning module MergeActors (454)
[2020.05.27-15.19.29:583][674]LogModuleManager: Shutting down and abandoning module LocalizationDashboard (452)
[2020.05.27-15.19.29:584][674]LogModuleManager: Shutting down and abandoning module LocalizationService (451)
[2020.05.27-15.19.29:584][674]LogModuleManager: Shutting down and abandoning module HardwareTargeting (448)
[2020.05.27-15.19.29:584][674]LogModuleManager: Shutting down and abandoning module DeviceProfileEditor (446)
[2020.05.27-15.19.29:584][674]LogModuleManager: Shutting down and abandoning module UndoHistory (444)
[2020.05.27-15.19.29:584][674]LogModuleManager: Shutting down and abandoning module XmlParser (442)
[2020.05.27-15.19.29:584][674]LogModuleManager: Shutting down and abandoning module Blutility (440)
[2020.05.27-15.19.29:584][674]LogModuleManager: Shutting down and abandoning module ProjectSettingsViewer (438)
[2020.05.27-15.19.29:584][674]LogModuleManager: Shutting down and abandoning module ProjectTargetPlatformEditor (437)
[2020.05.27-15.19.29:584][674]LogModuleManager: Shutting down and abandoning module EditorSettingsViewer (434)
[2020.05.27-15.19.29:585][674]LogModuleManager: Shutting down and abandoning module SettingsEditor (432)
[2020.05.27-15.19.29:585][674]LogModuleManager: Shutting down and abandoning module ProjectLauncher (430)
[2020.05.27-15.19.29:585][674]LogModuleManager: Shutting down and abandoning module SessionFrontend (428)
[2020.05.27-15.19.29:585][674]LogModuleManager: Shutting down and abandoning module ProfilerClient (426)
[2020.05.27-15.19.29:586][674]LogModuleManager: Shutting down and abandoning module DeviceManager (424)
[2020.05.27-15.19.29:586][674]LogModuleManager: Shutting down and abandoning module TargetDeviceServices (423)
[2020.05.27-15.19.29:631][674]LogModuleManager: Shutting down and abandoning module AutomationController (420)
[2020.05.27-15.19.29:631][674]LogModuleManager: Shutting down and abandoning module AutomationWindow (418)
[2020.05.27-15.19.29:633][674]LogModuleManager: Shutting down and abandoning module Layers (416)
[2020.05.27-15.19.29:635][674]LogModuleManager: Shutting down and abandoning module ComponentVisualizers (414)
[2020.05.27-15.19.29:635][674]LogModuleManager: Shutting down and abandoning module DetailCustomizations (412)
[2020.05.27-15.19.29:636][674]LogModuleManager: Shutting down and abandoning module PackagesDialog (410)
[2020.05.27-15.19.29:637][674]LogModuleManager: Shutting down and abandoning module AnimationBlueprintEditor (408)
[2020.05.27-15.19.29:639][674]LogModuleManager: Shutting down and abandoning module Persona (406)
[2020.05.27-15.19.29:640][674]LogModuleManager: Shutting down and abandoning module AdvancedPreviewScene (405)
[2020.05.27-15.19.29:640][674]LogModuleManager: Shutting down and abandoning module AnimGraph (403)
[2020.05.27-15.19.29:640][674]LogModuleManager: Shutting down and abandoning module Kismet (400)
[2020.05.27-15.19.29:647][674]LogModuleManager: Shutting down and abandoning module KismetWidgets (399)
[2020.05.27-15.19.29:647][674]LogModuleManager: Shutting down and abandoning module GraphEditor (396)
[2020.05.27-15.19.29:648][674]LogModuleManager: Shutting down and abandoning module StructViewer (394)
[2020.05.27-15.19.29:648][674]LogModuleManager: Shutting down and abandoning module ClassViewer (392)
[2020.05.27-15.19.29:648][674]LogModuleManager: Shutting down and abandoning module Toolbox (390)
[2020.05.27-15.19.29:648][674]LogModuleManager: Shutting down and abandoning module DesktopPlatform (389)
[2020.05.27-15.19.29:648][674]LogModuleManager: Shutting down and abandoning module ModuleUI (386)
[2020.05.27-15.19.29:649][674]LogModuleManager: Shutting down and abandoning module MovieSceneTools (384)
[2020.05.27-15.19.29:649][674]LogModuleManager: Shutting down and abandoning module OutputLog (382)
[2020.05.27-15.19.29:650][674]LogModuleManager: Shutting down and abandoning module GammaUI (380)
[2020.05.27-15.19.29:650][674]LogModuleManager: Shutting down and abandoning module Documentation (378)
[2020.05.27-15.19.29:651][674]LogModuleManager: Shutting down and abandoning module LiveCoding (376)
[2020.05.27-15.19.29:651][674]LogModuleManager: Shutting down and abandoning module LevelSequence (374)
[2020.05.27-15.19.29:651][674]LogModuleManager: Shutting down and abandoning module MovieSceneTracks (372)
[2020.05.27-15.19.29:651][674]LogModuleManager: Shutting down and abandoning module MovieScene (370)
[2020.05.27-15.19.29:651][674]LogModuleManager: Shutting down and abandoning module StreamingPauseRendering (368)
[2020.05.27-15.19.29:651][674]LogModuleManager: Shutting down and abandoning module LauncherPlatform (366)
[2020.05.27-15.19.29:651][674]LogModuleManager: Shutting down and abandoning module AnalyticsET (364)
[2020.05.27-15.19.29:651][674]LogModuleManager: Shutting down and abandoning module PortalServices (362)
[2020.05.27-15.19.29:651][674]LogModuleManager: Shutting down and abandoning module PortalRpc (360)
[2020.05.27-15.19.29:652][674]LogModuleManager: Shutting down and abandoning module MessagingRpc (358)
[2020.05.27-15.19.29:652][674]LogModuleManager: Shutting down and abandoning module AIModule (356)
[2020.05.27-15.19.29:652][674]LogModuleManager: Shutting down and abandoning module AITestSuite (355)
[2020.05.27-15.19.29:652][674]LogModuleManager: Shutting down and abandoning module NavigationSystem (353)
[2020.05.27-15.19.29:652][674]LogModuleManager: Shutting down and abandoning module ImageWriteQueue (350)
[2020.05.27-15.19.29:661][674]LogModuleManager: Shutting down and abandoning module ProfilerService (348)
[2020.05.27-15.19.29:784][674]LogModuleManager: Shutting down and abandoning module TaskGraph (346)
[2020.05.27-15.19.29:785][674]LogModuleManager: Shutting down and abandoning module ScreenshotTools (344)
[2020.05.27-15.19.29:785][674]LogModuleManager: Shutting down and abandoning module SlateRemote (342)
[2020.05.27-15.19.29:785][674]LogModuleManager: Shutting down and abandoning module MobilePatchingUtils (340)
[2020.05.27-15.19.29:785][674]LogModuleManager: Shutting down and abandoning module EditableMesh (338)
[2020.05.27-15.19.29:785][674]LogModuleManager: Shutting down and abandoning module AppleImageUtilsBlueprintSupport (336)
[2020.05.27-15.19.29:785][674]LogModuleManager: Shutting down and abandoning module AppleImageUtils (334)
[2020.05.27-15.19.29:785][674]LogModuleManager: Shutting down and abandoning module AndroidPermission (332)
[2020.05.27-15.19.29:785][674]LogModuleManager: Shutting down and abandoning module NUTUnrealEngine4 (330)
[2020.05.27-15.19.29:785][674]LogModuleManager: Shutting down and abandoning module NetcodeUnitTest (328)
[2020.05.27-15.19.29:785][674]LogModuleManager: Shutting down and abandoning module ImgMedia (326)
[2020.05.27-15.19.29:785][674]LogModuleManager: Shutting down and abandoning module MixamoAnimationRetargeting (324)
[2020.05.27-15.19.29:785][674]LogModuleManager: Shutting down and abandoning module BackChannel (322)
[2020.05.27-15.19.29:785][674]LogModuleManager: Shutting down and abandoning module AutomationUtilsEditor (320)
[2020.05.27-15.19.29:785][674]LogModuleManager: Shutting down and abandoning module AutomationUtils (318)
[2020.05.27-15.19.29:786][674]LogModuleManager: Shutting down and abandoning module VariantManagerContent (316)
[2020.05.27-15.19.29:786][674]LogModuleManager: Shutting down and abandoning module SpeedTreeImporter (314)
[2020.05.27-15.19.29:786][674]LogModuleManager: Shutting down and abandoning module PluginBrowser (312)
[2020.05.27-15.19.29:786][674]LogModuleManager: Shutting down and abandoning module MobileLauncherProfileWizard (310)
[2020.05.27-15.19.29:787][674]LogModuleManager: Shutting down and abandoning module MaterialAnalyzer (308)
[2020.05.27-15.19.29:787][674]LogModuleManager: Shutting down and abandoning module CurveEditorTools (306)
[2020.05.27-15.19.29:787][674]LogModuleManager: Shutting down and abandoning module CurveEditor (305)
[2020.05.27-15.19.29:788][674]LogModuleManager: Shutting down and abandoning module VisualStudioSourceCodeAccess (302)
[2020.05.27-15.19.29:788][674]LogModuleManager: Shutting down and abandoning module VisualStudioCodeSourceCodeAccess (300)
[2020.05.27-15.19.29:788][674]LogModuleManager: Shutting down and abandoning module SubversionSourceControl (298)
[2020.05.27-15.19.29:788][674]LogModuleManager: Shutting down and abandoning module PerforceSourceControl (296)
[2020.05.27-15.19.29:789][674]LogModuleManager: Shutting down and abandoning module GitSourceControl (294)
[2020.05.27-15.19.29:789][674]LogModuleManager: Shutting down and abandoning module SourceControl (293)
[2020.05.27-15.19.29:789][674]LogModuleManager: Shutting down and abandoning module CLionSourceCodeAccess (290)
[2020.05.27-15.19.29:789][674]LogModuleManager: Shutting down and abandoning module AnimationSharingEd (288)
[2020.05.27-15.19.29:789][674]LogModuleManager: Shutting down and abandoning module ActorLayerUtilitiesEditor (286)
[2020.05.27-15.19.29:789][674]LogModuleManager: Shutting down and abandoning module ActorLayerUtilities (284)
[2020.05.27-15.19.29:789][674]LogModuleManager: Shutting down and abandoning module PaperTiledImporter (282)
[2020.05.27-15.19.29:789][674]LogModuleManager: Shutting down and abandoning module PaperSpriteSheetImporter (280)
[2020.05.27-15.19.29:790][674]LogModuleManager: Shutting down and abandoning module Paper2DEditor (278)
[2020.05.27-15.19.29:790][674]LogModuleManager: Shutting down and abandoning module ActionRPG (276)
[2020.05.27-15.19.29:790][674]LogModuleManager: Shutting down and abandoning module SignificanceManager (274)
[2020.05.27-15.19.29:790][674]LogModuleManager: Shutting down and abandoning module GameplayAbilitiesEditor (272)
[2020.05.27-15.19.29:791][674]LogModuleManager: Shutting down and abandoning module GameplayAbilities (270)
[2020.05.27-15.19.29:791][674]LogModuleManager: Shutting down and abandoning module GameplayDebugger (269)
[2020.05.27-15.19.29:791][674]LogModuleManager: Shutting down and abandoning module ActorSequence (266)
[2020.05.27-15.19.29:791][674]LogModuleManager: Shutting down and abandoning module UdpMessaging (264)
[2020.05.27-15.19.29:892][674]LogModuleManager: Shutting down and abandoning module TcpMessaging (262)
[2020.05.27-15.19.29:993][674]LogModuleManager: Shutting down and abandoning module GameplayTagsEditor (260)
[2020.05.27-15.19.29:994][674]LogModuleManager: Shutting down and abandoning module AssetManagerEditor (258)
[2020.05.27-15.19.29:995][674]LogModuleManager: Shutting down and abandoning module LevelEditor (257)
[2020.05.27-15.19.29:997][674]LogModuleManager: Shutting down and abandoning module PixelInspectorModule (256)
[2020.05.27-15.19.29:997][674]LogModuleManager: Shutting down and abandoning module CommonMenuExtensions (254)
[2020.05.27-15.19.29:998][674]LogModuleManager: Shutting down and abandoning module MainFrame (252)
[2020.05.27-15.19.29:998][674]LogModuleManager: Shutting down and abandoning module HotReload (251)
[2020.05.27-15.19.30:000][674]LogModuleManager: Shutting down and abandoning module ContentBrowser (247)
[2020.05.27-15.19.30:002][674]LogModuleManager: Shutting down and abandoning module TreeMap (245)
[2020.05.27-15.19.30:002][674]LogModuleManager: Shutting down and abandoning module AnimationSharing (242)
[2020.05.27-15.19.30:003][674]LogModuleManager: Shutting down and abandoning module Paper2D (240)
[2020.05.27-15.19.30:003][674]LogModuleManager: Shutting down and abandoning module WebMMoviePlayer (238)
[2020.05.27-15.19.30:003][674]LogModuleManager: Shutting down and abandoning module ActionRPGLoadingScreen (236)
[2020.05.27-15.19.30:003][674]LogModuleManager: Shutting down and abandoning module NetworkReplayStreaming (234)
[2020.05.27-15.19.30:003][674]LogModuleManager: Shutting down and abandoning module PacketHandler (232)
[2020.05.27-15.19.30:003][674]LogModuleManager: Shutting down and abandoning module ClothingSystemEditor (230)
[2020.05.27-15.19.30:003][674]LogModuleManager: Shutting down and abandoning module ClothingSystemRuntime (228)
[2020.05.27-15.19.30:004][674]LogModuleManager: Shutting down and abandoning module MediaAssets (226)
[2020.05.27-15.19.30:004][674]LogModuleManager: Shutting down and abandoning module Overlay (224)
[2020.05.27-15.19.30:004][674]LogModuleManager: Shutting down and abandoning module OverlayEditor (223)
[2020.05.27-15.19.30:004][674]LogModuleManager: Shutting down and abandoning module EnvironmentQueryEditor (220)
[2020.05.27-15.19.30:005][674]LogModuleManager: Shutting down and abandoning module VREditor (218)
[2020.05.27-15.19.30:006][674]LogModuleManager: Shutting down and abandoning module StringTableEditor (216)
[2020.05.27-15.19.30:007][674]LogModuleManager: Shutting down and abandoning module GameplayTasksEditor (214)
[2020.05.27-15.19.30:007][674]LogModuleManager: Shutting down and abandoning module BehaviorTreeEditor (212)
[2020.05.27-15.19.30:009][674]LogModuleManager: Shutting down and abandoning module FunctionalTesting (210)
[2020.05.27-15.19.30:009][674]LogModuleManager: Shutting down and abandoning module CollisionAnalyzer (208)
[2020.05.27-15.19.30:009][674]LogModuleManager: Shutting down and abandoning module WorkspaceMenuStructure (207)
[2020.05.27-15.19.30:009][674]LogModuleManager: Shutting down and abandoning module UMG (204)
[2020.05.27-15.19.30:010][674]LogModuleManager: Shutting down and abandoning module UMGEditor (203)
[2020.05.27-15.19.30:010][674]LogModuleManager: Shutting down and abandoning module Sequencer (202)
[2020.05.27-15.19.30:012][674]LogModuleManager: Shutting down and abandoning module MessageLog (199)
[2020.05.27-15.19.30:012][674]LogModuleManager: Shutting down and abandoning module SlateReflector (194)
[2020.05.27-15.19.30:014][674]LogModuleManager: Shutting down and abandoning module Slate (192)
[2020.05.27-15.19.30:014][674]LogModuleManager: Shutting down and abandoning module LandscapeEditorUtilities (190)
[2020.05.27-15.19.30:014][674]LogModuleManager: Shutting down and abandoning module EditorStyle (188)
[2020.05.27-15.19.30:017][674]LogModuleManager: Shutting down and abandoning module UnrealEd (186)
[2020.05.27-15.19.30:017][674]LogModuleManager: Shutting down and abandoning module MRMesh (184)
[2020.05.27-15.19.30:017][674]LogModuleManager: Shutting down and abandoning module SourceCodeAccess (182)
[2020.05.27-15.19.30:017][674]LogModuleManager: Shutting down and abandoning module HeadMountedDisplay (180)
[2020.05.27-15.19.30:017][674]LogModuleManager: Shutting down and abandoning module XAudio2 (178)
[2020.05.27-15.19.30:018][674]LogModuleManager: Shutting down and abandoning module Networking (176)
[2020.05.27-15.19.30:018][674]LogModuleManager: Shutting down and abandoning module Core (174)
[2020.05.27-15.19.30:018][674]LogModuleManager: Shutting down and abandoning module KismetCompiler (172)
[2020.05.27-15.19.30:018][674]LogModuleManager: Shutting down and abandoning module MeshUtilities (170)
[2020.05.27-15.19.30:018][674]LogModuleManager: Shutting down and abandoning module MeshMergeUtilities (169)
[2020.05.27-15.19.30:018][674]LogModuleManager: Shutting down and abandoning module MeshReductionInterface (168)
[2020.05.27-15.19.30:019][674]LogModuleManager: Shutting down and abandoning module SkeletalMeshReduction (167)
[2020.05.27-15.19.30:019][674]LogModuleManager: Shutting down and abandoning module ProxyLODMeshReduction (165)
[2020.05.27-15.19.30:021][674]LogModuleManager: Shutting down and abandoning module QuadricMeshReduction (163)
[2020.05.27-15.19.30:021][674]LogModuleManager: Shutting down and abandoning module MaterialBaking (159)
[2020.05.27-15.19.30:022][674]LogModuleManager: Shutting down and abandoning module NullInstallBundleManager (154)
[2020.05.27-15.19.30:022][674]LogModuleManager: Shutting down and abandoning module DerivedDataCache (152)
[2020.05.27-15.19.30:046][674]LogDerivedDataCache: Shutdown
[2020.05.27-15.19.30:046][674]LogModuleManager: Shutting down and abandoning module XGEController (150)
[2020.05.27-15.19.30:046][674]LogXGEController: Cleaning working directory: C:/Users/Upper School/AppData/Local/Temp/UnrealXGEWorkingDir/
[2020.05.27-15.19.30:047][674]LogModuleManager: Shutting down and abandoning module TargetPlatform (148)
[2020.05.27-15.19.30:047][674]LogModuleManager: Shutting down and abandoning module VulkanShaderFormat (147)
[2020.05.27-15.19.30:047][674]LogModuleManager: Shutting down and abandoning module ShaderFormatVectorVM (145)
[2020.05.27-15.19.30:047][674]LogModuleManager: Shutting down and abandoning module ShaderFormatOpenGL (143)
[2020.05.27-15.19.30:048][674]LogModuleManager: Shutting down and abandoning module ShaderFormatD3D (141)
[2020.05.27-15.19.30:048][674]LogModuleManager: Shutting down and abandoning module MetalShaderFormat (139)
[2020.05.27-15.19.30:048][674]LogModuleManager: Shutting down and abandoning module TextureFormatUncompressed (137)
[2020.05.27-15.19.30:049][674]LogModuleManager: Shutting down and abandoning module TextureFormatPVR (135)
[2020.05.27-15.19.30:049][674]LogModuleManager: Shutting down and abandoning module TextureFormatDXT (133)
[2020.05.27-15.19.30:049][674]LogModuleManager: Shutting down and abandoning module TextureFormatIntelISPCTexComp (131)
[2020.05.27-15.19.30:049][674]LogModuleManager: Shutting down and abandoning module TextureFormatASTC (129)
[2020.05.27-15.19.30:050][674]LogModuleManager: Shutting down and abandoning module ImageWrapper (128)
[2020.05.27-15.19.30:050][674]LogModuleManager: Shutting down and abandoning module TextureFormatAndroid (125)
[2020.05.27-15.19.30:050][674]LogModuleManager: Shutting down and abandoning module AudioFormatOpus (123)
[2020.05.27-15.19.30:050][674]LogModuleManager: Shutting down and abandoning module AudioFormatOgg (121)
[2020.05.27-15.19.30:050][674]LogModuleManager: Shutting down and abandoning module AudioFormatADPCM (119)
[2020.05.27-15.19.30:050][674]LogModuleManager: Shutting down and abandoning module LuminTargetPlatform (117)
[2020.05.27-15.19.30:053][674]LogModuleManager: Shutting down and abandoning module LinuxTargetPlatform (115)
[2020.05.27-15.19.30:053][674]LogModuleManager: Shutting down and abandoning module LinuxServerTargetPlatform (113)
[2020.05.27-15.19.30:053][674]LogModuleManager: Shutting down and abandoning module LinuxNoEditorTargetPlatform (111)
[2020.05.27-15.19.30:053][674]LogModuleManager: Shutting down and abandoning module LinuxClientTargetPlatform (109)
[2020.05.27-15.19.30:053][674]LogModuleManager: Shutting down and abandoning module TVOSTargetPlatform (107)
[2020.05.27-15.19.30:055][674]LogModuleManager: Shutting down and abandoning module Messaging (105)
[2020.05.27-15.19.30:056][674]LogModuleManager: Shutting down and abandoning module IOSTargetPlatform (103)
[2020.05.27-15.19.30:060][674]LogModuleManager: Shutting down and abandoning module HTML5TargetPlatform (101)
[2020.05.27-15.19.30:060][674]LogModuleManager: Shutting down and abandoning module AndroidTargetPlatform (99)
[2020.05.27-15.19.30:082][674]LogModuleManager: Shutting down and abandoning module WindowsTargetPlatform (97)
[2020.05.27-15.19.30:082][674]LogModuleManager: Shutting down and abandoning module WindowsServerTargetPlatform (95)
[2020.05.27-15.19.30:082][674]LogModuleManager: Shutting down and abandoning module WindowsNoEditorTargetPlatform (93)
[2020.05.27-15.19.30:082][674]LogModuleManager: Shutting down and abandoning module WindowsClientTargetPlatform (91)
[2020.05.27-15.19.30:083][674]LogModuleManager: Shutting down and abandoning module MacTargetPlatform (89)
[2020.05.27-15.19.30:083][674]LogModuleManager: Shutting down and abandoning module MacServerTargetPlatform (87)
[2020.05.27-15.19.30:083][674]LogModuleManager: Shutting down and abandoning module MacNoEditorTargetPlatform (85)
[2020.05.27-15.19.30:083][674]LogModuleManager: Shutting down and abandoning module MacClientTargetPlatform (83)
[2020.05.27-15.19.30:083][674]LogModuleManager: Shutting down and abandoning module AllDesktopTargetPlatform (81)
[2020.05.27-15.19.30:083][674]LogModuleManager: Shutting down and abandoning module InputCore (78)
[2020.05.27-15.19.30:083][674]LogModuleManager: Shutting down and abandoning module Settings (76)
[2020.05.27-15.19.30:083][674]LogModuleManager: Shutting down and abandoning module DirectoryWatcher (74)
[2020.05.27-15.19.30:083][674]LogModuleManager: Shutting down and abandoning module PhysXCooking (72)
[2020.05.27-15.19.30:084][674]LogModuleManager: Shutting down and abandoning module WindowsPlatformFeatures (70)
[2020.05.27-15.19.30:084][674]LogModuleManager: Shutting down and abandoning module GameplayMediaEncoder (69)
[2020.05.27-15.19.30:084][674]LogModuleManager: Shutting down and abandoning module ExampleDeviceProfileSelector (66)
[2020.05.27-15.19.30:084][674]LogModuleManager: Shutting down and abandoning module LauncherChunkInstaller (64)
[2020.05.27-15.19.30:084][674]LogModuleManager: Shutting down and abandoning module OnlineBlueprintSupport (62)
[2020.05.27-15.19.30:084][674]LogModuleManager: Shutting down and abandoning module OnlineSubsystem (58)
[2020.05.27-15.19.30:087][674]LogModuleManager: Shutting down and abandoning module XMPP (53)
[2020.05.27-15.19.30:088][674]LogModuleManager: Shutting down and abandoning module WebSockets (52)
[2020.05.27-15.19.30:116][674]LogModuleManager: Shutting down and abandoning module HTTP (49)
[2020.05.27-15.19.30:116][674]LogHttp: Display: Http module shutting down, but needs to wait on 1 outstanding Http requests:
[2020.05.27-15.19.30:116][674]LogHttp: Display: 	verb=[POST] url=[https://datarouter.ol.epicgames.com/datarouter/api/v1/public/data?SessionID=%7BFFD7C2C5-4DA9-AF5D-CBC3-16937D9033C0%7D&AppID=UEEditor.Rocket.Release&AppVersion=4.23.1-9631420%2B%2B%2BUE4%2BRelease-4.23&UserID=5f1a384242195162e30d1a81fc9c0e23%7Cb565faa67db44caf9aa4b9de7250148c%7Ce478bafb-28d0-489e-a81a-909f704e16c5&AppEnvironment=datacollector-binary&UploadType=eteventstream] status=Processing
[2020.05.27-15.19.30:141][674]LogModuleManager: Shutting down and abandoning module SSL (48)
[2020.05.27-15.19.30:145][674]LogModuleManager: Shutting down and abandoning module AISupportModule (44)
[2020.05.27-15.19.30:145][674]LogModuleManager: Shutting down and abandoning module PlatformCryptoOpenSSL (42)
[2020.05.27-15.19.30:145][674]LogModuleManager: Shutting down and abandoning module PlatformCrypto (40)
[2020.05.27-15.19.30:145][674]LogModuleManager: Shutting down and abandoning module AnimationModifiers (38)
[2020.05.27-15.19.30:146][674]LogModuleManager: Shutting down and abandoning module PropertyEditor (37)
[2020.05.27-15.19.30:152][674]LogModuleManager: Shutting down and abandoning module AudioEditor (34)
[2020.05.27-15.19.30:153][674]LogModuleManager: Shutting down and abandoning module TextureCompressor (32)
[2020.05.27-15.19.30:154][674]LogModuleManager: Shutting down and abandoning module RenderCore (30)
[2020.05.27-15.19.30:154][674]LogModuleManager: Shutting down and abandoning module Landscape (28)
[2020.05.27-15.19.30:154][674]LogModuleManager: Shutting down and abandoning module SlateRHIRenderer (26)
[2020.05.27-15.19.30:157][674]LogModuleManager: Shutting down and abandoning module OpenGLDrv (24)
[2020.05.27-15.19.30:158][674]LogModuleManager: Shutting down and abandoning module D3D11RHI (22)
[2020.05.27-15.19.30:158][674]LogModuleManager: Shutting down and abandoning module AnimGraphRuntime (20)
[2020.05.27-15.19.30:158][674]LogModuleManager: Shutting down and abandoning module Renderer (18)
[2020.05.27-15.19.30:158][674]LogModuleManager: Shutting down and abandoning module Engine (16)
[2020.05.27-15.19.30:158][674]LogModuleManager: Shutting down and abandoning module CoreUObject (14)
[2020.05.27-15.19.30:158][674]LogModuleManager: Shutting down and abandoning module NetworkFile (12)
[2020.05.27-15.19.30:159][674]LogModuleManager: Shutting down and abandoning module CookedIterativeFile (10)
[2020.05.27-15.19.30:159][674]LogModuleManager: Shutting down and abandoning module StreamingFile (8)
[2020.05.27-15.19.30:159][674]LogModuleManager: Shutting down and abandoning module SandboxFile (6)
[2020.05.27-15.19.30:159][674]LogModuleManager: Shutting down and abandoning module PakFile (4)
[2020.05.27-15.19.30:159][674]LogModuleManager: Shutting down and abandoning module RSA (3)
[2020.05.27-15.19.30:160][674]LogD3D11RHI: Shutdown
[2020.05.27-15.19.30:160][674]LogD3D11RHI: CleanupD3DDevice
[2020.05.27-15.19.30:162][674]LogRendererCore: FGlobalDynamicReadBuffer::Cleanup()
[2020.05.27-15.19.30:162][674]LogRendererCore: FGlobalDynamicReadBuffer::Cleanup()
[2020.05.27-15.19.30:162][674]LogRendererCore: FGlobalDynamicReadBuffer::Cleanup()
[2020.05.27-15.19.30:189][674]LogD3D11RHI: ~FD3D11DynamicRHI
[2020.05.27-15.19.30:224][674]LogExit: Exiting.
[2020.05.27-15.19.30:240][674]Log file closed, 05/27/20 11:19:30
