Log file open, 02/25/20 11:40:39
LogWindows: Failed to load 'aqProf.dll' (GetLastError=126)
LogWindows: File 'aqProf.dll' does not exist
LogWindows: Failed to load 'VtuneApi.dll' (GetLastError=126)
LogWindows: File 'VtuneApi.dll' does not exist
LogWindows: Failed to load 'VtuneApi32e.dll' (GetLastError=126)
LogWindows: File 'VtuneApi32e.dll' does not exist
LogConsoleResponse: Display: Failed to find resolution value strings in scalability ini. Falling back to default.
LogInit: Display: Running engine for game: ActionRPG
LogPlatformFile: Not using cached read wrapper
LogTaskGraph: Started task graph with 5 named threads and 23 total threads with 3 sets of task threads.
LogStats: Stats thread started at 0.402655
LogD3D11RHI: Loaded GFSDK_Aftermath_Lib.x64.dll
LogICUInternationalization: ICU TimeZone Detection - Raw Offset: -5:00, Platform Override: ''
LogPluginManager: Mounting plugin Paper2D
LogPluginManager: Mounting plugin AISupport
LogPluginManager: Mounting plugin ActorLayerUtilities
LogPluginManager: Mounting plugin AnimationSharing
LogPluginManager: Mounting plugin CLionSourceCodeAccess
LogPluginManager: Mounting plugin CodeLiteSourceCodeAccess
LogPluginManager: Mounting plugin GitSourceControl
LogPluginManager: Mounting plugin KDevelopSourceCodeAccess
LogPluginManager: Mounting plugin NullSourceCodeAccess
LogPluginManager: Mounting plugin PerforceSourceControl
LogPluginManager: Mounting plugin SubversionSourceControl
LogPluginManager: Mounting plugin VisualStudioCodeSourceCodeAccess
LogPluginManager: Mounting plugin VisualStudioSourceCodeAccess
LogPluginManager: Mounting plugin XCodeSourceCodeAccess
LogPluginManager: Mounting plugin AssetManagerEditor
LogPluginManager: Mounting plugin CurveEditorTools
LogPluginManager: Mounting plugin GameplayTagsEditor
LogPluginManager: Mounting plugin MacGraphicsSwitching
LogPluginManager: Mounting plugin MaterialAnalyzer
LogPluginManager: Mounting plugin MobileLauncherProfileWizard
LogPluginManager: Mounting plugin PluginBrowser
LogPluginManager: Mounting plugin SpeedTreeImporter
LogPluginManager: Mounting plugin VariantManagerContent
LogPluginManager: Mounting plugin AutomationUtils
LogPluginManager: Mounting plugin BackChannel
LogPluginManager: Mounting plugin PlatformCrypto
LogPluginManager: Mounting plugin ProxyLODPlugin
LogPluginManager: Mounting plugin SkeletalReduction
LogPluginManager: Mounting plugin AndroidMedia
LogPluginManager: Mounting plugin AvfMedia
LogPluginManager: Mounting plugin ImgMedia
LogPluginManager: Mounting plugin MediaPlayerEditor
LogPluginManager: Mounting plugin WebMMedia
LogPluginManager: Mounting plugin TcpMessaging
LogPluginManager: Mounting plugin UdpMessaging
LogPluginManager: Mounting plugin ActorSequence
LogPluginManager: Mounting plugin LevelSequenceEditor
LogPluginManager: Mounting plugin MatineeToLevelSequence
LogPluginManager: Mounting plugin NetcodeUnitTest
LogPluginManager: Mounting plugin NUTUnrealEngine4
LogPluginManager: Mounting plugin OnlineSubsystemGooglePlay
LogPluginManager: Mounting plugin OnlineSubsystemIOS
LogPluginManager: Mounting plugin OnlineSubsystem
LogPluginManager: Mounting plugin OnlineSubsystemNull
LogPluginManager: Mounting plugin OnlineSubsystemUtils
LogPluginManager: Mounting plugin LauncherChunkInstaller
LogPluginManager: Mounting plugin AndroidDeviceProfileSelector
LogPluginManager: Mounting plugin AndroidMoviePlayer
LogPluginManager: Mounting plugin AndroidPermission
LogPluginManager: Mounting plugin AppleImageUtils
LogPluginManager: Mounting plugin AppleMoviePlayer
LogPluginManager: Mounting plugin EditableMesh
LogPluginManager: Mounting plugin ExampleDeviceProfileSelector
LogPluginManager: Mounting plugin GameplayAbilities
LogPluginManager: Mounting plugin GoogleCloudMessaging
LogPluginManager: Mounting plugin IOSDeviceProfileSelector
LogPluginManager: Mounting plugin LinuxDeviceProfileSelector
LogPluginManager: Mounting plugin MobilePatchingUtils
LogPluginManager: Mounting plugin SignificanceManager
LogPluginManager: Mounting plugin WebMMoviePlayer
LogPluginManager: Mounting plugin SlateRemote
LogPluginManager: Mounting plugin ScreenshotTools
LogInit: Using libcurl 7.55.1-DEV
LogInit:  - built for x86_64-pc-win32
LogInit:  - supports SSL with OpenSSL/1.1.1
LogInit:  - supports HTTP deflate (compression) using libz 1.2.8
LogInit:  - other features:
LogInit:      CURL_VERSION_SSL
LogInit:      CURL_VERSION_LIBZ
LogInit:      CURL_VERSION_IPV6
LogInit:      CURL_VERSION_ASYNCHDNS
LogInit:      CURL_VERSION_LARGEFILE
LogInit:      CURL_VERSION_IDN
LogInit:  CurlRequestOptions (configurable via config and command line):
LogInit:  - bVerifyPeer = true  - Libcurl will verify peer certificate
LogInit:  - bUseHttpProxy = false  - Libcurl will NOT use HTTP proxy
LogInit:  - bDontReuseConnections = false  - Libcurl will reuse connections
LogInit:  - MaxHostConnections = 16  - Libcurl will limit the number of connections to a host
LogInit:  - LocalHostAddr = Default
LogInit:  - BufferSize = 65536
LogOnline: OSS: Creating online subsystem instance for: NULL
LogInit: WinSock: version 1.1 (2.2), MaxSocks=32767, MaxUdp=65467
LogInit: Build: ++UE4+Release-4.23-CL-8386587
LogInit: Engine Version: 4.23.0-8386587+++UE4+Release-4.23
LogInit: Compatible Engine Version: 4.23.0-8386587+++UE4+Release-4.23
LogInit: Net CL: 8386587
LogInit: OS: Windows 10 (Release 1803) (), CPU: Intel(R) Core(TM) i7-4790 CPU @ 3.60GHz, GPU: NVIDIA GeForce GTX 970
LogInit: Compiled (64-bit): Aug 31 2019 02:04:44
LogInit: Compiled with Visual C++: 19.16.27030.01
LogInit: Build Configuration: Development
LogInit: Branch Name: ++UE4+Release-4.23
LogInit: Command Line: 
LogInit: Base Directory: C:/Program Files/Epic Games/UE_4.23/Engine/Binaries/Win64/
LogInit: Installed Engine Build: 1
LogDevObjectVersion: Number of dev versions registered: 23
LogDevObjectVersion:   Dev-Blueprints (B0D832E4-1F89-4F0D-ACCF-7EB736FD4AA2): 10
LogDevObjectVersion:   Dev-Build (E1C64328-A22C-4D53-A36C-8E866417BD8C): 0
LogDevObjectVersion:   Dev-Core (375EC13C-06E4-48FB-B500-84F0262A717E): 3
LogDevObjectVersion:   Dev-Editor (E4B068ED-F494-42E9-A231-DA0B2E46BB41): 34
LogDevObjectVersion:   Dev-Framework (CFFC743F-43B0-4480-9391-14DF171D2073): 35
LogDevObjectVersion:   Dev-Mobile (B02B49B5-BB20-44E9-A304-32B752E40360): 2
LogDevObjectVersion:   Dev-Networking (A4E4105C-59A1-49B5-A7C5-40C4547EDFEE): 0
LogDevObjectVersion:   Dev-Online (39C831C9-5AE6-47DC-9A44-9C173E1C8E7C): 0
LogDevObjectVersion:   Dev-Physics (78F01B33-EBEA-4F98-B9B4-84EACCB95AA2): 0
LogDevObjectVersion:   Dev-Platform (6631380F-2D4D-43E0-8009-CF276956A95A): 0
LogDevObjectVersion:   Dev-Rendering (12F88B9F-8875-4AFC-A67C-D90C383ABD29): 31
LogDevObjectVersion:   Dev-Sequencer (7B5AE74C-D270-4C10-A958-57980B212A5A): 11
LogDevObjectVersion:   Dev-VR (D7296918-1DD6-4BDD-9DE2-64A83CC13884): 2
LogDevObjectVersion:   Dev-LoadTimes (C2A15278-BFE7-4AFE-6C17-90FF531DF755): 1
LogDevObjectVersion:   Private-Geometry (6EACA3D4-40EC-4CC1-B786-8BED09428FC5): 3
LogDevObjectVersion:   Dev-AnimPhys (29E575DD-E0A3-4627-9D10-D276232CDCEA): 17
LogDevObjectVersion:   Dev-Anim (AF43A65D-7FD3-4947-9873-3E8ED9C1BB05): 2
LogDevObjectVersion:   Dev-ReflectionCapture (6B266CEC-1EC7-4B8F-A30B-E4D90942FC07): 1
LogDevObjectVersion:   Dev-Automation (0DF73D61-A23F-47EA-B727-89E90C41499A): 1
LogDevObjectVersion:   FortniteMain (601D1886-AC64-4F84-AA16-D3DE0DEAC7D6): 27
LogDevObjectVersion:   Dev-Enterprise (9DFFBCD6-494F-0158-E221-12823C92A888): 6
LogDevObjectVersion:   Dev-Niagara (F2AED0AC-9AFE-416F-8664-AA7FFA26D6FC): 1
LogDevObjectVersion:   Dev-Destruction (174F1F0B-B4C6-45A5-B13F-2EE8D0FB917D): 9
LogInit: Presizing for max 16777216 objects, including 0 objects not considered by GC, pre-allocating 0 bytes for permanent pool.
LogInit: Object subsystem initialized
LogConfig: Setting CVar [[con.DebugEarlyDefault:1]]
LogConfig: Setting CVar [[r.setres:1280x720]]
[2020.02.25-16.40.40:193][  0]LogConfig: Setting CVar [[r.VSync:0]]
[2020.02.25-16.40.40:193][  0]LogConfig: Setting CVar [[r.RHICmdBypass:0]]
[2020.02.25-16.40.40:193][  0]LogConfig: Applying CVar settings from Section [/Script/Engine.RendererSettings] File [D:/Git Hub/game-team-h/ActionRPG/Saved/Config/Windows/Engine.ini]
[2020.02.25-16.40.40:193][  0]LogConfig: Setting CVar [[r.GPUCrashDebugging:0]]
[2020.02.25-16.40.40:193][  0]LogConfig: Setting CVar [[r.Mobile.TonemapperFilm:1]]
[2020.02.25-16.40.40:193][  0]LogConfig: Setting CVar [[r.MobileHDR:1]]
[2020.02.25-16.40.40:193][  0]LogConfig: Setting CVar [[r.AllowOcclusionQueries:1]]
[2020.02.25-16.40.40:193][  0]LogConfig: Setting CVar [[r.MinScreenRadiusForLights:0.030000]]
[2020.02.25-16.40.40:193][  0]LogConfig: Setting CVar [[r.MinScreenRadiusForDepthPrepass:0.030000]]
[2020.02.25-16.40.40:193][  0]LogConfig: Setting CVar [[r.PrecomputedVisibilityWarning:0]]
[2020.02.25-16.40.40:193][  0]LogConfig: Setting CVar [[r.TextureStreaming:1]]
[2020.02.25-16.40.40:193][  0]LogConfig: Setting CVar [[Compat.UseDXT5NormalMaps:0]]
[2020.02.25-16.40.40:193][  0]LogConfig: Setting CVar [[r.AllowStaticLighting:1]]
[2020.02.25-16.40.40:193][  0]LogConfig: Setting CVar [[r.NormalMapsForStaticLighting:0]]
[2020.02.25-16.40.40:193][  0]LogConfig: Setting CVar [[r.GenerateMeshDistanceFields:0]]
[2020.02.25-16.40.40:193][  0]LogConfig: Setting CVar [[r.TessellationAdaptivePixelsPerTriangle:48.000000]]
[2020.02.25-16.40.40:193][  0]LogConfig: Setting CVar [[r.SeparateTranslucency:0]]
[2020.02.25-16.40.40:193][  0]LogConfig: Setting CVar [[r.TranslucentSortPolicy:0]]
[2020.02.25-16.40.40:193][  0]LogConfig: Setting CVar [[r.CustomDepth:1]]
[2020.02.25-16.40.40:193][  0]LogConfig: Setting CVar [[r.DefaultFeature.Bloom:1]]
[2020.02.25-16.40.40:193][  0]LogConfig: Setting CVar [[r.DefaultFeature.AmbientOcclusion:0]]
[2020.02.25-16.40.40:193][  0]LogConfig: Setting CVar [[r.DefaultFeature.AmbientOcclusionStaticFraction:1]]
[2020.02.25-16.40.40:193][  0]LogConfig: Setting CVar [[r.DefaultFeature.AutoExposure:0]]
[2020.02.25-16.40.40:193][  0]LogConfig: Setting CVar [[r.DefaultFeature.MotionBlur:0]]
[2020.02.25-16.40.40:193][  0]LogConfig: Setting CVar [[r.DefaultFeature.LensFlare:0]]
[2020.02.25-16.40.40:193][  0]LogConfig: Setting CVar [[r.DefaultFeature.AntiAliasing:3]]
[2020.02.25-16.40.40:193][  0]LogConfig: Setting CVar [[r.EarlyZPass:3]]
[2020.02.25-16.40.40:193][  0]LogConfig: Setting CVar [[r.DBuffer:0]]
[2020.02.25-16.40.40:193][  0]LogConfig: Setting CVar [[r.ClearSceneMethod:1]]
[2020.02.25-16.40.40:193][  0]LogConfig: Setting CVar [[r.WireframeCullThreshold:5.000000]]
[2020.02.25-16.40.40:193][  0]LogConfig: Setting CVar [[r.MobileMSAA:2]]
[2020.02.25-16.40.40:193][  0]LogConfig: Setting CVar [[r.ReflectionCaptureResolution:64]]
[2020.02.25-16.40.40:193][  0]LogConfig: Setting CVar [[r.Mobile.DisableVertexFog:0]]
[2020.02.25-16.40.40:193][  0]LogConfig: Setting CVar [[r.ReflectionEnvironmentLightmapMixBasedOnRoughness:0]]
[2020.02.25-16.40.40:193][  0]LogConfig: Setting CVar [[r.Mobile.UseLegacyShadingModel:0]]
[2020.02.25-16.40.40:193][  0]LogConfig: Setting CVar [[r.ShaderPipelineCache.Enabled:1]]
[2020.02.25-16.40.40:193][  0]LogConfig: Setting CVar [[r.AllowVolumeTextureAssetCreation:1]]
[2020.02.25-16.40.40:193][  0]LogConfig: Setting CVar [[r.Mobile.AllowDitheredLODTransition:1]]
[2020.02.25-16.40.40:193][  0]LogConfig: Applying CVar settings from Section [/Script/Engine.RendererOverrideSettings] File [D:/Git Hub/game-team-h/ActionRPG/Saved/Config/Windows/Engine.ini]
[2020.02.25-16.40.40:193][  0]LogConfig: Applying CVar settings from Section [/Script/Engine.StreamingSettings] File [D:/Git Hub/game-team-h/ActionRPG/Saved/Config/Windows/Engine.ini]
[2020.02.25-16.40.40:193][  0]LogConfig: Setting CVar [[s.MinBulkDataSizeForAsyncLoading:131072]]
[2020.02.25-16.40.40:193][  0]LogConfig: Setting CVar [[s.AsyncLoadingThreadEnabled:0]]
[2020.02.25-16.40.40:193][  0]LogConfig: Setting CVar [[s.EventDrivenLoaderEnabled:1]]
[2020.02.25-16.40.40:193][  0]LogConfig: Setting CVar [[s.WarnIfTimeLimitExceeded:0]]
[2020.02.25-16.40.40:193][  0]LogConfig: Setting CVar [[s.TimeLimitExceededMultiplier:1.5]]
[2020.02.25-16.40.40:193][  0]LogConfig: Setting CVar [[s.TimeLimitExceededMinTime:0.005]]
[2020.02.25-16.40.40:193][  0]LogConfig: Setting CVar [[s.UseBackgroundLevelStreaming:1]]
[2020.02.25-16.40.40:193][  0]LogConfig: Setting CVar [[s.PriorityAsyncLoadingExtraTime:15.0]]
[2020.02.25-16.40.40:193][  0]LogConfig: Setting CVar [[s.LevelStreamingActorsUpdateTimeLimit:5.0]]
[2020.02.25-16.40.40:193][  0]LogConfig: Setting CVar [[s.PriorityLevelStreamingActorsUpdateExtraTime:5.0]]
[2020.02.25-16.40.40:193][  0]LogConfig: Setting CVar [[s.LevelStreamingComponentsRegistrationGranularity:10]]
[2020.02.25-16.40.40:193][  0]LogConfig: Setting CVar [[s.UnregisterComponentsTimeLimit:1.0]]
[2020.02.25-16.40.40:193][  0]LogConfig: Setting CVar [[s.LevelStreamingComponentsUnregistrationGranularity:5]]
[2020.02.25-16.40.40:193][  0]LogConfig: Applying CVar settings from Section [/Script/Engine.GarbageCollectionSettings] File [D:/Git Hub/game-team-h/ActionRPG/Saved/Config/Windows/Engine.ini]
[2020.02.25-16.40.40:193][  0]LogConfig: Setting CVar [[gc.MaxObjectsNotConsideredByGC:1]]
[2020.02.25-16.40.40:193][  0]LogConfig: Setting CVar [[gc.SizeOfPermanentObjectPool:0]]
[2020.02.25-16.40.40:193][  0]LogConfig: Setting CVar [[gc.FlushStreamingOnGC:0]]
[2020.02.25-16.40.40:193][  0]LogConfig: Setting CVar [[gc.NumRetriesBeforeForcingGC:10]]
[2020.02.25-16.40.40:193][  0]LogConfig: Setting CVar [[gc.AllowParallelGC:1]]
[2020.02.25-16.40.40:193][  0]LogConfig: Setting CVar [[gc.TimeBetweenPurgingPendingKillObjects:61.1]]
[2020.02.25-16.40.40:193][  0]LogConfig: Setting CVar [[gc.MaxObjectsInEditor:16777216]]
[2020.02.25-16.40.40:193][  0]LogConfig: Setting CVar [[gc.IncrementalBeginDestroyEnabled:1]]
[2020.02.25-16.40.40:193][  0]LogConfig: Setting CVar [[gc.CreateGCClusters:1]]
[2020.02.25-16.40.40:193][  0]LogConfig: Setting CVar [[gc.MinGCClusterSize:5]]
[2020.02.25-16.40.40:193][  0]LogConfig: Setting CVar [[gc.ActorClusteringEnabled:0]]
[2020.02.25-16.40.40:193][  0]LogConfig: Setting CVar [[gc.BlueprintClusteringEnabled:0]]
[2020.02.25-16.40.40:193][  0]LogConfig: Setting CVar [[gc.UseDisregardForGCOnDedicatedServers:0]]
[2020.02.25-16.40.40:193][  0]LogConfig: Applying CVar settings from Section [/Script/Engine.NetworkSettings] File [D:/Git Hub/game-team-h/ActionRPG/Saved/Config/Windows/Engine.ini]
[2020.02.25-16.40.40:193][  0]LogConfig: Applying CVar settings from Section [/Script/UnrealEd.CookerSettings] File [D:/Git Hub/game-team-h/ActionRPG/Saved/Config/Windows/Engine.ini]
[2020.02.25-16.40.40:224][  0]LogConfig: Applying CVar settings from Section [ViewDistanceQuality@3] File [D:/Git Hub/game-team-h/ActionRPG/Saved/Config/Windows/Scalability.ini]
[2020.02.25-16.40.40:224][  0]LogConfig: Setting CVar [[r.SkeletalMeshLODBias:0]]
[2020.02.25-16.40.40:224][  0]LogConfig: Setting CVar [[r.ViewDistanceScale:1.0]]
[2020.02.25-16.40.40:224][  0]LogConfig: Applying CVar settings from Section [AntiAliasingQuality@3] File [D:/Git Hub/game-team-h/ActionRPG/Saved/Config/Windows/Scalability.ini]
[2020.02.25-16.40.40:224][  0]LogConfig: Setting CVar [[r.PostProcessAAQuality:4]]
[2020.02.25-16.40.40:224][  0]LogConfig: Applying CVar settings from Section [ShadowQuality@3] File [D:/Git Hub/game-team-h/ActionRPG/Saved/Config/Windows/Scalability.ini]
[2020.02.25-16.40.40:224][  0]LogConfig: Setting CVar [[r.LightFunctionQuality:1]]
[2020.02.25-16.40.40:224][  0]LogConfig: Setting CVar [[r.ShadowQuality:5]]
[2020.02.25-16.40.40:224][  0]LogConfig: Setting CVar [[r.Shadow.CSM.MaxCascades:10]]
[2020.02.25-16.40.40:224][  0]LogConfig: Setting CVar [[r.Shadow.MaxResolution:2048]]
[2020.02.25-16.40.40:224][  0]LogConfig: Setting CVar [[r.Shadow.MaxCSMResolution:2048]]
[2020.02.25-16.40.40:224][  0]LogConfig: Setting CVar [[r.Shadow.RadiusThreshold:0.01]]
[2020.02.25-16.40.40:224][  0]LogConfig: Setting CVar [[r.Shadow.DistanceScale:1.0]]
[2020.02.25-16.40.40:224][  0]LogConfig: Setting CVar [[r.Shadow.CSM.TransitionScale:1.0]]
[2020.02.25-16.40.40:224][  0]LogConfig: Setting CVar [[r.Shadow.PreShadowResolutionFactor:1.0]]
[2020.02.25-16.40.40:224][  0]LogConfig: Setting CVar [[r.DistanceFieldShadowing:1]]
[2020.02.25-16.40.40:224][  0]LogConfig: Setting CVar [[r.DistanceFieldAO:1]]
[2020.02.25-16.40.40:224][  0]LogConfig: Setting CVar [[r.AOQuality:2]]
[2020.02.25-16.40.40:224][  0]LogConfig: Setting CVar [[r.VolumetricFog:1]]
[2020.02.25-16.40.40:224][  0]LogConfig: Setting CVar [[r.VolumetricFog.GridPixelSize:8]]
[2020.02.25-16.40.40:224][  0]LogConfig: Setting CVar [[r.VolumetricFog.GridSizeZ:128]]
[2020.02.25-16.40.40:224][  0]LogConfig: Setting CVar [[r.VolumetricFog.HistoryMissSupersampleCount:4]]
[2020.02.25-16.40.40:224][  0]LogConfig: Setting CVar [[r.LightMaxDrawDistanceScale:1]]
[2020.02.25-16.40.40:224][  0]LogConfig: Setting CVar [[r.CapsuleShadows:1]]
[2020.02.25-16.40.40:224][  0]LogConfig: Applying CVar settings from Section [PostProcessQuality@3] File [D:/Git Hub/game-team-h/ActionRPG/Saved/Config/Windows/Scalability.ini]
[2020.02.25-16.40.40:224][  0]LogConfig: Setting CVar [[r.MotionBlurQuality:4]]
[2020.02.25-16.40.40:224][  0]LogConfig: Setting CVar [[r.AmbientOcclusionMipLevelFactor:0.4]]
[2020.02.25-16.40.40:224][  0]LogConfig: Setting CVar [[r.AmbientOcclusionMaxQuality:100]]
[2020.02.25-16.40.40:224][  0]LogConfig: Setting CVar [[r.AmbientOcclusionLevels:-1]]
[2020.02.25-16.40.40:224][  0]LogConfig: Setting CVar [[r.AmbientOcclusionRadiusScale:1.0]]
[2020.02.25-16.40.40:224][  0]LogConfig: Setting CVar [[r.DepthOfFieldQuality:2]]
[2020.02.25-16.40.40:224][  0]LogConfig: Setting CVar [[r.RenderTargetPoolMin:400]]
[2020.02.25-16.40.40:224][  0]LogConfig: Setting CVar [[r.LensFlareQuality:2]]
[2020.02.25-16.40.40:224][  0]LogConfig: Setting CVar [[r.SceneColorFringeQuality:1]]
[2020.02.25-16.40.40:224][  0]LogConfig: Setting CVar [[r.EyeAdaptationQuality:2]]
[2020.02.25-16.40.40:224][  0]LogConfig: Setting CVar [[r.BloomQuality:5]]
[2020.02.25-16.40.40:224][  0]LogConfig: Setting CVar [[r.FastBlurThreshold:100]]
[2020.02.25-16.40.40:224][  0]LogConfig: Setting CVar [[r.Upscale.Quality:3]]
[2020.02.25-16.40.40:240][  0]LogConfig: Setting CVar [[r.Tonemapper.GrainQuantization:1]]
[2020.02.25-16.40.40:240][  0]LogConfig: Setting CVar [[r.LightShaftQuality:1]]
[2020.02.25-16.40.40:240][  0]LogConfig: Setting CVar [[r.Filter.SizeScale:1]]
[2020.02.25-16.40.40:240][  0]LogConfig: Setting CVar [[r.Tonemapper.Quality:5]]
[2020.02.25-16.40.40:240][  0]LogConfig: Setting CVar [[r.DOF.Gather.AccumulatorQuality:1        ; higher gathering accumulator quality]]
[2020.02.25-16.40.40:240][  0]LogConfig: Setting CVar [[r.DOF.Gather.PostfilterMethod:1          ; Median3x3 postfilering method]]
[2020.02.25-16.40.40:240][  0]LogConfig: Setting CVar [[r.DOF.Gather.EnableBokehSettings:0       ; no bokeh simulation when gathering]]
[2020.02.25-16.40.40:240][  0]LogConfig: Setting CVar [[r.DOF.Gather.RingCount:4                 ; medium number of samples when gathering]]
[2020.02.25-16.40.40:240][  0]LogConfig: Setting CVar [[r.DOF.Scatter.ForegroundCompositing:1    ; additive foreground scattering]]
[2020.02.25-16.40.40:240][  0]LogConfig: Setting CVar [[r.DOF.Scatter.BackgroundCompositing:2    ; additive background scattering]]
[2020.02.25-16.40.40:240][  0]LogConfig: Setting CVar [[r.DOF.Scatter.EnableBokehSettings:1      ; bokeh simulation when scattering]]
[2020.02.25-16.40.40:240][  0]LogConfig: Setting CVar [[r.DOF.Scatter.MaxSpriteRatio:0.1         ; only a maximum of 10% of scattered bokeh]]
[2020.02.25-16.40.40:240][  0]LogConfig: Setting CVar [[r.DOF.Recombine.Quality:1                ; cheap slight out of focus]]
[2020.02.25-16.40.40:240][  0]LogConfig: Setting CVar [[r.DOF.Recombine.EnableBokehSettings:0    ; no bokeh simulation on slight out of focus]]
[2020.02.25-16.40.40:240][  0]LogConfig: Setting CVar [[r.DOF.TemporalAAQuality:1                ; more stable temporal accumulation]]
[2020.02.25-16.40.40:240][  0]LogConfig: Setting CVar [[r.DOF.Kernel.MaxForegroundRadius:0.025]]
[2020.02.25-16.40.40:240][  0]LogConfig: Setting CVar [[r.DOF.Kernel.MaxBackgroundRadius:0.025]]
[2020.02.25-16.40.40:240][  0]LogConfig: Applying CVar settings from Section [TextureQuality@3] File [D:/Git Hub/game-team-h/ActionRPG/Saved/Config/Windows/Scalability.ini]
[2020.02.25-16.40.40:240][  0]LogConfig: Setting CVar [[r.Streaming.MipBias:0]]
[2020.02.25-16.40.40:240][  0]LogConfig: Setting CVar [[r.Streaming.AmortizeCPUToGPUCopy:0]]
[2020.02.25-16.40.40:240][  0]LogConfig: Setting CVar [[r.Streaming.MaxNumTexturesToStreamPerFrame:0]]
[2020.02.25-16.40.40:240][  0]LogConfig: Setting CVar [[r.Streaming.Boost:1]]
[2020.02.25-16.40.40:240][  0]LogConfig: Setting CVar [[r.MaxAnisotropy:8]]
[2020.02.25-16.40.40:240][  0]LogConfig: Setting CVar [[r.Streaming.LimitPoolSizeToVRAM:0]]
[2020.02.25-16.40.40:240][  0]LogConfig: Setting CVar [[r.Streaming.PoolSize:1000]]
[2020.02.25-16.40.40:240][  0]LogConfig: Setting CVar [[r.Streaming.MaxEffectiveScreenSize:0]]
[2020.02.25-16.40.40:240][  0]LogConfig: Applying CVar settings from Section [EffectsQuality@3] File [D:/Git Hub/game-team-h/ActionRPG/Saved/Config/Windows/Scalability.ini]
[2020.02.25-16.40.40:240][  0]LogConfig: Setting CVar [[r.TranslucencyLightingVolumeDim:64]]
[2020.02.25-16.40.40:240][  0]LogConfig: Setting CVar [[r.RefractionQuality:2]]
[2020.02.25-16.40.40:240][  0]LogConfig: Setting CVar [[r.SSR.Quality:3]]
[2020.02.25-16.40.40:240][  0]LogConfig: Setting CVar [[r.SceneColorFormat:4]]
[2020.02.25-16.40.40:240][  0]LogConfig: Setting CVar [[r.DetailMode:2]]
[2020.02.25-16.40.40:240][  0]LogConfig: Setting CVar [[r.TranslucencyVolumeBlur:1]]
[2020.02.25-16.40.40:240][  0]LogConfig: Setting CVar [[r.MaterialQualityLevel:1 ; High quality]]
[2020.02.25-16.40.40:240][  0]LogConfig: Setting CVar [[r.SSS.Scale:1]]
[2020.02.25-16.40.40:240][  0]LogConfig: Setting CVar [[r.SSS.SampleSet:2]]
[2020.02.25-16.40.40:240][  0]LogConfig: Setting CVar [[r.SSS.Quality:1]]
[2020.02.25-16.40.40:240][  0]LogConfig: Setting CVar [[r.SSS.HalfRes:1]]
[2020.02.25-16.40.40:240][  0]LogConfig: Setting CVar [[r.EmitterSpawnRateScale:1.0]]
[2020.02.25-16.40.40:240][  0]LogConfig: Setting CVar [[r.ParticleLightQuality:2]]
[2020.02.25-16.40.40:240][  0]LogConfig: Applying CVar settings from Section [FoliageQuality@3] File [D:/Git Hub/game-team-h/ActionRPG/Saved/Config/Windows/Scalability.ini]
[2020.02.25-16.40.40:240][  0]LogConfig: Setting CVar [[foliage.DensityScale:1.0]]
[2020.02.25-16.40.40:240][  0]LogConfig: Setting CVar [[grass.DensityScale:1.0]]
[2020.02.25-16.40.40:240][  0]LogInit: Selected Device Profile: [Windows]
[2020.02.25-16.40.40:240][  0]LogInit: Applying CVar settings loaded from the selected device profile: [Windows]
[2020.02.25-16.40.40:318][  0]LogHAL: Display: Platform has ~ 16 GB [17120333824 / 17179869184 / 16], which maps to Larger [LargestMinGB=32, LargerMinGB=12, DefaultMinGB=8, SmallerMinGB=6, SmallestMinGB=0)
[2020.02.25-16.40.40:318][  0]LogInit: Going up to parent DeviceProfile []
[2020.02.25-16.40.40:318][  0]LogConfig: Applying CVar settings from Section [ViewDistanceQuality@3] File [D:/Git Hub/game-team-h/ActionRPG/Saved/Config/Windows/Scalability.ini]
[2020.02.25-16.40.40:318][  0]LogConfig: Setting CVar [[r.SkeletalMeshLODBias:0]]
[2020.02.25-16.40.40:318][  0]LogConfig: Setting CVar [[r.ViewDistanceScale:1.0]]
[2020.02.25-16.40.40:318][  0]LogConfig: Applying CVar settings from Section [AntiAliasingQuality@3] File [D:/Git Hub/game-team-h/ActionRPG/Saved/Config/Windows/Scalability.ini]
[2020.02.25-16.40.40:318][  0]LogConfig: Setting CVar [[r.PostProcessAAQuality:4]]
[2020.02.25-16.40.40:318][  0]LogConfig: Applying CVar settings from Section [ShadowQuality@3] File [D:/Git Hub/game-team-h/ActionRPG/Saved/Config/Windows/Scalability.ini]
[2020.02.25-16.40.40:318][  0]LogConfig: Setting CVar [[r.LightFunctionQuality:1]]
[2020.02.25-16.40.40:318][  0]LogConfig: Setting CVar [[r.ShadowQuality:5]]
[2020.02.25-16.40.40:318][  0]LogConfig: Setting CVar [[r.Shadow.CSM.MaxCascades:10]]
[2020.02.25-16.40.40:318][  0]LogConfig: Setting CVar [[r.Shadow.MaxResolution:2048]]
[2020.02.25-16.40.40:318][  0]LogConfig: Setting CVar [[r.Shadow.MaxCSMResolution:2048]]
[2020.02.25-16.40.40:318][  0]LogConfig: Setting CVar [[r.Shadow.RadiusThreshold:0.01]]
[2020.02.25-16.40.40:318][  0]LogConfig: Setting CVar [[r.Shadow.DistanceScale:1.0]]
[2020.02.25-16.40.40:318][  0]LogConfig: Setting CVar [[r.Shadow.CSM.TransitionScale:1.0]]
[2020.02.25-16.40.40:318][  0]LogConfig: Setting CVar [[r.Shadow.PreShadowResolutionFactor:1.0]]
[2020.02.25-16.40.40:318][  0]LogConfig: Setting CVar [[r.DistanceFieldShadowing:1]]
[2020.02.25-16.40.40:318][  0]LogConfig: Setting CVar [[r.DistanceFieldAO:1]]
[2020.02.25-16.40.40:318][  0]LogConfig: Setting CVar [[r.AOQuality:2]]
[2020.02.25-16.40.40:318][  0]LogConfig: Setting CVar [[r.VolumetricFog:1]]
[2020.02.25-16.40.40:318][  0]LogConfig: Setting CVar [[r.VolumetricFog.GridPixelSize:8]]
[2020.02.25-16.40.40:318][  0]LogConfig: Setting CVar [[r.VolumetricFog.GridSizeZ:128]]
[2020.02.25-16.40.40:318][  0]LogConfig: Setting CVar [[r.VolumetricFog.HistoryMissSupersampleCount:4]]
[2020.02.25-16.40.40:318][  0]LogConfig: Setting CVar [[r.LightMaxDrawDistanceScale:1]]
[2020.02.25-16.40.40:318][  0]LogConfig: Setting CVar [[r.CapsuleShadows:1]]
[2020.02.25-16.40.40:318][  0]LogConfig: Applying CVar settings from Section [PostProcessQuality@3] File [D:/Git Hub/game-team-h/ActionRPG/Saved/Config/Windows/Scalability.ini]
[2020.02.25-16.40.40:318][  0]LogConfig: Setting CVar [[r.MotionBlurQuality:4]]
[2020.02.25-16.40.40:318][  0]LogConfig: Setting CVar [[r.AmbientOcclusionMipLevelFactor:0.4]]
[2020.02.25-16.40.40:318][  0]LogConfig: Setting CVar [[r.AmbientOcclusionMaxQuality:100]]
[2020.02.25-16.40.40:318][  0]LogConfig: Setting CVar [[r.AmbientOcclusionLevels:-1]]
[2020.02.25-16.40.40:318][  0]LogConfig: Setting CVar [[r.AmbientOcclusionRadiusScale:1.0]]
[2020.02.25-16.40.40:318][  0]LogConfig: Setting CVar [[r.DepthOfFieldQuality:2]]
[2020.02.25-16.40.40:318][  0]LogConfig: Setting CVar [[r.RenderTargetPoolMin:400]]
[2020.02.25-16.40.40:318][  0]LogConfig: Setting CVar [[r.LensFlareQuality:2]]
[2020.02.25-16.40.40:318][  0]LogConfig: Setting CVar [[r.SceneColorFringeQuality:1]]
[2020.02.25-16.40.40:318][  0]LogConfig: Setting CVar [[r.EyeAdaptationQuality:2]]
[2020.02.25-16.40.40:318][  0]LogConfig: Setting CVar [[r.BloomQuality:5]]
[2020.02.25-16.40.40:318][  0]LogConfig: Setting CVar [[r.FastBlurThreshold:100]]
[2020.02.25-16.40.40:318][  0]LogConfig: Setting CVar [[r.Upscale.Quality:3]]
[2020.02.25-16.40.40:318][  0]LogConfig: Setting CVar [[r.Tonemapper.GrainQuantization:1]]
[2020.02.25-16.40.40:318][  0]LogConfig: Setting CVar [[r.LightShaftQuality:1]]
[2020.02.25-16.40.40:318][  0]LogConfig: Setting CVar [[r.Filter.SizeScale:1]]
[2020.02.25-16.40.40:318][  0]LogConfig: Setting CVar [[r.Tonemapper.Quality:5]]
[2020.02.25-16.40.40:318][  0]LogConfig: Setting CVar [[r.DOF.Gather.AccumulatorQuality:1        ; higher gathering accumulator quality]]
[2020.02.25-16.40.40:318][  0]LogConfig: Setting CVar [[r.DOF.Gather.PostfilterMethod:1          ; Median3x3 postfilering method]]
[2020.02.25-16.40.40:318][  0]LogConfig: Setting CVar [[r.DOF.Gather.EnableBokehSettings:0       ; no bokeh simulation when gathering]]
[2020.02.25-16.40.40:318][  0]LogConfig: Setting CVar [[r.DOF.Gather.RingCount:4                 ; medium number of samples when gathering]]
[2020.02.25-16.40.40:318][  0]LogConfig: Setting CVar [[r.DOF.Scatter.ForegroundCompositing:1    ; additive foreground scattering]]
[2020.02.25-16.40.40:318][  0]LogConfig: Setting CVar [[r.DOF.Scatter.BackgroundCompositing:2    ; additive background scattering]]
[2020.02.25-16.40.40:318][  0]LogConfig: Setting CVar [[r.DOF.Scatter.EnableBokehSettings:1      ; bokeh simulation when scattering]]
[2020.02.25-16.40.40:318][  0]LogConfig: Setting CVar [[r.DOF.Scatter.MaxSpriteRatio:0.1         ; only a maximum of 10% of scattered bokeh]]
[2020.02.25-16.40.40:318][  0]LogConfig: Setting CVar [[r.DOF.Recombine.Quality:1                ; cheap slight out of focus]]
[2020.02.25-16.40.40:318][  0]LogConfig: Setting CVar [[r.DOF.Recombine.EnableBokehSettings:0    ; no bokeh simulation on slight out of focus]]
[2020.02.25-16.40.40:318][  0]LogConfig: Setting CVar [[r.DOF.TemporalAAQuality:1                ; more stable temporal accumulation]]
[2020.02.25-16.40.40:318][  0]LogConfig: Setting CVar [[r.DOF.Kernel.MaxForegroundRadius:0.025]]
[2020.02.25-16.40.40:318][  0]LogConfig: Setting CVar [[r.DOF.Kernel.MaxBackgroundRadius:0.025]]
[2020.02.25-16.40.40:318][  0]LogConfig: Applying CVar settings from Section [TextureQuality@3] File [D:/Git Hub/game-team-h/ActionRPG/Saved/Config/Windows/Scalability.ini]
[2020.02.25-16.40.40:318][  0]LogConfig: Setting CVar [[r.Streaming.MipBias:0]]
[2020.02.25-16.40.40:318][  0]LogConfig: Setting CVar [[r.Streaming.AmortizeCPUToGPUCopy:0]]
[2020.02.25-16.40.40:318][  0]LogConfig: Setting CVar [[r.Streaming.MaxNumTexturesToStreamPerFrame:0]]
[2020.02.25-16.40.40:318][  0]LogConfig: Setting CVar [[r.Streaming.Boost:1]]
[2020.02.25-16.40.40:318][  0]LogConfig: Setting CVar [[r.MaxAnisotropy:8]]
[2020.02.25-16.40.40:318][  0]LogConfig: Setting CVar [[r.Streaming.LimitPoolSizeToVRAM:0]]
[2020.02.25-16.40.40:318][  0]LogConfig: Setting CVar [[r.Streaming.PoolSize:1000]]
[2020.02.25-16.40.40:318][  0]LogConfig: Setting CVar [[r.Streaming.MaxEffectiveScreenSize:0]]
[2020.02.25-16.40.40:318][  0]LogConfig: Applying CVar settings from Section [EffectsQuality@3] File [D:/Git Hub/game-team-h/ActionRPG/Saved/Config/Windows/Scalability.ini]
[2020.02.25-16.40.40:318][  0]LogConfig: Setting CVar [[r.TranslucencyLightingVolumeDim:64]]
[2020.02.25-16.40.40:318][  0]LogConfig: Setting CVar [[r.RefractionQuality:2]]
[2020.02.25-16.40.40:318][  0]LogConfig: Setting CVar [[r.SSR.Quality:3]]
[2020.02.25-16.40.40:318][  0]LogConfig: Setting CVar [[r.SceneColorFormat:4]]
[2020.02.25-16.40.40:318][  0]LogConfig: Setting CVar [[r.DetailMode:2]]
[2020.02.25-16.40.40:318][  0]LogConfig: Setting CVar [[r.TranslucencyVolumeBlur:1]]
[2020.02.25-16.40.40:318][  0]LogConfig: Setting CVar [[r.MaterialQualityLevel:1 ; High quality]]
[2020.02.25-16.40.40:318][  0]LogConfig: Setting CVar [[r.SSS.Scale:1]]
[2020.02.25-16.40.40:318][  0]LogConfig: Setting CVar [[r.SSS.SampleSet:2]]
[2020.02.25-16.40.40:318][  0]LogConfig: Setting CVar [[r.SSS.Quality:1]]
[2020.02.25-16.40.40:318][  0]LogConfig: Setting CVar [[r.SSS.HalfRes:1]]
[2020.02.25-16.40.40:318][  0]LogConfig: Setting CVar [[r.EmitterSpawnRateScale:1.0]]
[2020.02.25-16.40.40:318][  0]LogConfig: Setting CVar [[r.ParticleLightQuality:2]]
[2020.02.25-16.40.40:318][  0]LogConfig: Applying CVar settings from Section [FoliageQuality@3] File [D:/Git Hub/game-team-h/ActionRPG/Saved/Config/Windows/Scalability.ini]
[2020.02.25-16.40.40:318][  0]LogConfig: Setting CVar [[foliage.DensityScale:1.0]]
[2020.02.25-16.40.40:318][  0]LogConfig: Setting CVar [[grass.DensityScale:1.0]]
[2020.02.25-16.40.40:318][  0]LogConfig: Applying CVar settings from Section [Startup] File [../../../Engine/Config/ConsoleVariables.ini]
[2020.02.25-16.40.40:318][  0]LogConfig: Setting CVar [[net.UseAdaptiveNetUpdateFrequency:0]]
[2020.02.25-16.40.40:318][  0]LogConfig: Setting CVar [[p.chaos.AllowCreatePhysxBodies:1]]
[2020.02.25-16.40.40:318][  0]LogConfig: Applying CVar settings from Section [ConsoleVariables] File [D:/Git Hub/game-team-h/ActionRPG/Saved/Config/Windows/Engine.ini]
[2020.02.25-16.40.40:332][  0]LogInit: Computer: DESKTOP-LI62ONQ
[2020.02.25-16.40.40:332][  0]LogInit: User: Admin
[2020.02.25-16.40.40:332][  0]LogInit: CPU Page size=4096, Cores=4
[2020.02.25-16.40.40:332][  0]LogInit: High frequency timer resolution =3.507511 MHz
[2020.02.25-16.40.40:332][  0]LogMemory: Memory total: Physical=15.9GB (16GB approx)
[2020.02.25-16.40.40:333][  0]LogMemory: Platform Memory Stats for Windows
[2020.02.25-16.40.40:333][  0]LogMemory: Process Physical Memory: 105.99 MB used, 105.99 MB peak
[2020.02.25-16.40.40:333][  0]LogMemory: Process Virtual Memory: 102.85 MB used, 102.85 MB peak
[2020.02.25-16.40.40:333][  0]LogMemory: Physical Memory: 6397.09 MB used,  9930.14 MB free, 16327.22 MB total
[2020.02.25-16.40.40:333][  0]LogMemory: Virtual Memory: 4673.94 MB used,  134213056.00 MB free, 134217728.00 MB total
[2020.02.25-16.40.40:340][  0]LogWindows: WindowsPlatformFeatures enabled
[2020.02.25-16.40.40:650][  0]LogInit: Using OS detected language (en-US).
[2020.02.25-16.40.40:650][  0]LogInit: Using OS detected locale (en-US).
[2020.02.25-16.40.40:656][  0]LogTextLocalizationManager: No specific localization for 'en-US' exists, so the 'en' localization will be used.
[2020.02.25-16.40.40:943][  0]LogInit: Setting process to per monitor DPI aware
[2020.02.25-16.40.41:030][  0]LogSlate: New Slate User Created.  User Index 0, Is Virtual User: 0
[2020.02.25-16.40.41:031][  0]LogSlate: Slate User Registered.  User Index 0, Is Virtual User: 0
[2020.02.25-16.40.41:974][  0]LogD3D11RHI: D3D11 adapters:
[2020.02.25-16.40.42:063][  0]LogD3D11RHI:    0. 'NVIDIA GeForce GTX 970' (Feature Level 11_0)
[2020.02.25-16.40.42:063][  0]LogD3D11RHI:       4043/0/8163 MB DedicatedVideo/DedicatedSystem/SharedSystem, Outputs:2, VendorId:0x10de
[2020.02.25-16.40.42:065][  0]LogD3D11RHI:    1. 'Microsoft Basic Render Driver' (Feature Level 11_0)
[2020.02.25-16.40.42:066][  0]LogD3D11RHI:       0/0/8163 MB DedicatedVideo/DedicatedSystem/SharedSystem, Outputs:0, VendorId:0x1414
[2020.02.25-16.40.42:066][  0]LogD3D11RHI: Chosen D3D11 Adapter: 0
[2020.02.25-16.40.42:075][  0]LogD3D11RHI: Creating new Direct3DDevice
[2020.02.25-16.40.42:075][  0]LogD3D11RHI:     GPU DeviceId: 0x13c2 (for the marketing name, search the web for "GPU Device Id")
[2020.02.25-16.40.42:075][  0]LogWindows: EnumDisplayDevices:
[2020.02.25-16.40.42:075][  0]LogWindows:    0. 'NVIDIA GeForce GTX 970' (P:1 D:1)
[2020.02.25-16.40.42:075][  0]LogWindows:    1. 'NVIDIA GeForce GTX 970' (P:0 D:1)
[2020.02.25-16.40.42:076][  0]LogWindows:    2. 'NVIDIA GeForce GTX 970' (P:0 D:0)
[2020.02.25-16.40.42:076][  0]LogWindows:    3. 'NVIDIA GeForce GTX 970' (P:0 D:0)
[2020.02.25-16.40.42:077][  0]LogWindows: DebugString: FoundDriverCount:4 
[2020.02.25-16.40.42:077][  0]LogD3D11RHI:     Adapter Name: NVIDIA GeForce GTX 970
[2020.02.25-16.40.42:077][  0]LogD3D11RHI:   Driver Version: 418.91 (internal:25.21.14.1891, unified:418.91)
[2020.02.25-16.40.42:077][  0]LogD3D11RHI:      Driver Date: 2-6-2019
[2020.02.25-16.40.42:077][  0]LogRHI: Texture pool is 2830 MB (70% of 4043 MB)
[2020.02.25-16.40.42:126][  0]LogD3D11RHI: Async texture creation enabled
[2020.02.25-16.40.42:154][  0]LogD3D11RHI: GPU Timing Frequency: 1000.000000 (Debug: 2 1)
[2020.02.25-16.40.42:812][  0]LogTemp: Display: Module 'AllDesktopTargetPlatform' loaded TargetPlatform 'AllDesktop'
[2020.02.25-16.40.42:833][  0]LogTemp: Display: Module 'MacClientTargetPlatform' loaded TargetPlatform 'MacClient'
[2020.02.25-16.40.42:853][  0]LogTemp: Display: Module 'MacNoEditorTargetPlatform' loaded TargetPlatform 'MacNoEditor'
[2020.02.25-16.40.42:873][  0]LogTemp: Display: Module 'MacServerTargetPlatform' loaded TargetPlatform 'MacServer'
[2020.02.25-16.40.42:897][  0]LogTemp: Display: Module 'MacTargetPlatform' loaded TargetPlatform 'Mac'
[2020.02.25-16.40.42:918][  0]LogTemp: Display: Module 'WindowsClientTargetPlatform' loaded TargetPlatform 'WindowsClient'
[2020.02.25-16.40.42:938][  0]LogTemp: Display: Module 'WindowsNoEditorTargetPlatform' loaded TargetPlatform 'WindowsNoEditor'
[2020.02.25-16.40.42:958][  0]LogTemp: Display: Module 'WindowsServerTargetPlatform' loaded TargetPlatform 'WindowsServer'
[2020.02.25-16.40.42:975][  0]LogTemp: Display: Module 'WindowsTargetPlatform' loaded TargetPlatform 'Windows'
[2020.02.25-16.40.43:033][  0]LogTemp: Display: Module 'AndroidTargetPlatform' loaded TargetPlatform 'Android'
[2020.02.25-16.40.43:033][  0]LogTemp: Display: Module 'AndroidTargetPlatform' loaded TargetPlatform 'Android_ASTC'
[2020.02.25-16.40.43:033][  0]LogTemp: Display: Module 'AndroidTargetPlatform' loaded TargetPlatform 'Android_ATC'
[2020.02.25-16.40.43:033][  0]LogTemp: Display: Module 'AndroidTargetPlatform' loaded TargetPlatform 'Android_DXT'
[2020.02.25-16.40.43:033][  0]LogTemp: Display: Module 'AndroidTargetPlatform' loaded TargetPlatform 'Android_ETC1'
[2020.02.25-16.40.43:033][  0]LogTemp: Display: Module 'AndroidTargetPlatform' loaded TargetPlatform 'Android_ETC1a'
[2020.02.25-16.40.43:033][  0]LogTemp: Display: Module 'AndroidTargetPlatform' loaded TargetPlatform 'Android_ETC2'
[2020.02.25-16.40.43:033][  0]LogTemp: Display: Module 'AndroidTargetPlatform' loaded TargetPlatform 'Android_PVRTC'
[2020.02.25-16.40.43:033][  0]LogTemp: Display: Module 'AndroidTargetPlatform' loaded TargetPlatform 'AndroidClient'
[2020.02.25-16.40.43:033][  0]LogTemp: Display: Module 'AndroidTargetPlatform' loaded TargetPlatform 'Android_ASTCClient'
[2020.02.25-16.40.43:033][  0]LogTemp: Display: Module 'AndroidTargetPlatform' loaded TargetPlatform 'Android_ATCClient'
[2020.02.25-16.40.43:033][  0]LogTemp: Display: Module 'AndroidTargetPlatform' loaded TargetPlatform 'Android_DXTClient'
[2020.02.25-16.40.43:033][  0]LogTemp: Display: Module 'AndroidTargetPlatform' loaded TargetPlatform 'Android_ETC1Client'
[2020.02.25-16.40.43:033][  0]LogTemp: Display: Module 'AndroidTargetPlatform' loaded TargetPlatform 'Android_ETC1aClient'
[2020.02.25-16.40.43:033][  0]LogTemp: Display: Module 'AndroidTargetPlatform' loaded TargetPlatform 'Android_ETC2Client'
[2020.02.25-16.40.43:033][  0]LogTemp: Display: Module 'AndroidTargetPlatform' loaded TargetPlatform 'Android_PVRTCClient'
[2020.02.25-16.40.43:033][  0]LogTemp: Display: Module 'AndroidTargetPlatform' loaded TargetPlatform 'Android_Multi'
[2020.02.25-16.40.43:033][  0]LogTemp: Display: Module 'AndroidTargetPlatform' loaded TargetPlatform 'Android_MultiClient'
[2020.02.25-16.40.43:046][  0]LogTemp: Display: Module 'HTML5TargetPlatform' loaded TargetPlatform 'HTML5'
[2020.02.25-16.40.43:106][  0]LogTemp: Display: Module 'IOSTargetPlatform' loaded TargetPlatform 'IOSClient'
[2020.02.25-16.40.43:106][  0]LogTemp: Display: Module 'IOSTargetPlatform' loaded TargetPlatform 'IOS'
[2020.02.25-16.40.43:131][  0]LogTemp: Display: Module 'TVOSTargetPlatform' loaded TargetPlatform 'TVOSClient'
[2020.02.25-16.40.43:131][  0]LogTemp: Display: Module 'TVOSTargetPlatform' loaded TargetPlatform 'TVOS'
[2020.02.25-16.40.43:148][  0]LogTemp: Display: Module 'LinuxClientTargetPlatform' loaded TargetPlatform 'LinuxClient'
[2020.02.25-16.40.43:165][  0]LogTemp: Display: Module 'LinuxNoEditorTargetPlatform' loaded TargetPlatform 'LinuxNoEditor'
[2020.02.25-16.40.43:183][  0]LogTemp: Display: Module 'LinuxServerTargetPlatform' loaded TargetPlatform 'LinuxServer'
[2020.02.25-16.40.43:209][  0]LogTemp: Display: Module 'LinuxTargetPlatform' loaded TargetPlatform 'Linux'
[2020.02.25-16.40.43:250][  0]LogTemp: Display: Module 'LuminTargetPlatform' loaded TargetPlatform 'Lumin'
[2020.02.25-16.40.43:250][  0]LogTemp: Display: Module 'LuminTargetPlatform' loaded TargetPlatform 'LuminClient'
[2020.02.25-16.40.43:250][  0]LogTargetPlatformManager: Display: Building Assets For Windows
[2020.02.25-16.40.43:285][  0]LogAudioDebug: Display: Lib vorbis DLL was dynamically loaded.
[2020.02.25-16.40.43:664][  0]LogShaderCompilers: Guid format shader working directory is 14 characters bigger than the processId version (D:/Git Hub/game-team-h/ActionRPG/Intermediate/Shaders/WorkingDirectory/1016/).
[2020.02.25-16.40.43:665][  0]LogShaderCompilers: Cleaned the shader compiler working directory 'C:/Users/Admin/AppData/Local/Temp/UnrealShaderWorkingDir/6BD79413482A04E6FBCA468D90463838/'.
[2020.02.25-16.40.43:677][  0]LogXGEController: Cleaning working directory: C:/Users/Admin/AppData/Local/Temp/UnrealXGEWorkingDir/
[2020.02.25-16.40.43:677][  0]LogShaderCompilers: Display: Using XGE Shader Compiler (Interception Interface).
[2020.02.25-16.40.45:799][  0]LogDerivedDataCache: Display: Max Cache Size: 512 MB
[2020.02.25-16.40.46:168][  0]LogDerivedDataCache: Loaded boot cache 0.37s 45MB C:/Users/Admin/AppData/Local/UnrealEngine/4.23/DerivedDataCache/Boot.ddc.
[2020.02.25-16.40.46:168][  0]LogDerivedDataCache: Display: Loaded Boot cache: C:/Users/Admin/AppData/Local/UnrealEngine/4.23/DerivedDataCache/Boot.ddc
[2020.02.25-16.40.46:168][  0]LogDerivedDataCache: FDerivedDataBackendGraph:  Pak pak cache file D:/Git Hub/game-team-h/ActionRPG/DerivedDataCache/DDC.ddp not found, will not use a pak cache.
[2020.02.25-16.40.46:168][  0]LogDerivedDataCache: Unable to find inner node Pak for hierarchical cache Hierarchy.
[2020.02.25-16.40.46:169][  0]LogDerivedDataCache: FDerivedDataBackendGraph:  CompressedPak pak cache file D:/Git Hub/game-team-h/ActionRPG/DerivedDataCache/Compressed.ddp not found, will not use a pak cache.
[2020.02.25-16.40.46:169][  0]LogDerivedDataCache: Unable to find inner node CompressedPak for hierarchical cache Hierarchy.
[2020.02.25-16.40.46:194][  0]LogDerivedDataCache: Display: Pak cache opened for reading ../../../Engine/DerivedDataCache/Compressed.ddp.
[2020.02.25-16.40.46:194][  0]LogDerivedDataCache: FDerivedDataBackendGraph:  EnterprisePak pak cache file ../../../Enterprise/DerivedDataCache/Compressed.ddp not found, will not use a pak cache.
[2020.02.25-16.40.46:194][  0]LogDerivedDataCache: Unable to find inner node EnterprisePak for hierarchical cache Hierarchy.
[2020.02.25-16.40.46:196][  0]LogDerivedDataCache: Using Local data cache path C:/Users/Admin/AppData/Local/UnrealEngine/Common/DerivedDataCache: Writable
[2020.02.25-16.40.46:196][  0]LogDerivedDataCache: Shared data cache path not found in *engine.ini, will not use an Shared cache.
[2020.02.25-16.40.46:196][  0]LogDerivedDataCache: Unable to find inner node Shared for hierarchical cache Hierarchy.
[2020.02.25-16.40.46:233][  0]LogMaterial: Verifying Global Shaders for PCD3D_SM5
[2020.02.25-16.40.46:239][  0]LogSlate: Using FreeType 2.6.0
[2020.02.25-16.40.46:250][  0]LogSlate: SlateFontServices - WITH_FREETYPE: 1, WITH_HARFBUZZ: 1
[2020.02.25-16.40.46:692][  0]LogAssetRegistry: FAssetRegistry took 0.0071 seconds to start up
[2020.02.25-16.40.47:353][  0]LogInit: Selected Device Profile: [Windows]
[2020.02.25-16.40.47:851][  0]LogMeshReduction: Using QuadricMeshReduction for automatic static mesh reduction
[2020.02.25-16.40.47:851][  0]LogMeshReduction: Using SimplygonMeshReduction for automatic skeletal mesh reduction
[2020.02.25-16.40.47:851][  0]LogMeshReduction: Using ProxyLODMeshReduction for automatic mesh merging
[2020.02.25-16.40.47:851][  0]LogMeshReduction: No distributed automatic mesh merging module available
[2020.02.25-16.40.47:851][  0]LogMeshMerging: No distributed automatic mesh merging module available
[2020.02.25-16.40.47:898][  0]LogNetVersion: ActionRPG 1.0.0, NetCL: 8386587, EngineNetVer: 11, GameNetVer: 0 (Checksum: 3902779509)
[2020.02.25-16.40.48:747][  0]LogPackageLocalizationCache: Processed 6 localized package path(s) for 1 prioritized culture(s) in 0.020071 seconds
[2020.02.25-16.40.48:754][  0]LogUObjectArray: 42262 objects as part of root set at end of initial load.
[2020.02.25-16.40.48:754][  0]LogUObjectAllocator: 7332616 out of 0 bytes used by permanent object pool.
[2020.02.25-16.40.48:754][  0]LogUObjectArray: CloseDisregardForGC: 0/0 objects in disregard for GC pool
[2020.02.25-16.40.54:416][  0]LogTcpMessaging: Initializing TcpMessaging bridge
[2020.02.25-16.40.54:433][  0]LogUdpMessaging: Initializing bridge on interface 0.0.0.0:0 to multicast group 230.0.0.1:6666.
[2020.02.25-16.40.54:531][  0]LogStats: UGameplayTagsManager::InitializeManager -  0.001 s
[2020.02.25-16.40.54:754][  0]SourceControl: Source control is disabled
[2020.02.25-16.40.54:754][  0]SourceControl: Source control is disabled
[2020.02.25-16.40.54:783][  0]SourceControl: Source control is disabled
[2020.02.25-16.40.54:799][  0]SourceControl: Source control is disabled
[2020.02.25-16.40.55:268][  0]LogAndroidPermission: UAndroidPermissionCallbackProxy::GetInstance
[2020.02.25-16.40.55:689][  0]LogEngine: Initializing Engine...
[2020.02.25-16.40.55:969][  0]LogInit: Initializing FReadOnlyCVARCache
[2020.02.25-16.40.56:077][  0]LogAIModule: Creating AISystem for world Untitled
[2020.02.25-16.40.56:221][  0]LogInit: XAudio2 using 'EPSON PJ (NVIDIA High Definition Audio)' : 2 channels at 48 kHz using 16 bits per sample (channel mask 0x3)
[2020.02.25-16.40.56:537][  0]LogInit: FAudioDevice initialized.
[2020.02.25-16.40.56:539][  0]LogNetVersion: Set ProjectVersion to 1.0.0.0. Version Checksum will be recalculated on next use.
[2020.02.25-16.40.56:598][  0]LogDerivedDataCache: Saved boot cache 0.06s 45MB C:/Users/Admin/AppData/Local/UnrealEngine/4.23/DerivedDataCache/Boot.ddc.
[2020.02.25-16.40.56:600][  0]LogInit: Texture streaming: Enabled
[2020.02.25-16.40.56:670][  0]LogEngineSessionManager: EngineSessionManager initialized
[2020.02.25-16.40.56:734][  0]LogWindowsTextInputMethodSystem: Display: IME system now deactivated.
[2020.02.25-16.40.56:981][  0]LogInit: Transaction tracking system initialized
[2020.02.25-16.40.57:140][  0]BlueprintLog: New page: Editor Load
[2020.02.25-16.40.57:566][  0]LocalizationService: Localization service is disabled
[2020.02.25-16.40.58:649][  0]LogFileCache: Scanning file cache for directory 'D:/Git Hub/game-team-h/ActionRPG/Content/' took 0.02s
[2020.02.25-16.40.58:649][  0]LogCook: Display: Max memory allowance for cook 16384mb min free memory 0mb
[2020.02.25-16.40.58:650][  0]LogCook: Display: Mobile HDR setting 1
[2020.02.25-16.40.58:748][  0]LogStats: FGameplayAbilitiesEditorModule::GameplayTagTreeChanged -  0.000 s
[2020.02.25-16.40.59:158][  0]LogStats: UGameplayCueManager::InitializeEditorObjectLibrary -  0.003 s
[2020.02.25-16.40.59:381][  0]SourceControl: Source control is disabled
[2020.02.25-16.40.59:383][  0]Cmd: MAP LOAD FILE="D:/Git Hub/game-team-h/ActionRPG/Content/Maps/ActionRPG_P.umap" TEMPLATE=0 SHOWPROGRESS=1 FEATURELEVEL=3
[2020.02.25-16.40.59:385][  0]LightingResults: New page: Lighting Build
[2020.02.25-16.40.59:400][  0]LogWorld: UWorld::CleanupWorld for Untitled, bSessionEnded=true, bCleanupResources=true
[2020.02.25-16.40.59:405][  0]MapCheck: New page: Map Check
[2020.02.25-16.40.59:405][  0]LightingResults: New page: Lighting Build
[2020.02.25-16.40.59:451][  0]LogUObjectHash: Compacting FUObjectHashTables data took   1.75ms
[2020.02.25-16.41.07:452][  0]LogAIModule: Creating AISystem for world ActionRPG_P
[2020.02.25-16.41.07:508][  0]LogStreaming: Display: ULevelStreaming::RequestLevel(/Game/Maps/ActionRPG_Dungeon02_Lights) is flushing async loading
[2020.02.25-16.41.07:508][  0]LogStreaming: Display: Flushing async loaders.
[2020.02.25-16.41.07:574][  0]LogStreaming: Display: ULevelStreaming::RequestLevel(/Game/Maps/ActionRPG_Dungeon02_Asset) is flushing async loading
[2020.02.25-16.41.09:688][  0]LogEditorServer: Finished looking for orphan Actors (0.000 secs)
[2020.02.25-16.41.09:760][  0]LogUObjectHash: Compacting FUObjectHashTables data took   3.98ms
[2020.02.25-16.41.09:761][  0]Cmd: MAP CHECKDEP NOCLEARLOG
[2020.02.25-16.41.09:762][  0]MapCheck: Map check complete: 0 Error(s), 0 Warning(s), took 0.947ms to complete.
[2020.02.25-16.41.09:762][  0]LogFileHelpers: Loading map 'ActionRPG_P' took 10.380
[2020.02.25-16.41.10:014][  0]LogSlate: Updating window title bar state: overlay mode, drag disabled, window buttons hidden, title bar hidden
[2020.02.25-16.41.10:027][  0]LogSlate: Updating window title bar state: overlay mode, drag disabled, window buttons hidden, title bar hidden
[2020.02.25-16.41.10:038][  0]LogSlate: Updating window title bar state: overlay mode, drag disabled, window buttons hidden, title bar hidden
[2020.02.25-16.41.10:047][  0]LogSlate: Updating window title bar state: overlay mode, drag disabled, window buttons hidden, title bar hidden
[2020.02.25-16.41.10:078][  0]LogCollectionManager: Loaded 0 collections in 0.003582 seconds
[2020.02.25-16.41.10:102][  0]LogFileCache: Scanning file cache for directory 'D:/Git Hub/game-team-h/ActionRPG/Saved/Collections/' took 0.00s
[2020.02.25-16.41.10:102][  0]LogFileCache: Scanning file cache for directory 'D:/Git Hub/game-team-h/ActionRPG/Content/Developers/Admin/Collections/' took 0.00s
[2020.02.25-16.41.10:102][  0]LogFileCache: Scanning file cache for directory 'D:/Git Hub/game-team-h/ActionRPG/Content/Collections/' took 0.00s
[2020.02.25-16.41.10:102][  0]LogCollectionManager: Rebuilt the GUID cache for 0 collections in 0.000001 seconds
[2020.02.25-16.41.10:115][  0]LogContentBrowser: Native class hierarchy populated in 0.0115 seconds. Added 2821 classes and 583 folders.
[2020.02.25-16.41.10:133][  0]LogContentBrowser: Native class hierarchy updated for 'WidgetCarousel' in 0.0005 seconds. Added 0 classes and 0 folders.
[2020.02.25-16.41.10:425][  0]LogContentBrowser: Native class hierarchy updated for 'AddContentDialog' in 0.0005 seconds. Added 0 classes and 0 folders.
[2020.02.25-16.41.10:451][  0]LogContentBrowser: Native class hierarchy updated for 'SceneOutliner' in 0.0006 seconds. Added 1 classes and 2 folders.
[2020.02.25-16.41.10:533][  0]LogSlate: Took 0.003349 seconds to synchronously load lazily loaded font '../../../Engine/Content/Slate/Fonts/Roboto-Regular.ttf' (155K)
[2020.02.25-16.41.10:538][  0]LogSlate: Took 0.001682 seconds to synchronously load lazily loaded font '../../../Engine/Content/Slate/Fonts/Roboto-Bold.ttf' (160K)
[2020.02.25-16.41.10:546][  0]LogSlate: Took 0.002433 seconds to synchronously load lazily loaded font '../../../Engine/Content/Editor/Slate/Fonts/FontAwesome.ttf' (139K)
[2020.02.25-16.41.10:654][  0]LogRenderer: Reallocating scene render targets to support 1272x480 Format 10 NumSamples 1 (Frame:1).
[2020.02.25-16.41.10:762][  0]LogSlate: Took 0.002328 seconds to synchronously load lazily loaded font '../../../Engine/Content/Slate/Fonts/Roboto-Light.ttf' (167K)
[2020.02.25-16.41.10:853][  0]LogContentBrowser: Native class hierarchy updated for 'HierarchicalLODOutliner' in 0.0005 seconds. Added 0 classes and 0 folders.
[2020.02.25-16.41.10:853][  0]LogLoad: (Engine Initialization) Total time: 34.95 seconds
[2020.02.25-16.41.10:853][  0]LogLoad: (Engine Initialization) Total Blueprint compile time: 0.00 seconds
[2020.02.25-16.41.10:921][  0]LogContentStreaming: Texture pool size now 1000 MB
[2020.02.25-16.41.11:470][  9]LogAssetRegistry: Asset discovery search completed in 24.7823 seconds
[2020.02.25-16.41.11:473][  9]LogStats: UGameplayCueManager::InitializeEditorObjectLibrary -  0.003 s
[2020.02.25-16.41.11:484][  9]LogCollectionManager: Rebuilt the object cache for 0 collections in 0.000018 seconds (found 0 objects)
[2020.02.25-16.41.11:484][  9]LogCollectionManager: Fixed up redirectors for 0 collections in 0.000075 seconds (updated 0 objects)
[2020.02.25-16.41.14:478][289]LogSlate: FSceneViewport::OnFocusLost() reason 0
[2020.02.25-16.41.14:631][307]LogSlate: Took 0.000235 seconds to synchronously load lazily loaded font '../../../Engine/Content/Slate/Fonts/Roboto-Light.ttf' (167K)
[2020.02.25-16.41.14:639][307]LogAssetEditorManager: Opening Asset editor for Blueprint /Game/poisonGas.poisonGas
[2020.02.25-16.41.14:838][307]LogContentBrowser: Native class hierarchy updated for 'BlueprintGraph' in 0.0008 seconds. Added 121 classes and 0 folders.
[2020.02.25-16.41.15:802][307]LogSlate: Took 0.002431 seconds to synchronously load lazily loaded font '../../../Engine/Content/Slate/Fonts/Roboto-BoldCondensed.ttf' (158K)
[2020.02.25-16.41.18:545][467]LogSlate: Took 0.002566 seconds to synchronously load lazily loaded font '../../../Engine/Content/Slate/Fonts/Roboto-Italic.ttf' (157K)
[2020.02.25-16.42.50:539][ 49]Cmd: CLOSE_SLATE_MAINFRAME
[2020.02.25-16.42.50:581][ 49]LogUObjectHash: Compacting FUObjectHashTables data took   4.30ms
[2020.02.25-16.42.52:361][ 49]LogSlate: Window 'Save Content' being destroyed
[2020.02.25-16.42.52:385][ 49]Cmd: OBJ SAVEPACKAGE PACKAGE="/Game/Maps/ActionRPG_P" FILE="D:/Git Hub/game-team-h/ActionRPG/Content/Maps/ActionRPG_P.umap" SILENT=true AUTOSAVING=false KEEPDIRTY=false
[2020.02.25-16.42.52:423][ 49]LogUObjectHash: Compacting FUObjectHashTables data took   1.01ms
[2020.02.25-16.42.52:730][ 49]LogSavePackage: Moving 'D:/Git Hub/game-team-h/ActionRPG/Saved/ActionRPG_P7FF89972447B705D591FFBBDF5E2B009.tmp' to 'D:/Git Hub/game-team-h/ActionRPG/Content/Maps/ActionRPG_P.umap'
[2020.02.25-16.42.52:922][ 49]LogFileHelpers: Saving map 'ActionRPG_P' took 0.539
[2020.02.25-16.42.52:936][ 49]Cmd: OBJ SAVEPACKAGE PACKAGE="/Game/poisonGas" FILE="D:/Git Hub/game-team-h/ActionRPG/Content/poisonGas.uasset" SILENT=true
[2020.02.25-16.42.53:054][ 49]LogSavePackage: Moving 'D:/Git Hub/game-team-h/ActionRPG/Saved/poisonGas79293A9E4647264A584CD38809F8F909.tmp' to 'D:/Git Hub/game-team-h/ActionRPG/Content/poisonGas.uasset'
[2020.02.25-16.42.53:233][ 49]LogSlate: Window 'poisonGas' being destroyed
[2020.02.25-16.42.53:240][ 49]LogWorld: UWorld::CleanupWorld for World_1, bSessionEnded=true, bCleanupResources=true
[2020.02.25-16.42.53:278][ 49]LogSlate: Window 'Plugins' being destroyed
[2020.02.25-16.42.53:280][ 49]LogDirectoryWatcher: A directory notification for '../../../Engine/Plugins/' was aborted.
[2020.02.25-16.42.53:281][ 49]LogSlate: Window 'ActionRPG - Unreal Editor' being destroyed
[2020.02.25-16.42.53:282][ 49]LogWindowsTextInputMethodSystem: Display: IME system now deactivated.
[2020.02.25-16.42.53:371][ 50]Cmd: QUIT_EDITOR
[2020.02.25-16.42.53:442][ 50]LogSlate: Slate User Destroyed.  User Index 0, Is Virtual User: 0
[2020.02.25-16.42.53:443][ 50]LogExit: Preparing to exit.
[2020.02.25-16.42.53:631][ 50]LogWorld: UWorld::CleanupWorld for World_0, bSessionEnded=true, bCleanupResources=true
[2020.02.25-16.42.53:713][ 50]LogDemo: Cleaned up 0 splitscreen connections with owner deletion
[2020.02.25-16.42.53:732][ 50]LogWorld: UWorld::CleanupWorld for None, bSessionEnded=true, bCleanupResources=true
[2020.02.25-16.42.53:732][ 50]LogWorld: UWorld::CleanupWorld for None, bSessionEnded=true, bCleanupResources=true
[2020.02.25-16.42.53:732][ 50]LogWorld: UWorld::CleanupWorld for None, bSessionEnded=true, bCleanupResources=true
[2020.02.25-16.42.53:732][ 50]LogExit: Editor shut down
[2020.02.25-16.42.53:732][ 50]LogExit: Transaction tracking system shut down
[2020.02.25-16.42.54:057][ 50]LogExit: Object subsystem successfully closed.
[2020.02.25-16.42.54:084][ 50]LogShaderCompilers: Display: Shaders left to compile 0
[2020.02.25-16.42.54:159][ 50]LogModuleManager: Shutting down and abandoning module BlueprintGraph (570)
[2020.02.25-16.42.54:159][ 50]LogModuleManager: Shutting down and abandoning module HierarchicalLODOutliner (568)
[2020.02.25-16.42.54:159][ 50]LogModuleManager: Shutting down and abandoning module SceneOutliner (566)
[2020.02.25-16.42.54:159][ 50]LogModuleManager: Shutting down and abandoning module AddContentDialog (564)
[2020.02.25-16.42.54:160][ 50]LogModuleManager: Shutting down and abandoning module WidgetCarousel (563)
[2020.02.25-16.42.54:160][ 50]LogModuleManager: Shutting down and abandoning module EditorWidgets (560)
[2020.02.25-16.42.54:160][ 50]LogModuleManager: Shutting down and abandoning module CollectionManager (558)
[2020.02.25-16.42.54:161][ 50]LogModuleManager: Shutting down and abandoning module StatsViewer (556)
[2020.02.25-16.42.54:161][ 50]LogModuleManager: Shutting down and abandoning module VirtualTexturingEditor (554)
[2020.02.25-16.42.54:161][ 50]LogModuleManager: Shutting down and abandoning module FoliageEdit (552)
[2020.02.25-16.42.54:162][ 50]LogModuleManager: Shutting down and abandoning module LandscapeEditor (550)
[2020.02.25-16.42.54:165][ 50]LogModuleManager: Shutting down and abandoning module MeshPaintMode (548)
[2020.02.25-16.42.54:165][ 50]LogModuleManager: Shutting down and abandoning module SceneDepthPickerMode (546)
[2020.02.25-16.42.54:165][ 50]LogModuleManager: Shutting down and abandoning module ActorPickerMode (544)
[2020.02.25-16.42.54:165][ 50]LogModuleManager: Shutting down and abandoning module GeometryMode (542)
[2020.02.25-16.42.54:165][ 50]LogModuleManager: Shutting down and abandoning module TextureAlignMode (540)
[2020.02.25-16.42.54:165][ 50]LogModuleManager: Shutting down and abandoning module BspMode (538)
[2020.02.25-16.42.54:165][ 50]LogModuleManager: Shutting down and abandoning module PIEPreviewDeviceProfileSelector (536)
[2020.02.25-16.42.54:166][ 50]LogModuleManager: Shutting down and abandoning module SequenceRecorderSections (534)
[2020.02.25-16.42.54:166][ 50]LogModuleManager: Shutting down and abandoning module SequenceRecorder (532)
[2020.02.25-16.42.54:167][ 50]LogModuleManager: Shutting down and abandoning module AutomationWorker (530)
[2020.02.25-16.42.54:167][ 50]LogModuleManager: Shutting down and abandoning module MatineeToLevelSequence (528)
[2020.02.25-16.42.54:167][ 50]LogModuleManager: Shutting down and abandoning module LevelSequenceEditor (526)
[2020.02.25-16.42.54:170][ 50]LogModuleManager: Shutting down and abandoning module PlacementMode (525)
[2020.02.25-16.42.54:170][ 50]LogModuleManager: Shutting down and abandoning module MaterialEditor (524)
[2020.02.25-16.42.54:172][ 50]LogModuleManager: Shutting down and abandoning module ActorSequenceEditor (520)
[2020.02.25-16.42.54:172][ 50]LogModuleManager: Shutting down and abandoning module WebMMediaFactory (518)
[2020.02.25-16.42.54:172][ 50]LogModuleManager: Shutting down and abandoning module WebMMediaEditor (516)
[2020.02.25-16.42.54:172][ 50]LogModuleManager: Shutting down and abandoning module WebMMedia (514)
[2020.02.25-16.42.54:173][ 50]LogModuleManager: Shutting down and abandoning module MediaPlayerEditor (512)
[2020.02.25-16.42.54:174][ 50]LogModuleManager: Shutting down and abandoning module OpenExrWrapper (510)
[2020.02.25-16.42.54:174][ 50]LogModuleManager: Shutting down and abandoning module ImgMediaFactory (508)
[2020.02.25-16.42.54:174][ 50]LogModuleManager: Shutting down and abandoning module ImgMediaEditor (506)
[2020.02.25-16.42.54:174][ 50]LogModuleManager: Shutting down and abandoning module AvfMediaFactory (504)
[2020.02.25-16.42.54:174][ 50]LogModuleManager: Shutting down and abandoning module AvfMediaEditor (502)
[2020.02.25-16.42.54:174][ 50]LogModuleManager: Shutting down and abandoning module AndroidMediaFactory (500)
[2020.02.25-16.42.54:174][ 50]LogModuleManager: Shutting down and abandoning module Media (499)
[2020.02.25-16.42.54:175][ 50]LogModuleManager: Shutting down and abandoning module AndroidMediaEditor (496)
[2020.02.25-16.42.54:175][ 50]LogModuleManager: Shutting down and abandoning module SmartSnapping (494)
[2020.02.25-16.42.54:175][ 50]LogModuleManager: Shutting down and abandoning module SessionServices (492)
[2020.02.25-16.42.54:175][ 50]LogModuleManager: Shutting down and abandoning module MeshPaint (490)
[2020.02.25-16.42.54:176][ 50]LogModuleManager: Shutting down and abandoning module ViewportSnapping (488)
[2020.02.25-16.42.54:176][ 50]LogModuleManager: Shutting down and abandoning module ViewportInteraction (486)
[2020.02.25-16.42.54:176][ 50]LogModuleManager: Shutting down and abandoning module ClothPainter (484)
[2020.02.25-16.42.54:177][ 50]LogModuleManager: Shutting down and abandoning module SkeletalMeshEditor (483)
[2020.02.25-16.42.54:179][ 50]LogModuleManager: Shutting down and abandoning module LogVisualizer (480)
[2020.02.25-16.42.54:180][ 50]LogModuleManager: Shutting down and abandoning module IntroTutorials (478)
[2020.02.25-16.42.54:180][ 50]LogModuleManager: Shutting down and abandoning module GameProjectGeneration (477)
[2020.02.25-16.42.54:181][ 50]LogModuleManager: Shutting down and abandoning module LuminPlatformEditor (474)
[2020.02.25-16.42.54:181][ 50]LogModuleManager: Shutting down and abandoning module IOSPlatformEditor (472)
[2020.02.25-16.42.54:181][ 50]LogModuleManager: Shutting down and abandoning module HTML5PlatformEditor (470)
[2020.02.25-16.42.54:181][ 50]LogModuleManager: Shutting down and abandoning module AndroidPlatformEditor (468)
[2020.02.25-16.42.54:181][ 50]LogModuleManager: Shutting down and abandoning module AndroidDeviceDetection (467)
[2020.02.25-16.42.54:823][ 50]LogModuleManager: Shutting down and abandoning module WindowsPlatformEditor (464)
[2020.02.25-16.42.54:823][ 50]LogModuleManager: Shutting down and abandoning module LuminRuntimeSettings (462)
[2020.02.25-16.42.54:823][ 50]LogModuleManager: Shutting down and abandoning module IOSRuntimeSettings (460)
[2020.02.25-16.42.54:823][ 50]LogModuleManager: Shutting down and abandoning module AndroidRuntimeSettings (458)
[2020.02.25-16.42.54:823][ 50]LogModuleManager: Shutting down and abandoning module TimeManagementEditor (456)
[2020.02.25-16.42.54:823][ 50]LogModuleManager: Shutting down and abandoning module InputBindingEditor (454)
[2020.02.25-16.42.54:824][ 50]LogModuleManager: Shutting down and abandoning module MergeActors (452)
[2020.02.25-16.42.54:825][ 50]LogModuleManager: Shutting down and abandoning module LocalizationDashboard (450)
[2020.02.25-16.42.54:826][ 50]LogModuleManager: Shutting down and abandoning module LocalizationService (449)
[2020.02.25-16.42.54:827][ 50]LogModuleManager: Shutting down and abandoning module HardwareTargeting (446)
[2020.02.25-16.42.54:827][ 50]LogModuleManager: Shutting down and abandoning module DeviceProfileEditor (444)
[2020.02.25-16.42.54:827][ 50]LogModuleManager: Shutting down and abandoning module UndoHistory (442)
[2020.02.25-16.42.54:827][ 50]LogModuleManager: Shutting down and abandoning module XmlParser (440)
[2020.02.25-16.42.54:828][ 50]LogModuleManager: Shutting down and abandoning module Blutility (438)
[2020.02.25-16.42.54:828][ 50]LogModuleManager: Shutting down and abandoning module ProjectSettingsViewer (436)
[2020.02.25-16.42.54:828][ 50]LogModuleManager: Shutting down and abandoning module ProjectTargetPlatformEditor (435)
[2020.02.25-16.42.54:828][ 50]LogModuleManager: Shutting down and abandoning module EditorSettingsViewer (432)
[2020.02.25-16.42.54:828][ 50]LogModuleManager: Shutting down and abandoning module SettingsEditor (430)
[2020.02.25-16.42.54:829][ 50]LogModuleManager: Shutting down and abandoning module ProjectLauncher (428)
[2020.02.25-16.42.54:829][ 50]LogModuleManager: Shutting down and abandoning module SessionFrontend (426)
[2020.02.25-16.42.54:830][ 50]LogModuleManager: Shutting down and abandoning module ProfilerClient (424)
[2020.02.25-16.42.54:830][ 50]LogModuleManager: Shutting down and abandoning module DeviceManager (422)
[2020.02.25-16.42.54:831][ 50]LogModuleManager: Shutting down and abandoning module TargetDeviceServices (421)
[2020.02.25-16.42.54:875][ 50]LogModuleManager: Shutting down and abandoning module AutomationController (418)
[2020.02.25-16.42.54:875][ 50]LogModuleManager: Shutting down and abandoning module AutomationWindow (416)
[2020.02.25-16.42.54:876][ 50]LogModuleManager: Shutting down and abandoning module Layers (414)
[2020.02.25-16.42.54:878][ 50]LogModuleManager: Shutting down and abandoning module ComponentVisualizers (412)
[2020.02.25-16.42.54:878][ 50]LogModuleManager: Shutting down and abandoning module DetailCustomizations (410)
[2020.02.25-16.42.54:879][ 50]LogModuleManager: Shutting down and abandoning module PackagesDialog (408)
[2020.02.25-16.42.54:879][ 50]LogModuleManager: Shutting down and abandoning module AnimationBlueprintEditor (406)
[2020.02.25-16.42.54:880][ 50]LogModuleManager: Shutting down and abandoning module Persona (404)
[2020.02.25-16.42.54:882][ 50]LogModuleManager: Shutting down and abandoning module AdvancedPreviewScene (403)
[2020.02.25-16.42.54:882][ 50]LogModuleManager: Shutting down and abandoning module AnimGraph (401)
[2020.02.25-16.42.54:882][ 50]LogModuleManager: Shutting down and abandoning module Kismet (398)
[2020.02.25-16.42.54:887][ 50]LogModuleManager: Shutting down and abandoning module KismetWidgets (397)
[2020.02.25-16.42.54:887][ 50]LogModuleManager: Shutting down and abandoning module GraphEditor (394)
[2020.02.25-16.42.54:888][ 50]LogModuleManager: Shutting down and abandoning module StructViewer (392)
[2020.02.25-16.42.54:888][ 50]LogModuleManager: Shutting down and abandoning module ClassViewer (390)
[2020.02.25-16.42.54:888][ 50]LogModuleManager: Shutting down and abandoning module Toolbox (388)
[2020.02.25-16.42.54:888][ 50]LogModuleManager: Shutting down and abandoning module DesktopPlatform (387)
[2020.02.25-16.42.54:888][ 50]LogModuleManager: Shutting down and abandoning module ModuleUI (384)
[2020.02.25-16.42.54:888][ 50]LogModuleManager: Shutting down and abandoning module MovieSceneTools (382)
[2020.02.25-16.42.54:889][ 50]LogModuleManager: Shutting down and abandoning module OutputLog (380)
[2020.02.25-16.42.54:890][ 50]LogModuleManager: Shutting down and abandoning module GammaUI (378)
[2020.02.25-16.42.54:890][ 50]LogModuleManager: Shutting down and abandoning module Documentation (376)
[2020.02.25-16.42.54:890][ 50]LogModuleManager: Shutting down and abandoning module LiveCoding (374)
[2020.02.25-16.42.54:891][ 50]LogModuleManager: Shutting down and abandoning module LevelSequence (372)
[2020.02.25-16.42.54:891][ 50]LogModuleManager: Shutting down and abandoning module MovieSceneTracks (370)
[2020.02.25-16.42.54:891][ 50]LogModuleManager: Shutting down and abandoning module MovieScene (368)
[2020.02.25-16.42.54:891][ 50]LogModuleManager: Shutting down and abandoning module StreamingPauseRendering (366)
[2020.02.25-16.42.54:891][ 50]LogModuleManager: Shutting down and abandoning module LauncherPlatform (364)
[2020.02.25-16.42.54:891][ 50]LogModuleManager: Shutting down and abandoning module AnalyticsET (362)
[2020.02.25-16.42.54:891][ 50]LogModuleManager: Shutting down and abandoning module PortalServices (360)
[2020.02.25-16.42.54:892][ 50]LogModuleManager: Shutting down and abandoning module PortalRpc (358)
[2020.02.25-16.42.54:892][ 50]LogModuleManager: Shutting down and abandoning module MessagingRpc (356)
[2020.02.25-16.42.54:892][ 50]LogModuleManager: Shutting down and abandoning module AIModule (354)
[2020.02.25-16.42.54:892][ 50]LogModuleManager: Shutting down and abandoning module AITestSuite (353)
[2020.02.25-16.42.54:892][ 50]LogModuleManager: Shutting down and abandoning module NavigationSystem (351)
[2020.02.25-16.42.54:892][ 50]LogModuleManager: Shutting down and abandoning module ImageWriteQueue (348)
[2020.02.25-16.42.54:895][ 50]LogModuleManager: Shutting down and abandoning module ProfilerService (346)
[2020.02.25-16.42.54:944][ 50]LogModuleManager: Shutting down and abandoning module TaskGraph (344)
[2020.02.25-16.42.54:945][ 50]LogModuleManager: Shutting down and abandoning module ScreenshotTools (342)
[2020.02.25-16.42.54:945][ 50]LogModuleManager: Shutting down and abandoning module SlateRemote (340)
[2020.02.25-16.42.54:945][ 50]LogModuleManager: Shutting down and abandoning module MobilePatchingUtils (338)
[2020.02.25-16.42.54:945][ 50]LogModuleManager: Shutting down and abandoning module EditableMesh (336)
[2020.02.25-16.42.54:946][ 50]LogModuleManager: Shutting down and abandoning module AppleImageUtilsBlueprintSupport (334)
[2020.02.25-16.42.54:946][ 50]LogModuleManager: Shutting down and abandoning module AppleImageUtils (332)
[2020.02.25-16.42.54:946][ 50]LogModuleManager: Shutting down and abandoning module AndroidPermission (330)
[2020.02.25-16.42.54:946][ 50]LogModuleManager: Shutting down and abandoning module NUTUnrealEngine4 (328)
[2020.02.25-16.42.54:946][ 50]LogModuleManager: Shutting down and abandoning module NetcodeUnitTest (326)
[2020.02.25-16.42.54:947][ 50]LogModuleManager: Shutting down and abandoning module ImgMedia (324)
[2020.02.25-16.42.54:948][ 50]LogModuleManager: Shutting down and abandoning module BackChannel (322)
[2020.02.25-16.42.54:948][ 50]LogModuleManager: Shutting down and abandoning module AutomationUtilsEditor (320)
[2020.02.25-16.42.54:948][ 50]LogModuleManager: Shutting down and abandoning module AutomationUtils (318)
[2020.02.25-16.42.54:948][ 50]LogModuleManager: Shutting down and abandoning module VariantManagerContent (316)
[2020.02.25-16.42.54:948][ 50]LogModuleManager: Shutting down and abandoning module SpeedTreeImporter (314)
[2020.02.25-16.42.54:948][ 50]LogModuleManager: Shutting down and abandoning module PluginBrowser (312)
[2020.02.25-16.42.54:948][ 50]LogModuleManager: Shutting down and abandoning module MobileLauncherProfileWizard (310)
[2020.02.25-16.42.54:948][ 50]LogModuleManager: Shutting down and abandoning module MaterialAnalyzer (308)
[2020.02.25-16.42.54:949][ 50]LogModuleManager: Shutting down and abandoning module CurveEditorTools (306)
[2020.02.25-16.42.54:950][ 50]LogModuleManager: Shutting down and abandoning module CurveEditor (305)
[2020.02.25-16.42.54:951][ 50]LogModuleManager: Shutting down and abandoning module VisualStudioSourceCodeAccess (302)
[2020.02.25-16.42.54:952][ 50]LogModuleManager: Shutting down and abandoning module VisualStudioCodeSourceCodeAccess (300)
[2020.02.25-16.42.54:952][ 50]LogModuleManager: Shutting down and abandoning module SubversionSourceControl (298)
[2020.02.25-16.42.54:953][ 50]LogModuleManager: Shutting down and abandoning module PerforceSourceControl (296)
[2020.02.25-16.42.54:954][ 50]LogModuleManager: Shutting down and abandoning module GitSourceControl (294)
[2020.02.25-16.42.54:955][ 50]LogModuleManager: Shutting down and abandoning module SourceControl (293)
[2020.02.25-16.42.54:955][ 50]LogModuleManager: Shutting down and abandoning module CLionSourceCodeAccess (290)
[2020.02.25-16.42.54:955][ 50]LogModuleManager: Shutting down and abandoning module AnimationSharingEd (288)
[2020.02.25-16.42.54:955][ 50]LogModuleManager: Shutting down and abandoning module ActorLayerUtilitiesEditor (286)
[2020.02.25-16.42.54:955][ 50]LogModuleManager: Shutting down and abandoning module ActorLayerUtilities (284)
[2020.02.25-16.42.54:955][ 50]LogModuleManager: Shutting down and abandoning module PaperTiledImporter (282)
[2020.02.25-16.42.54:955][ 50]LogModuleManager: Shutting down and abandoning module PaperSpriteSheetImporter (280)
[2020.02.25-16.42.54:955][ 50]LogModuleManager: Shutting down and abandoning module Paper2DEditor (278)
[2020.02.25-16.42.54:957][ 50]LogModuleManager: Shutting down and abandoning module ActionRPG (276)
[2020.02.25-16.42.54:957][ 50]LogModuleManager: Shutting down and abandoning module SignificanceManager (274)
[2020.02.25-16.42.54:957][ 50]LogModuleManager: Shutting down and abandoning module GameplayAbilitiesEditor (272)
[2020.02.25-16.42.54:957][ 50]LogModuleManager: Shutting down and abandoning module GameplayAbilities (270)
[2020.02.25-16.42.54:957][ 50]LogModuleManager: Shutting down and abandoning module GameplayDebugger (269)
[2020.02.25-16.42.54:958][ 50]LogModuleManager: Shutting down and abandoning module ActorSequence (266)
[2020.02.25-16.42.54:958][ 50]LogModuleManager: Shutting down and abandoning module UdpMessaging (264)
[2020.02.25-16.42.55:059][ 50]LogModuleManager: Shutting down and abandoning module TcpMessaging (262)
[2020.02.25-16.42.55:159][ 50]LogModuleManager: Shutting down and abandoning module GameplayTagsEditor (260)
[2020.02.25-16.42.55:159][ 50]LogModuleManager: Shutting down and abandoning module AssetManagerEditor (258)
[2020.02.25-16.42.55:160][ 50]LogModuleManager: Shutting down and abandoning module LevelEditor (257)
[2020.02.25-16.42.55:162][ 50]LogModuleManager: Shutting down and abandoning module PixelInspectorModule (256)
[2020.02.25-16.42.55:162][ 50]LogModuleManager: Shutting down and abandoning module CommonMenuExtensions (254)
[2020.02.25-16.42.55:163][ 50]LogModuleManager: Shutting down and abandoning module MainFrame (252)
[2020.02.25-16.42.55:163][ 50]LogModuleManager: Shutting down and abandoning module HotReload (251)
[2020.02.25-16.42.55:164][ 50]LogModuleManager: Shutting down and abandoning module ContentBrowser (247)
[2020.02.25-16.42.55:165][ 50]LogModuleManager: Shutting down and abandoning module TreeMap (245)
[2020.02.25-16.42.55:165][ 50]LogModuleManager: Shutting down and abandoning module AnimationSharing (242)
[2020.02.25-16.42.55:165][ 50]LogModuleManager: Shutting down and abandoning module Paper2D (240)
[2020.02.25-16.42.55:166][ 50]LogModuleManager: Shutting down and abandoning module WebMMoviePlayer (238)
[2020.02.25-16.42.55:166][ 50]LogModuleManager: Shutting down and abandoning module ActionRPGLoadingScreen (236)
[2020.02.25-16.42.55:179][ 50]LogModuleManager: Shutting down and abandoning module NetworkReplayStreaming (234)
[2020.02.25-16.42.55:179][ 50]LogModuleManager: Shutting down and abandoning module PacketHandler (232)
[2020.02.25-16.42.55:179][ 50]LogModuleManager: Shutting down and abandoning module ClothingSystemEditor (230)
[2020.02.25-16.42.55:179][ 50]LogModuleManager: Shutting down and abandoning module ClothingSystemRuntime (228)
[2020.02.25-16.42.55:180][ 50]LogModuleManager: Shutting down and abandoning module MediaAssets (226)
[2020.02.25-16.42.55:180][ 50]LogModuleManager: Shutting down and abandoning module Overlay (224)
[2020.02.25-16.42.55:180][ 50]LogModuleManager: Shutting down and abandoning module OverlayEditor (223)
[2020.02.25-16.42.55:180][ 50]LogModuleManager: Shutting down and abandoning module EnvironmentQueryEditor (220)
[2020.02.25-16.42.55:181][ 50]LogModuleManager: Shutting down and abandoning module VREditor (218)
[2020.02.25-16.42.55:182][ 50]LogModuleManager: Shutting down and abandoning module StringTableEditor (216)
[2020.02.25-16.42.55:183][ 50]LogModuleManager: Shutting down and abandoning module GameplayTasksEditor (214)
[2020.02.25-16.42.55:183][ 50]LogModuleManager: Shutting down and abandoning module BehaviorTreeEditor (212)
[2020.02.25-16.42.55:185][ 50]LogModuleManager: Shutting down and abandoning module FunctionalTesting (210)
[2020.02.25-16.42.55:185][ 50]LogModuleManager: Shutting down and abandoning module CollisionAnalyzer (208)
[2020.02.25-16.42.55:186][ 50]LogModuleManager: Shutting down and abandoning module WorkspaceMenuStructure (207)
[2020.02.25-16.42.55:187][ 50]LogModuleManager: Shutting down and abandoning module UMG (204)
[2020.02.25-16.42.55:187][ 50]LogModuleManager: Shutting down and abandoning module UMGEditor (203)
[2020.02.25-16.42.55:188][ 50]LogModuleManager: Shutting down and abandoning module Sequencer (202)
[2020.02.25-16.42.55:190][ 50]LogModuleManager: Shutting down and abandoning module MessageLog (199)
[2020.02.25-16.42.55:190][ 50]LogModuleManager: Shutting down and abandoning module SlateReflector (194)
[2020.02.25-16.42.55:193][ 50]LogModuleManager: Shutting down and abandoning module Slate (192)
[2020.02.25-16.42.55:193][ 50]LogModuleManager: Shutting down and abandoning module LandscapeEditorUtilities (190)
[2020.02.25-16.42.55:193][ 50]LogModuleManager: Shutting down and abandoning module EditorStyle (188)
[2020.02.25-16.42.55:194][ 50]LogModuleManager: Shutting down and abandoning module UnrealEd (186)
[2020.02.25-16.42.55:194][ 50]LogModuleManager: Shutting down and abandoning module MRMesh (184)
[2020.02.25-16.42.55:194][ 50]LogModuleManager: Shutting down and abandoning module SourceCodeAccess (182)
[2020.02.25-16.42.55:194][ 50]LogModuleManager: Shutting down and abandoning module HeadMountedDisplay (180)
[2020.02.25-16.42.55:194][ 50]LogModuleManager: Shutting down and abandoning module XAudio2 (178)
[2020.02.25-16.42.55:194][ 50]LogModuleManager: Shutting down and abandoning module Networking (176)
[2020.02.25-16.42.55:194][ 50]LogModuleManager: Shutting down and abandoning module Core (174)
[2020.02.25-16.42.55:194][ 50]LogModuleManager: Shutting down and abandoning module KismetCompiler (172)
[2020.02.25-16.42.55:194][ 50]LogModuleManager: Shutting down and abandoning module MeshUtilities (170)
[2020.02.25-16.42.55:194][ 50]LogModuleManager: Shutting down and abandoning module MeshMergeUtilities (169)
[2020.02.25-16.42.55:195][ 50]LogModuleManager: Shutting down and abandoning module MeshReductionInterface (168)
[2020.02.25-16.42.55:195][ 50]LogModuleManager: Shutting down and abandoning module SkeletalMeshReduction (167)
[2020.02.25-16.42.55:196][ 50]LogModuleManager: Shutting down and abandoning module ProxyLODMeshReduction (165)
[2020.02.25-16.42.55:197][ 50]LogModuleManager: Shutting down and abandoning module QuadricMeshReduction (163)
[2020.02.25-16.42.55:197][ 50]LogModuleManager: Shutting down and abandoning module MaterialBaking (159)
[2020.02.25-16.42.55:197][ 50]LogModuleManager: Shutting down and abandoning module NullInstallBundleManager (154)
[2020.02.25-16.42.55:197][ 50]LogModuleManager: Shutting down and abandoning module DerivedDataCache (152)
[2020.02.25-16.42.55:255][ 50]LogDerivedDataCache: Shutdown
[2020.02.25-16.42.55:255][ 50]LogModuleManager: Shutting down and abandoning module XGEController (150)
[2020.02.25-16.42.55:255][ 50]LogXGEController: Cleaning working directory: C:/Users/Admin/AppData/Local/Temp/UnrealXGEWorkingDir/
[2020.02.25-16.42.55:255][ 50]LogModuleManager: Shutting down and abandoning module TargetPlatform (148)
[2020.02.25-16.42.55:256][ 50]LogModuleManager: Shutting down and abandoning module VulkanShaderFormat (147)
[2020.02.25-16.42.55:256][ 50]LogModuleManager: Shutting down and abandoning module ShaderFormatVectorVM (145)
[2020.02.25-16.42.55:257][ 50]LogModuleManager: Shutting down and abandoning module ShaderFormatOpenGL (143)
[2020.02.25-16.42.55:257][ 50]LogModuleManager: Shutting down and abandoning module ShaderFormatD3D (141)
[2020.02.25-16.42.55:257][ 50]LogModuleManager: Shutting down and abandoning module MetalShaderFormat (139)
[2020.02.25-16.42.55:258][ 50]LogModuleManager: Shutting down and abandoning module TextureFormatUncompressed (137)
[2020.02.25-16.42.55:258][ 50]LogModuleManager: Shutting down and abandoning module TextureFormatPVR (135)
[2020.02.25-16.42.55:258][ 50]LogModuleManager: Shutting down and abandoning module TextureFormatDXT (133)
[2020.02.25-16.42.55:258][ 50]LogModuleManager: Shutting down and abandoning module TextureFormatIntelISPCTexComp (131)
[2020.02.25-16.42.55:259][ 50]LogModuleManager: Shutting down and abandoning module TextureFormatASTC (129)
[2020.02.25-16.42.55:259][ 50]LogModuleManager: Shutting down and abandoning module ImageWrapper (128)
[2020.02.25-16.42.55:259][ 50]LogModuleManager: Shutting down and abandoning module TextureFormatAndroid (125)
[2020.02.25-16.42.55:259][ 50]LogModuleManager: Shutting down and abandoning module AudioFormatOpus (123)
[2020.02.25-16.42.55:259][ 50]LogModuleManager: Shutting down and abandoning module AudioFormatOgg (121)
[2020.02.25-16.42.55:259][ 50]LogModuleManager: Shutting down and abandoning module AudioFormatADPCM (119)
[2020.02.25-16.42.55:259][ 50]LogModuleManager: Shutting down and abandoning module LuminTargetPlatform (117)
[2020.02.25-16.42.55:260][ 50]LogModuleManager: Shutting down and abandoning module LinuxTargetPlatform (115)
[2020.02.25-16.42.55:260][ 50]LogModuleManager: Shutting down and abandoning module LinuxServerTargetPlatform (113)
[2020.02.25-16.42.55:261][ 50]LogModuleManager: Shutting down and abandoning module LinuxNoEditorTargetPlatform (111)
[2020.02.25-16.42.55:261][ 50]LogModuleManager: Shutting down and abandoning module LinuxClientTargetPlatform (109)
[2020.02.25-16.42.55:261][ 50]LogModuleManager: Shutting down and abandoning module TVOSTargetPlatform (107)
[2020.02.25-16.42.55:262][ 50]LogModuleManager: Shutting down and abandoning module Messaging (105)
[2020.02.25-16.42.55:262][ 50]LogModuleManager: Shutting down and abandoning module IOSTargetPlatform (103)
[2020.02.25-16.42.55:263][ 50]LogModuleManager: Shutting down and abandoning module HTML5TargetPlatform (101)
[2020.02.25-16.42.55:263][ 50]LogModuleManager: Shutting down and abandoning module AndroidTargetPlatform (99)
[2020.02.25-16.42.55:269][ 50]LogModuleManager: Shutting down and abandoning module WindowsTargetPlatform (97)
[2020.02.25-16.42.55:269][ 50]LogModuleManager: Shutting down and abandoning module WindowsServerTargetPlatform (95)
[2020.02.25-16.42.55:269][ 50]LogModuleManager: Shutting down and abandoning module WindowsNoEditorTargetPlatform (93)
[2020.02.25-16.42.55:269][ 50]LogModuleManager: Shutting down and abandoning module WindowsClientTargetPlatform (91)
[2020.02.25-16.42.55:269][ 50]LogModuleManager: Shutting down and abandoning module MacTargetPlatform (89)
[2020.02.25-16.42.55:269][ 50]LogModuleManager: Shutting down and abandoning module MacServerTargetPlatform (87)
[2020.02.25-16.42.55:269][ 50]LogModuleManager: Shutting down and abandoning module MacNoEditorTargetPlatform (85)
[2020.02.25-16.42.55:269][ 50]LogModuleManager: Shutting down and abandoning module MacClientTargetPlatform (83)
[2020.02.25-16.42.55:269][ 50]LogModuleManager: Shutting down and abandoning module AllDesktopTargetPlatform (81)
[2020.02.25-16.42.55:269][ 50]LogModuleManager: Shutting down and abandoning module InputCore (78)
[2020.02.25-16.42.55:269][ 50]LogModuleManager: Shutting down and abandoning module Settings (76)
[2020.02.25-16.42.55:269][ 50]LogModuleManager: Shutting down and abandoning module DirectoryWatcher (74)
[2020.02.25-16.42.55:269][ 50]LogModuleManager: Shutting down and abandoning module PhysXCooking (72)
[2020.02.25-16.42.55:269][ 50]LogModuleManager: Shutting down and abandoning module WindowsPlatformFeatures (70)
[2020.02.25-16.42.55:269][ 50]LogModuleManager: Shutting down and abandoning module GameplayMediaEncoder (69)
[2020.02.25-16.42.55:270][ 50]LogModuleManager: Shutting down and abandoning module ExampleDeviceProfileSelector (66)
[2020.02.25-16.42.55:270][ 50]LogModuleManager: Shutting down and abandoning module LauncherChunkInstaller (64)
[2020.02.25-16.42.55:270][ 50]LogModuleManager: Shutting down and abandoning module OnlineBlueprintSupport (62)
[2020.02.25-16.42.55:270][ 50]LogModuleManager: Shutting down and abandoning module OnlineSubsystem (58)
[2020.02.25-16.42.55:273][ 50]LogModuleManager: Shutting down and abandoning module XMPP (53)
[2020.02.25-16.42.55:274][ 50]LogModuleManager: Shutting down and abandoning module WebSockets (52)
[2020.02.25-16.42.55:294][ 50]LogModuleManager: Shutting down and abandoning module HTTP (49)
[2020.02.25-16.42.55:294][ 50]LogHttp: Display: Http module shutting down, but needs to wait on 1 outstanding Http requests:
[2020.02.25-16.42.55:294][ 50]LogHttp: Display: 	verb=[POST] url=[https://datarouter.ol.epicgames.com/datarouter/api/v1/public/data?SessionID=%7B619CE117-43B8-5D92-AAAF-54B3C26F2600%7D&AppID=UEEditor.Rocket.Release&AppVersion=4.23.0-8386587%2B%2B%2BUE4%2BRelease-4.23&UserID=07f005ee4220eaa7a229d8bba4910fe2%7Cb565faa67db44caf9aa4b9de7250148c%7Cbf6d3172-bbd8-4ce0-a279-e40ccfb988b8&AppEnvironment=datacollector-binary&UploadType=eteventstream] status=Processing
[2020.02.25-16.42.55:297][ 50]LogModuleManager: Shutting down and abandoning module SSL (48)
[2020.02.25-16.42.55:299][ 50]LogModuleManager: Shutting down and abandoning module AISupportModule (44)
[2020.02.25-16.42.55:299][ 50]LogModuleManager: Shutting down and abandoning module PlatformCryptoOpenSSL (42)
[2020.02.25-16.42.55:299][ 50]LogModuleManager: Shutting down and abandoning module PlatformCrypto (40)
[2020.02.25-16.42.55:299][ 50]LogModuleManager: Shutting down and abandoning module AnimationModifiers (38)
[2020.02.25-16.42.55:300][ 50]LogModuleManager: Shutting down and abandoning module PropertyEditor (37)
[2020.02.25-16.42.55:300][ 50]LogModuleManager: Shutting down and abandoning module AudioEditor (34)
[2020.02.25-16.42.55:301][ 50]LogModuleManager: Shutting down and abandoning module TextureCompressor (32)
[2020.02.25-16.42.55:302][ 50]LogModuleManager: Shutting down and abandoning module RenderCore (30)
[2020.02.25-16.42.55:302][ 50]LogModuleManager: Shutting down and abandoning module Landscape (28)
[2020.02.25-16.42.55:302][ 50]LogModuleManager: Shutting down and abandoning module SlateRHIRenderer (26)
[2020.02.25-16.42.55:307][ 50]LogModuleManager: Shutting down and abandoning module OpenGLDrv (24)
[2020.02.25-16.42.55:307][ 50]LogModuleManager: Shutting down and abandoning module D3D11RHI (22)
[2020.02.25-16.42.55:307][ 50]LogModuleManager: Shutting down and abandoning module AnimGraphRuntime (20)
[2020.02.25-16.42.55:308][ 50]LogModuleManager: Shutting down and abandoning module Renderer (18)
[2020.02.25-16.42.55:308][ 50]LogModuleManager: Shutting down and abandoning module Engine (16)
[2020.02.25-16.42.55:308][ 50]LogModuleManager: Shutting down and abandoning module CoreUObject (14)
[2020.02.25-16.42.55:308][ 50]LogModuleManager: Shutting down and abandoning module NetworkFile (12)
[2020.02.25-16.42.55:308][ 50]LogModuleManager: Shutting down and abandoning module CookedIterativeFile (10)
[2020.02.25-16.42.55:308][ 50]LogModuleManager: Shutting down and abandoning module StreamingFile (8)
[2020.02.25-16.42.55:308][ 50]LogModuleManager: Shutting down and abandoning module SandboxFile (6)
[2020.02.25-16.42.55:308][ 50]LogModuleManager: Shutting down and abandoning module PakFile (4)
[2020.02.25-16.42.55:309][ 50]LogModuleManager: Shutting down and abandoning module RSA (3)
[2020.02.25-16.42.55:309][ 50]LogD3D11RHI: Shutdown
[2020.02.25-16.42.55:310][ 50]LogD3D11RHI: CleanupD3DDevice
[2020.02.25-16.42.55:312][ 50]LogRendererCore: FGlobalDynamicReadBuffer::Cleanup()
[2020.02.25-16.42.55:313][ 50]LogRendererCore: FGlobalDynamicReadBuffer::Cleanup()
[2020.02.25-16.42.55:313][ 50]LogRendererCore: FGlobalDynamicReadBuffer::Cleanup()
[2020.02.25-16.42.55:413][ 50]LogD3D11RHI: ~FD3D11DynamicRHI
[2020.02.25-16.42.55:421][ 50]LogExit: Exiting.
[2020.02.25-16.42.55:450][ 50]Log file closed, 02/25/20 11:42:55
