Log file open, 04/21/20 13:38:20
LogWindows: Failed to load 'aqProf.dll' (GetLastError=126)
LogWindows: File 'aqProf.dll' does not exist
LogWindows: Failed to load 'VtuneApi.dll' (GetLastError=126)
LogWindows: File 'VtuneApi.dll' does not exist
LogWindows: Failed to load 'VtuneApi32e.dll' (GetLastError=126)
LogWindows: File 'VtuneApi32e.dll' does not exist
LogConsoleResponse: Display: Failed to find resolution value strings in scalability ini. Falling back to default.
LogInit: Display: Running engine for game: ActionRPG
LogPlatformFile: Not using cached read wrapper
LogTaskGraph: Started task graph with 5 named threads and 35 total threads with 3 sets of task threads.
LogStats: Stats thread started at 0.066378
LogD3D11RHI: Loaded GFSDK_Aftermath_Lib.x64.dll
LogICUInternationalization: ICU TimeZone Detection - Raw Offset: -5:00, Platform Override: ''
LogPluginManager: Mounting plugin Paper2D
LogPluginManager: Mounting plugin AISupport
LogPluginManager: Mounting plugin ActorLayerUtilities
LogPluginManager: Mounting plugin AnimationSharing
LogPluginManager: Mounting plugin CLionSourceCodeAccess
LogPluginManager: Mounting plugin CodeLiteSourceCodeAccess
LogPluginManager: Mounting plugin GitSourceControl
LogPluginManager: Mounting plugin KDevelopSourceCodeAccess
LogPluginManager: Mounting plugin NullSourceCodeAccess
LogPluginManager: Mounting plugin PerforceSourceControl
LogPluginManager: Mounting plugin SubversionSourceControl
LogPluginManager: Mounting plugin VisualStudioCodeSourceCodeAccess
LogPluginManager: Mounting plugin VisualStudioSourceCodeAccess
LogPluginManager: Mounting plugin XCodeSourceCodeAccess
LogPluginManager: Mounting plugin AssetManagerEditor
LogPluginManager: Mounting plugin CurveEditorTools
LogPluginManager: Mounting plugin GameplayTagsEditor
LogPluginManager: Mounting plugin MacGraphicsSwitching
LogPluginManager: Mounting plugin MaterialAnalyzer
LogPluginManager: Mounting plugin MobileLauncherProfileWizard
LogPluginManager: Mounting plugin PluginBrowser
LogPluginManager: Mounting plugin SpeedTreeImporter
LogPluginManager: Mounting plugin VariantManagerContent
LogPluginManager: Mounting plugin AutomationUtils
LogPluginManager: Mounting plugin BackChannel
LogPluginManager: Mounting plugin PlatformCrypto
LogPluginManager: Mounting plugin ProxyLODPlugin
LogPluginManager: Mounting plugin SkeletalReduction
LogPluginManager: Mounting plugin MixamoAnimationRetargeting
LogPluginManager: Mounting plugin AndroidMedia
LogPluginManager: Mounting plugin AvfMedia
LogPluginManager: Mounting plugin ImgMedia
LogPluginManager: Mounting plugin MediaPlayerEditor
LogPluginManager: Mounting plugin WebMMedia
LogPluginManager: Mounting plugin TcpMessaging
LogPluginManager: Mounting plugin UdpMessaging
LogPluginManager: Mounting plugin ActorSequence
LogPluginManager: Mounting plugin LevelSequenceEditor
LogPluginManager: Mounting plugin MatineeToLevelSequence
LogPluginManager: Mounting plugin NetcodeUnitTest
LogPluginManager: Mounting plugin NUTUnrealEngine4
LogPluginManager: Mounting plugin OnlineSubsystemGooglePlay
LogPluginManager: Mounting plugin OnlineSubsystemIOS
LogPluginManager: Mounting plugin OnlineSubsystem
LogPluginManager: Mounting plugin OnlineSubsystemNull
LogPluginManager: Mounting plugin OnlineSubsystemUtils
LogPluginManager: Mounting plugin LauncherChunkInstaller
LogPluginManager: Mounting plugin AndroidDeviceProfileSelector
LogPluginManager: Mounting plugin AndroidMoviePlayer
LogPluginManager: Mounting plugin AndroidPermission
LogPluginManager: Mounting plugin AppleImageUtils
LogPluginManager: Mounting plugin AppleMoviePlayer
LogPluginManager: Mounting plugin EditableMesh
LogPluginManager: Mounting plugin ExampleDeviceProfileSelector
LogPluginManager: Mounting plugin GameplayAbilities
LogPluginManager: Mounting plugin GoogleCloudMessaging
LogPluginManager: Mounting plugin IOSDeviceProfileSelector
LogPluginManager: Mounting plugin LinuxDeviceProfileSelector
LogPluginManager: Mounting plugin MobilePatchingUtils
LogPluginManager: Mounting plugin SignificanceManager
LogPluginManager: Mounting plugin WebMMoviePlayer
LogPluginManager: Mounting plugin SlateRemote
LogPluginManager: Mounting plugin ScreenshotTools
LogInit: Using libcurl 7.55.1-DEV
LogInit:  - built for x86_64-pc-win32
LogInit:  - supports SSL with OpenSSL/1.1.1
LogInit:  - supports HTTP deflate (compression) using libz 1.2.8
LogInit:  - other features:
LogInit:      CURL_VERSION_SSL
LogInit:      CURL_VERSION_LIBZ
LogInit:      CURL_VERSION_IPV6
LogInit:      CURL_VERSION_ASYNCHDNS
LogInit:      CURL_VERSION_LARGEFILE
LogInit:      CURL_VERSION_IDN
LogInit:  CurlRequestOptions (configurable via config and command line):
LogInit:  - bVerifyPeer = true  - Libcurl will verify peer certificate
LogInit:  - bUseHttpProxy = false  - Libcurl will NOT use HTTP proxy
LogInit:  - bDontReuseConnections = false  - Libcurl will reuse connections
LogInit:  - MaxHostConnections = 16  - Libcurl will limit the number of connections to a host
LogInit:  - LocalHostAddr = Default
LogInit:  - BufferSize = 65536
LogOnline: OSS: Creating online subsystem instance for: NULL
LogInit: WinSock: version 1.1 (2.2), MaxSocks=32767, MaxUdp=65467
LogInit: Build: ++UE4+Release-4.23-CL-9631420
LogInit: Engine Version: 4.23.1-9631420+++UE4+Release-4.23
LogInit: Compatible Engine Version: 4.23.0-8386587+++UE4+Release-4.23
LogInit: Net CL: 8386587
LogInit: OS: Windows 10 (Release 1809) (), CPU: Intel(R) Core(TM) i7-9750H CPU @ 2.60GHz, GPU: Intel(R) UHD Graphics 630
LogInit: Compiled (64-bit): Oct 18 2019 02:07:44
LogInit: Compiled with Visual C++: 19.16.27030.01
LogInit: Build Configuration: Development
LogInit: Branch Name: ++UE4+Release-4.23
LogInit: Command Line: 
LogInit: Base Directory: C:/Program Files/Epic Games/UE_4.23/Engine/Binaries/Win64/
LogInit: Installed Engine Build: 1
LogDevObjectVersion: Number of dev versions registered: 23
LogDevObjectVersion:   Dev-Blueprints (B0D832E4-1F89-4F0D-ACCF-7EB736FD4AA2): 10
LogDevObjectVersion:   Dev-Build (E1C64328-A22C-4D53-A36C-8E866417BD8C): 0
LogDevObjectVersion:   Dev-Core (375EC13C-06E4-48FB-B500-84F0262A717E): 3
LogDevObjectVersion:   Dev-Editor (E4B068ED-F494-42E9-A231-DA0B2E46BB41): 34
LogDevObjectVersion:   Dev-Framework (CFFC743F-43B0-4480-9391-14DF171D2073): 35
LogDevObjectVersion:   Dev-Mobile (B02B49B5-BB20-44E9-A304-32B752E40360): 2
LogDevObjectVersion:   Dev-Networking (A4E4105C-59A1-49B5-A7C5-40C4547EDFEE): 0
LogDevObjectVersion:   Dev-Online (39C831C9-5AE6-47DC-9A44-9C173E1C8E7C): 0
LogDevObjectVersion:   Dev-Physics (78F01B33-EBEA-4F98-B9B4-84EACCB95AA2): 0
LogDevObjectVersion:   Dev-Platform (6631380F-2D4D-43E0-8009-CF276956A95A): 0
LogDevObjectVersion:   Dev-Rendering (12F88B9F-8875-4AFC-A67C-D90C383ABD29): 31
LogDevObjectVersion:   Dev-Sequencer (7B5AE74C-D270-4C10-A958-57980B212A5A): 11
LogDevObjectVersion:   Dev-VR (D7296918-1DD6-4BDD-9DE2-64A83CC13884): 2
LogDevObjectVersion:   Dev-LoadTimes (C2A15278-BFE7-4AFE-6C17-90FF531DF755): 1
LogDevObjectVersion:   Private-Geometry (6EACA3D4-40EC-4CC1-B786-8BED09428FC5): 3
LogDevObjectVersion:   Dev-AnimPhys (29E575DD-E0A3-4627-9D10-D276232CDCEA): 17
LogDevObjectVersion:   Dev-Anim (AF43A65D-7FD3-4947-9873-3E8ED9C1BB05): 2
LogDevObjectVersion:   Dev-ReflectionCapture (6B266CEC-1EC7-4B8F-A30B-E4D90942FC07): 1
LogDevObjectVersion:   Dev-Automation (0DF73D61-A23F-47EA-B727-89E90C41499A): 1
LogDevObjectVersion:   FortniteMain (601D1886-AC64-4F84-AA16-D3DE0DEAC7D6): 27
LogDevObjectVersion:   Dev-Enterprise (9DFFBCD6-494F-0158-E221-12823C92A888): 6
LogDevObjectVersion:   Dev-Niagara (F2AED0AC-9AFE-416F-8664-AA7FFA26D6FC): 1
LogDevObjectVersion:   Dev-Destruction (174F1F0B-B4C6-45A5-B13F-2EE8D0FB917D): 9
LogInit: Presizing for max 16777216 objects, including 0 objects not considered by GC, pre-allocating 0 bytes for permanent pool.
LogInit: Object subsystem initialized
LogConfig: Setting CVar [[con.DebugEarlyDefault:1]]
LogConfig: Setting CVar [[r.setres:1280x720]]
[2020.04.21-17.38.20:537][  0]LogConfig: Setting CVar [[r.VSync:0]]
[2020.04.21-17.38.20:537][  0]LogConfig: Setting CVar [[r.RHICmdBypass:0]]
[2020.04.21-17.38.20:537][  0]LogConfig: Applying CVar settings from Section [/Script/Engine.RendererSettings] File [C:/Users/Upper School/Documents/GitHub/game-team-h/ActionRPG/Saved/Config/Windows/Engine.ini]
[2020.04.21-17.38.20:537][  0]LogConfig: Setting CVar [[r.GPUCrashDebugging:0]]
[2020.04.21-17.38.20:537][  0]LogConfig: Setting CVar [[r.Mobile.TonemapperFilm:1]]
[2020.04.21-17.38.20:537][  0]LogConfig: Setting CVar [[r.MobileHDR:1]]
[2020.04.21-17.38.20:537][  0]LogConfig: Setting CVar [[r.AllowOcclusionQueries:1]]
[2020.04.21-17.38.20:537][  0]LogConfig: Setting CVar [[r.MinScreenRadiusForLights:0.030000]]
[2020.04.21-17.38.20:537][  0]LogConfig: Setting CVar [[r.MinScreenRadiusForDepthPrepass:0.030000]]
[2020.04.21-17.38.20:537][  0]LogConfig: Setting CVar [[r.PrecomputedVisibilityWarning:0]]
[2020.04.21-17.38.20:537][  0]LogConfig: Setting CVar [[r.TextureStreaming:1]]
[2020.04.21-17.38.20:537][  0]LogConfig: Setting CVar [[Compat.UseDXT5NormalMaps:0]]
[2020.04.21-17.38.20:537][  0]LogConfig: Setting CVar [[r.AllowStaticLighting:1]]
[2020.04.21-17.38.20:537][  0]LogConfig: Setting CVar [[r.NormalMapsForStaticLighting:0]]
[2020.04.21-17.38.20:537][  0]LogConfig: Setting CVar [[r.GenerateMeshDistanceFields:0]]
[2020.04.21-17.38.20:537][  0]LogConfig: Setting CVar [[r.TessellationAdaptivePixelsPerTriangle:48.000000]]
[2020.04.21-17.38.20:537][  0]LogConfig: Setting CVar [[r.SeparateTranslucency:0]]
[2020.04.21-17.38.20:537][  0]LogConfig: Setting CVar [[r.TranslucentSortPolicy:0]]
[2020.04.21-17.38.20:537][  0]LogConfig: Setting CVar [[r.CustomDepth:1]]
[2020.04.21-17.38.20:537][  0]LogConfig: Setting CVar [[r.DefaultFeature.Bloom:1]]
[2020.04.21-17.38.20:537][  0]LogConfig: Setting CVar [[r.DefaultFeature.AmbientOcclusion:0]]
[2020.04.21-17.38.20:537][  0]LogConfig: Setting CVar [[r.DefaultFeature.AmbientOcclusionStaticFraction:1]]
[2020.04.21-17.38.20:537][  0]LogConfig: Setting CVar [[r.DefaultFeature.AutoExposure:0]]
[2020.04.21-17.38.20:538][  0]LogConfig: Setting CVar [[r.DefaultFeature.MotionBlur:0]]
[2020.04.21-17.38.20:538][  0]LogConfig: Setting CVar [[r.DefaultFeature.LensFlare:0]]
[2020.04.21-17.38.20:538][  0]LogConfig: Setting CVar [[r.DefaultFeature.AntiAliasing:3]]
[2020.04.21-17.38.20:538][  0]LogConfig: Setting CVar [[r.EarlyZPass:3]]
[2020.04.21-17.38.20:538][  0]LogConfig: Setting CVar [[r.DBuffer:0]]
[2020.04.21-17.38.20:538][  0]LogConfig: Setting CVar [[r.ClearSceneMethod:1]]
[2020.04.21-17.38.20:538][  0]LogConfig: Setting CVar [[r.WireframeCullThreshold:5.000000]]
[2020.04.21-17.38.20:538][  0]LogConfig: Setting CVar [[r.MobileMSAA:2]]
[2020.04.21-17.38.20:538][  0]LogConfig: Setting CVar [[r.ReflectionCaptureResolution:64]]
[2020.04.21-17.38.20:538][  0]LogConfig: Setting CVar [[r.Mobile.DisableVertexFog:0]]
[2020.04.21-17.38.20:538][  0]LogConfig: Setting CVar [[r.ReflectionEnvironmentLightmapMixBasedOnRoughness:0]]
[2020.04.21-17.38.20:538][  0]LogConfig: Setting CVar [[r.Mobile.UseLegacyShadingModel:0]]
[2020.04.21-17.38.20:538][  0]LogConfig: Setting CVar [[r.ShaderPipelineCache.Enabled:1]]
[2020.04.21-17.38.20:538][  0]LogConfig: Setting CVar [[r.AllowVolumeTextureAssetCreation:1]]
[2020.04.21-17.38.20:538][  0]LogConfig: Setting CVar [[r.Mobile.AllowDitheredLODTransition:1]]
[2020.04.21-17.38.20:538][  0]LogConfig: Applying CVar settings from Section [/Script/Engine.RendererOverrideSettings] File [C:/Users/Upper School/Documents/GitHub/game-team-h/ActionRPG/Saved/Config/Windows/Engine.ini]
[2020.04.21-17.38.20:538][  0]LogConfig: Applying CVar settings from Section [/Script/Engine.StreamingSettings] File [C:/Users/Upper School/Documents/GitHub/game-team-h/ActionRPG/Saved/Config/Windows/Engine.ini]
[2020.04.21-17.38.20:538][  0]LogConfig: Setting CVar [[s.MinBulkDataSizeForAsyncLoading:131072]]
[2020.04.21-17.38.20:538][  0]LogConfig: Setting CVar [[s.AsyncLoadingThreadEnabled:0]]
[2020.04.21-17.38.20:538][  0]LogConfig: Setting CVar [[s.EventDrivenLoaderEnabled:1]]
[2020.04.21-17.38.20:538][  0]LogConfig: Setting CVar [[s.WarnIfTimeLimitExceeded:0]]
[2020.04.21-17.38.20:538][  0]LogConfig: Setting CVar [[s.TimeLimitExceededMultiplier:1.5]]
[2020.04.21-17.38.20:538][  0]LogConfig: Setting CVar [[s.TimeLimitExceededMinTime:0.005]]
[2020.04.21-17.38.20:538][  0]LogConfig: Setting CVar [[s.UseBackgroundLevelStreaming:1]]
[2020.04.21-17.38.20:538][  0]LogConfig: Setting CVar [[s.PriorityAsyncLoadingExtraTime:15.0]]
[2020.04.21-17.38.20:538][  0]LogConfig: Setting CVar [[s.LevelStreamingActorsUpdateTimeLimit:5.0]]
[2020.04.21-17.38.20:538][  0]LogConfig: Setting CVar [[s.PriorityLevelStreamingActorsUpdateExtraTime:5.0]]
[2020.04.21-17.38.20:538][  0]LogConfig: Setting CVar [[s.LevelStreamingComponentsRegistrationGranularity:10]]
[2020.04.21-17.38.20:538][  0]LogConfig: Setting CVar [[s.UnregisterComponentsTimeLimit:1.0]]
[2020.04.21-17.38.20:538][  0]LogConfig: Setting CVar [[s.LevelStreamingComponentsUnregistrationGranularity:5]]
[2020.04.21-17.38.20:538][  0]LogConfig: Applying CVar settings from Section [/Script/Engine.GarbageCollectionSettings] File [C:/Users/Upper School/Documents/GitHub/game-team-h/ActionRPG/Saved/Config/Windows/Engine.ini]
[2020.04.21-17.38.20:538][  0]LogConfig: Setting CVar [[gc.MaxObjectsNotConsideredByGC:1]]
[2020.04.21-17.38.20:538][  0]LogConfig: Setting CVar [[gc.SizeOfPermanentObjectPool:0]]
[2020.04.21-17.38.20:538][  0]LogConfig: Setting CVar [[gc.FlushStreamingOnGC:0]]
[2020.04.21-17.38.20:538][  0]LogConfig: Setting CVar [[gc.NumRetriesBeforeForcingGC:10]]
[2020.04.21-17.38.20:538][  0]LogConfig: Setting CVar [[gc.AllowParallelGC:1]]
[2020.04.21-17.38.20:538][  0]LogConfig: Setting CVar [[gc.TimeBetweenPurgingPendingKillObjects:61.1]]
[2020.04.21-17.38.20:538][  0]LogConfig: Setting CVar [[gc.MaxObjectsInEditor:16777216]]
[2020.04.21-17.38.20:538][  0]LogConfig: Setting CVar [[gc.IncrementalBeginDestroyEnabled:1]]
[2020.04.21-17.38.20:538][  0]LogConfig: Setting CVar [[gc.CreateGCClusters:1]]
[2020.04.21-17.38.20:538][  0]LogConfig: Setting CVar [[gc.MinGCClusterSize:5]]
[2020.04.21-17.38.20:538][  0]LogConfig: Setting CVar [[gc.ActorClusteringEnabled:0]]
[2020.04.21-17.38.20:538][  0]LogConfig: Setting CVar [[gc.BlueprintClusteringEnabled:0]]
[2020.04.21-17.38.20:538][  0]LogConfig: Setting CVar [[gc.UseDisregardForGCOnDedicatedServers:0]]
[2020.04.21-17.38.20:538][  0]LogConfig: Applying CVar settings from Section [/Script/Engine.NetworkSettings] File [C:/Users/Upper School/Documents/GitHub/game-team-h/ActionRPG/Saved/Config/Windows/Engine.ini]
[2020.04.21-17.38.20:538][  0]LogConfig: Applying CVar settings from Section [/Script/UnrealEd.CookerSettings] File [C:/Users/Upper School/Documents/GitHub/game-team-h/ActionRPG/Saved/Config/Windows/Engine.ini]
[2020.04.21-17.38.20:541][  0]LogConfig: Applying CVar settings from Section [ViewDistanceQuality@3] File [C:/Users/Upper School/Documents/GitHub/game-team-h/ActionRPG/Saved/Config/Windows/Scalability.ini]
[2020.04.21-17.38.20:541][  0]LogConfig: Setting CVar [[r.SkeletalMeshLODBias:0]]
[2020.04.21-17.38.20:541][  0]LogConfig: Setting CVar [[r.ViewDistanceScale:1.0]]
[2020.04.21-17.38.20:541][  0]LogConfig: Applying CVar settings from Section [AntiAliasingQuality@3] File [C:/Users/Upper School/Documents/GitHub/game-team-h/ActionRPG/Saved/Config/Windows/Scalability.ini]
[2020.04.21-17.38.20:541][  0]LogConfig: Setting CVar [[r.PostProcessAAQuality:4]]
[2020.04.21-17.38.20:541][  0]LogConfig: Applying CVar settings from Section [ShadowQuality@3] File [C:/Users/Upper School/Documents/GitHub/game-team-h/ActionRPG/Saved/Config/Windows/Scalability.ini]
[2020.04.21-17.38.20:541][  0]LogConfig: Setting CVar [[r.LightFunctionQuality:1]]
[2020.04.21-17.38.20:541][  0]LogConfig: Setting CVar [[r.ShadowQuality:5]]
[2020.04.21-17.38.20:541][  0]LogConfig: Setting CVar [[r.Shadow.CSM.MaxCascades:10]]
[2020.04.21-17.38.20:541][  0]LogConfig: Setting CVar [[r.Shadow.MaxResolution:2048]]
[2020.04.21-17.38.20:541][  0]LogConfig: Setting CVar [[r.Shadow.MaxCSMResolution:2048]]
[2020.04.21-17.38.20:541][  0]LogConfig: Setting CVar [[r.Shadow.RadiusThreshold:0.01]]
[2020.04.21-17.38.20:541][  0]LogConfig: Setting CVar [[r.Shadow.DistanceScale:1.0]]
[2020.04.21-17.38.20:541][  0]LogConfig: Setting CVar [[r.Shadow.CSM.TransitionScale:1.0]]
[2020.04.21-17.38.20:541][  0]LogConfig: Setting CVar [[r.Shadow.PreShadowResolutionFactor:1.0]]
[2020.04.21-17.38.20:541][  0]LogConfig: Setting CVar [[r.DistanceFieldShadowing:1]]
[2020.04.21-17.38.20:541][  0]LogConfig: Setting CVar [[r.DistanceFieldAO:1]]
[2020.04.21-17.38.20:541][  0]LogConfig: Setting CVar [[r.AOQuality:2]]
[2020.04.21-17.38.20:541][  0]LogConfig: Setting CVar [[r.VolumetricFog:1]]
[2020.04.21-17.38.20:541][  0]LogConfig: Setting CVar [[r.VolumetricFog.GridPixelSize:8]]
[2020.04.21-17.38.20:541][  0]LogConfig: Setting CVar [[r.VolumetricFog.GridSizeZ:128]]
[2020.04.21-17.38.20:541][  0]LogConfig: Setting CVar [[r.VolumetricFog.HistoryMissSupersampleCount:4]]
[2020.04.21-17.38.20:541][  0]LogConfig: Setting CVar [[r.LightMaxDrawDistanceScale:1]]
[2020.04.21-17.38.20:541][  0]LogConfig: Setting CVar [[r.CapsuleShadows:1]]
[2020.04.21-17.38.20:541][  0]LogConfig: Applying CVar settings from Section [PostProcessQuality@3] File [C:/Users/Upper School/Documents/GitHub/game-team-h/ActionRPG/Saved/Config/Windows/Scalability.ini]
[2020.04.21-17.38.20:541][  0]LogConfig: Setting CVar [[r.MotionBlurQuality:4]]
[2020.04.21-17.38.20:541][  0]LogConfig: Setting CVar [[r.AmbientOcclusionMipLevelFactor:0.4]]
[2020.04.21-17.38.20:541][  0]LogConfig: Setting CVar [[r.AmbientOcclusionMaxQuality:100]]
[2020.04.21-17.38.20:541][  0]LogConfig: Setting CVar [[r.AmbientOcclusionLevels:-1]]
[2020.04.21-17.38.20:541][  0]LogConfig: Setting CVar [[r.AmbientOcclusionRadiusScale:1.0]]
[2020.04.21-17.38.20:541][  0]LogConfig: Setting CVar [[r.DepthOfFieldQuality:2]]
[2020.04.21-17.38.20:541][  0]LogConfig: Setting CVar [[r.RenderTargetPoolMin:400]]
[2020.04.21-17.38.20:541][  0]LogConfig: Setting CVar [[r.LensFlareQuality:2]]
[2020.04.21-17.38.20:541][  0]LogConfig: Setting CVar [[r.SceneColorFringeQuality:1]]
[2020.04.21-17.38.20:541][  0]LogConfig: Setting CVar [[r.EyeAdaptationQuality:2]]
[2020.04.21-17.38.20:541][  0]LogConfig: Setting CVar [[r.BloomQuality:5]]
[2020.04.21-17.38.20:541][  0]LogConfig: Setting CVar [[r.FastBlurThreshold:100]]
[2020.04.21-17.38.20:541][  0]LogConfig: Setting CVar [[r.Upscale.Quality:3]]
[2020.04.21-17.38.20:541][  0]LogConfig: Setting CVar [[r.Tonemapper.GrainQuantization:1]]
[2020.04.21-17.38.20:541][  0]LogConfig: Setting CVar [[r.LightShaftQuality:1]]
[2020.04.21-17.38.20:541][  0]LogConfig: Setting CVar [[r.Filter.SizeScale:1]]
[2020.04.21-17.38.20:541][  0]LogConfig: Setting CVar [[r.Tonemapper.Quality:5]]
[2020.04.21-17.38.20:541][  0]LogConfig: Setting CVar [[r.DOF.Gather.AccumulatorQuality:1        ; higher gathering accumulator quality]]
[2020.04.21-17.38.20:541][  0]LogConfig: Setting CVar [[r.DOF.Gather.PostfilterMethod:1          ; Median3x3 postfilering method]]
[2020.04.21-17.38.20:541][  0]LogConfig: Setting CVar [[r.DOF.Gather.EnableBokehSettings:0       ; no bokeh simulation when gathering]]
[2020.04.21-17.38.20:541][  0]LogConfig: Setting CVar [[r.DOF.Gather.RingCount:4                 ; medium number of samples when gathering]]
[2020.04.21-17.38.20:541][  0]LogConfig: Setting CVar [[r.DOF.Scatter.ForegroundCompositing:1    ; additive foreground scattering]]
[2020.04.21-17.38.20:541][  0]LogConfig: Setting CVar [[r.DOF.Scatter.BackgroundCompositing:2    ; additive background scattering]]
[2020.04.21-17.38.20:541][  0]LogConfig: Setting CVar [[r.DOF.Scatter.EnableBokehSettings:1      ; bokeh simulation when scattering]]
[2020.04.21-17.38.20:541][  0]LogConfig: Setting CVar [[r.DOF.Scatter.MaxSpriteRatio:0.1         ; only a maximum of 10% of scattered bokeh]]
[2020.04.21-17.38.20:541][  0]LogConfig: Setting CVar [[r.DOF.Recombine.Quality:1                ; cheap slight out of focus]]
[2020.04.21-17.38.20:541][  0]LogConfig: Setting CVar [[r.DOF.Recombine.EnableBokehSettings:0    ; no bokeh simulation on slight out of focus]]
[2020.04.21-17.38.20:541][  0]LogConfig: Setting CVar [[r.DOF.TemporalAAQuality:1                ; more stable temporal accumulation]]
[2020.04.21-17.38.20:541][  0]LogConfig: Setting CVar [[r.DOF.Kernel.MaxForegroundRadius:0.025]]
[2020.04.21-17.38.20:541][  0]LogConfig: Setting CVar [[r.DOF.Kernel.MaxBackgroundRadius:0.025]]
[2020.04.21-17.38.20:541][  0]LogConfig: Applying CVar settings from Section [TextureQuality@3] File [C:/Users/Upper School/Documents/GitHub/game-team-h/ActionRPG/Saved/Config/Windows/Scalability.ini]
[2020.04.21-17.38.20:541][  0]LogConfig: Setting CVar [[r.Streaming.MipBias:0]]
[2020.04.21-17.38.20:541][  0]LogConfig: Setting CVar [[r.Streaming.AmortizeCPUToGPUCopy:0]]
[2020.04.21-17.38.20:541][  0]LogConfig: Setting CVar [[r.Streaming.MaxNumTexturesToStreamPerFrame:0]]
[2020.04.21-17.38.20:541][  0]LogConfig: Setting CVar [[r.Streaming.Boost:1]]
[2020.04.21-17.38.20:541][  0]LogConfig: Setting CVar [[r.MaxAnisotropy:8]]
[2020.04.21-17.38.20:541][  0]LogConfig: Setting CVar [[r.Streaming.LimitPoolSizeToVRAM:0]]
[2020.04.21-17.38.20:541][  0]LogConfig: Setting CVar [[r.Streaming.PoolSize:1000]]
[2020.04.21-17.38.20:541][  0]LogConfig: Setting CVar [[r.Streaming.MaxEffectiveScreenSize:0]]
[2020.04.21-17.38.20:541][  0]LogConfig: Applying CVar settings from Section [EffectsQuality@3] File [C:/Users/Upper School/Documents/GitHub/game-team-h/ActionRPG/Saved/Config/Windows/Scalability.ini]
[2020.04.21-17.38.20:541][  0]LogConfig: Setting CVar [[r.TranslucencyLightingVolumeDim:64]]
[2020.04.21-17.38.20:541][  0]LogConfig: Setting CVar [[r.RefractionQuality:2]]
[2020.04.21-17.38.20:541][  0]LogConfig: Setting CVar [[r.SSR.Quality:3]]
[2020.04.21-17.38.20:541][  0]LogConfig: Setting CVar [[r.SceneColorFormat:4]]
[2020.04.21-17.38.20:541][  0]LogConfig: Setting CVar [[r.DetailMode:2]]
[2020.04.21-17.38.20:541][  0]LogConfig: Setting CVar [[r.TranslucencyVolumeBlur:1]]
[2020.04.21-17.38.20:541][  0]LogConfig: Setting CVar [[r.MaterialQualityLevel:1 ; High quality]]
[2020.04.21-17.38.20:541][  0]LogConfig: Setting CVar [[r.SSS.Scale:1]]
[2020.04.21-17.38.20:541][  0]LogConfig: Setting CVar [[r.SSS.SampleSet:2]]
[2020.04.21-17.38.20:541][  0]LogConfig: Setting CVar [[r.SSS.Quality:1]]
[2020.04.21-17.38.20:541][  0]LogConfig: Setting CVar [[r.SSS.HalfRes:1]]
[2020.04.21-17.38.20:541][  0]LogConfig: Setting CVar [[r.EmitterSpawnRateScale:1.0]]
[2020.04.21-17.38.20:541][  0]LogConfig: Setting CVar [[r.ParticleLightQuality:2]]
[2020.04.21-17.38.20:542][  0]LogConfig: Applying CVar settings from Section [FoliageQuality@3] File [C:/Users/Upper School/Documents/GitHub/game-team-h/ActionRPG/Saved/Config/Windows/Scalability.ini]
[2020.04.21-17.38.20:542][  0]LogConfig: Setting CVar [[foliage.DensityScale:1.0]]
[2020.04.21-17.38.20:542][  0]LogConfig: Setting CVar [[grass.DensityScale:1.0]]
[2020.04.21-17.38.20:542][  0]LogInit: Selected Device Profile: [Windows]
[2020.04.21-17.38.20:542][  0]LogInit: Applying CVar settings loaded from the selected device profile: [Windows]
[2020.04.21-17.38.20:576][  0]LogHAL: Display: Platform has ~ 16 GB [17017790464 / 17179869184 / 16], which maps to Larger [LargestMinGB=32, LargerMinGB=12, DefaultMinGB=8, SmallerMinGB=6, SmallestMinGB=0)
[2020.04.21-17.38.20:576][  0]LogInit: Going up to parent DeviceProfile []
[2020.04.21-17.38.20:576][  0]LogConfig: Applying CVar settings from Section [ViewDistanceQuality@3] File [C:/Users/Upper School/Documents/GitHub/game-team-h/ActionRPG/Saved/Config/Windows/Scalability.ini]
[2020.04.21-17.38.20:576][  0]LogConfig: Setting CVar [[r.SkeletalMeshLODBias:0]]
[2020.04.21-17.38.20:576][  0]LogConfig: Setting CVar [[r.ViewDistanceScale:1.0]]
[2020.04.21-17.38.20:576][  0]LogConfig: Applying CVar settings from Section [AntiAliasingQuality@3] File [C:/Users/Upper School/Documents/GitHub/game-team-h/ActionRPG/Saved/Config/Windows/Scalability.ini]
[2020.04.21-17.38.20:576][  0]LogConfig: Setting CVar [[r.PostProcessAAQuality:4]]
[2020.04.21-17.38.20:576][  0]LogConfig: Applying CVar settings from Section [ShadowQuality@3] File [C:/Users/Upper School/Documents/GitHub/game-team-h/ActionRPG/Saved/Config/Windows/Scalability.ini]
[2020.04.21-17.38.20:576][  0]LogConfig: Setting CVar [[r.LightFunctionQuality:1]]
[2020.04.21-17.38.20:576][  0]LogConfig: Setting CVar [[r.ShadowQuality:5]]
[2020.04.21-17.38.20:576][  0]LogConfig: Setting CVar [[r.Shadow.CSM.MaxCascades:10]]
[2020.04.21-17.38.20:576][  0]LogConfig: Setting CVar [[r.Shadow.MaxResolution:2048]]
[2020.04.21-17.38.20:576][  0]LogConfig: Setting CVar [[r.Shadow.MaxCSMResolution:2048]]
[2020.04.21-17.38.20:576][  0]LogConfig: Setting CVar [[r.Shadow.RadiusThreshold:0.01]]
[2020.04.21-17.38.20:576][  0]LogConfig: Setting CVar [[r.Shadow.DistanceScale:1.0]]
[2020.04.21-17.38.20:576][  0]LogConfig: Setting CVar [[r.Shadow.CSM.TransitionScale:1.0]]
[2020.04.21-17.38.20:576][  0]LogConfig: Setting CVar [[r.Shadow.PreShadowResolutionFactor:1.0]]
[2020.04.21-17.38.20:576][  0]LogConfig: Setting CVar [[r.DistanceFieldShadowing:1]]
[2020.04.21-17.38.20:576][  0]LogConfig: Setting CVar [[r.DistanceFieldAO:1]]
[2020.04.21-17.38.20:576][  0]LogConfig: Setting CVar [[r.AOQuality:2]]
[2020.04.21-17.38.20:576][  0]LogConfig: Setting CVar [[r.VolumetricFog:1]]
[2020.04.21-17.38.20:576][  0]LogConfig: Setting CVar [[r.VolumetricFog.GridPixelSize:8]]
[2020.04.21-17.38.20:576][  0]LogConfig: Setting CVar [[r.VolumetricFog.GridSizeZ:128]]
[2020.04.21-17.38.20:576][  0]LogConfig: Setting CVar [[r.VolumetricFog.HistoryMissSupersampleCount:4]]
[2020.04.21-17.38.20:576][  0]LogConfig: Setting CVar [[r.LightMaxDrawDistanceScale:1]]
[2020.04.21-17.38.20:576][  0]LogConfig: Setting CVar [[r.CapsuleShadows:1]]
[2020.04.21-17.38.20:576][  0]LogConfig: Applying CVar settings from Section [PostProcessQuality@3] File [C:/Users/Upper School/Documents/GitHub/game-team-h/ActionRPG/Saved/Config/Windows/Scalability.ini]
[2020.04.21-17.38.20:576][  0]LogConfig: Setting CVar [[r.MotionBlurQuality:4]]
[2020.04.21-17.38.20:576][  0]LogConfig: Setting CVar [[r.AmbientOcclusionMipLevelFactor:0.4]]
[2020.04.21-17.38.20:576][  0]LogConfig: Setting CVar [[r.AmbientOcclusionMaxQuality:100]]
[2020.04.21-17.38.20:576][  0]LogConfig: Setting CVar [[r.AmbientOcclusionLevels:-1]]
[2020.04.21-17.38.20:576][  0]LogConfig: Setting CVar [[r.AmbientOcclusionRadiusScale:1.0]]
[2020.04.21-17.38.20:576][  0]LogConfig: Setting CVar [[r.DepthOfFieldQuality:2]]
[2020.04.21-17.38.20:576][  0]LogConfig: Setting CVar [[r.RenderTargetPoolMin:400]]
[2020.04.21-17.38.20:576][  0]LogConfig: Setting CVar [[r.LensFlareQuality:2]]
[2020.04.21-17.38.20:576][  0]LogConfig: Setting CVar [[r.SceneColorFringeQuality:1]]
[2020.04.21-17.38.20:576][  0]LogConfig: Setting CVar [[r.EyeAdaptationQuality:2]]
[2020.04.21-17.38.20:576][  0]LogConfig: Setting CVar [[r.BloomQuality:5]]
[2020.04.21-17.38.20:576][  0]LogConfig: Setting CVar [[r.FastBlurThreshold:100]]
[2020.04.21-17.38.20:576][  0]LogConfig: Setting CVar [[r.Upscale.Quality:3]]
[2020.04.21-17.38.20:576][  0]LogConfig: Setting CVar [[r.Tonemapper.GrainQuantization:1]]
[2020.04.21-17.38.20:576][  0]LogConfig: Setting CVar [[r.LightShaftQuality:1]]
[2020.04.21-17.38.20:576][  0]LogConfig: Setting CVar [[r.Filter.SizeScale:1]]
[2020.04.21-17.38.20:576][  0]LogConfig: Setting CVar [[r.Tonemapper.Quality:5]]
[2020.04.21-17.38.20:576][  0]LogConfig: Setting CVar [[r.DOF.Gather.AccumulatorQuality:1        ; higher gathering accumulator quality]]
[2020.04.21-17.38.20:576][  0]LogConfig: Setting CVar [[r.DOF.Gather.PostfilterMethod:1          ; Median3x3 postfilering method]]
[2020.04.21-17.38.20:576][  0]LogConfig: Setting CVar [[r.DOF.Gather.EnableBokehSettings:0       ; no bokeh simulation when gathering]]
[2020.04.21-17.38.20:576][  0]LogConfig: Setting CVar [[r.DOF.Gather.RingCount:4                 ; medium number of samples when gathering]]
[2020.04.21-17.38.20:576][  0]LogConfig: Setting CVar [[r.DOF.Scatter.ForegroundCompositing:1    ; additive foreground scattering]]
[2020.04.21-17.38.20:577][  0]LogConfig: Setting CVar [[r.DOF.Scatter.BackgroundCompositing:2    ; additive background scattering]]
[2020.04.21-17.38.20:577][  0]LogConfig: Setting CVar [[r.DOF.Scatter.EnableBokehSettings:1      ; bokeh simulation when scattering]]
[2020.04.21-17.38.20:577][  0]LogConfig: Setting CVar [[r.DOF.Scatter.MaxSpriteRatio:0.1         ; only a maximum of 10% of scattered bokeh]]
[2020.04.21-17.38.20:577][  0]LogConfig: Setting CVar [[r.DOF.Recombine.Quality:1                ; cheap slight out of focus]]
[2020.04.21-17.38.20:577][  0]LogConfig: Setting CVar [[r.DOF.Recombine.EnableBokehSettings:0    ; no bokeh simulation on slight out of focus]]
[2020.04.21-17.38.20:577][  0]LogConfig: Setting CVar [[r.DOF.TemporalAAQuality:1                ; more stable temporal accumulation]]
[2020.04.21-17.38.20:577][  0]LogConfig: Setting CVar [[r.DOF.Kernel.MaxForegroundRadius:0.025]]
[2020.04.21-17.38.20:577][  0]LogConfig: Setting CVar [[r.DOF.Kernel.MaxBackgroundRadius:0.025]]
[2020.04.21-17.38.20:577][  0]LogConfig: Applying CVar settings from Section [TextureQuality@3] File [C:/Users/Upper School/Documents/GitHub/game-team-h/ActionRPG/Saved/Config/Windows/Scalability.ini]
[2020.04.21-17.38.20:577][  0]LogConfig: Setting CVar [[r.Streaming.MipBias:0]]
[2020.04.21-17.38.20:577][  0]LogConfig: Setting CVar [[r.Streaming.AmortizeCPUToGPUCopy:0]]
[2020.04.21-17.38.20:577][  0]LogConfig: Setting CVar [[r.Streaming.MaxNumTexturesToStreamPerFrame:0]]
[2020.04.21-17.38.20:577][  0]LogConfig: Setting CVar [[r.Streaming.Boost:1]]
[2020.04.21-17.38.20:577][  0]LogConfig: Setting CVar [[r.MaxAnisotropy:8]]
[2020.04.21-17.38.20:577][  0]LogConfig: Setting CVar [[r.Streaming.LimitPoolSizeToVRAM:0]]
[2020.04.21-17.38.20:577][  0]LogConfig: Setting CVar [[r.Streaming.PoolSize:1000]]
[2020.04.21-17.38.20:577][  0]LogConfig: Setting CVar [[r.Streaming.MaxEffectiveScreenSize:0]]
[2020.04.21-17.38.20:577][  0]LogConfig: Applying CVar settings from Section [EffectsQuality@3] File [C:/Users/Upper School/Documents/GitHub/game-team-h/ActionRPG/Saved/Config/Windows/Scalability.ini]
[2020.04.21-17.38.20:577][  0]LogConfig: Setting CVar [[r.TranslucencyLightingVolumeDim:64]]
[2020.04.21-17.38.20:577][  0]LogConfig: Setting CVar [[r.RefractionQuality:2]]
[2020.04.21-17.38.20:577][  0]LogConfig: Setting CVar [[r.SSR.Quality:3]]
[2020.04.21-17.38.20:577][  0]LogConfig: Setting CVar [[r.SceneColorFormat:4]]
[2020.04.21-17.38.20:577][  0]LogConfig: Setting CVar [[r.DetailMode:2]]
[2020.04.21-17.38.20:577][  0]LogConfig: Setting CVar [[r.TranslucencyVolumeBlur:1]]
[2020.04.21-17.38.20:577][  0]LogConfig: Setting CVar [[r.MaterialQualityLevel:1 ; High quality]]
[2020.04.21-17.38.20:577][  0]LogConfig: Setting CVar [[r.SSS.Scale:1]]
[2020.04.21-17.38.20:577][  0]LogConfig: Setting CVar [[r.SSS.SampleSet:2]]
[2020.04.21-17.38.20:577][  0]LogConfig: Setting CVar [[r.SSS.Quality:1]]
[2020.04.21-17.38.20:577][  0]LogConfig: Setting CVar [[r.SSS.HalfRes:1]]
[2020.04.21-17.38.20:577][  0]LogConfig: Setting CVar [[r.EmitterSpawnRateScale:1.0]]
[2020.04.21-17.38.20:577][  0]LogConfig: Setting CVar [[r.ParticleLightQuality:2]]
[2020.04.21-17.38.20:577][  0]LogConfig: Applying CVar settings from Section [FoliageQuality@3] File [C:/Users/Upper School/Documents/GitHub/game-team-h/ActionRPG/Saved/Config/Windows/Scalability.ini]
[2020.04.21-17.38.20:577][  0]LogConfig: Setting CVar [[foliage.DensityScale:1.0]]
[2020.04.21-17.38.20:577][  0]LogConfig: Setting CVar [[grass.DensityScale:1.0]]
[2020.04.21-17.38.20:577][  0]LogConfig: Applying CVar settings from Section [Startup] File [../../../Engine/Config/ConsoleVariables.ini]
[2020.04.21-17.38.20:578][  0]LogConfig: Setting CVar [[net.UseAdaptiveNetUpdateFrequency:0]]
[2020.04.21-17.38.20:578][  0]LogConfig: Setting CVar [[p.chaos.AllowCreatePhysxBodies:1]]
[2020.04.21-17.38.20:578][  0]LogConfig: Applying CVar settings from Section [ConsoleVariables] File [C:/Users/Upper School/Documents/GitHub/game-team-h/ActionRPG/Saved/Config/Windows/Engine.ini]
[2020.04.21-17.38.20:578][  0]LogInit: Computer: MSI
[2020.04.21-17.38.20:578][  0]LogInit: User: UpperSchool
[2020.04.21-17.38.20:578][  0]LogInit: CPU Page size=4096, Cores=6
[2020.04.21-17.38.20:578][  0]LogInit: High frequency timer resolution =10.000000 MHz
[2020.04.21-17.38.20:578][  0]LogMemory: Memory total: Physical=15.8GB (16GB approx)
[2020.04.21-17.38.20:578][  0]LogMemory: Platform Memory Stats for Windows
[2020.04.21-17.38.20:578][  0]LogMemory: Process Physical Memory: 108.12 MB used, 108.12 MB peak
[2020.04.21-17.38.20:578][  0]LogMemory: Process Virtual Memory: 99.21 MB used, 99.21 MB peak
[2020.04.21-17.38.20:578][  0]LogMemory: Physical Memory: 5769.44 MB used,  10459.99 MB free, 16229.43 MB total
[2020.04.21-17.38.20:578][  0]LogMemory: Virtual Memory: 4685.56 MB used,  134213040.00 MB free, 134217728.00 MB total
[2020.04.21-17.38.20:815][  0]LogWindows: WindowsPlatformFeatures enabled
[2020.04.21-17.38.20:846][  0]LogInit: Using OS detected language (en-US).
[2020.04.21-17.38.20:846][  0]LogInit: Using OS detected locale (en-US).
[2020.04.21-17.38.20:846][  0]LogTextLocalizationManager: No specific localization for 'en-US' exists, so the 'en' localization will be used.
[2020.04.21-17.38.21:015][  0]LogInit: Setting process to per monitor DPI aware
[2020.04.21-17.38.21:056][  0]LogSlate: New Slate User Created.  User Index 0, Is Virtual User: 0
[2020.04.21-17.38.21:056][  0]LogSlate: Slate User Registered.  User Index 0, Is Virtual User: 0
[2020.04.21-17.38.21:244][  0]LogD3D11RHI: D3D11 adapters:
[2020.04.21-17.38.21:326][  0]LogD3D11RHI:    0. 'NVIDIA GeForce GTX 1650' (Feature Level 11_0)
[2020.04.21-17.38.21:326][  0]LogD3D11RHI:       3962/0/8114 MB DedicatedVideo/DedicatedSystem/SharedSystem, Outputs:1, VendorId:0x10de
[2020.04.21-17.38.21:348][  0]LogD3D11RHI:    1. 'Intel(R) UHD Graphics 630' (Feature Level 11_0)
[2020.04.21-17.38.21:348][  0]LogD3D11RHI:       128/0/8114 MB DedicatedVideo/DedicatedSystem/SharedSystem, Outputs:0, VendorId:0x8086
[2020.04.21-17.38.21:350][  0]LogD3D11RHI:    2. 'Microsoft Basic Render Driver' (Feature Level 11_0)
[2020.04.21-17.38.21:350][  0]LogD3D11RHI:       0/0/8114 MB DedicatedVideo/DedicatedSystem/SharedSystem, Outputs:0, VendorId:0x1414
[2020.04.21-17.38.21:350][  0]LogD3D11RHI: Chosen D3D11 Adapter: 0
[2020.04.21-17.38.21:377][  0]LogD3D11RHI: Creating new Direct3DDevice
[2020.04.21-17.38.21:378][  0]LogD3D11RHI:     GPU DeviceId: 0x1f91 (for the marketing name, search the web for "GPU Device Id")
[2020.04.21-17.38.21:378][  0]LogWindows: EnumDisplayDevices:
[2020.04.21-17.38.21:378][  0]LogWindows:    0. 'Intel(R) UHD Graphics 630' (P:1 D:1)
[2020.04.21-17.38.21:378][  0]LogWindows:    1. 'Intel(R) UHD Graphics 630' (P:0 D:0)
[2020.04.21-17.38.21:378][  0]LogWindows:    2. 'Intel(R) UHD Graphics 630' (P:0 D:0)
[2020.04.21-17.38.21:378][  0]LogWindows: DebugString: PrimaryIsNotTheChoosenAdapter PrimaryIsNotTheChoosenAdapter PrimaryIsNotTheChoosenAdapter FoundDriverCount:0 
[2020.04.21-17.38.21:378][  0]LogD3D11RHI:     Adapter Name: NVIDIA GeForce GTX 1650
[2020.04.21-17.38.21:378][  0]LogD3D11RHI:   Driver Version: Unknown (internal:Unknown, unified:Unknown)
[2020.04.21-17.38.21:378][  0]LogD3D11RHI:      Driver Date: Unknown
[2020.04.21-17.38.21:378][  0]LogRHI: Texture pool is 2773 MB (70% of 3962 MB)
[2020.04.21-17.38.21:432][  0]LogD3D11RHI: Async texture creation enabled
[2020.04.21-17.38.21:449][  0]LogD3D11RHI: GPU Timing Frequency: 1000.000000 (Debug: 2 2)
[2020.04.21-17.38.21:831][  0]LogTemp: Display: Module 'AllDesktopTargetPlatform' loaded TargetPlatform 'AllDesktop'
[2020.04.21-17.38.21:840][  0]LogTemp: Display: Module 'MacClientTargetPlatform' loaded TargetPlatform 'MacClient'
[2020.04.21-17.38.21:850][  0]LogTemp: Display: Module 'MacNoEditorTargetPlatform' loaded TargetPlatform 'MacNoEditor'
[2020.04.21-17.38.21:859][  0]LogTemp: Display: Module 'MacServerTargetPlatform' loaded TargetPlatform 'MacServer'
[2020.04.21-17.38.21:868][  0]LogTemp: Display: Module 'MacTargetPlatform' loaded TargetPlatform 'Mac'
[2020.04.21-17.38.21:877][  0]LogTemp: Display: Module 'WindowsClientTargetPlatform' loaded TargetPlatform 'WindowsClient'
[2020.04.21-17.38.21:887][  0]LogTemp: Display: Module 'WindowsNoEditorTargetPlatform' loaded TargetPlatform 'WindowsNoEditor'
[2020.04.21-17.38.21:897][  0]LogTemp: Display: Module 'WindowsServerTargetPlatform' loaded TargetPlatform 'WindowsServer'
[2020.04.21-17.38.21:901][  0]LogTemp: Display: Module 'WindowsTargetPlatform' loaded TargetPlatform 'Windows'
[2020.04.21-17.38.21:938][  0]LogTemp: Display: Module 'AndroidTargetPlatform' loaded TargetPlatform 'Android'
[2020.04.21-17.38.21:938][  0]LogTemp: Display: Module 'AndroidTargetPlatform' loaded TargetPlatform 'Android_ASTC'
[2020.04.21-17.38.21:938][  0]LogTemp: Display: Module 'AndroidTargetPlatform' loaded TargetPlatform 'Android_ATC'
[2020.04.21-17.38.21:938][  0]LogTemp: Display: Module 'AndroidTargetPlatform' loaded TargetPlatform 'Android_DXT'
[2020.04.21-17.38.21:938][  0]LogTemp: Display: Module 'AndroidTargetPlatform' loaded TargetPlatform 'Android_ETC1'
[2020.04.21-17.38.21:938][  0]LogTemp: Display: Module 'AndroidTargetPlatform' loaded TargetPlatform 'Android_ETC1a'
[2020.04.21-17.38.21:938][  0]LogTemp: Display: Module 'AndroidTargetPlatform' loaded TargetPlatform 'Android_ETC2'
[2020.04.21-17.38.21:938][  0]LogTemp: Display: Module 'AndroidTargetPlatform' loaded TargetPlatform 'Android_PVRTC'
[2020.04.21-17.38.21:938][  0]LogTemp: Display: Module 'AndroidTargetPlatform' loaded TargetPlatform 'AndroidClient'
[2020.04.21-17.38.21:938][  0]LogTemp: Display: Module 'AndroidTargetPlatform' loaded TargetPlatform 'Android_ASTCClient'
[2020.04.21-17.38.21:938][  0]LogTemp: Display: Module 'AndroidTargetPlatform' loaded TargetPlatform 'Android_ATCClient'
[2020.04.21-17.38.21:938][  0]LogTemp: Display: Module 'AndroidTargetPlatform' loaded TargetPlatform 'Android_DXTClient'
[2020.04.21-17.38.21:938][  0]LogTemp: Display: Module 'AndroidTargetPlatform' loaded TargetPlatform 'Android_ETC1Client'
[2020.04.21-17.38.21:938][  0]LogTemp: Display: Module 'AndroidTargetPlatform' loaded TargetPlatform 'Android_ETC1aClient'
[2020.04.21-17.38.21:938][  0]LogTemp: Display: Module 'AndroidTargetPlatform' loaded TargetPlatform 'Android_ETC2Client'
[2020.04.21-17.38.21:938][  0]LogTemp: Display: Module 'AndroidTargetPlatform' loaded TargetPlatform 'Android_PVRTCClient'
[2020.04.21-17.38.21:938][  0]LogTemp: Display: Module 'AndroidTargetPlatform' loaded TargetPlatform 'Android_Multi'
[2020.04.21-17.38.21:938][  0]LogTemp: Display: Module 'AndroidTargetPlatform' loaded TargetPlatform 'Android_MultiClient'
[2020.04.21-17.38.21:941][  0]LogTemp: Display: Module 'HTML5TargetPlatform' loaded TargetPlatform 'HTML5'
[2020.04.21-17.38.21:963][  0]LogTemp: Display: Module 'IOSTargetPlatform' loaded TargetPlatform 'IOSClient'
[2020.04.21-17.38.21:963][  0]LogTemp: Display: Module 'IOSTargetPlatform' loaded TargetPlatform 'IOS'
[2020.04.21-17.38.21:977][  0]LogTemp: Display: Module 'TVOSTargetPlatform' loaded TargetPlatform 'TVOSClient'
[2020.04.21-17.38.21:977][  0]LogTemp: Display: Module 'TVOSTargetPlatform' loaded TargetPlatform 'TVOS'
[2020.04.21-17.38.21:985][  0]LogTemp: Display: Module 'LinuxClientTargetPlatform' loaded TargetPlatform 'LinuxClient'
[2020.04.21-17.38.21:993][  0]LogTemp: Display: Module 'LinuxNoEditorTargetPlatform' loaded TargetPlatform 'LinuxNoEditor'
[2020.04.21-17.38.22:000][  0]LogTemp: Display: Module 'LinuxServerTargetPlatform' loaded TargetPlatform 'LinuxServer'
[2020.04.21-17.38.22:010][  0]LogTemp: Display: Module 'LinuxTargetPlatform' loaded TargetPlatform 'Linux'
[2020.04.21-17.38.22:038][  0]LogTemp: Display: Module 'LuminTargetPlatform' loaded TargetPlatform 'Lumin'
[2020.04.21-17.38.22:038][  0]LogTemp: Display: Module 'LuminTargetPlatform' loaded TargetPlatform 'LuminClient'
[2020.04.21-17.38.22:038][  0]LogTargetPlatformManager: Display: Building Assets For Windows
[2020.04.21-17.38.22:047][  0]LogAudioDebug: Display: Lib vorbis DLL was dynamically loaded.
[2020.04.21-17.38.22:102][  0]LogShaderCompilers: Guid format shader working directory is -23 characters bigger than the processId version (../../../../../../Users/Upper School/Documents/GitHub/game-team-h/ActionRPG/Intermediate/Shaders/WorkingDirectory/15380/).
[2020.04.21-17.38.22:102][  0]LogShaderCompilers: Cleaned the shader compiler working directory 'C:/Users/Upper School/AppData/Local/Temp/UnrealShaderWorkingDir/46B73E74427EDBB1A19F4294D06F74AD/'.
[2020.04.21-17.38.22:105][  0]LogXGEController: Cleaning working directory: C:/Users/Upper School/AppData/Local/Temp/UnrealXGEWorkingDir/
[2020.04.21-17.38.22:105][  0]LogXGEController: Cannot use XGE Controller as Incredibuild is not installed on this machine.
[2020.04.21-17.38.22:105][  0]LogShaderCompilers: Cannot use XGE Shader Compiler as Incredibuild is not installed on this machine.
[2020.04.21-17.38.22:105][  0]LogShaderCompilers: Display: Using Local Shader Compiler.
[2020.04.21-17.38.22:788][  0]LogDerivedDataCache: Display: Max Cache Size: 512 MB
[2020.04.21-17.38.22:816][  0]LogDerivedDataCache: Loaded boot cache 0.03s 45MB C:/Users/Upper School/AppData/Local/UnrealEngine/4.23/DerivedDataCache/Boot.ddc.
[2020.04.21-17.38.22:816][  0]LogDerivedDataCache: Display: Loaded Boot cache: C:/Users/Upper School/AppData/Local/UnrealEngine/4.23/DerivedDataCache/Boot.ddc
[2020.04.21-17.38.22:816][  0]LogDerivedDataCache: FDerivedDataBackendGraph:  Pak pak cache file ../../../../../../Users/Upper School/Documents/GitHub/game-team-h/ActionRPG/DerivedDataCache/DDC.ddp not found, will not use a pak cache.
[2020.04.21-17.38.22:816][  0]LogDerivedDataCache: Unable to find inner node Pak for hierarchical cache Hierarchy.
[2020.04.21-17.38.22:816][  0]LogDerivedDataCache: FDerivedDataBackendGraph:  CompressedPak pak cache file ../../../../../../Users/Upper School/Documents/GitHub/game-team-h/ActionRPG/DerivedDataCache/Compressed.ddp not found, will not use a pak cache.
[2020.04.21-17.38.22:816][  0]LogDerivedDataCache: Unable to find inner node CompressedPak for hierarchical cache Hierarchy.
[2020.04.21-17.38.22:826][  0]LogDerivedDataCache: Display: Pak cache opened for reading ../../../Engine/DerivedDataCache/Compressed.ddp.
[2020.04.21-17.38.22:826][  0]LogDerivedDataCache: FDerivedDataBackendGraph:  EnterprisePak pak cache file ../../../Enterprise/DerivedDataCache/Compressed.ddp not found, will not use a pak cache.
[2020.04.21-17.38.22:826][  0]LogDerivedDataCache: Unable to find inner node EnterprisePak for hierarchical cache Hierarchy.
[2020.04.21-17.38.22:828][  0]LogDerivedDataCache: Using Local data cache path C:/Users/Upper School/AppData/Local/UnrealEngine/Common/DerivedDataCache: Writable
[2020.04.21-17.38.22:828][  0]LogDerivedDataCache: Shared data cache path not found in *engine.ini, will not use an Shared cache.
[2020.04.21-17.38.22:828][  0]LogDerivedDataCache: Unable to find inner node Shared for hierarchical cache Hierarchy.
[2020.04.21-17.38.22:856][  0]LogMaterial: Verifying Global Shaders for PCD3D_SM5
[2020.04.21-17.38.22:859][  0]LogSlate: Using FreeType 2.6.0
[2020.04.21-17.38.22:859][  0]LogSlate: SlateFontServices - WITH_FREETYPE: 1, WITH_HARFBUZZ: 1
[2020.04.21-17.38.22:917][  0]LogAssetRegistry: FAssetRegistry took 0.0027 seconds to start up
[2020.04.21-17.38.23:413][  0]LogInit: Selected Device Profile: [Windows]
[2020.04.21-17.38.23:558][  0]LogMeshReduction: Using QuadricMeshReduction for automatic static mesh reduction
[2020.04.21-17.38.23:558][  0]LogMeshReduction: Using SimplygonMeshReduction for automatic skeletal mesh reduction
[2020.04.21-17.38.23:558][  0]LogMeshReduction: Using ProxyLODMeshReduction for automatic mesh merging
[2020.04.21-17.38.23:558][  0]LogMeshReduction: No distributed automatic mesh merging module available
[2020.04.21-17.38.23:558][  0]LogMeshMerging: No distributed automatic mesh merging module available
[2020.04.21-17.38.23:566][  0]LogNetVersion: ActionRPG 1.0.0, NetCL: 8386587, EngineNetVer: 11, GameNetVer: 0 (Checksum: 3902779509)
[2020.04.21-17.38.23:935][  0]LogPackageLocalizationCache: Processed 6 localized package path(s) for 1 prioritized culture(s) in 0.027286 seconds
[2020.04.21-17.38.23:942][  0]LogUObjectArray: 42259 objects as part of root set at end of initial load.
[2020.04.21-17.38.23:942][  0]LogUObjectAllocator: 7331848 out of 0 bytes used by permanent object pool.
[2020.04.21-17.38.23:942][  0]LogUObjectArray: CloseDisregardForGC: 0/0 objects in disregard for GC pool
[2020.04.21-17.38.24:843][  0]LogTcpMessaging: Initializing TcpMessaging bridge
[2020.04.21-17.38.24:846][  0]LogUdpMessaging: Initializing bridge on interface 0.0.0.0:0 to multicast group 230.0.0.1:6666.
[2020.04.21-17.38.24:865][  0]LogStats: UGameplayTagsManager::InitializeManager -  0.000 s
[2020.04.21-17.38.24:905][  0]SourceControl: Source control is disabled
[2020.04.21-17.38.24:905][  0]SourceControl: Source control is disabled
[2020.04.21-17.38.24:907][  0]SourceControl: Source control is disabled
[2020.04.21-17.38.24:908][  0]SourceControl: Source control is disabled
[2020.04.21-17.38.25:468][  0]LogAndroidPermission: UAndroidPermissionCallbackProxy::GetInstance
[2020.04.21-17.38.25:563][  0]LogEngine: Initializing Engine...
[2020.04.21-17.38.25:754][  0]LogInit: Initializing FReadOnlyCVARCache
[2020.04.21-17.38.25:765][  0]LogAIModule: Creating AISystem for world Untitled
[2020.04.21-17.38.25:881][  0]LogInit: XAudio2 using 'Speakers (Realtek(R) Audio)' : 6 channels at 48 kHz using 32 bits per sample (channel mask 0x3f)
[2020.04.21-17.38.26:290][  0]LogInit: FAudioDevice initialized.
[2020.04.21-17.38.26:290][  0]LogNetVersion: Set ProjectVersion to 1.0.0.0. Version Checksum will be recalculated on next use.
[2020.04.21-17.38.26:310][  0]LogDerivedDataCache: Saved boot cache 0.02s 45MB C:/Users/Upper School/AppData/Local/UnrealEngine/4.23/DerivedDataCache/Boot.ddc.
[2020.04.21-17.38.26:314][  0]LogInit: Texture streaming: Enabled
[2020.04.21-17.38.26:334][  0]LogEngineSessionManager: EngineSessionManager initialized
[2020.04.21-17.38.26:334][  0]LogEditorSessionSummary: Verbose: Initializing EditorSessionSummaryWriter for editor session tracking
[2020.04.21-17.38.26:337][  0]LogEditorSessionSummary: EditorSessionSummaryWriter initialized
[2020.04.21-17.38.26:425][  0]LogInit: Transaction tracking system initialized
[2020.04.21-17.38.26:463][  0]BlueprintLog: New page: Editor Load
[2020.04.21-17.38.26:569][  0]LocalizationService: Localization service is disabled
[2020.04.21-17.38.26:971][  0]LogCook: Display: Max memory allowance for cook 16384mb min free memory 0mb
[2020.04.21-17.38.26:971][  0]LogCook: Display: Mobile HDR setting 1
[2020.04.21-17.38.26:982][  0]LogFileCache: Scanning file cache for directory 'C:/Users/Upper School/Documents/GitHub/game-team-h/ActionRPG/Content/' took 0.02s
[2020.04.21-17.38.26:982][  0]LogStats: FGameplayAbilitiesEditorModule::GameplayTagTreeChanged -  0.000 s
[2020.04.21-17.38.27:055][  0]LogStats: UGameplayCueManager::InitializeEditorObjectLibrary -  0.003 s
[2020.04.21-17.38.27:097][  0]SourceControl: Source control is disabled
[2020.04.21-17.38.27:097][  0]Cmd: MAP LOAD FILE="../../../../../../Users/Upper School/Documents/GitHub/game-team-h/ActionRPG/Content/Maps/ActionRPG_P.umap" TEMPLATE=0 SHOWPROGRESS=1 FEATURELEVEL=3
[2020.04.21-17.38.27:097][  0]LightingResults: New page: Lighting Build
[2020.04.21-17.38.27:101][  0]LogWorld: UWorld::CleanupWorld for Untitled, bSessionEnded=true, bCleanupResources=true
[2020.04.21-17.38.27:101][  0]MapCheck: New page: Map Check
[2020.04.21-17.38.27:101][  0]LightingResults: New page: Lighting Build
[2020.04.21-17.38.27:137][  0]LogUObjectHash: Compacting FUObjectHashTables data took   1.30ms
[2020.04.21-17.38.29:593][  0]LogAIModule: Creating AISystem for world ActionRPG_P
[2020.04.21-17.38.29:605][  0]LogStreaming: Display: ULevelStreaming::RequestLevel(/Game/Maps/ActionRPG_Dungeon02_Lights) is flushing async loading
[2020.04.21-17.38.29:605][  0]LogStreaming: Display: Flushing async loaders.
[2020.04.21-17.38.29:609][  0]LogStreaming: Display: ULevelStreaming::RequestLevel(/Game/Maps/ActionRPG_Dungeon02_Asset) is flushing async loading
[2020.04.21-17.38.29:689][  0]LogEditorServer: Finished looking for orphan Actors (0.000 secs)
[2020.04.21-17.38.29:734][  0]LogUObjectHash: Compacting FUObjectHashTables data took   3.07ms
[2020.04.21-17.38.29:734][  0]Cmd: MAP CHECKDEP NOCLEARLOG
[2020.04.21-17.38.29:735][  0]MapCheck: Map check complete: 0 Error(s), 0 Warning(s), took 0.228ms to complete.
[2020.04.21-17.38.29:735][  0]LogFileHelpers: Loading map 'ActionRPG_P' took 2.637
[2020.04.21-17.38.29:840][  0]LogSlate: Updating window title bar state: overlay mode, drag disabled, window buttons hidden, title bar hidden
[2020.04.21-17.38.29:844][  0]LogSlate: Updating window title bar state: overlay mode, drag disabled, window buttons hidden, title bar hidden
[2020.04.21-17.38.29:855][  0]LogCollectionManager: Loaded 0 collections in 0.002001 seconds
[2020.04.21-17.38.29:861][  0]LogFileCache: Scanning file cache for directory 'C:/Users/Upper School/Documents/GitHub/game-team-h/ActionRPG/Saved/Collections/' took 0.00s
[2020.04.21-17.38.29:861][  0]LogFileCache: Scanning file cache for directory 'C:/Users/Upper School/Documents/GitHub/game-team-h/ActionRPG/Content/Developers/UpperSchool/Collections/' took 0.00s
[2020.04.21-17.38.29:861][  0]LogFileCache: Scanning file cache for directory 'C:/Users/Upper School/Documents/GitHub/game-team-h/ActionRPG/Content/Collections/' took 0.00s
[2020.04.21-17.38.29:861][  0]LogCollectionManager: Rebuilt the GUID cache for 0 collections in 0.000001 seconds
[2020.04.21-17.38.29:868][  0]LogContentBrowser: Native class hierarchy populated in 0.0071 seconds. Added 2821 classes and 583 folders.
[2020.04.21-17.38.29:876][  0]LogContentBrowser: Native class hierarchy updated for 'WidgetCarousel' in 0.0005 seconds. Added 0 classes and 0 folders.
[2020.04.21-17.38.29:923][  0]LogContentBrowser: Native class hierarchy updated for 'AddContentDialog' in 0.0006 seconds. Added 0 classes and 0 folders.
[2020.04.21-17.38.29:929][  0]LogContentBrowser: Native class hierarchy updated for 'SceneOutliner' in 0.0005 seconds. Added 1 classes and 2 folders.
[2020.04.21-17.38.30:050][  0]LogSlate: Took 0.000155 seconds to synchronously load lazily loaded font '../../../Engine/Content/Slate/Fonts/Roboto-Regular.ttf' (155K)
[2020.04.21-17.38.30:052][  0]LogSlate: Took 0.000158 seconds to synchronously load lazily loaded font '../../../Engine/Content/Slate/Fonts/Roboto-Bold.ttf' (160K)
[2020.04.21-17.38.30:057][  0]LogSlate: Took 0.000132 seconds to synchronously load lazily loaded font '../../../Engine/Content/Editor/Slate/Fonts/FontAwesome.ttf' (139K)
[2020.04.21-17.38.30:115][  0]LogRenderer: Reallocating scene render targets to support 604x492 Format 10 NumSamples 1 (Frame:1).
[2020.04.21-17.38.30:157][  0]LogSlate: Took 0.000194 seconds to synchronously load lazily loaded font '../../../Engine/Content/Slate/Fonts/Roboto-Light.ttf' (167K)
[2020.04.21-17.38.30:199][  0]LogContentBrowser: Native class hierarchy updated for 'HierarchicalLODOutliner' in 0.0004 seconds. Added 0 classes and 0 folders.
[2020.04.21-17.38.30:199][  0]LogLoad: (Engine Initialization) Total time: 10.86 seconds
[2020.04.21-17.38.30:199][  0]LogLoad: (Engine Initialization) Total Blueprint compile time: 0.00 seconds
[2020.04.21-17.38.30:412][  0]LogContentStreaming: Texture pool size now 1000 MB
[2020.04.21-17.38.30:524][  1]LogAssetRegistry: Asset discovery search completed in 7.6080 seconds
[2020.04.21-17.38.30:528][  1]LogStats: UGameplayCueManager::InitializeEditorObjectLibrary -  0.004 s
[2020.04.21-17.38.30:540][  1]LogCollectionManager: Rebuilt the object cache for 0 collections in 0.000006 seconds (found 0 objects)
[2020.04.21-17.38.30:540][  1]LogCollectionManager: Fixed up redirectors for 0 collections in 0.000057 seconds (updated 0 objects)
[2020.04.21-17.38.35:665][520]LogSlate: FSceneViewport::OnFocusLost() reason 0
[2020.04.21-17.39.19:724][724]LogSlate: Took 0.000148 seconds to synchronously load lazily loaded font '../../../Engine/Content/Slate/Fonts/Roboto-Light.ttf' (167K)
[2020.04.21-17.39.19:906][724]LogBlueprint: Warning: [Compiler ThirdPersonCharacter] InputAction Event references unknown Action 'Dance' for  InputAction Dance
[2020.04.21-17.39.19:906][724]LogBlueprint: Warning: [Compiler ThirdPersonCharacter] InputAction Event references unknown Action 'ResetVR' for  InputAction ResetVR
[2020.04.21-17.39.19:906][724]LogBlueprint: Warning: [Compiler ThirdPersonCharacter] Input Axis Event references unknown Axis 'LookUpRate' for  InputAxis LookUpRate
[2020.04.21-17.39.19:906][724]LogBlueprint: Warning: [Compiler ThirdPersonCharacter] Input Axis Event references unknown Axis 'TurnRate' for  InputAxis TurnRate
[2020.04.21-17.39.19:907][724]LogBlueprint: Warning: [Compiler ThirdPersonCharacter] Input Axis Event references unknown Axis 'LookUp' for  InputAxis LookUp
[2020.04.21-17.39.19:907][724]LogBlueprint: Warning: [Compiler ThirdPersonCharacter] Input Axis Event references unknown Axis 'Turn' for  InputAxis Turn
[2020.04.21-17.39.21:278][724]LogAIModule: Creating AISystem for world tunnel_plot
[2020.04.21-17.39.21:303][724]LogAssetEditorManager: Opening Asset editor for World /Game/Maps/tunnel_plot.tunnel_plot
[2020.04.21-17.39.21:332][724]LogUObjectHash: Compacting FUObjectHashTables data took   2.51ms
[2020.04.21-17.39.21:333][724]Cmd: MAP LOAD FILE="../../../../../../Users/Upper School/Documents/GitHub/game-team-h/ActionRPG/Content/Maps/tunnel_plot.umap" TEMPLATE=0 SHOWPROGRESS=1 FEATURELEVEL=3
[2020.04.21-17.39.21:333][724]LightingResults: New page: Lighting Build
[2020.04.21-17.39.21:333][724]LoadErrors: New page: Loading map: tunnel_plot.umap
[2020.04.21-17.39.21:334][724]LogWorld: UWorld::CleanupWorld for ActionRPG_P, bSessionEnded=true, bCleanupResources=true
[2020.04.21-17.39.21:334][724]LogWorld: UWorld::CleanupWorld for ActionRPG_Dungeon02_Lights, bSessionEnded=true, bCleanupResources=true
[2020.04.21-17.39.21:334][724]LogWorld: UWorld::CleanupWorld for ActionRPG_Dungeon02_Asset, bSessionEnded=true, bCleanupResources=true
[2020.04.21-17.39.21:334][724]MapCheck: New page: Map Check
[2020.04.21-17.39.21:334][724]LightingResults: New page: Lighting Build
[2020.04.21-17.39.21:364][724]LogUObjectHash: Compacting FUObjectHashTables data took   2.28ms
[2020.04.21-17.39.23:076][724]LogEditorServer: Finished looking for orphan Actors (0.000 secs)
[2020.04.21-17.39.23:118][724]LogUObjectHash: Compacting FUObjectHashTables data took   1.92ms
[2020.04.21-17.39.23:166][724]Cmd: MAP CHECKDEP NOCLEARLOG
[2020.04.21-17.39.23:172][724]MapCheck: Map check complete: 0 Error(s), 0 Warning(s), took 6.194ms to complete.
[2020.04.21-17.39.23:172][724]LogFileHelpers: Loading map 'tunnel_plot' took 1.839
[2020.04.21-17.39.23:271][724]LogUObjectHash: Compacting FUObjectHashTables data took   0.95ms
[2020.04.21-17.39.30:206][532]LogEditorSessionSummary: EditorSessionSummary sent report. Type=Shutdown, SessionId={4D0CB666-4CAE-3AEF-3E70-1185C089500F}
[2020.04.21-17.39.31:539][687]LogSlate: FSceneViewport::OnFocusLost() reason 0
[2020.04.21-17.39.31:720][702]LogAIModule: Creating AISystem for world tUNNEL_PLOT_hUNTER
[2020.04.21-17.39.31:738][702]LogAssetEditorManager: Opening Asset editor for World /Game/Maps/tUNNEL_PLOT_hUNTER.tUNNEL_PLOT_hUNTER
[2020.04.21-17.39.31:767][702]LogUObjectHash: Compacting FUObjectHashTables data took   1.59ms
[2020.04.21-17.39.31:768][702]Cmd: MAP LOAD FILE="../../../../../../Users/Upper School/Documents/GitHub/game-team-h/ActionRPG/Content/Maps/tUNNEL_PLOT_hUNTER.umap" TEMPLATE=0 SHOWPROGRESS=1 FEATURELEVEL=3
[2020.04.21-17.39.31:768][702]LightingResults: New page: Lighting Build
[2020.04.21-17.39.31:769][702]LoadErrors: New page: Loading map: tUNNEL_PLOT_hUNTER.umap
[2020.04.21-17.39.31:770][702]LogWorld: UWorld::CleanupWorld for tunnel_plot, bSessionEnded=true, bCleanupResources=true
[2020.04.21-17.39.31:771][702]MapCheck: New page: Map Check
[2020.04.21-17.39.31:771][702]LightingResults: New page: Lighting Build
[2020.04.21-17.39.31:797][702]LogUObjectHash: Compacting FUObjectHashTables data took   2.07ms
[2020.04.21-17.39.32:006][702]LogEditorServer: Finished looking for orphan Actors (0.000 secs)
[2020.04.21-17.39.32:033][702]LogUObjectHash: Compacting FUObjectHashTables data took   1.58ms
[2020.04.21-17.39.32:074][702]Cmd: MAP CHECKDEP NOCLEARLOG
[2020.04.21-17.39.32:074][702]MapCheck: Map check complete: 0 Error(s), 0 Warning(s), took 0.103ms to complete.
[2020.04.21-17.39.32:074][702]LogFileHelpers: Loading map 'tUNNEL_PLOT_hUNTER' took 0.307
[2020.04.21-17.39.34:653][  2]LogSlate: FSceneViewport::OnFocusLost() reason 0
[2020.04.21-17.39.34:963][ 23]LogAIModule: Creating AISystem for world tunnel_plot
[2020.04.21-17.39.34:986][ 23]LogAssetEditorManager: Opening Asset editor for World /Game/Maps/tunnel_plot.tunnel_plot
[2020.04.21-17.39.35:013][ 23]LogUObjectHash: Compacting FUObjectHashTables data took   1.73ms
[2020.04.21-17.39.35:014][ 23]Cmd: MAP LOAD FILE="../../../../../../Users/Upper School/Documents/GitHub/game-team-h/ActionRPG/Content/Maps/tunnel_plot.umap" TEMPLATE=0 SHOWPROGRESS=1 FEATURELEVEL=3
[2020.04.21-17.39.35:014][ 23]LightingResults: New page: Lighting Build
[2020.04.21-17.39.35:014][ 23]LoadErrors: New page: Loading map: tunnel_plot.umap
[2020.04.21-17.39.35:015][ 23]LogWorld: UWorld::CleanupWorld for tUNNEL_PLOT_hUNTER, bSessionEnded=true, bCleanupResources=true
[2020.04.21-17.39.35:016][ 23]MapCheck: New page: Map Check
[2020.04.21-17.39.35:016][ 23]LightingResults: New page: Lighting Build
[2020.04.21-17.39.35:042][ 23]LogUObjectHash: Compacting FUObjectHashTables data took   2.05ms
[2020.04.21-17.39.36:089][ 23]LogEditorServer: Finished looking for orphan Actors (0.000 secs)
[2020.04.21-17.39.36:126][ 23]LogUObjectHash: Compacting FUObjectHashTables data took   2.03ms
[2020.04.21-17.39.36:182][ 23]Cmd: MAP CHECKDEP NOCLEARLOG
[2020.04.21-17.39.36:182][ 23]MapCheck: Map check complete: 0 Error(s), 0 Warning(s), took 0.129ms to complete.
[2020.04.21-17.39.36:182][ 23]LogFileHelpers: Loading map 'tunnel_plot' took 1.169
[2020.04.21-17.39.42:534][775]LogSlate: FSceneViewport::OnFocusLost() reason 0
[2020.04.21-17.40.09:221][915]LogAssetEditorManager: Opening Asset editor for Blueprint /Game/Blueprints/BP_GameMode.BP_GameMode
[2020.04.21-17.40.09:415][915]LogContentBrowser: Native class hierarchy updated for 'BlueprintGraph' in 0.0006 seconds. Added 121 classes and 0 folders.
[2020.04.21-17.40.10:247][915]LogSlate: Took 0.005291 seconds to synchronously load lazily loaded font '../../../Engine/Content/Slate/Fonts/Roboto-BoldCondensed.ttf' (158K)
[2020.04.21-17.40.10:389][916]LogSlate: Took 0.005309 seconds to synchronously load lazily loaded font '../../../Engine/Content/Slate/Fonts/Roboto-Italic.ttf' (157K)
